# JRE version: Java(TM) SE Runtime Environment (17.0+35) (build 17+35-LTS-2724)
# Java VM: Java HotSpot(TM) 64-Bit Server VM (17+35-LTS-2724, mixed mode, sharing, tiered, compressed oops, compressed class ptrs, g1 gc, windows-amd64)
GC Precious Log:
 CPUs: 8 total, 8 available
 Memory: 7959M
 Large Page Support: Disabled
 NUMA Support: Disabled
 Compressed Oops: Enabled (32-bit)
 Heap Region Size: 1M
 Heap Min Capacity: 8M
 Heap Initial Capacity: 126M
 Heap Max Capacity: 1990M
 Pre-touch: Disabled
 Parallel Workers: 8
 Concurrent Workers: 2
 Concurrent Refinement Workers: 8
 Periodic GC: Disabled
Heap:
 garbage-first heap   total 70656K, used 33406K [0x0000000083a00000, 0x0000000100000000)
  region size 1024K, 7 young (7168K), 1 survivors (1024K)
 Metaspace       used 58002K, committed 58560K, reserved 1105920K
  class space    used 7506K, committed 7808K, reserved 1048576K
GC Heap History (20 events):
Event: 18398.731 GC heap before
{Heap before GC invocations=68 (full 0):
 garbage-first heap   total 58368K, used 48581K [0x0000000083a00000, 0x0000000100000000)
  region size 1024K, 22 young (22528K), 1 survivors (1024K)
 Metaspace       used 57308K, committed 57920K, reserved 1105920K
  class space    used 7484K, committed 7808K, reserved 1048576K
}
Event: 18398.817 GC heap after
{Heap after GC invocations=69 (full 0):
 garbage-first heap   total 58368K, used 28244K [0x0000000083a00000, 0x0000000100000000)
  region size 1024K, 1 young (1024K), 1 survivors (1024K)
 Metaspace       used 57308K, committed 57920K, reserved 1105920K
  class space    used 7484K, committed 7808K, reserved 1048576K
}
Event: 74673.520 GC heap before
{Heap before GC invocations=69 (full 0):
 garbage-first heap   total 58368K, used 49748K [0x0000000083a00000, 0x0000000100000000)
  region size 1024K, 22 young (22528K), 1 survivors (1024K)
 Metaspace       used 57366K, committed 57920K, reserved 1105920K
  class space    used 7484K, committed 7808K, reserved 1048576K
}
Event: 74673.607 GC heap after
{Heap after GC invocations=70 (full 0):
 garbage-first heap   total 58368K, used 28268K [0x0000000083a00000, 0x0000000100000000)
  region size 1024K, 1 young (1024K), 1 survivors (1024K)
 Metaspace       used 57366K, committed 57920K, reserved 1105920K
  class space    used 7484K, committed 7808K, reserved 1048576K
}
Event: 75574.609 GC heap before
{Heap before GC invocations=71 (full 0):
 garbage-first heap   total 58368K, used 48748K [0x0000000083a00000, 0x0000000100000000)
  region size 1024K, 22 young (22528K), 1 survivors (1024K)
 Metaspace       used 57415K, committed 57984K, reserved 1105920K
  class space    used 7482K, committed 7808K, reserved 1048576K
}
Event: 75574.729 GC heap after
{Heap after GC invocations=72 (full 0):
 garbage-first heap   total 58368K, used 28162K [0x0000000083a00000, 0x0000000100000000)
  region size 1024K, 1 young (1024K), 1 survivors (1024K)
 Metaspace       used 57415K, committed 57984K, reserved 1105920K
  class space    used 7482K, committed 7808K, reserved 1048576K
}
Event: 75612.344 GC heap before
{Heap before GC invocations=72 (full 0):
 garbage-first heap   total 58368K, used 29186K [0x0000000083a00000, 0x0000000100000000)
  region size 1024K, 2 young (2048K), 1 survivors (1024K)
 Metaspace       used 57415K, committed 57984K, reserved 1105920K
  class space    used 7482K, committed 7808K, reserved 1048576K
}
Event: 75612.391 GC heap after
{Heap after GC invocations=73 (full 0):
 garbage-first heap   total 58368K, used 27792K [0x0000000083a00000, 0x0000000100000000)
  region size 1024K, 1 young (1024K), 1 survivors (1024K)
 Metaspace       used 57415K, committed 57984K, reserved 1105920K
  class space    used 7482K, committed 7808K, reserved 1048576K
}
Event: 76386.348 GC heap before
{Heap before GC invocations=73 (full 0):
 garbage-first heap   total 58368K, used 48272K [0x0000000083a00000, 0x0000000100000000)
  region size 1024K, 22 young (22528K), 1 survivors (1024K)
 Metaspace       used 57518K, committed 58112K, reserved 1105920K
  class space    used 7486K, committed 7808K, reserved 1048576K
}
Event: 76386.481 GC heap after
{Heap after GC invocations=74 (full 0):
 garbage-first heap   total 58368K, used 28382K [0x0000000083a00000, 0x0000000100000000)
  region size 1024K, 1 young (1024K), 1 survivors (1024K)
 Metaspace       used 57518K, committed 58112K, reserved 1105920K
  class space    used 7486K, committed 7808K, reserved 1048576K
}
Event: 77348.622 GC heap before
{Heap before GC invocations=75 (full 0):
 garbage-first heap   total 58368K, used 49886K [0x0000000083a00000, 0x0000000100000000)
  region size 1024K, 22 young (22528K), 1 survivors (1024K)
 Metaspace       used 57539K, committed 58112K, reserved 1105920K
  class space    used 7486K, committed 7808K, reserved 1048576K
}
Event: 77348.701 GC heap after
{Heap after GC invocations=76 (full 0):
 garbage-first heap   total 70656K, used 28445K [0x0000000083a00000, 0x0000000100000000)
  region size 1024K, 1 young (1024K), 1 survivors (1024K)
 Metaspace       used 57539K, committed 58112K, reserved 1105920K
  class space    used 7486K, committed 7808K, reserved 1048576K
}
Event: 78461.699 GC heap before
{Heap before GC invocations=76 (full 0):
 garbage-first heap   total 70656K, used 60189K [0x0000000083a00000, 0x0000000100000000)
  region size 1024K, 32 young (32768K), 1 survivors (1024K)
 Metaspace       used 57687K, committed 58240K, reserved 1105920K
  class space    used 7488K, committed 7808K, reserved 1048576K
}
Event: 78461.811 GC heap after
{Heap after GC invocations=77 (full 0):
 garbage-first heap   total 70656K, used 28491K [0x0000000083a00000, 0x0000000100000000)
  region size 1024K, 1 young (1024K), 1 survivors (1024K)
 Metaspace       used 57687K, committed 58240K, reserved 1105920K
  class space    used 7488K, committed 7808K, reserved 1048576K
}
Event: 79779.241 GC heap before
{Heap before GC invocations=78 (full 0):
 garbage-first heap   total 70656K, used 60235K [0x0000000083a00000, 0x0000000100000000)
  region size 1024K, 32 young (32768K), 1 survivors (1024K)
 Metaspace       used 57762K, committed 58304K, reserved 1105920K
  class space    used 7491K, committed 7808K, reserved 1048576K
}
Event: 79779.330 GC heap after
{Heap after GC invocations=79 (full 0):
 garbage-first heap   total 70656K, used 28456K [0x0000000083a00000, 0x0000000100000000)
  region size 1024K, 1 young (1024K), 1 survivors (1024K)
 Metaspace       used 57762K, committed 58304K, reserved 1105920K
  class space    used 7491K, committed 7808K, reserved 1048576K
}
Event: 81130.473 GC heap before
{Heap before GC invocations=79 (full 0):
 garbage-first heap   total 70656K, used 59176K [0x0000000083a00000, 0x0000000100000000)
  region size 1024K, 32 young (32768K), 1 survivors (1024K)
 Metaspace       used 57806K, committed 58304K, reserved 1105920K
  class space    used 7492K, committed 7808K, reserved 1048576K
}
Event: 81130.536 GC heap after
{Heap after GC invocations=80 (full 0):
 garbage-first heap   total 70656K, used 28479K [0x0000000083a00000, 0x0000000100000000)
  region size 1024K, 1 young (1024K), 1 survivors (1024K)
 Metaspace       used 57806K, committed 58304K, reserved 1105920K
  class space    used 7492K, committed 7808K, reserved 1048576K
}
Event: 81973.839 GC heap before
{Heap before GC invocations=81 (full 0):
 garbage-first heap   total 70656K, used 61247K [0x0000000083a00000, 0x0000000100000000)
  region size 1024K, 33 young (33792K), 1 survivors (1024K)
 Metaspace       used 57986K, committed 58560K, reserved 1105920K
  class space    used 7506K, committed 7808K, reserved 1048576K
}
Event: 81973.846 GC heap after
{Heap after GC invocations=82 (full 0):
 garbage-first heap   total 70656K, used 28286K [0x0000000083a00000, 0x0000000100000000)
  region size 1024K, 1 young (1024K), 1 survivors (1024K)
 Metaspace       used 57986K, committed 58560K, reserved 1105920K
  class space    used 7506K, committed 7808K, reserved 1048576K
}

