# JRE version: Java(TM) SE Runtime Environment (17.0.15+9) (build 17.0.15+9-LTS-241)
# Java VM: Java HotSpot(TM) 64-Bit Server VM (17.0.15+9-LTS-241, mixed mode, sharing, tiered, compressed oops, compressed class ptrs, g1 gc, windows-amd64)
GC Precious Log:
 CPUs: 8 total, 8 available
 Memory: 40743M
 Large Page Support: Disabled
 NUMA Support: Disabled
 Compressed Oops: Enabled (Zero based)
 Heap Region Size: 8M
 Heap Min Capacity: 8M
 Heap Initial Capacity: 640M
 Heap Max Capacity: 10192M
 Pre-touch: Disabled
 Parallel Workers: 8
 Concurrent Workers: 2
 Concurrent Refinement Workers: 8
 Periodic GC: Disabled
Heap:
 garbage-first heap   total 139264K, used 59688K [0x0000000583000000, 0x0000000800000000)
  region size 8192K, 1 young (8192K), 1 survivors (8192K)
 Metaspace       used 95993K, committed 96576K, reserved 1179648K
  class space    used 12514K, committed 12800K, reserved 1048576K
GC Heap History (20 events):
Event: 10445.462 GC heap after
{Heap after GC invocations=33 (full 1):
 garbage-first heap   total 139264K, used 51645K [0x0000000583000000, 0x0000000800000000)
  region size 8192K, 1 young (8192K), 1 survivors (8192K)
 Metaspace       used 93718K, committed 94400K, reserved 1179648K
  class space    used 12412K, committed 12736K, reserved 1048576K
}
Event: 10449.838 GC heap before
{Heap before GC invocations=33 (full 1):
 garbage-first heap   total 139264K, used 108989K [0x0000000583000000, 0x0000000800000000)
  region size 8192K, 8 young (65536K), 1 survivors (8192K)
 Metaspace       used 94082K, committed 94720K, reserved 1179648K
  class space    used 12424K, committed 12736K, reserved 1048576K
}
Event: 10449.847 GC heap after
{Heap after GC invocations=34 (full 1):
 garbage-first heap   total 139264K, used 54636K [0x0000000583000000, 0x0000000800000000)
  region size 8192K, 1 young (8192K), 1 survivors (8192K)
 Metaspace       used 94082K, committed 94720K, reserved 1179648K
  class space    used 12424K, committed 12736K, reserved 1048576K
}
Event: 10451.318 GC heap before
{Heap before GC invocations=34 (full 1):
 garbage-first heap   total 139264K, used 103788K [0x0000000583000000, 0x0000000800000000)
  region size 8192K, 7 young (57344K), 1 survivors (8192K)
 Metaspace       used 94757K, committed 95296K, reserved 1179648K
  class space    used 12459K, committed 12736K, reserved 1048576K
}
Event: 10451.329 GC heap after
{Heap after GC invocations=35 (full 1):
 garbage-first heap   total 139264K, used 58406K [0x0000000583000000, 0x0000000800000000)
  region size 8192K, 1 young (8192K), 1 survivors (8192K)
 Metaspace       used 94757K, committed 95296K, reserved 1179648K
  class space    used 12459K, committed 12736K, reserved 1048576K
}
Event: 10452.433 GC heap before
{Heap before GC invocations=35 (full 1):
 garbage-first heap   total 139264K, used 99366K [0x0000000583000000, 0x0000000800000000)
  region size 8192K, 6 young (49152K), 1 survivors (8192K)
 Metaspace       used 94807K, committed 95360K, reserved 1179648K
  class space    used 12459K, committed 12736K, reserved 1048576K
}
Event: 10452.446 GC heap after
{Heap after GC invocations=36 (full 1):
 garbage-first heap   total 139264K, used 61258K [0x0000000583000000, 0x0000000800000000)
  region size 8192K, 1 young (8192K), 1 survivors (8192K)
 Metaspace       used 94807K, committed 95360K, reserved 1179648K
  class space    used 12459K, committed 12736K, reserved 1048576K
}
Event: 10454.583 GC heap before
{Heap before GC invocations=36 (full 1):
 garbage-first heap   total 139264K, used 102218K [0x0000000583000000, 0x0000000800000000)
  region size 8192K, 6 young (49152K), 1 survivors (8192K)
 Metaspace       used 94829K, committed 95424K, reserved 1179648K
  class space    used 12459K, committed 12736K, reserved 1048576K
}
Event: 10454.597 GC heap after
{Heap after GC invocations=37 (full 1):
 garbage-first heap   total 139264K, used 63646K [0x0000000583000000, 0x0000000800000000)
  region size 8192K, 1 young (8192K), 1 survivors (8192K)
 Metaspace       used 94829K, committed 95424K, reserved 1179648K
  class space    used 12459K, committed 12736K, reserved 1048576K
}
Event: 10458.875 GC heap before
{Heap before GC invocations=37 (full 1):
 garbage-first heap   total 139264K, used 80030K [0x0000000583000000, 0x0000000800000000)
  region size 8192K, 4 young (32768K), 1 survivors (8192K)
 Metaspace       used 94968K, committed 95552K, reserved 1179648K
  class space    used 12476K, committed 12736K, reserved 1048576K
}
Event: 10459.209 GC heap after
{Heap after GC invocations=38 (full 2):
 garbage-first heap   total 139264K, used 47139K [0x0000000583000000, 0x0000000800000000)
  region size 8192K, 0 young (0K), 0 survivors (0K)
 Metaspace       used 94904K, committed 95552K, reserved 1179648K
  class space    used 12460K, committed 12736K, reserved 1048576K
}
Event: 10461.333 GC heap before
{Heap before GC invocations=38 (full 2):
 garbage-first heap   total 139264K, used 104483K [0x0000000583000000, 0x0000000800000000)
  region size 8192K, 7 young (57344K), 0 survivors (0K)
 Metaspace       used 95160K, committed 95744K, reserved 1179648K
  class space    used 12476K, committed 12736K, reserved 1048576K
}
Event: 10461.337 GC heap after
{Heap after GC invocations=39 (full 2):
 garbage-first heap   total 139264K, used 51571K [0x0000000583000000, 0x0000000800000000)
  region size 8192K, 1 young (8192K), 1 survivors (8192K)
 Metaspace       used 95160K, committed 95744K, reserved 1179648K
  class space    used 12476K, committed 12736K, reserved 1048576K
}
Event: 10462.324 GC heap before
{Heap before GC invocations=39 (full 2):
 garbage-first heap   total 139264K, used 92531K [0x0000000583000000, 0x0000000800000000)
  region size 8192K, 7 young (57344K), 1 survivors (8192K)
 Metaspace       used 95299K, committed 95808K, reserved 1179648K
  class space    used 12482K, committed 12736K, reserved 1048576K
}
Event: 10462.328 GC heap after
{Heap after GC invocations=40 (full 2):
 garbage-first heap   total 139264K, used 53043K [0x0000000583000000, 0x0000000800000000)
  region size 8192K, 1 young (8192K), 1 survivors (8192K)
 Metaspace       used 95299K, committed 95808K, reserved 1179648K
  class space    used 12482K, committed 12736K, reserved 1048576K
}
Event: 10463.315 GC heap before
{Heap before GC invocations=40 (full 2):
 garbage-first heap   total 139264K, used 102195K [0x0000000583000000, 0x0000000800000000)
  region size 8192K, 7 young (57344K), 1 survivors (8192K)
 Metaspace       used 95930K, committed 96512K, reserved 1179648K
  class space    used 12514K, committed 12800K, reserved 1048576K
}
Event: 10463.322 GC heap after
{Heap after GC invocations=41 (full 2):
 garbage-first heap   total 139264K, used 56405K [0x0000000583000000, 0x0000000800000000)
  region size 8192K, 1 young (8192K), 1 survivors (8192K)
 Metaspace       used 95930K, committed 96512K, reserved 1179648K
  class space    used 12514K, committed 12800K, reserved 1048576K
}
Event: 10463.860 GC heap before
{Heap before GC invocations=41 (full 2):
 garbage-first heap   total 139264K, used 97365K [0x0000000583000000, 0x0000000800000000)
  region size 8192K, 6 young (49152K), 1 survivors (8192K)
 Metaspace       used 95967K, committed 96576K, reserved 1179648K
  class space    used 12514K, committed 12800K, reserved 1048576K
}
Event: 10463.866 GC heap after
{Heap after GC invocations=42 (full 2):
 garbage-first heap   total 139264K, used 58164K [0x0000000583000000, 0x0000000800000000)
  region size 8192K, 1 young (8192K), 1 survivors (8192K)
 Metaspace       used 95967K, committed 96576K, reserved 1179648K
  class space    used 12514K, committed 12800K, reserved 1048576K
}
Event: 10465.176 GC heap before
{Heap before GC invocations=42 (full 2):
 garbage-first heap   total 139264K, used 99124K [0x0000000583000000, 0x0000000800000000)
  region size 8192K, 6 young (49152K), 1 survivors (8192K)
 Metaspace       used 95993K, committed 96576K, reserved 1179648K
  class space    used 12514K, committed 12800K, reserved 1048576K
}

