# JRE version: Java(TM) SE Runtime Environment (17.0.15+9) (build 17.0.15+9-LTS-241)
# Java VM: Java HotSpot(TM) 64-Bit Server VM (17.0.15+9-LTS-241, mixed mode, sharing, tiered, compressed oops, compressed class ptrs, g1 gc, windows-amd64)
GC Precious Log:
 CPUs: 8 total, 8 available
 Memory: 40743M
 Large Page Support: Disabled
 NUMA Support: Disabled
 Compressed Oops: Enabled (Zero based)
 Heap Region Size: 8M
 Heap Min Capacity: 8M
 Heap Initial Capacity: 640M
 Heap Max Capacity: 10192M
 Pre-touch: Disabled
 Parallel Workers: 8
 Concurrent Workers: 2
 Concurrent Refinement Workers: 8
 Periodic GC: Disabled
Heap:
 garbage-first heap   total 196608K, used 109862K [0x0000000583000000, 0x0000000800000000)
  region size 8192K, 7 young (57344K), 1 survivors (8192K)
 Metaspace       used 108972K, committed 109760K, reserved 1179648K
  class space    used 14089K, committed 14464K, reserved 1048576K
GC Heap History (20 events):
Event: 7516.394 GC heap before
{Heap before GC invocations=26 (full 0):
 garbage-first heap   total 278528K, used 212678K [0x0000000583000000, 0x0000000800000000)
  region size 8192K, 19 young (155648K), 1 survivors (8192K)
 Metaspace       used 106139K, committed 106944K, reserved 1179648K
  class space    used 14011K, committed 14400K, reserved 1048576K
}
Event: 7516.416 GC heap after
{Heap after GC invocations=27 (full 0):
 garbage-first heap   total 278528K, used 65338K [0x0000000583000000, 0x0000000800000000)
  region size 8192K, 1 young (8192K), 1 survivors (8192K)
 Metaspace       used 106139K, committed 106944K, reserved 1179648K
  class space    used 14011K, committed 14400K, reserved 1048576K
}
Event: 10347.454 GC heap before
{Heap before GC invocations=27 (full 0):
 garbage-first heap   total 278528K, used 220986K [0x0000000583000000, 0x0000000800000000)
  region size 8192K, 20 young (163840K), 1 survivors (8192K)
 Metaspace       used 106502K, committed 107264K, reserved 1179648K
  class space    used 14012K, committed 14400K, reserved 1048576K
}
Event: 10347.511 GC heap after
{Heap after GC invocations=28 (full 0):
 garbage-first heap   total 278528K, used 64387K [0x0000000583000000, 0x0000000800000000)
  region size 8192K, 1 young (8192K), 1 survivors (8192K)
 Metaspace       used 106502K, committed 107264K, reserved 1179648K
  class space    used 14012K, committed 14400K, reserved 1048576K
}
Event: 13084.355 GC heap before
{Heap before GC invocations=28 (full 0):
 garbage-first heap   total 278528K, used 220035K [0x0000000583000000, 0x0000000800000000)
  region size 8192K, 20 young (163840K), 1 survivors (8192K)
 Metaspace       used 106669K, committed 107520K, reserved 1179648K
  class space    used 14013K, committed 14400K, reserved 1048576K
}
Event: 13084.408 GC heap after
{Heap after GC invocations=29 (full 0):
 garbage-first heap   total 278528K, used 65039K [0x0000000583000000, 0x0000000800000000)
  region size 8192K, 1 young (8192K), 1 survivors (8192K)
 Metaspace       used 106669K, committed 107520K, reserved 1179648K
  class space    used 14013K, committed 14400K, reserved 1048576K
}
Event: 15935.356 GC heap before
{Heap before GC invocations=29 (full 0):
 garbage-first heap   total 278528K, used 220687K [0x0000000583000000, 0x0000000800000000)
  region size 8192K, 20 young (163840K), 1 survivors (8192K)
 Metaspace       used 106806K, committed 107584K, reserved 1179648K
  class space    used 14014K, committed 14400K, reserved 1048576K
}
Event: 15935.443 GC heap after
{Heap after GC invocations=30 (full 0):
 garbage-first heap   total 278528K, used 63923K [0x0000000583000000, 0x0000000800000000)
  region size 8192K, 1 young (8192K), 1 survivors (8192K)
 Metaspace       used 106806K, committed 107584K, reserved 1179648K
  class space    used 14014K, committed 14400K, reserved 1048576K
}
Event: 18694.570 GC heap before
{Heap before GC invocations=30 (full 0):
 garbage-first heap   total 278528K, used 219571K [0x0000000583000000, 0x0000000800000000)
  region size 8192K, 20 young (163840K), 1 survivors (8192K)
 Metaspace       used 106907K, committed 107712K, reserved 1179648K
  class space    used 14014K, committed 14400K, reserved 1048576K
}
Event: 18694.641 GC heap after
{Heap after GC invocations=31 (full 0):
 garbage-first heap   total 278528K, used 64679K [0x0000000583000000, 0x0000000800000000)
  region size 8192K, 1 young (8192K), 1 survivors (8192K)
 Metaspace       used 106907K, committed 107712K, reserved 1179648K
  class space    used 14014K, committed 14400K, reserved 1048576K
}
Event: 19987.441 GC heap before
{Heap before GC invocations=31 (full 0):
 garbage-first heap   total 278528K, used 146599K [0x0000000583000000, 0x0000000800000000)
  region size 8192K, 12 young (98304K), 1 survivors (8192K)
 Metaspace       used 107159K, committed 107968K, reserved 1179648K
  class space    used 14047K, committed 14464K, reserved 1048576K
}
Event: 19990.146 GC heap after
{Heap after GC invocations=32 (full 1):
 garbage-first heap   total 196608K, used 50039K [0x0000000583000000, 0x0000000800000000)
  region size 8192K, 0 young (0K), 0 survivors (0K)
 Metaspace       used 106744K, committed 107968K, reserved 1179648K
  class space    used 13962K, committed 14464K, reserved 1048576K
}
Event: 20014.974 GC heap before
{Heap before GC invocations=32 (full 1):
 garbage-first heap   total 196608K, used 156535K [0x0000000583000000, 0x0000000800000000)
  region size 8192K, 13 young (106496K), 0 survivors (0K)
 Metaspace       used 107454K, committed 108224K, reserved 1179648K
  class space    used 14022K, committed 14464K, reserved 1048576K
}
Event: 20014.998 GC heap after
{Heap after GC invocations=33 (full 1):
 garbage-first heap   total 196608K, used 57516K [0x0000000583000000, 0x0000000800000000)
  region size 8192K, 1 young (8192K), 1 survivors (8192K)
 Metaspace       used 107454K, committed 108224K, reserved 1179648K
  class space    used 14022K, committed 14464K, reserved 1048576K
}
Event: 20019.024 GC heap before
{Heap before GC invocations=33 (full 1):
 garbage-first heap   total 196608K, used 147628K [0x0000000583000000, 0x0000000800000000)
  region size 8192K, 12 young (98304K), 1 survivors (8192K)
 Metaspace       used 108466K, committed 109248K, reserved 1179648K
  class space    used 14066K, committed 14464K, reserved 1048576K
}
Event: 20019.033 GC heap after
{Heap after GC invocations=34 (full 1):
 garbage-first heap   total 196608K, used 63235K [0x0000000583000000, 0x0000000800000000)
  region size 8192K, 2 young (16384K), 2 survivors (16384K)
 Metaspace       used 108466K, committed 109248K, reserved 1179648K
  class space    used 14066K, committed 14464K, reserved 1048576K
}
Event: 20023.598 GC heap before
{Heap before GC invocations=34 (full 1):
 garbage-first heap   total 196608K, used 145155K [0x0000000583000000, 0x0000000800000000)
  region size 8192K, 12 young (98304K), 2 survivors (16384K)
 Metaspace       used 108506K, committed 109312K, reserved 1179648K
  class space    used 14066K, committed 14464K, reserved 1048576K
}
Event: 20023.631 GC heap after
{Heap after GC invocations=35 (full 1):
 garbage-first heap   total 196608K, used 68180K [0x0000000583000000, 0x0000000800000000)
  region size 8192K, 2 young (16384K), 2 survivors (16384K)
 Metaspace       used 108506K, committed 109312K, reserved 1179648K
  class space    used 14066K, committed 14464K, reserved 1048576K
}
Event: 20370.601 GC heap before
{Heap before GC invocations=35 (full 1):
 garbage-first heap   total 196608K, used 141908K [0x0000000583000000, 0x0000000800000000)
  region size 8192K, 11 young (90112K), 2 survivors (16384K)
 Metaspace       used 108874K, committed 109568K, reserved 1179648K
  class space    used 14088K, committed 14464K, reserved 1048576K
}
Event: 20370.624 GC heap after
{Heap after GC invocations=36 (full 1):
 garbage-first heap   total 196608K, used 68902K [0x0000000583000000, 0x0000000800000000)
  region size 8192K, 1 young (8192K), 1 survivors (8192K)
 Metaspace       used 108874K, committed 109568K, reserved 1179648K
  class space    used 14088K, committed 14464K, reserved 1048576K
}

