# JRE version: Java(TM) SE Runtime Environment (17.0+35) (build 17+35-LTS-2724)
# Java VM: Java HotSpot(TM) 64-Bit Server VM (17+35-LTS-2724, mixed mode, sharing, tiered, compressed oops, compressed class ptrs, g1 gc, windows-amd64)
GC Precious Log:
 CPUs: 8 total, 8 available
 Memory: 7959M
 Large Page Support: Disabled
 NUMA Support: Disabled
 Compressed Oops: Enabled (32-bit)
 Heap Region Size: 1M
 Heap Min Capacity: 8M
 Heap Initial Capacity: 126M
 Heap Max Capacity: 1990M
 Pre-touch: Disabled
 Parallel Workers: 8
 Concurrent Workers: 2
 Concurrent Refinement Workers: 8
 Periodic GC: Disabled
Heap:
 garbage-first heap   total 92160K, used 61232K [0x0000000083a00000, 0x0000000100000000)
  region size 1024K, 34 young (34816K), 1 survivors (1024K)
 Metaspace       used 47675K, committed 48192K, reserved 1097728K
  class space    used 5862K, committed 6080K, reserved 1048576K
GC Heap History (20 events):
Event: 8.897 GC heap before
{Heap before GC invocations=5 (full 0):
 garbage-first heap   total 58368K, used 46693K [0x0000000083a00000, 0x0000000100000000)
  region size 1024K, 34 young (34816K), 3 survivors (3072K)
 Metaspace       used 26294K, committed 26688K, reserved 1073152K
  class space    used 3332K, committed 3520K, reserved 1048576K
}
Event: 8.903 GC heap after
{Heap after GC invocations=6 (full 0):
 garbage-first heap   total 58368K, used 17062K [0x0000000083a00000, 0x0000000100000000)
  region size 1024K, 5 young (5120K), 5 survivors (5120K)
 Metaspace       used 26294K, committed 26688K, reserved 1073152K
  class space    used 3332K, committed 3520K, reserved 1048576K
}
Event: 8.904 GC heap before
{Heap before GC invocations=6 (full 0):
 garbage-first heap   total 58368K, used 17062K [0x0000000083a00000, 0x0000000100000000)
  region size 1024K, 6 young (6144K), 5 survivors (5120K)
 Metaspace       used 26294K, committed 26688K, reserved 1073152K
  class space    used 3332K, committed 3520K, reserved 1048576K
}
Event: 8.908 GC heap after
{Heap after GC invocations=7 (full 0):
 garbage-first heap   total 58368K, used 17201K [0x0000000083a00000, 0x0000000100000000)
  region size 1024K, 1 young (1024K), 1 survivors (1024K)
 Metaspace       used 26294K, committed 26688K, reserved 1073152K
  class space    used 3332K, committed 3520K, reserved 1048576K
}
Event: 9.043 GC heap before
{Heap before GC invocations=7 (full 0):
 garbage-first heap   total 58368K, used 46897K [0x0000000083a00000, 0x0000000100000000)
  region size 1024K, 26 young (26624K), 1 survivors (1024K)
 Metaspace       used 27033K, committed 27456K, reserved 1073152K
  class space    used 3402K, committed 3584K, reserved 1048576K
}
Event: 9.046 GC heap after
{Heap after GC invocations=8 (full 0):
 garbage-first heap   total 58368K, used 24562K [0x0000000083a00000, 0x0000000100000000)
  region size 1024K, 4 young (4096K), 4 survivors (4096K)
 Metaspace       used 27033K, committed 27456K, reserved 1073152K
  class space    used 3402K, committed 3584K, reserved 1048576K
}
Event: 9.375 GC heap before
{Heap before GC invocations=8 (full 0):
 garbage-first heap   total 58368K, used 41970K [0x0000000083a00000, 0x0000000100000000)
  region size 1024K, 22 young (22528K), 4 survivors (4096K)
 Metaspace       used 28208K, committed 28608K, reserved 1081344K
  class space    used 3520K, committed 3712K, reserved 1048576K
}
Event: 9.381 GC heap after
{Heap after GC invocations=9 (full 0):
 garbage-first heap   total 153600K, used 21921K [0x0000000083a00000, 0x0000000100000000)
  region size 1024K, 2 young (2048K), 2 survivors (2048K)
 Metaspace       used 28208K, committed 28608K, reserved 1081344K
  class space    used 3520K, committed 3712K, reserved 1048576K
}
Event: 15.132 GC heap before
{Heap before GC invocations=9 (full 0):
 garbage-first heap   total 153600K, used 88481K [0x0000000083a00000, 0x0000000100000000)
  region size 1024K, 68 young (69632K), 2 survivors (2048K)
 Metaspace       used 35517K, committed 35968K, reserved 1081344K
  class space    used 4593K, committed 4800K, reserved 1048576K
}
Event: 15.144 GC heap after
{Heap after GC invocations=10 (full 0):
 garbage-first heap   total 153600K, used 26297K [0x0000000083a00000, 0x0000000100000000)
  region size 1024K, 6 young (6144K), 6 survivors (6144K)
 Metaspace       used 35517K, committed 35968K, reserved 1081344K
  class space    used 4593K, committed 4800K, reserved 1048576K
}
Event: 243.343 GC heap before
{Heap before GC invocations=11 (full 0):
 garbage-first heap   total 92160K, used 73401K [0x0000000083a00000, 0x0000000100000000)
  region size 1024K, 54 young (55296K), 6 survivors (6144K)
 Metaspace       used 45409K, committed 45888K, reserved 1089536K
  class space    used 5836K, committed 6080K, reserved 1048576K
}
Event: 243.533 GC heap after
{Heap after GC invocations=12 (full 0):
 garbage-first heap   total 92160K, used 29389K [0x0000000083a00000, 0x0000000100000000)
  region size 1024K, 5 young (5120K), 5 survivors (5120K)
 Metaspace       used 45409K, committed 45888K, reserved 1089536K
  class space    used 5836K, committed 6080K, reserved 1048576K
}
Event: 1761.526 GC heap before
{Heap before GC invocations=13 (full 0):
 garbage-first heap   total 92160K, used 68301K [0x0000000083a00000, 0x0000000100000000)
  region size 1024K, 43 young (44032K), 5 survivors (5120K)
 Metaspace       used 45708K, committed 46208K, reserved 1089536K
  class space    used 5843K, committed 6080K, reserved 1048576K
}
Event: 1761.762 GC heap after
{Heap after GC invocations=14 (full 0):
 garbage-first heap   total 92160K, used 29748K [0x0000000083a00000, 0x0000000100000000)
  region size 1024K, 1 young (1024K), 1 survivors (1024K)
 Metaspace       used 45708K, committed 46208K, reserved 1089536K
  class space    used 5843K, committed 6080K, reserved 1048576K
}
Event: 3294.478 GC heap before
{Heap before GC invocations=14 (full 0):
 garbage-first heap   total 92160K, used 69684K [0x0000000083a00000, 0x0000000100000000)
  region size 1024K, 41 young (41984K), 1 survivors (1024K)
 Metaspace       used 45992K, committed 46528K, reserved 1089536K
  class space    used 5847K, committed 6080K, reserved 1048576K
}
Event: 3294.546 GC heap after
{Heap after GC invocations=15 (full 0):
 garbage-first heap   total 92160K, used 29463K [0x0000000083a00000, 0x0000000100000000)
  region size 1024K, 1 young (1024K), 1 survivors (1024K)
 Metaspace       used 45992K, committed 46528K, reserved 1089536K
  class space    used 5847K, committed 6080K, reserved 1048576K
}
Event: 4976.857 GC heap before
{Heap before GC invocations=15 (full 0):
 garbage-first heap   total 92160K, used 72471K [0x0000000083a00000, 0x0000000100000000)
  region size 1024K, 43 young (44032K), 1 survivors (1024K)
 Metaspace       used 46254K, committed 46720K, reserved 1089536K
  class space    used 5848K, committed 6080K, reserved 1048576K
}
Event: 4976.988 GC heap after
{Heap after GC invocations=16 (full 0):
 garbage-first heap   total 92160K, used 29376K [0x0000000083a00000, 0x0000000100000000)
  region size 1024K, 1 young (1024K), 1 survivors (1024K)
 Metaspace       used 46254K, committed 46720K, reserved 1089536K
  class space    used 5848K, committed 6080K, reserved 1048576K
}
Event: 11374.928 GC heap before
{Heap before GC invocations=16 (full 0):
 garbage-first heap   total 92160K, used 72384K [0x0000000083a00000, 0x0000000100000000)
  region size 1024K, 44 young (45056K), 1 survivors (1024K)
 Metaspace       used 46991K, committed 47488K, reserved 1097728K
  class space    used 5850K, committed 6080K, reserved 1048576K
}
Event: 11375.015 GC heap after
{Heap after GC invocations=17 (full 0):
 garbage-first heap   total 92160K, used 29488K [0x0000000083a00000, 0x0000000100000000)
  region size 1024K, 1 young (1024K), 1 survivors (1024K)
 Metaspace       used 46991K, committed 47488K, reserved 1097728K
  class space    used 5850K, committed 6080K, reserved 1048576K
}

