# JRE version: Java(TM) SE Runtime Environment (17.0.15+9) (build 17.0.15+9-LTS-241)
# Java VM: Java HotSpot(TM) 64-Bit Server VM (17.0.15+9-LTS-241, mixed mode, sharing, tiered, compressed oops, compressed class ptrs, g1 gc, windows-amd64)
GC Precious Log:
 CPUs: 8 total, 8 available
 Memory: 40743M
 Large Page Support: Disabled
 NUMA Support: Disabled
 Compressed Oops: Enabled (Zero based)
 Heap Region Size: 8M
 Heap Min Capacity: 8M
 Heap Initial Capacity: 640M
 Heap Max Capacity: 10192M
 Pre-touch: Disabled
 Parallel Workers: 8
 Concurrent Workers: 2
 Concurrent Refinement Workers: 8
 Periodic GC: Disabled
Heap:
 garbage-first heap   total 114688K, used 64884K [0x0000000583000000, 0x0000000800000000)
  region size 8192K, 6 young (49152K), 1 survivors (8192K)
 Metaspace       used 59693K, committed 60672K, reserved 1114112K
  class space    used 7752K, committed 8128K, reserved 1048576K
GC Heap History (20 events):
Event: 20.037 GC heap before
{Heap before GC invocations=11 (full 0):
 garbage-first heap   total 114688K, used 33344K [0x0000000583000000, 0x0000000800000000)
  region size 8192K, 2 young (16384K), 1 survivors (8192K)
 Metaspace       used 41406K, committed 41920K, reserved 1114112K
  class space    used 5569K, committed 5824K, reserved 1048576K
}
Event: 20.057 GC heap after
{Heap after GC invocations=12 (full 0):
 garbage-first heap   total 114688K, used 24228K [0x0000000583000000, 0x0000000800000000)
  region size 8192K, 1 young (8192K), 1 survivors (8192K)
 Metaspace       used 41406K, committed 41920K, reserved 1114112K
  class space    used 5569K, committed 5824K, reserved 1048576K
}
Event: 24.303 GC heap before
{Heap before GC invocations=12 (full 0):
 garbage-first heap   total 114688K, used 73380K [0x0000000583000000, 0x0000000800000000)
  region size 8192K, 7 young (57344K), 1 survivors (8192K)
 Metaspace       used 48819K, committed 49408K, reserved 1114112K
  class space    used 6598K, committed 6912K, reserved 1048576K
}
Event: 24.311 GC heap after
{Heap after GC invocations=13 (full 0):
 garbage-first heap   total 114688K, used 28410K [0x0000000583000000, 0x0000000800000000)
  region size 8192K, 1 young (8192K), 1 survivors (8192K)
 Metaspace       used 48819K, committed 49408K, reserved 1114112K
  class space    used 6598K, committed 6912K, reserved 1048576K
}
Event: 435.527 GC heap before
{Heap before GC invocations=13 (full 0):
 garbage-first heap   total 114688K, used 77562K [0x0000000583000000, 0x0000000800000000)
  region size 8192K, 7 young (57344K), 1 survivors (8192K)
 Metaspace       used 57004K, committed 57600K, reserved 1114112K
  class space    used 7662K, committed 7936K, reserved 1048576K
}
Event: 435.543 GC heap after
{Heap after GC invocations=14 (full 0):
 garbage-first heap   total 114688K, used 31599K [0x0000000583000000, 0x0000000800000000)
  region size 8192K, 1 young (8192K), 1 survivors (8192K)
 Metaspace       used 57004K, committed 57600K, reserved 1114112K
  class space    used 7662K, committed 7936K, reserved 1048576K
}
Event: 1581.960 GC heap before
{Heap before GC invocations=14 (full 0):
 garbage-first heap   total 114688K, used 72559K [0x0000000583000000, 0x0000000800000000)
  region size 8192K, 6 young (49152K), 1 survivors (8192K)
 Metaspace       used 58480K, committed 59136K, reserved 1114112K
  class space    used 7809K, committed 8128K, reserved 1048576K
}
Event: 1581.968 GC heap after
{Heap after GC invocations=15 (full 0):
 garbage-first heap   total 114688K, used 31963K [0x0000000583000000, 0x0000000800000000)
  region size 8192K, 1 young (8192K), 1 survivors (8192K)
 Metaspace       used 58480K, committed 59136K, reserved 1114112K
  class space    used 7809K, committed 8128K, reserved 1048576K
}
Event: 2891.087 GC heap before
{Heap before GC invocations=15 (full 0):
 garbage-first heap   total 114688K, used 72923K [0x0000000583000000, 0x0000000800000000)
  region size 8192K, 6 young (49152K), 1 survivors (8192K)
 Metaspace       used 58867K, committed 59456K, reserved 1114112K
  class space    used 7813K, committed 8128K, reserved 1048576K
}
Event: 2891.093 GC heap after
{Heap after GC invocations=16 (full 0):
 garbage-first heap   total 114688K, used 32063K [0x0000000583000000, 0x0000000800000000)
  region size 8192K, 1 young (8192K), 1 survivors (8192K)
 Metaspace       used 58867K, committed 59456K, reserved 1114112K
  class space    used 7813K, committed 8128K, reserved 1048576K
}
Event: 4162.363 GC heap before
{Heap before GC invocations=16 (full 0):
 garbage-first heap   total 114688K, used 73023K [0x0000000583000000, 0x0000000800000000)
  region size 8192K, 6 young (49152K), 1 survivors (8192K)
 Metaspace       used 59203K, committed 59840K, reserved 1114112K
  class space    used 7814K, committed 8128K, reserved 1048576K
}
Event: 4162.370 GC heap after
{Heap after GC invocations=17 (full 0):
 garbage-first heap   total 114688K, used 32230K [0x0000000583000000, 0x0000000800000000)
  region size 8192K, 1 young (8192K), 1 survivors (8192K)
 Metaspace       used 59203K, committed 59840K, reserved 1114112K
  class space    used 7814K, committed 8128K, reserved 1048576K
}
Event: 5752.156 GC heap before
{Heap before GC invocations=17 (full 0):
 garbage-first heap   total 114688K, used 81382K [0x0000000583000000, 0x0000000800000000)
  region size 8192K, 7 young (57344K), 1 survivors (8192K)
 Metaspace       used 59387K, committed 60032K, reserved 1114112K
  class space    used 7814K, committed 8128K, reserved 1048576K
}
Event: 5752.194 GC heap after
{Heap after GC invocations=18 (full 0):
 garbage-first heap   total 114688K, used 32154K [0x0000000583000000, 0x0000000800000000)
  region size 8192K, 1 young (8192K), 1 survivors (8192K)
 Metaspace       used 59387K, committed 60032K, reserved 1114112K
  class space    used 7814K, committed 8128K, reserved 1048576K
}
Event: 7358.269 GC heap before
{Heap before GC invocations=18 (full 0):
 garbage-first heap   total 114688K, used 81306K [0x0000000583000000, 0x0000000800000000)
  region size 8192K, 7 young (57344K), 1 survivors (8192K)
 Metaspace       used 59528K, committed 60160K, reserved 1114112K
  class space    used 7814K, committed 8128K, reserved 1048576K
}
Event: 7358.283 GC heap after
{Heap after GC invocations=19 (full 0):
 garbage-first heap   total 114688K, used 32080K [0x0000000583000000, 0x0000000800000000)
  region size 8192K, 1 young (8192K), 1 survivors (8192K)
 Metaspace       used 59528K, committed 60160K, reserved 1114112K
  class space    used 7814K, committed 8128K, reserved 1048576K
}
Event: 8891.275 GC heap before
{Heap before GC invocations=19 (full 0):
 garbage-first heap   total 114688K, used 81232K [0x0000000583000000, 0x0000000800000000)
  region size 8192K, 7 young (57344K), 1 survivors (8192K)
 Metaspace       used 59917K, committed 60544K, reserved 1114112K
  class space    used 7821K, committed 8128K, reserved 1048576K
}
Event: 8891.289 GC heap after
{Heap after GC invocations=20 (full 0):
 garbage-first heap   total 114688K, used 32211K [0x0000000583000000, 0x0000000800000000)
  region size 8192K, 1 young (8192K), 1 survivors (8192K)
 Metaspace       used 59917K, committed 60544K, reserved 1114112K
  class space    used 7821K, committed 8128K, reserved 1048576K
}
Event: 10659.649 GC heap before
{Heap before GC invocations=20 (full 0):
 garbage-first heap   total 114688K, used 73171K [0x0000000583000000, 0x0000000800000000)
  region size 8192K, 7 young (57344K), 1 survivors (8192K)
 Metaspace       used 60026K, committed 60608K, reserved 1114112K
  class space    used 7822K, committed 8128K, reserved 1048576K
}
Event: 10659.681 GC heap after
{Heap after GC invocations=21 (full 0):
 garbage-first heap   total 114688K, used 32116K [0x0000000583000000, 0x0000000800000000)
  region size 8192K, 1 young (8192K), 1 survivors (8192K)
 Metaspace       used 60026K, committed 60608K, reserved 1114112K
  class space    used 7822K, committed 8128K, reserved 1048576K
}

