# JRE version: Java(TM) SE Runtime Environment (17.0.15+9) (build 17.0.15+9-LTS-241)
# Java VM: Java HotSpot(TM) 64-Bit Server VM (17.0.15+9-LTS-241, mixed mode, sharing, tiered, compressed oops, compressed class ptrs, g1 gc, windows-amd64)
GC Precious Log:
 CPUs: 8 total, 8 available
 Memory: 40743M
 Large Page Support: Disabled
 NUMA Support: Disabled
 Compressed Oops: Enabled (Zero based)
 Heap Region Size: 8M
 Heap Min Capacity: 8M
 Heap Initial Capacity: 640M
 Heap Max Capacity: 10192M
 Pre-touch: Disabled
 Parallel Workers: 8
 Concurrent Workers: 2
 Concurrent Refinement Workers: 8
 Periodic GC: Disabled
Heap:
 garbage-first heap   total 2416640K, used 1962920K [0x0000000583000000, 0x0000000800000000)
  region size 8192K, 150 young (1228800K), 5 survivors (40960K)
 Metaspace       used 105205K, committed 105984K, reserved 1179648K
  class space    used 13897K, committed 14272K, reserved 1048576K
GC Heap History (20 events):
Event: 177.022 GC heap before
{Heap before GC invocations=53 (full 0):
 garbage-first heap   total 901120K, used 612701K [0x0000000583000000, 0x0000000800000000)
  region size 8192K, 12 young (98304K), 2 survivors (16384K)
 Metaspace       used 101924K, committed 102656K, reserved 1179648K
  class space    used 13702K, committed 14080K, reserved 1048576K
}
Event: 177.099 GC heap after
{Heap after GC invocations=54 (full 0):
 garbage-first heap   total 901120K, used 557056K [0x0000000583000000, 0x0000000800000000)
  region size 8192K, 2 young (16384K), 2 survivors (16384K)
 Metaspace       used 101924K, committed 102656K, reserved 1179648K
  class space    used 13702K, committed 14080K, reserved 1048576K
}
Event: 177.239 GC heap before
{Heap before GC invocations=54 (full 0):
 garbage-first heap   total 901120K, used 581632K [0x0000000583000000, 0x0000000800000000)
  region size 8192K, 5 young (40960K), 2 survivors (16384K)
 Metaspace       used 101927K, committed 102656K, reserved 1179648K
  class space    used 13702K, committed 14080K, reserved 1048576K
}
Event: 177.293 GC heap after
{Heap after GC invocations=55 (full 0):
 garbage-first heap   total 2416640K, used 564837K [0x0000000583000000, 0x0000000800000000)
  region size 8192K, 1 young (8192K), 1 survivors (8192K)
 Metaspace       used 101927K, committed 102656K, reserved 1179648K
  class space    used 13702K, committed 14080K, reserved 1048576K
}
Event: 180.002 GC heap before
{Heap before GC invocations=55 (full 0):
 garbage-first heap   total 2416640K, used 753253K [0x0000000583000000, 0x0000000800000000)
  region size 8192K, 24 young (196608K), 1 survivors (8192K)
 Metaspace       used 102269K, committed 103040K, reserved 1179648K
  class space    used 13754K, committed 14144K, reserved 1048576K
}
Event: 180.113 GC heap after
{Heap after GC invocations=56 (full 0):
 garbage-first heap   total 2416640K, used 628665K [0x0000000583000000, 0x0000000800000000)
  region size 8192K, 3 young (24576K), 3 survivors (24576K)
 Metaspace       used 102269K, committed 103040K, reserved 1179648K
  class space    used 13754K, committed 14144K, reserved 1048576K
}
Event: 181.064 GC heap before
{Heap before GC invocations=56 (full 0):
 garbage-first heap   total 2416640K, used 718777K [0x0000000583000000, 0x0000000800000000)
  region size 8192K, 14 young (114688K), 3 survivors (24576K)
 Metaspace       used 102269K, committed 103040K, reserved 1179648K
  class space    used 13754K, committed 14144K, reserved 1048576K
}
Event: 181.170 GC heap after
{Heap after GC invocations=57 (full 0):
 garbage-first heap   total 2416640K, used 667398K [0x0000000583000000, 0x0000000800000000)
  region size 8192K, 2 young (16384K), 2 survivors (16384K)
 Metaspace       used 102269K, committed 103040K, reserved 1179648K
  class space    used 13754K, committed 14144K, reserved 1048576K
}
Event: 231.156 GC heap before
{Heap before GC invocations=57 (full 0):
 garbage-first heap   total 2416640K, used 839430K [0x0000000583000000, 0x0000000800000000)
  region size 8192K, 23 young (188416K), 2 survivors (16384K)
 Metaspace       used 103284K, committed 104064K, reserved 1179648K
  class space    used 13794K, committed 14144K, reserved 1048576K
}
Event: 231.196 GC heap after
{Heap after GC invocations=58 (full 0):
 garbage-first heap   total 2416640K, used 681247K [0x0000000583000000, 0x0000000800000000)
  region size 8192K, 2 young (16384K), 2 survivors (16384K)
 Metaspace       used 103284K, committed 104064K, reserved 1179648K
  class space    used 13794K, committed 14144K, reserved 1048576K
}
Event: 317.270 GC heap before
{Heap before GC invocations=58 (full 0):
 garbage-first heap   total 2416640K, used 959775K [0x0000000583000000, 0x0000000800000000)
  region size 8192K, 36 young (294912K), 2 survivors (16384K)
 Metaspace       used 103355K, committed 104064K, reserved 1179648K
  class space    used 13795K, committed 14144K, reserved 1048576K
}
Event: 317.286 GC heap after
{Heap after GC invocations=59 (full 0):
 garbage-first heap   total 2416640K, used 684963K [0x0000000583000000, 0x0000000800000000)
  region size 8192K, 2 young (16384K), 2 survivors (16384K)
 Metaspace       used 103355K, committed 104064K, reserved 1179648K
  class space    used 13795K, committed 14144K, reserved 1048576K
}
Event: 682.405 GC heap before
{Heap before GC invocations=59 (full 0):
 garbage-first heap   total 2416640K, used 1979299K [0x0000000583000000, 0x0000000800000000)
  region size 8192K, 160 young (1310720K), 2 survivors (16384K)
 Metaspace       used 103474K, committed 104192K, reserved 1179648K
  class space    used 13799K, committed 14144K, reserved 1048576K
}
Event: 682.449 GC heap after
{Heap after GC invocations=60 (full 0):
 garbage-first heap   total 2416640K, used 703486K [0x0000000583000000, 0x0000000800000000)
  region size 8192K, 4 young (32768K), 4 survivors (32768K)
 Metaspace       used 103474K, committed 104192K, reserved 1179648K
  class space    used 13799K, committed 14144K, reserved 1048576K
}
Event: 1043.199 GC heap before
{Heap before GC invocations=60 (full 0):
 garbage-first heap   total 2416640K, used 1997822K [0x0000000583000000, 0x0000000800000000)
  region size 8192K, 162 young (1327104K), 4 survivors (32768K)
 Metaspace       used 103523K, committed 104256K, reserved 1179648K
  class space    used 13799K, committed 14144K, reserved 1048576K
}
Event: 1043.256 GC heap after
{Heap after GC invocations=61 (full 0):
 garbage-first heap   total 2416640K, used 722662K [0x0000000583000000, 0x0000000800000000)
  region size 8192K, 7 young (57344K), 7 survivors (57344K)
 Metaspace       used 103523K, committed 104256K, reserved 1179648K
  class space    used 13799K, committed 14144K, reserved 1048576K
}
Event: 1343.123 GC heap before
{Heap before GC invocations=61 (full 0):
 garbage-first heap   total 2416640K, used 2025190K [0x0000000583000000, 0x0000000800000000)
  region size 8192K, 166 young (1359872K), 7 survivors (57344K)
 Metaspace       used 103769K, committed 104448K, reserved 1179648K
  class space    used 13810K, committed 14144K, reserved 1048576K
}
Event: 1343.188 GC heap after
{Heap after GC invocations=62 (full 0):
 garbage-first heap   total 2416640K, used 742111K [0x0000000583000000, 0x0000000800000000)
  region size 8192K, 8 young (65536K), 8 survivors (65536K)
 Metaspace       used 103769K, committed 104448K, reserved 1179648K
  class space    used 13810K, committed 14144K, reserved 1048576K
}
Event: 1902.973 GC heap before
{Heap before GC invocations=62 (full 0):
 garbage-first heap   total 2416640K, used 2061023K [0x0000000583000000, 0x0000000800000000)
  region size 8192K, 165 young (1351680K), 8 survivors (65536K)
 Metaspace       used 104491K, committed 105280K, reserved 1179648K
  class space    used 13895K, committed 14272K, reserved 1048576K
}
Event: 1903.008 GC heap after
{Heap after GC invocations=63 (full 0):
 garbage-first heap   total 2416640K, used 758696K [0x0000000583000000, 0x0000000800000000)
  region size 8192K, 5 young (40960K), 5 survivors (40960K)
 Metaspace       used 104491K, committed 105280K, reserved 1179648K
  class space    used 13895K, committed 14272K, reserved 1048576K
}

