# JRE version: Java(TM) SE Runtime Environment (17.0.15+9) (build 17.0.15+9-LTS-241)
# Java VM: Java HotSpot(TM) 64-Bit Server VM (17.0.15+9-LTS-241, mixed mode, sharing, tiered, compressed oops, compressed class ptrs, g1 gc, windows-amd64)
GC Precious Log:
 CPUs: 8 total, 8 available
 Memory: 40743M
 Large Page Support: Disabled
 NUMA Support: Disabled
 Compressed Oops: Enabled (Zero based)
 Heap Region Size: 8M
 Heap Min Capacity: 8M
 Heap Initial Capacity: 640M
 Heap Max Capacity: 10192M
 Pre-touch: Disabled
 Parallel Workers: 8
 Concurrent Workers: 2
 Concurrent Refinement Workers: 8
 Periodic GC: Disabled
Heap:
 garbage-first heap   total 81920K, used 46721K [0x0000000583000000, 0x0000000800000000)
  region size 8192K, 4 young (32768K), 1 survivors (8192K)
 Metaspace       used 51141K, committed 51648K, reserved 1114112K
  class space    used 6156K, committed 6400K, reserved 1048576K
GC Heap History (20 events):
Event: 19338.768 GC heap before
{Heap before GC invocations=28 (full 0):
 garbage-first heap   total 114688K, used 80021K [0x0000000583000000, 0x0000000800000000)
  region size 8192K, 7 young (57344K), 1 survivors (8192K)
 Metaspace       used 49617K, committed 50176K, reserved 1114112K
  class space    used 6102K, committed 6400K, reserved 1048576K
}
Event: 19338.773 GC heap after
{Heap after GC invocations=29 (full 0):
 garbage-first heap   total 114688K, used 30899K [0x0000000583000000, 0x0000000800000000)
  region size 8192K, 1 young (8192K), 1 survivors (8192K)
 Metaspace       used 49617K, committed 50176K, reserved 1114112K
  class space    used 6102K, committed 6400K, reserved 1048576K
}
Event: 20101.304 GC heap before
{Heap before GC invocations=29 (full 0):
 garbage-first heap   total 114688K, used 63667K [0x0000000583000000, 0x0000000800000000)
  region size 8192K, 6 young (49152K), 1 survivors (8192K)
 Metaspace       used 49874K, committed 50432K, reserved 1114112K
  class space    used 6134K, committed 6400K, reserved 1048576K
}
Event: 20102.058 GC heap after
{Heap after GC invocations=30 (full 1):
 garbage-first heap   total 81920K, used 23094K [0x0000000583000000, 0x0000000800000000)
  region size 8192K, 0 young (0K), 0 survivors (0K)
 Metaspace       used 49528K, committed 50432K, reserved 1114112K
  class space    used 6064K, committed 6400K, reserved 1048576K
}
Event: 20118.557 GC heap before
{Heap before GC invocations=30 (full 1):
 garbage-first heap   total 81920K, used 64054K [0x0000000583000000, 0x0000000800000000)
  region size 8192K, 5 young (40960K), 0 survivors (0K)
 Metaspace       used 49911K, committed 50560K, reserved 1114112K
  class space    used 6114K, committed 6400K, reserved 1048576K
}
Event: 20118.562 GC heap after
{Heap after GC invocations=31 (full 1):
 garbage-first heap   total 81920K, used 26567K [0x0000000583000000, 0x0000000800000000)
  region size 8192K, 1 young (8192K), 1 survivors (8192K)
 Metaspace       used 49911K, committed 50560K, reserved 1114112K
  class space    used 6114K, committed 6400K, reserved 1048576K
}
Event: 20120.342 GC heap before
{Heap before GC invocations=31 (full 1):
 garbage-first heap   total 81920K, used 59335K [0x0000000583000000, 0x0000000800000000)
  region size 8192K, 5 young (40960K), 1 survivors (8192K)
 Metaspace       used 50332K, committed 50816K, reserved 1114112K
  class space    used 6131K, committed 6400K, reserved 1048576K
}
Event: 20120.347 GC heap after
{Heap after GC invocations=32 (full 1):
 garbage-first heap   total 81920K, used 28597K [0x0000000583000000, 0x0000000800000000)
  region size 8192K, 1 young (8192K), 1 survivors (8192K)
 Metaspace       used 50332K, committed 50816K, reserved 1114112K
  class space    used 6131K, committed 6400K, reserved 1048576K
}
Event: 20127.292 GC heap before
{Heap before GC invocations=32 (full 1):
 garbage-first heap   total 81920K, used 61365K [0x0000000583000000, 0x0000000800000000)
  region size 8192K, 5 young (40960K), 1 survivors (8192K)
 Metaspace       used 50519K, committed 51072K, reserved 1114112K
  class space    used 6134K, committed 6400K, reserved 1048576K
}
Event: 20127.296 GC heap after
{Heap after GC invocations=33 (full 1):
 garbage-first heap   total 81920K, used 30138K [0x0000000583000000, 0x0000000800000000)
  region size 8192K, 1 young (8192K), 1 survivors (8192K)
 Metaspace       used 50519K, committed 51072K, reserved 1114112K
  class space    used 6134K, committed 6400K, reserved 1048576K
}
Event: 20254.515 GC heap before
{Heap before GC invocations=33 (full 1):
 garbage-first heap   total 81920K, used 54714K [0x0000000583000000, 0x0000000800000000)
  region size 8192K, 4 young (32768K), 1 survivors (8192K)
 Metaspace       used 50619K, committed 51136K, reserved 1114112K
  class space    used 6134K, committed 6400K, reserved 1048576K
}
Event: 20254.519 GC heap after
{Heap after GC invocations=34 (full 1):
 garbage-first heap   total 81920K, used 30243K [0x0000000583000000, 0x0000000800000000)
  region size 8192K, 1 young (8192K), 1 survivors (8192K)
 Metaspace       used 50619K, committed 51136K, reserved 1114112K
  class space    used 6134K, committed 6400K, reserved 1048576K
}
Event: 20386.057 GC heap before
{Heap before GC invocations=34 (full 1):
 garbage-first heap   total 81920K, used 54819K [0x0000000583000000, 0x0000000800000000)
  region size 8192K, 4 young (32768K), 1 survivors (8192K)
 Metaspace       used 50745K, committed 51264K, reserved 1114112K
  class space    used 6135K, committed 6400K, reserved 1048576K
}
Event: 20386.060 GC heap after
{Heap after GC invocations=35 (full 1):
 garbage-first heap   total 81920K, used 30358K [0x0000000583000000, 0x0000000800000000)
  region size 8192K, 1 young (8192K), 1 survivors (8192K)
 Metaspace       used 50745K, committed 51264K, reserved 1114112K
  class space    used 6135K, committed 6400K, reserved 1048576K
}
Event: 20515.033 GC heap before
{Heap before GC invocations=35 (full 1):
 garbage-first heap   total 81920K, used 54934K [0x0000000583000000, 0x0000000800000000)
  region size 8192K, 4 young (32768K), 1 survivors (8192K)
 Metaspace       used 50850K, committed 51392K, reserved 1114112K
  class space    used 6150K, committed 6400K, reserved 1048576K
}
Event: 20515.037 GC heap after
{Heap after GC invocations=36 (full 1):
 garbage-first heap   total 81920K, used 30394K [0x0000000583000000, 0x0000000800000000)
  region size 8192K, 1 young (8192K), 1 survivors (8192K)
 Metaspace       used 50850K, committed 51392K, reserved 1114112K
  class space    used 6150K, committed 6400K, reserved 1048576K
}
Event: 20635.733 GC heap before
{Heap before GC invocations=36 (full 1):
 garbage-first heap   total 81920K, used 54970K [0x0000000583000000, 0x0000000800000000)
  region size 8192K, 4 young (32768K), 1 survivors (8192K)
 Metaspace       used 50940K, committed 51520K, reserved 1114112K
  class space    used 6151K, committed 6400K, reserved 1048576K
}
Event: 20635.736 GC heap after
{Heap after GC invocations=37 (full 1):
 garbage-first heap   total 81920K, used 30452K [0x0000000583000000, 0x0000000800000000)
  region size 8192K, 1 young (8192K), 1 survivors (8192K)
 Metaspace       used 50940K, committed 51520K, reserved 1114112K
  class space    used 6151K, committed 6400K, reserved 1048576K
}
Event: 20817.404 GC heap before
{Heap before GC invocations=37 (full 1):
 garbage-first heap   total 81920K, used 55028K [0x0000000583000000, 0x0000000800000000)
  region size 8192K, 4 young (32768K), 1 survivors (8192K)
 Metaspace       used 51028K, committed 51584K, reserved 1114112K
  class space    used 6155K, committed 6400K, reserved 1048576K
}
Event: 20817.408 GC heap after
{Heap after GC invocations=38 (full 1):
 garbage-first heap   total 81920K, used 30337K [0x0000000583000000, 0x0000000800000000)
  region size 8192K, 1 young (8192K), 1 survivors (8192K)
 Metaspace       used 51028K, committed 51584K, reserved 1114112K
  class space    used 6155K, committed 6400K, reserved 1048576K
}

