# JRE version: Java(TM) SE Runtime Environment (17.0.15+9) (build 17.0.15+9-LTS-241)
# Java VM: Java HotSpot(TM) 64-Bit Server VM (17.0.15+9-LTS-241, mixed mode, sharing, tiered, compressed oops, compressed class ptrs, g1 gc, windows-amd64)
GC Precious Log:
 CPUs: 8 total, 8 available
 Memory: 40743M
 Large Page Support: Disabled
 NUMA Support: Disabled
 Compressed Oops: Enabled (Zero based)
 Heap Region Size: 8M
 Heap Min Capacity: 8M
 Heap Initial Capacity: 640M
 Heap Max Capacity: 10192M
 Pre-touch: Disabled
 Parallel Workers: 8
 Concurrent Workers: 2
 Concurrent Refinement Workers: 8
 Periodic GC: Disabled
Heap:
 garbage-first heap   total 114688K, used 48325K [0x0000000583000000, 0x0000000800000000)
  region size 8192K, 4 young (32768K), 1 survivors (8192K)
 Metaspace       used 60483K, committed 61056K, reserved 1114112K
  class space    used 7774K, committed 8128K, reserved 1048576K
GC Heap History (20 events):
Event: 9202.584 GC heap before
{Heap before GC invocations=22 (full 0):
 garbage-first heap   total 114688K, used 81513K [0x0000000583000000, 0x0000000800000000)
  region size 8192K, 7 young (57344K), 1 survivors (8192K)
 Metaspace       used 60145K, committed 60736K, reserved 1114112K
  class space    used 7835K, committed 8128K, reserved 1048576K
}
Event: 9202.598 GC heap after
{Heap after GC invocations=23 (full 0):
 garbage-first heap   total 114688K, used 32270K [0x0000000583000000, 0x0000000800000000)
  region size 8192K, 1 young (8192K), 1 survivors (8192K)
 Metaspace       used 60145K, committed 60736K, reserved 1114112K
  class space    used 7835K, committed 8128K, reserved 1048576K
}
Event: 10755.994 GC heap before
{Heap before GC invocations=23 (full 0):
 garbage-first heap   total 114688K, used 81422K [0x0000000583000000, 0x0000000800000000)
  region size 8192K, 7 young (57344K), 1 survivors (8192K)
 Metaspace       used 60239K, committed 60864K, reserved 1114112K
  class space    used 7836K, committed 8128K, reserved 1048576K
}
Event: 10756.019 GC heap after
{Heap after GC invocations=24 (full 0):
 garbage-first heap   total 114688K, used 32371K [0x0000000583000000, 0x0000000800000000)
  region size 8192K, 1 young (8192K), 1 survivors (8192K)
 Metaspace       used 60239K, committed 60864K, reserved 1114112K
  class space    used 7836K, committed 8128K, reserved 1048576K
}
Event: 12337.080 GC heap before
{Heap before GC invocations=25 (full 0):
 garbage-first heap   total 114688K, used 81523K [0x0000000583000000, 0x0000000800000000)
  region size 8192K, 7 young (57344K), 1 survivors (8192K)
 Metaspace       used 59955K, committed 60928K, reserved 1114112K
  class space    used 7757K, committed 8128K, reserved 1048576K
}
Event: 12337.087 GC heap after
{Heap after GC invocations=26 (full 0):
 garbage-first heap   total 114688K, used 32311K [0x0000000583000000, 0x0000000800000000)
  region size 8192K, 1 young (8192K), 1 survivors (8192K)
 Metaspace       used 59955K, committed 60928K, reserved 1114112K
  class space    used 7757K, committed 8128K, reserved 1048576K
}
Event: 13951.574 GC heap before
{Heap before GC invocations=26 (full 0):
 garbage-first heap   total 114688K, used 81463K [0x0000000583000000, 0x0000000800000000)
  region size 8192K, 7 young (57344K), 1 survivors (8192K)
 Metaspace       used 60012K, committed 60928K, reserved 1114112K
  class space    used 7757K, committed 8128K, reserved 1048576K
}
Event: 13951.584 GC heap after
{Heap after GC invocations=27 (full 0):
 garbage-first heap   total 114688K, used 32405K [0x0000000583000000, 0x0000000800000000)
  region size 8192K, 1 young (8192K), 1 survivors (8192K)
 Metaspace       used 60012K, committed 60928K, reserved 1114112K
  class space    used 7757K, committed 8128K, reserved 1048576K
}
Event: 15529.983 GC heap before
{Heap before GC invocations=28 (full 0):
 garbage-first heap   total 114688K, used 81557K [0x0000000583000000, 0x0000000800000000)
  region size 8192K, 7 young (57344K), 1 survivors (8192K)
 Metaspace       used 60113K, committed 60928K, reserved 1114112K
  class space    used 7757K, committed 8128K, reserved 1048576K
}
Event: 15529.989 GC heap after
{Heap after GC invocations=29 (full 0):
 garbage-first heap   total 114688K, used 32359K [0x0000000583000000, 0x0000000800000000)
  region size 8192K, 1 young (8192K), 1 survivors (8192K)
 Metaspace       used 60113K, committed 60928K, reserved 1114112K
  class space    used 7757K, committed 8128K, reserved 1048576K
}
Event: 17161.290 GC heap before
{Heap before GC invocations=29 (full 0):
 garbage-first heap   total 114688K, used 81511K [0x0000000583000000, 0x0000000800000000)
  region size 8192K, 7 young (57344K), 1 survivors (8192K)
 Metaspace       used 60140K, committed 60928K, reserved 1114112K
  class space    used 7757K, committed 8128K, reserved 1048576K
}
Event: 17161.321 GC heap after
{Heap after GC invocations=30 (full 0):
 garbage-first heap   total 114688K, used 32376K [0x0000000583000000, 0x0000000800000000)
  region size 8192K, 1 young (8192K), 1 survivors (8192K)
 Metaspace       used 60140K, committed 60928K, reserved 1114112K
  class space    used 7757K, committed 8128K, reserved 1048576K
}
Event: 18770.988 GC heap before
{Heap before GC invocations=31 (full 0):
 garbage-first heap   total 114688K, used 81528K [0x0000000583000000, 0x0000000800000000)
  region size 8192K, 7 young (57344K), 1 survivors (8192K)
 Metaspace       used 60156K, committed 60928K, reserved 1114112K
  class space    used 7757K, committed 8128K, reserved 1048576K
}
Event: 18770.996 GC heap after
{Heap after GC invocations=32 (full 0):
 garbage-first heap   total 114688K, used 32345K [0x0000000583000000, 0x0000000800000000)
  region size 8192K, 1 young (8192K), 1 survivors (8192K)
 Metaspace       used 60156K, committed 60928K, reserved 1114112K
  class space    used 7757K, committed 8128K, reserved 1048576K
}
Event: 20363.835 GC heap before
{Heap before GC invocations=32 (full 0):
 garbage-first heap   total 114688K, used 81497K [0x0000000583000000, 0x0000000800000000)
  region size 8192K, 7 young (57344K), 1 survivors (8192K)
 Metaspace       used 60191K, committed 60928K, reserved 1114112K
  class space    used 7757K, committed 8128K, reserved 1048576K
}
Event: 20363.870 GC heap after
{Heap after GC invocations=33 (full 0):
 garbage-first heap   total 114688K, used 32414K [0x0000000583000000, 0x0000000800000000)
  region size 8192K, 1 young (8192K), 1 survivors (8192K)
 Metaspace       used 60191K, committed 60928K, reserved 1114112K
  class space    used 7757K, committed 8128K, reserved 1048576K
}
Event: 21967.912 GC heap before
{Heap before GC invocations=34 (full 0):
 garbage-first heap   total 114688K, used 81566K [0x0000000583000000, 0x0000000800000000)
  region size 8192K, 7 young (57344K), 1 survivors (8192K)
 Metaspace       used 60211K, committed 60928K, reserved 1114112K
  class space    used 7757K, committed 8128K, reserved 1048576K
}
Event: 21967.922 GC heap after
{Heap after GC invocations=35 (full 0):
 garbage-first heap   total 114688K, used 32326K [0x0000000583000000, 0x0000000800000000)
  region size 8192K, 1 young (8192K), 1 survivors (8192K)
 Metaspace       used 60211K, committed 60928K, reserved 1114112K
  class space    used 7757K, committed 8128K, reserved 1048576K
}
Event: 22862.963 GC heap before
{Heap before GC invocations=35 (full 0):
 garbage-first heap   total 114688K, used 81478K [0x0000000583000000, 0x0000000800000000)
  region size 8192K, 7 young (57344K), 1 survivors (8192K)
 Metaspace       used 60453K, committed 61056K, reserved 1114112K
  class space    used 7774K, committed 8128K, reserved 1048576K
}
Event: 22863.008 GC heap after
{Heap after GC invocations=36 (full 0):
 garbage-first heap   total 114688K, used 31941K [0x0000000583000000, 0x0000000800000000)
  region size 8192K, 1 young (8192K), 1 survivors (8192K)
 Metaspace       used 60453K, committed 61056K, reserved 1114112K
  class space    used 7774K, committed 8128K, reserved 1048576K
}

