# JRE version: Java(TM) SE Runtime Environment (17.0.15+9) (build 17.0.15+9-LTS-241)
# Java VM: Java HotSpot(TM) 64-Bit Server VM (17.0.15+9-LTS-241, mixed mode, sharing, tiered, compressed oops, compressed class ptrs, g1 gc, windows-amd64)
GC Precious Log:
 CPUs: 8 total, 8 available
 Memory: 40743M
 Large Page Support: Disabled
 NUMA Support: Disabled
 Compressed Oops: Enabled (Zero based)
 Heap Region Size: 8M
 Heap Min Capacity: 8M
 Heap Initial Capacity: 640M
 Heap Max Capacity: 10192M
 Pre-touch: Disabled
 Parallel Workers: 8
 Concurrent Workers: 2
 Concurrent Refinement Workers: 8
 Periodic GC: Disabled
Heap:
 garbage-first heap   total 1105920K, used 658451K [0x0000000583000000, 0x0000000800000000)
  region size 8192K, 1 young (8192K), 1 survivors (8192K)
 Metaspace       used 99264K, committed 99968K, reserved 1179648K
  class space    used 13440K, committed 13760K, reserved 1048576K
GC Heap History (20 events):
Event: 48.054 GC heap after
{Heap after GC invocations=25 (full 0):
 garbage-first heap   total 286720K, used 183395K [0x0000000583000000, 0x0000000800000000)
  region size 8192K, 2 young (16384K), 2 survivors (16384K)
 Metaspace       used 99137K, committed 99776K, reserved 1179648K
  class space    used 13435K, committed 13760K, reserved 1048576K
}
Event: 48.434 GC heap before
{Heap before GC invocations=26 (full 0):
 garbage-first heap   total 344064K, used 207971K [0x0000000583000000, 0x0000000800000000)
  region size 8192K, 5 young (40960K), 2 survivors (16384K)
 Metaspace       used 99137K, committed 99776K, reserved 1179648K
  class space    used 13435K, committed 13760K, reserved 1048576K
}
Event: 48.471 GC heap after
{Heap after GC invocations=27 (full 0):
 garbage-first heap   total 344064K, used 206483K [0x0000000583000000, 0x0000000800000000)
  region size 8192K, 1 young (8192K), 1 survivors (8192K)
 Metaspace       used 99137K, committed 99776K, reserved 1179648K
  class space    used 13435K, committed 13760K, reserved 1048576K
}
Event: 48.627 GC heap before
{Heap before GC invocations=27 (full 0):
 garbage-first heap   total 344064K, used 231059K [0x0000000583000000, 0x0000000800000000)
  region size 8192K, 4 young (32768K), 1 survivors (8192K)
 Metaspace       used 99137K, committed 99776K, reserved 1179648K
  class space    used 13435K, committed 13760K, reserved 1048576K
}
Event: 48.664 GC heap after
{Heap after GC invocations=28 (full 0):
 garbage-first heap   total 344064K, used 227746K [0x0000000583000000, 0x0000000800000000)
  region size 8192K, 1 young (8192K), 1 survivors (8192K)
 Metaspace       used 99137K, committed 99776K, reserved 1179648K
  class space    used 13435K, committed 13760K, reserved 1048576K
}
Event: 49.013 GC heap before
{Heap before GC invocations=28 (full 0):
 garbage-first heap   total 409600K, used 244130K [0x0000000583000000, 0x0000000800000000)
  region size 8192K, 3 young (24576K), 1 survivors (8192K)
 Metaspace       used 99141K, committed 99776K, reserved 1179648K
  class space    used 13435K, committed 13760K, reserved 1048576K
}
Event: 49.053 GC heap after
{Heap after GC invocations=29 (full 0):
 garbage-first heap   total 892928K, used 243142K [0x0000000583000000, 0x0000000800000000)
  region size 8192K, 1 young (8192K), 1 survivors (8192K)
 Metaspace       used 99141K, committed 99776K, reserved 1179648K
  class space    used 13435K, committed 13760K, reserved 1048576K
}
Event: 50.995 GC heap before
{Heap before GC invocations=30 (full 0):
 garbage-first heap   total 892928K, used 456134K [0x0000000583000000, 0x0000000800000000)
  region size 8192K, 27 young (221184K), 1 survivors (8192K)
 Metaspace       used 99143K, committed 99776K, reserved 1179648K
  class space    used 13435K, committed 13760K, reserved 1048576K
}
Event: 51.328 GC heap after
{Heap after GC invocations=31 (full 0):
 garbage-first heap   total 892928K, used 408345K [0x0000000583000000, 0x0000000800000000)
  region size 8192K, 4 young (32768K), 4 survivors (32768K)
 Metaspace       used 99143K, committed 99776K, reserved 1179648K
  class space    used 13435K, committed 13760K, reserved 1048576K
}
Event: 52.513 GC heap before
{Heap before GC invocations=31 (full 0):
 garbage-first heap   total 892928K, used 539417K [0x0000000583000000, 0x0000000800000000)
  region size 8192K, 20 young (163840K), 4 survivors (32768K)
 Metaspace       used 99144K, committed 99776K, reserved 1179648K
  class space    used 13435K, committed 13760K, reserved 1048576K
}
Event: 52.748 GC heap after
{Heap after GC invocations=32 (full 0):
 garbage-first heap   total 892928K, used 515868K [0x0000000583000000, 0x0000000800000000)
  region size 8192K, 3 young (24576K), 3 survivors (24576K)
 Metaspace       used 99144K, committed 99776K, reserved 1179648K
  class space    used 13435K, committed 13760K, reserved 1048576K
}
Event: 53.538 GC heap before
{Heap before GC invocations=32 (full 0):
 garbage-first heap   total 892928K, used 565020K [0x0000000583000000, 0x0000000800000000)
  region size 8192K, 11 young (90112K), 3 survivors (24576K)
 Metaspace       used 99148K, committed 99840K, reserved 1179648K
  class space    used 13435K, committed 13760K, reserved 1048576K
}
Event: 53.692 GC heap after
{Heap after GC invocations=33 (full 0):
 garbage-first heap   total 892928K, used 576110K [0x0000000583000000, 0x0000000800000000)
  region size 8192K, 2 young (16384K), 2 survivors (16384K)
 Metaspace       used 99148K, committed 99840K, reserved 1179648K
  class space    used 13435K, committed 13760K, reserved 1048576K
}
Event: 55.365 GC heap before
{Heap before GC invocations=34 (full 0):
 garbage-first heap   total 1056768K, used 649838K [0x0000000583000000, 0x0000000800000000)
  region size 8192K, 10 young (81920K), 2 survivors (16384K)
 Metaspace       used 99180K, committed 99840K, reserved 1179648K
  class space    used 13436K, committed 13760K, reserved 1048576K
}
Event: 55.496 GC heap after
{Heap after GC invocations=35 (full 0):
 garbage-first heap   total 1056768K, used 614400K [0x0000000583000000, 0x0000000800000000)
  region size 8192K, 2 young (16384K), 2 survivors (16384K)
 Metaspace       used 99180K, committed 99840K, reserved 1179648K
  class space    used 13436K, committed 13760K, reserved 1048576K
}
Event: 56.464 GC heap before
{Heap before GC invocations=35 (full 0):
 garbage-first heap   total 1056768K, used 688128K [0x0000000583000000, 0x0000000800000000)
  region size 8192K, 11 young (90112K), 2 survivors (16384K)
 Metaspace       used 99256K, committed 99968K, reserved 1179648K
  class space    used 13440K, committed 13760K, reserved 1048576K
}
Event: 56.579 GC heap after
{Heap after GC invocations=36 (full 0):
 garbage-first heap   total 1056768K, used 635162K [0x0000000583000000, 0x0000000800000000)
  region size 8192K, 2 young (16384K), 2 survivors (16384K)
 Metaspace       used 99256K, committed 99968K, reserved 1179648K
  class space    used 13440K, committed 13760K, reserved 1048576K
}
Event: 58.407 GC heap before
{Heap before GC invocations=37 (full 0):
 garbage-first heap   total 1105920K, used 700698K [0x0000000583000000, 0x0000000800000000)
  region size 8192K, 12 young (98304K), 2 survivors (16384K)
 Metaspace       used 99259K, committed 99968K, reserved 1179648K
  class space    used 13440K, committed 13760K, reserved 1048576K
}
Event: 58.516 GC heap after
{Heap after GC invocations=38 (full 0):
 garbage-first heap   total 1105920K, used 648051K [0x0000000583000000, 0x0000000800000000)
  region size 8192K, 2 young (16384K), 2 survivors (16384K)
 Metaspace       used 99259K, committed 99968K, reserved 1179648K
  class space    used 13440K, committed 13760K, reserved 1048576K
}
Event: 58.753 GC heap before
{Heap before GC invocations=38 (full 0):
 garbage-first heap   total 1105920K, used 680819K [0x0000000583000000, 0x0000000800000000)
  region size 8192K, 6 young (49152K), 2 survivors (16384K)
 Metaspace       used 99264K, committed 99968K, reserved 1179648K
  class space    used 13440K, committed 13760K, reserved 1048576K
}

