# JRE version: Java(TM) SE Runtime Environment (17.0+35) (build 17+35-LTS-2724)
# Java VM: Java HotSpot(TM) 64-Bit Server VM (17+35-LTS-2724, mixed mode, sharing, tiered, compressed oops, compressed class ptrs, g1 gc, windows-amd64)
GC Precious Log:
 CPUs: 8 total, 8 available
 Memory: 7959M
 Large Page Support: Disabled
 NUMA Support: Disabled
 Compressed Oops: Enabled (32-bit)
 Heap Region Size: 1M
 Heap Min Capacity: 8M
 Heap Initial Capacity: 126M
 Heap Max Capacity: 1990M
 Pre-touch: Disabled
 Parallel Workers: 8
 Concurrent Workers: 2
 Concurrent Refinement Workers: 8
 Periodic GC: Disabled
Heap:
 garbage-first heap   total 63488K, used 39709K [0x0000000083a00000, 0x0000000100000000)
  region size 1024K, 7 young (7168K), 2 survivors (2048K)
 Metaspace       used 52521K, committed 53056K, reserved 1097728K
  class space    used 7002K, committed 7232K, reserved 1048576K
GC Heap History (20 events):
Event: 18.081 GC heap before
{Heap before GC invocations=11 (full 0):
 garbage-first heap   total 55296K, used 41275K [0x0000000083a00000, 0x0000000100000000)
  region size 1024K, 19 young (19456K), 1 survivors (1024K)
 Metaspace       used 31143K, committed 31616K, reserved 1081344K
  class space    used 3877K, committed 4096K, reserved 1048576K
}
Event: 18.085 GC heap after
{Heap after GC invocations=12 (full 0):
 garbage-first heap   total 55296K, used 23945K [0x0000000083a00000, 0x0000000100000000)
  region size 1024K, 2 young (2048K), 2 survivors (2048K)
 Metaspace       used 31143K, committed 31616K, reserved 1081344K
  class space    used 3877K, committed 4096K, reserved 1048576K
}
Event: 19.587 GC heap before
{Heap before GC invocations=12 (full 0):
 garbage-first heap   total 55296K, used 42377K [0x0000000083a00000, 0x0000000100000000)
  region size 1024K, 20 young (20480K), 2 survivors (2048K)
 Metaspace       used 33210K, committed 33664K, reserved 1081344K
  class space    used 4166K, committed 4352K, reserved 1048576K
}
Event: 19.593 GC heap after
{Heap after GC invocations=13 (full 0):
 garbage-first heap   total 55296K, used 24414K [0x0000000083a00000, 0x0000000100000000)
  region size 1024K, 2 young (2048K), 2 survivors (2048K)
 Metaspace       used 33210K, committed 33664K, reserved 1081344K
  class space    used 4166K, committed 4352K, reserved 1048576K
}
Event: 20.834 GC heap before
{Heap before GC invocations=13 (full 0):
 garbage-first heap   total 55296K, used 35678K [0x0000000083a00000, 0x0000000100000000)
  region size 1024K, 14 young (14336K), 2 survivors (2048K)
 Metaspace       used 35519K, committed 35968K, reserved 1081344K
  class space    used 4520K, committed 4736K, reserved 1048576K
}
Event: 20.838 GC heap after
{Heap after GC invocations=14 (full 0):
 garbage-first heap   total 55296K, used 25183K [0x0000000083a00000, 0x0000000100000000)
  region size 1024K, 3 young (3072K), 3 survivors (3072K)
 Metaspace       used 35519K, committed 35968K, reserved 1081344K
  class space    used 4520K, committed 4736K, reserved 1048576K
}
Event: 22.112 GC heap before
{Heap before GC invocations=15 (full 0):
 garbage-first heap   total 55296K, used 41567K [0x0000000083a00000, 0x0000000100000000)
  region size 1024K, 20 young (20480K), 3 survivors (3072K)
 Metaspace       used 38807K, committed 39296K, reserved 1089536K
  class space    used 4997K, committed 5248K, reserved 1048576K
}
Event: 22.119 GC heap after
{Heap after GC invocations=16 (full 0):
 garbage-first heap   total 55296K, used 26933K [0x0000000083a00000, 0x0000000100000000)
  region size 1024K, 3 young (3072K), 3 survivors (3072K)
 Metaspace       used 38807K, committed 39296K, reserved 1089536K
  class space    used 4997K, committed 5248K, reserved 1048576K
}
Event: 23.280 GC heap before
{Heap before GC invocations=16 (full 0):
 garbage-first heap   total 55296K, used 43317K [0x0000000083a00000, 0x0000000100000000)
  region size 1024K, 19 young (19456K), 3 survivors (3072K)
 Metaspace       used 41030K, committed 41536K, reserved 1089536K
  class space    used 5321K, committed 5568K, reserved 1048576K
}
Event: 23.287 GC heap after
{Heap after GC invocations=17 (full 0):
 garbage-first heap   total 55296K, used 28632K [0x0000000083a00000, 0x0000000100000000)
  region size 1024K, 2 young (2048K), 2 survivors (2048K)
 Metaspace       used 41030K, committed 41536K, reserved 1089536K
  class space    used 5321K, committed 5568K, reserved 1048576K
}
Event: 24.448 GC heap before
{Heap before GC invocations=17 (full 0):
 garbage-first heap   total 55296K, used 42968K [0x0000000083a00000, 0x0000000100000000)
  region size 1024K, 16 young (16384K), 2 survivors (2048K)
 Metaspace       used 43500K, committed 43968K, reserved 1089536K
  class space    used 5757K, committed 6016K, reserved 1048576K
}
Event: 24.456 GC heap after
{Heap after GC invocations=18 (full 0):
 garbage-first heap   total 55296K, used 30096K [0x0000000083a00000, 0x0000000100000000)
  region size 1024K, 2 young (2048K), 2 survivors (2048K)
 Metaspace       used 43500K, committed 43968K, reserved 1089536K
  class space    used 5757K, committed 6016K, reserved 1048576K
}
Event: 25.741 GC heap before
{Heap before GC invocations=19 (full 0):
 garbage-first heap   total 55296K, used 43408K [0x0000000083a00000, 0x0000000100000000)
  region size 1024K, 15 young (15360K), 2 survivors (2048K)
 Metaspace       used 44951K, committed 45504K, reserved 1089536K
  class space    used 5971K, committed 6272K, reserved 1048576K
}
Event: 25.747 GC heap after
{Heap after GC invocations=20 (full 0):
 garbage-first heap   total 55296K, used 31005K [0x0000000083a00000, 0x0000000100000000)
  region size 1024K, 1 young (1024K), 1 survivors (1024K)
 Metaspace       used 44951K, committed 45504K, reserved 1089536K
  class space    used 5971K, committed 6272K, reserved 1048576K
}
Event: 26.928 GC heap before
{Heap before GC invocations=20 (full 0):
 garbage-first heap   total 55296K, used 44317K [0x0000000083a00000, 0x0000000100000000)
  region size 1024K, 14 young (14336K), 1 survivors (1024K)
 Metaspace       used 47283K, committed 47808K, reserved 1097728K
  class space    used 6288K, committed 6528K, reserved 1048576K
}
Event: 26.934 GC heap after
{Heap after GC invocations=21 (full 0):
 garbage-first heap   total 55296K, used 32198K [0x0000000083a00000, 0x0000000100000000)
  region size 1024K, 2 young (2048K), 2 survivors (2048K)
 Metaspace       used 47283K, committed 47808K, reserved 1097728K
  class space    used 6288K, committed 6528K, reserved 1048576K
}
Event: 27.755 GC heap before
{Heap before GC invocations=22 (full 0):
 garbage-first heap   total 58368K, used 43462K [0x0000000083a00000, 0x0000000100000000)
  region size 1024K, 14 young (14336K), 2 survivors (2048K)
 Metaspace       used 49798K, committed 50368K, reserved 1097728K
  class space    used 6639K, committed 6912K, reserved 1048576K
}
Event: 27.766 GC heap after
{Heap after GC invocations=23 (full 0):
 garbage-first heap   total 58368K, used 33622K [0x0000000083a00000, 0x0000000100000000)
  region size 1024K, 2 young (2048K), 2 survivors (2048K)
 Metaspace       used 49798K, committed 50368K, reserved 1097728K
  class space    used 6639K, committed 6912K, reserved 1048576K
}
Event: 28.534 GC heap before
{Heap before GC invocations=23 (full 0):
 garbage-first heap   total 58368K, used 46934K [0x0000000083a00000, 0x0000000100000000)
  region size 1024K, 15 young (15360K), 2 survivors (2048K)
 Metaspace       used 51971K, committed 52480K, reserved 1097728K
  class space    used 6924K, committed 7168K, reserved 1048576K
}
Event: 28.544 GC heap after
{Heap after GC invocations=24 (full 0):
 garbage-first heap   total 58368K, used 35613K [0x0000000083a00000, 0x0000000100000000)
  region size 1024K, 2 young (2048K), 2 survivors (2048K)
 Metaspace       used 51971K, committed 52480K, reserved 1097728K
  class space    used 6924K, committed 7168K, reserved 1048576K
}

