# JRE version: OpenJDK Runtime Environment Temurin-21.0.8+9 (21.0.8+9) (build 21.0.8+9-LTS)
# Java VM: OpenJDK 64-Bit Server VM Temurin-21.0.8+9 (21.0.8+9-LTS, mixed mode, sharing, tiered, compressed oops, compressed class ptrs, parallel gc, windows-amd64)
GC Precious Log:
 CardTable entry size: 512
 CPUs: 8 total, 8 available
 Memory: 40743M
 Large Page Support: Disabled
 NUMA Support: Disabled
 Compressed Oops: Enabled (32-bit)
 Alignments: Space 512K, Generation 512K, Heap 2M
 Heap Min Capacity: 100M
 Heap Initial Capacity: 100M
 Heap Max Capacity: 2G
 Pre-touch: Disabled
 Parallel Workers: 8
Heap:
 PSYoungGen      total 1536K, used 415K [0x00000000d5580000, 0x00000000d5880000, 0x0000000100000000)
  eden space 1024K, 3% used [0x00000000d5580000,0x00000000d5587d68,0x00000000d5680000)
  from space 512K, 75% used [0x00000000d5800000,0x00000000d5860000,0x00000000d5880000)
  to   space 512K, 0% used [0x00000000d5680000,0x00000000d5680000,0x00000000d5700000)
 ParOldGen       total 817152K, used 816828K [0x0000000080000000, 0x00000000b1e00000, 0x00000000d5580000)
  object space 817152K, 99% used [0x0000000080000000,0x00000000b1daf070,0x00000000b1e00000)
 Metaspace       used 74516K, committed 76224K, reserved 1179648K
  class space    used 7414K, committed 8192K, reserved 1048576K
GC Heap History (20 events):
Event: 350.275 GC heap before
{Heap before GC invocations=4234 (full 4):
 PSYoungGen      total 2560K, used 1547K [0x00000000d5580000, 0x00000000d5880000, 0x0000000100000000)
  eden space 1536K, 71% used [0x00000000d5580000,0x00000000d5692550,0x00000000d5700000)
  from space 1024K, 43% used [0x00000000d5700000,0x00000000d57709e8,0x00000000d5800000)
  to   space 512K, 0% used [0x00000000d5800000,0x00000000d5800000,0x00000000d5880000)
 ParOldGen       total 807936K, used 807270K [0x0000000080000000, 0x00000000b1500000, 0x00000000d5580000)
  object space 807936K, 99% used [0x0000000080000000,0x00000000b1459b30,0x00000000b1500000)
 Metaspace       used 73962K, committed 75648K, reserved 1179648K
  class space    used 7379K, committed 8192K, reserved 1048576K
}
Event: 350.278 GC heap after
{Heap after GC invocations=4234 (full 4):
 PSYoungGen      total 2048K, used 505K [0x00000000d5580000, 0x00000000d5900000, 0x0000000100000000)
  eden space 1536K, 0% used [0x00000000d5580000,0x00000000d5580000,0x00000000d5700000)
  from space 512K, 98% used [0x00000000d5800000,0x00000000d587e4a0,0x00000000d5880000)
  to   space 1024K, 0% used [0x00000000d5700000,0x00000000d5700000,0x00000000d5800000)
 ParOldGen       total 807936K, used 807366K [0x0000000080000000, 0x00000000b1500000, 0x00000000d5580000)
  object space 807936K, 99% used [0x0000000080000000,0x00000000b1471b30,0x00000000b1500000)
 Metaspace       used 73962K, committed 75648K, reserved 1179648K
  class space    used 7379K, committed 8192K, reserved 1048576K
}
Event: 350.369 GC heap before
{Heap before GC invocations=4235 (full 4):
 PSYoungGen      total 2048K, used 2041K [0x00000000d5580000, 0x00000000d5900000, 0x0000000100000000)
  eden space 1536K, 100% used [0x00000000d5580000,0x00000000d5700000,0x00000000d5700000)
  from space 512K, 98% used [0x00000000d5800000,0x00000000d587e4a0,0x00000000d5880000)
  to   space 1024K, 0% used [0x00000000d5700000,0x00000000d5700000,0x00000000d5800000)
 ParOldGen       total 807936K, used 807370K [0x0000000080000000, 0x00000000b1500000, 0x00000000d5580000)
  object space 807936K, 99% used [0x0000000080000000,0x00000000b1472a30,0x00000000b1500000)
 Metaspace       used 74129K, committed 75840K, reserved 1179648K
  class space    used 7386K, committed 8192K, reserved 1048576K
}
Event: 350.372 GC heap after
{Heap after GC invocations=4235 (full 4):
 PSYoungGen      total 2560K, used 379K [0x00000000d5580000, 0x00000000d5880000, 0x0000000100000000)
  eden space 1536K, 0% used [0x00000000d5580000,0x00000000d5580000,0x00000000d5700000)
  from space 1024K, 37% used [0x00000000d5700000,0x00000000d575ef80,0x00000000d5800000)
  to   space 512K, 0% used [0x00000000d5800000,0x00000000d5800000,0x00000000d5880000)
 ParOldGen       total 807936K, used 807559K [0x0000000080000000, 0x00000000b1500000, 0x00000000d5580000)
  object space 807936K, 99% used [0x0000000080000000,0x00000000b14a1d10,0x00000000b1500000)
 Metaspace       used 74129K, committed 75840K, reserved 1179648K
  class space    used 7386K, committed 8192K, reserved 1048576K
}
Event: 350.439 GC heap before
{Heap before GC invocations=4236 (full 4):
 PSYoungGen      total 2560K, used 1915K [0x00000000d5580000, 0x00000000d5880000, 0x0000000100000000)
  eden space 1536K, 99% used [0x00000000d5580000,0x00000000d56ffff0,0x00000000d5700000)
  from space 1024K, 37% used [0x00000000d5700000,0x00000000d575ef80,0x00000000d5800000)
  to   space 512K, 0% used [0x00000000d5800000,0x00000000d5800000,0x00000000d5880000)
 ParOldGen       total 807936K, used 807559K [0x0000000080000000, 0x00000000b1500000, 0x00000000d5580000)
  object space 807936K, 99% used [0x0000000080000000,0x00000000b14a1d10,0x00000000b1500000)
 Metaspace       used 74142K, committed 75840K, reserved 1179648K
  class space    used 7388K, committed 8192K, reserved 1048576K
}
Event: 350.442 GC heap after
{Heap after GC invocations=4236 (full 4):
 PSYoungGen      total 2048K, used 480K [0x00000000d5580000, 0x00000000d5900000, 0x0000000100000000)
  eden space 1536K, 0% used [0x00000000d5580000,0x00000000d5580000,0x00000000d5700000)
  from space 512K, 93% used [0x00000000d5800000,0x00000000d5878088,0x00000000d5880000)
  to   space 1024K, 0% used [0x00000000d5700000,0x00000000d5700000,0x00000000d5800000)
 ParOldGen       total 807936K, used 807910K [0x0000000080000000, 0x00000000b1500000, 0x00000000d5580000)
  object space 807936K, 99% used [0x0000000080000000,0x00000000b14f9830,0x00000000b1500000)
 Metaspace       used 74142K, committed 75840K, reserved 1179648K
  class space    used 7388K, committed 8192K, reserved 1048576K
}
Event: 350.451 GC heap before
{Heap before GC invocations=4237 (full 4):
 PSYoungGen      total 2048K, used 2005K [0x00000000d5580000, 0x00000000d5900000, 0x0000000100000000)
  eden space 1536K, 99% used [0x00000000d5580000,0x00000000d56fd718,0x00000000d5700000)
  from space 512K, 93% used [0x00000000d5800000,0x00000000d5878088,0x00000000d5880000)
  to   space 1024K, 0% used [0x00000000d5700000,0x00000000d5700000,0x00000000d5800000)
 ParOldGen       total 809984K, used 809673K [0x0000000080000000, 0x00000000b1700000, 0x00000000d5580000)
  object space 809984K, 99% used [0x0000000080000000,0x00000000b16b2640,0x00000000b1700000)
 Metaspace       used 74144K, committed 75840K, reserved 1179648K
  class space    used 7388K, committed 8192K, reserved 1048576K
}
Event: 350.453 GC heap after
{Heap after GC invocations=4237 (full 4):
 PSYoungGen      total 2560K, used 960K [0x00000000d5580000, 0x00000000d5900000, 0x0000000100000000)
  eden space 1536K, 0% used [0x00000000d5580000,0x00000000d5580000,0x00000000d5700000)
  from space 1024K, 93% used [0x00000000d5700000,0x00000000d57f0000,0x00000000d5800000)
  to   space 1024K, 0% used [0x00000000d5800000,0x00000000d5800000,0x00000000d5900000)
 ParOldGen       total 810496K, used 810177K [0x0000000080000000, 0x00000000b1780000, 0x00000000d5580000)
  object space 810496K, 99% used [0x0000000080000000,0x00000000b17306c8,0x00000000b1780000)
 Metaspace       used 74144K, committed 75840K, reserved 1179648K
  class space    used 7388K, committed 8192K, reserved 1048576K
}
Event: 350.467 GC heap before
{Heap before GC invocations=4238 (full 4):
 PSYoungGen      total 2560K, used 2496K [0x00000000d5580000, 0x00000000d5900000, 0x0000000100000000)
  eden space 1536K, 100% used [0x00000000d5580000,0x00000000d5700000,0x00000000d5700000)
  from space 1024K, 93% used [0x00000000d5700000,0x00000000d57f0000,0x00000000d5800000)
  to   space 1024K, 0% used [0x00000000d5800000,0x00000000d5800000,0x00000000d5900000)
 ParOldGen       total 810496K, used 810177K [0x0000000080000000, 0x00000000b1780000, 0x00000000d5580000)
  object space 810496K, 99% used [0x0000000080000000,0x00000000b17306c8,0x00000000b1780000)
 Metaspace       used 74169K, committed 75840K, reserved 1179648K
  class space    used 7389K, committed 8192K, reserved 1048576K
}
Event: 350.471 GC heap after
{Heap after GC invocations=4238 (full 4):
 PSYoungGen      total 1536K, used 1014K [0x00000000d5580000, 0x00000000d5c00000, 0x0000000100000000)
  eden space 512K, 0% used [0x00000000d5580000,0x00000000d5580000,0x00000000d5600000)
  from space 1024K, 99% used [0x00000000d5800000,0x00000000d58fdad8,0x00000000d5900000)
  to   space 2048K, 0% used [0x00000000d5600000,0x00000000d5600000,0x00000000d5800000)
 ParOldGen       total 811520K, used 811065K [0x0000000080000000, 0x00000000b1880000, 0x00000000d5580000)
  object space 811520K, 99% used [0x0000000080000000,0x00000000b180e708,0x00000000b1880000)
 Metaspace       used 74169K, committed 75840K, reserved 1179648K
  class space    used 7389K, committed 8192K, reserved 1048576K
}
Event: 350.489 GC heap before
{Heap before GC invocations=4239 (full 4):
 PSYoungGen      total 1536K, used 1526K [0x00000000d5580000, 0x00000000d5c00000, 0x0000000100000000)
  eden space 512K, 100% used [0x00000000d5580000,0x00000000d5600000,0x00000000d5600000)
  from space 1024K, 99% used [0x00000000d5800000,0x00000000d58fdad8,0x00000000d5900000)
  to   space 2048K, 0% used [0x00000000d5600000,0x00000000d5600000,0x00000000d5800000)
 ParOldGen       total 811520K, used 811117K [0x0000000080000000, 0x00000000b1880000, 0x00000000d5580000)
  object space 811520K, 99% used [0x0000000080000000,0x00000000b181b468,0x00000000b1880000)
 Metaspace       used 74194K, committed 75840K, reserved 1179648K
  class space    used 7393K, committed 8192K, reserved 1048576K
}
Event: 350.493 GC heap after
{Heap after GC invocations=4239 (full 4):
 PSYoungGen      total 2560K, used 400K [0x00000000d5580000, 0x00000000d5900000, 0x0000000100000000)
  eden space 512K, 0% used [0x00000000d5580000,0x00000000d5580000,0x00000000d5600000)
  from space 2048K, 19% used [0x00000000d5600000,0x00000000d5664050,0x00000000d5800000)
  to   space 1024K, 0% used [0x00000000d5800000,0x00000000d5800000,0x00000000d5900000)
 ParOldGen       total 812544K, used 812091K [0x0000000080000000, 0x00000000b1980000, 0x00000000d5580000)
  object space 812544K, 99% used [0x0000000080000000,0x00000000b190ef10,0x00000000b1980000)
 Metaspace       used 74194K, committed 75840K, reserved 1179648K
  class space    used 7393K, committed 8192K, reserved 1048576K
}
Event: 350.504 GC heap before
{Heap before GC invocations=4240 (full 4):
 PSYoungGen      total 2560K, used 912K [0x00000000d5580000, 0x00000000d5900000, 0x0000000100000000)
  eden space 512K, 99% used [0x00000000d5580000,0x00000000d55ffff8,0x00000000d5600000)
  from space 2048K, 19% used [0x00000000d5600000,0x00000000d5664050,0x00000000d5800000)
  to   space 1024K, 0% used [0x00000000d5800000,0x00000000d5800000,0x00000000d5900000)
 ParOldGen       total 812544K, used 812278K [0x0000000080000000, 0x00000000b1980000, 0x00000000d5580000)
  object space 812544K, 99% used [0x0000000080000000,0x00000000b193da08,0x00000000b1980000)
 Metaspace       used 74194K, committed 75840K, reserved 1179648K
  class space    used 7393K, committed 8192K, reserved 1048576K
}
Event: 350.506 GC heap after
{Heap after GC invocations=4240 (full 4):
 PSYoungGen      total 2560K, used 417K [0x00000000d5580000, 0x00000000d5880000, 0x0000000100000000)
  eden space 2048K, 0% used [0x00000000d5580000,0x00000000d5580000,0x00000000d5780000)
  from space 512K, 81% used [0x00000000d5800000,0x00000000d58687c0,0x00000000d5880000)
  to   space 512K, 0% used [0x00000000d5780000,0x00000000d5780000,0x00000000d5800000)
 ParOldGen       total 813056K, used 812585K [0x0000000080000000, 0x00000000b1a00000, 0x00000000d5580000)
  object space 813056K, 99% used [0x0000000080000000,0x00000000b198a708,0x00000000b1a00000)
 Metaspace       used 74194K, committed 75840K, reserved 1179648K
  class space    used 7393K, committed 8192K, reserved 1048576K
}
Event: 350.731 GC heap before
{Heap before GC invocations=4241 (full 4):
 PSYoungGen      total 2560K, used 2451K [0x00000000d5580000, 0x00000000d5880000, 0x0000000100000000)
  eden space 2048K, 99% used [0x00000000d5580000,0x00000000d577c4c0,0x00000000d5780000)
  from space 512K, 81% used [0x00000000d5800000,0x00000000d58687c0,0x00000000d5880000)
  to   space 512K, 0% used [0x00000000d5780000,0x00000000d5780000,0x00000000d5800000)
 ParOldGen       total 813056K, used 812585K [0x0000000080000000, 0x00000000b1a00000, 0x00000000d5580000)
  object space 813056K, 99% used [0x0000000080000000,0x00000000b198a708,0x00000000b1a00000)
 Metaspace       used 74288K, committed 75968K, reserved 1179648K
  class space    used 7397K, committed 8192K, reserved 1048576K
}
Event: 350.734 GC heap after
{Heap after GC invocations=4241 (full 4):
 PSYoungGen      total 2560K, used 507K [0x00000000d5580000, 0x00000000d5980000, 0x0000000100000000)
  eden space 2048K, 0% used [0x00000000d5580000,0x00000000d5580000,0x00000000d5780000)
  from space 512K, 99% used [0x00000000d5780000,0x00000000d57fee10,0x00000000d5800000)
  to   space 1024K, 0% used [0x00000000d5880000,0x00000000d5880000,0x00000000d5980000)
 ParOldGen       total 813056K, used 812882K [0x0000000080000000, 0x00000000b1a00000, 0x00000000d5580000)
  object space 813056K, 99% used [0x0000000080000000,0x00000000b19d4808,0x00000000b1a00000)
 Metaspace       used 74288K, committed 75968K, reserved 1179648K
  class space    used 7397K, committed 8192K, reserved 1048576K
}
Event: 350.842 GC heap before
{Heap before GC invocations=4242 (full 4):
 PSYoungGen      total 2560K, used 2550K [0x00000000d5580000, 0x00000000d5980000, 0x0000000100000000)
  eden space 2048K, 99% used [0x00000000d5580000,0x00000000d577eb30,0x00000000d5780000)
  from space 512K, 99% used [0x00000000d5780000,0x00000000d57fee10,0x00000000d5800000)
  to   space 1024K, 0% used [0x00000000d5880000,0x00000000d5880000,0x00000000d5980000)
 ParOldGen       total 815104K, used 814645K [0x0000000080000000, 0x00000000b1c00000, 0x00000000d5580000)
  object space 815104K, 99% used [0x0000000080000000,0x00000000b1b8d618,0x00000000b1c00000)
 Metaspace       used 74424K, committed 76096K, reserved 1179648K
  class space    used 7408K, committed 8192K, reserved 1048576K
}
Event: 350.845 GC heap after
{Heap after GC invocations=4242 (full 4):
 PSYoungGen      total 3072K, used 372K [0x00000000d5580000, 0x00000000d5980000, 0x0000000100000000)
  eden space 2048K, 0% used [0x00000000d5580000,0x00000000d5580000,0x00000000d5780000)
  from space 1024K, 36% used [0x00000000d5880000,0x00000000d58dd020,0x00000000d5980000)
  to   space 1024K, 0% used [0x00000000d5780000,0x00000000d5780000,0x00000000d5880000)
 ParOldGen       total 815104K, used 815045K [0x0000000080000000, 0x00000000b1c00000, 0x00000000d5580000)
  object space 815104K, 99% used [0x0000000080000000,0x00000000b1bf1768,0x00000000b1c00000)
 Metaspace       used 74424K, committed 76096K, reserved 1179648K
  class space    used 7408K, committed 8192K, reserved 1048576K
}
Event: 351.032 GC heap before
{Heap before GC invocations=4243 (full 4):
 PSYoungGen      total 3072K, used 2420K [0x00000000d5580000, 0x00000000d5980000, 0x0000000100000000)
  eden space 2048K, 100% used [0x00000000d5580000,0x00000000d5780000,0x00000000d5780000)
  from space 1024K, 36% used [0x00000000d5880000,0x00000000d58dd020,0x00000000d5980000)
  to   space 1024K, 0% used [0x00000000d5780000,0x00000000d5780000,0x00000000d5880000)
 ParOldGen       total 815104K, used 815045K [0x0000000080000000, 0x00000000b1c00000, 0x00000000d5580000)
  object space 815104K, 99% used [0x0000000080000000,0x00000000b1bf1768,0x00000000b1c00000)
 Metaspace       used 74498K, committed 76160K, reserved 1179648K
  class space    used 7414K, committed 8192K, reserved 1048576K
}
Event: 351.034 GC heap after
{Heap after GC invocations=4243 (full 4):
 PSYoungGen      total 3072K, used 694K [0x00000000d5580000, 0x00000000d5980000, 0x0000000100000000)
  eden space 2048K, 0% used [0x00000000d5580000,0x00000000d5580000,0x00000000d5780000)
  from space 1024K, 67% used [0x00000000d5780000,0x00000000d582da00,0x00000000d5880000)
  to   space 1024K, 0% used [0x00000000d5880000,0x00000000d5880000,0x00000000d5980000)
 ParOldGen       total 815616K, used 815169K [0x0000000080000000, 0x00000000b1c80000, 0x00000000d5580000)
  object space 815616K, 99% used [0x0000000080000000,0x00000000b1c10580,0x00000000b1c80000)
 Metaspace       used 74498K, committed 76160K, reserved 1179648K
  class space    used 7414K, committed 8192K, reserved 1048576K
}

