# JRE version: OpenJDK Runtime Environment Temurin-21.0.7+6 (21.0.7+6) (build 21.0.7+6-LTS)
# Java VM: OpenJDK 64-Bit Server VM Temurin-21.0.7+6 (21.0.7+6-LTS, mixed mode, sharing, tiered, compressed oops, compressed class ptrs, parallel gc, windows-amd64)
GC Precious Log:
 CardTable entry size: 512
 CPUs: 8 total, 8 available
 Memory: 40743M
 Large Page Support: Disabled
 NUMA Support: Disabled
 Compressed Oops: Enabled (32-bit)
 Alignments: Space 512K, Generation 512K, Heap 2M
 Heap Min Capacity: 100M
 Heap Initial Capacity: 100M
 Heap Max Capacity: 2G
 Pre-touch: Disabled
 Parallel Workers: 8
Heap:
 PSYoungGen      total 3072K, used 1703K [0x00000000d5580000, 0x00000000d5a00000, 0x0000000100000000)
  eden space 2560K, 56% used [0x00000000d5580000,0x00000000d56e9ee0,0x00000000d5800000)
  from space 512K, 50% used [0x00000000d5900000,0x00000000d5940000,0x00000000d5980000)
  to   space 512K, 0% used [0x00000000d5980000,0x00000000d5980000,0x00000000d5a00000)
 ParOldGen       total 325120K, used 315470K [0x0000000080000000, 0x0000000093d80000, 0x00000000d5580000)
  object space 325120K, 97% used [0x0000000080000000,0x0000000093413970,0x0000000093d80000)
 Metaspace       used 81753K, committed 83520K, reserved 1179648K
  class space    used 8029K, committed 8768K, reserved 1048576K
GC Heap History (20 events):
Event: 9007.241 GC heap before
{Heap before GC invocations=2873 (full 5):
 PSYoungGen      total 3584K, used 3136K [0x00000000d5580000, 0x00000000d5a00000, 0x0000000100000000)
  eden space 2560K, 100% used [0x00000000d5580000,0x00000000d5800000,0x00000000d5800000)
  from space 1024K, 56% used [0x00000000d5800000,0x00000000d5890000,0x00000000d5900000)
  to   space 1024K, 0% used [0x00000000d5900000,0x00000000d5900000,0x00000000d5a00000)
 ParOldGen       total 325120K, used 313268K [0x0000000080000000, 0x0000000093d80000, 0x00000000d5580000)
  object space 325120K, 96% used [0x0000000080000000,0x00000000931ed318,0x0000000093d80000)
 Metaspace       used 81438K, committed 83200K, reserved 1179648K
  class space    used 8008K, committed 8768K, reserved 1048576K
}
Event: 9007.244 GC heap after
{Heap after GC invocations=2873 (full 5):
 PSYoungGen      total 3584K, used 645K [0x00000000d5580000, 0x00000000d5a00000, 0x0000000100000000)
  eden space 2560K, 0% used [0x00000000d5580000,0x00000000d5580000,0x00000000d5800000)
  from space 1024K, 63% used [0x00000000d5900000,0x00000000d59a14e0,0x00000000d5a00000)
  to   space 1024K, 0% used [0x00000000d5800000,0x00000000d5800000,0x00000000d5900000)
 ParOldGen       total 325120K, used 313716K [0x0000000080000000, 0x0000000093d80000, 0x00000000d5580000)
  object space 325120K, 96% used [0x0000000080000000,0x000000009325d328,0x0000000093d80000)
 Metaspace       used 81438K, committed 83200K, reserved 1179648K
  class space    used 8008K, committed 8768K, reserved 1048576K
}
Event: 9007.290 GC heap before
{Heap before GC invocations=2874 (full 5):
 PSYoungGen      total 3584K, used 3205K [0x00000000d5580000, 0x00000000d5a00000, 0x0000000100000000)
  eden space 2560K, 100% used [0x00000000d5580000,0x00000000d5800000,0x00000000d5800000)
  from space 1024K, 63% used [0x00000000d5900000,0x00000000d59a14e0,0x00000000d5a00000)
  to   space 1024K, 0% used [0x00000000d5800000,0x00000000d5800000,0x00000000d5900000)
 ParOldGen       total 325120K, used 313716K [0x0000000080000000, 0x0000000093d80000, 0x00000000d5580000)
  object space 325120K, 96% used [0x0000000080000000,0x000000009325d328,0x0000000093d80000)
 Metaspace       used 81446K, committed 83200K, reserved 1179648K
  class space    used 8008K, committed 8768K, reserved 1048576K
}
Event: 9007.292 GC heap after
{Heap after GC invocations=2874 (full 5):
 PSYoungGen      total 3584K, used 992K [0x00000000d5580000, 0x00000000d5b00000, 0x0000000100000000)
  eden space 2560K, 0% used [0x00000000d5580000,0x00000000d5580000,0x00000000d5800000)
  from space 1024K, 96% used [0x00000000d5800000,0x00000000d58f8010,0x00000000d5900000)
  to   space 1536K, 0% used [0x00000000d5980000,0x00000000d5980000,0x00000000d5b00000)
 ParOldGen       total 325120K, used 314172K [0x0000000080000000, 0x0000000093d80000, 0x00000000d5580000)
  object space 325120K, 96% used [0x0000000080000000,0x00000000932cf198,0x0000000093d80000)
 Metaspace       used 81446K, committed 83200K, reserved 1179648K
  class space    used 8008K, committed 8768K, reserved 1048576K
}
Event: 9007.373 GC heap before
{Heap before GC invocations=2875 (full 5):
 PSYoungGen      total 3584K, used 3552K [0x00000000d5580000, 0x00000000d5b00000, 0x0000000100000000)
  eden space 2560K, 100% used [0x00000000d5580000,0x00000000d5800000,0x00000000d5800000)
  from space 1024K, 96% used [0x00000000d5800000,0x00000000d58f8010,0x00000000d5900000)
  to   space 1536K, 0% used [0x00000000d5980000,0x00000000d5980000,0x00000000d5b00000)
 ParOldGen       total 325120K, used 314172K [0x0000000080000000, 0x0000000093d80000, 0x00000000d5580000)
  object space 325120K, 96% used [0x0000000080000000,0x00000000932cf198,0x0000000093d80000)
 Metaspace       used 81468K, committed 83200K, reserved 1179648K
  class space    used 8008K, committed 8768K, reserved 1048576K
}
Event: 9007.377 GC heap after
{Heap after GC invocations=2875 (full 5):
 PSYoungGen      total 3072K, used 393K [0x00000000d5580000, 0x00000000d5a00000, 0x0000000100000000)
  eden space 2560K, 0% used [0x00000000d5580000,0x00000000d5580000,0x00000000d5800000)
  from space 512K, 76% used [0x00000000d5980000,0x00000000d59e2798,0x00000000d5a00000)
  to   space 1024K, 0% used [0x00000000d5800000,0x00000000d5800000,0x00000000d5900000)
 ParOldGen       total 325120K, used 315052K [0x0000000080000000, 0x0000000093d80000, 0x00000000d5580000)
  object space 325120K, 96% used [0x0000000080000000,0x00000000933ab1d8,0x0000000093d80000)
 Metaspace       used 81468K, committed 83200K, reserved 1179648K
  class space    used 8008K, committed 8768K, reserved 1048576K
}
Event: 9007.409 GC heap before
{Heap before GC invocations=2876 (full 5):
 PSYoungGen      total 3072K, used 2953K [0x00000000d5580000, 0x00000000d5a00000, 0x0000000100000000)
  eden space 2560K, 100% used [0x00000000d5580000,0x00000000d5800000,0x00000000d5800000)
  from space 512K, 76% used [0x00000000d5980000,0x00000000d59e2798,0x00000000d5a00000)
  to   space 1024K, 0% used [0x00000000d5800000,0x00000000d5800000,0x00000000d5900000)
 ParOldGen       total 325120K, used 315052K [0x0000000080000000, 0x0000000093d80000, 0x00000000d5580000)
  object space 325120K, 96% used [0x0000000080000000,0x00000000933ab1d8,0x0000000093d80000)
 Metaspace       used 81478K, committed 83264K, reserved 1179648K
  class space    used 8008K, committed 8768K, reserved 1048576K
}
Event: 9007.412 GC heap after
{Heap after GC invocations=2876 (full 5):
 PSYoungGen      total 3584K, used 256K [0x00000000d5580000, 0x00000000d5a00000, 0x0000000100000000)
  eden space 2560K, 0% used [0x00000000d5580000,0x00000000d5580000,0x00000000d5800000)
  from space 1024K, 25% used [0x00000000d5800000,0x00000000d5840000,0x00000000d5900000)
  to   space 512K, 0% used [0x00000000d5980000,0x00000000d5980000,0x00000000d5a00000)
 ParOldGen       total 325120K, used 315270K [0x0000000080000000, 0x0000000093d80000, 0x00000000d5580000)
  object space 325120K, 96% used [0x0000000080000000,0x00000000933e1970,0x0000000093d80000)
 Metaspace       used 81478K, committed 83264K, reserved 1179648K
  class space    used 8008K, committed 8768K, reserved 1048576K
}
Event: 9007.473 GC heap before
{Heap before GC invocations=2877 (full 5):
 PSYoungGen      total 3584K, used 2816K [0x00000000d5580000, 0x00000000d5a00000, 0x0000000100000000)
  eden space 2560K, 100% used [0x00000000d5580000,0x00000000d5800000,0x00000000d5800000)
  from space 1024K, 25% used [0x00000000d5800000,0x00000000d5840000,0x00000000d5900000)
  to   space 512K, 0% used [0x00000000d5980000,0x00000000d5980000,0x00000000d5a00000)
 ParOldGen       total 325120K, used 315270K [0x0000000080000000, 0x0000000093d80000, 0x00000000d5580000)
  object space 325120K, 96% used [0x0000000080000000,0x00000000933e1970,0x0000000093d80000)
 Metaspace       used 81599K, committed 83392K, reserved 1179648K
  class space    used 8008K, committed 8768K, reserved 1048576K
}
Event: 9007.475 GC heap after
{Heap after GC invocations=2877 (full 5):
 PSYoungGen      total 3072K, used 224K [0x00000000d5580000, 0x00000000d5a00000, 0x0000000100000000)
  eden space 2560K, 0% used [0x00000000d5580000,0x00000000d5580000,0x00000000d5800000)
  from space 512K, 43% used [0x00000000d5980000,0x00000000d59b8000,0x00000000d5a00000)
  to   space 512K, 0% used [0x00000000d5900000,0x00000000d5900000,0x00000000d5980000)
 ParOldGen       total 325120K, used 315302K [0x0000000080000000, 0x0000000093d80000, 0x00000000d5580000)
  object space 325120K, 96% used [0x0000000080000000,0x00000000933e9970,0x0000000093d80000)
 Metaspace       used 81599K, committed 83392K, reserved 1179648K
  class space    used 8008K, committed 8768K, reserved 1048576K
}
Event: 9007.518 GC heap before
{Heap before GC invocations=2878 (full 5):
 PSYoungGen      total 3072K, used 2784K [0x00000000d5580000, 0x00000000d5a00000, 0x0000000100000000)
  eden space 2560K, 100% used [0x00000000d5580000,0x00000000d5800000,0x00000000d5800000)
  from space 512K, 43% used [0x00000000d5980000,0x00000000d59b8000,0x00000000d5a00000)
  to   space 512K, 0% used [0x00000000d5900000,0x00000000d5900000,0x00000000d5980000)
 ParOldGen       total 325120K, used 315302K [0x0000000080000000, 0x0000000093d80000, 0x00000000d5580000)
  object space 325120K, 96% used [0x0000000080000000,0x00000000933e9970,0x0000000093d80000)
 Metaspace       used 81616K, committed 83392K, reserved 1179648K
  class space    used 8008K, committed 8768K, reserved 1048576K
}
Event: 9007.524 GC heap after
{Heap after GC invocations=2878 (full 5):
 PSYoungGen      total 3072K, used 256K [0x00000000d5580000, 0x00000000d5a00000, 0x0000000100000000)
  eden space 2560K, 0% used [0x00000000d5580000,0x00000000d5580000,0x00000000d5800000)
  from space 512K, 50% used [0x00000000d5900000,0x00000000d5940000,0x00000000d5980000)
  to   space 512K, 0% used [0x00000000d5980000,0x00000000d5980000,0x00000000d5a00000)
 ParOldGen       total 325120K, used 315342K [0x0000000080000000, 0x0000000093d80000, 0x00000000d5580000)
  object space 325120K, 96% used [0x0000000080000000,0x00000000933f3970,0x0000000093d80000)
 Metaspace       used 81616K, committed 83392K, reserved 1179648K
  class space    used 8008K, committed 8768K, reserved 1048576K
}
Event: 9007.560 GC heap before
{Heap before GC invocations=2879 (full 5):
 PSYoungGen      total 3072K, used 2816K [0x00000000d5580000, 0x00000000d5a00000, 0x0000000100000000)
  eden space 2560K, 100% used [0x00000000d5580000,0x00000000d5800000,0x00000000d5800000)
  from space 512K, 50% used [0x00000000d5900000,0x00000000d5940000,0x00000000d5980000)
  to   space 512K, 0% used [0x00000000d5980000,0x00000000d5980000,0x00000000d5a00000)
 ParOldGen       total 325120K, used 315342K [0x0000000080000000, 0x0000000093d80000, 0x00000000d5580000)
  object space 325120K, 96% used [0x0000000080000000,0x00000000933f3970,0x0000000093d80000)
 Metaspace       used 81630K, committed 83392K, reserved 1179648K
  class space    used 8008K, committed 8768K, reserved 1048576K
}
Event: 9007.561 GC heap after
{Heap after GC invocations=2879 (full 5):
 PSYoungGen      total 3072K, used 224K [0x00000000d5580000, 0x00000000d5a00000, 0x0000000100000000)
  eden space 2560K, 0% used [0x00000000d5580000,0x00000000d5580000,0x00000000d5800000)
  from space 512K, 43% used [0x00000000d5980000,0x00000000d59b8000,0x00000000d5a00000)
  to   space 512K, 0% used [0x00000000d5900000,0x00000000d5900000,0x00000000d5980000)
 ParOldGen       total 325120K, used 315382K [0x0000000080000000, 0x0000000093d80000, 0x00000000d5580000)
  object space 325120K, 97% used [0x0000000080000000,0x00000000933fd970,0x0000000093d80000)
 Metaspace       used 81630K, committed 83392K, reserved 1179648K
  class space    used 8008K, committed 8768K, reserved 1048576K
}
Event: 15596.238 GC heap before
{Heap before GC invocations=2880 (full 5):
 PSYoungGen      total 3072K, used 2784K [0x00000000d5580000, 0x00000000d5a00000, 0x0000000100000000)
  eden space 2560K, 100% used [0x00000000d5580000,0x00000000d5800000,0x00000000d5800000)
  from space 512K, 43% used [0x00000000d5980000,0x00000000d59b8000,0x00000000d5a00000)
  to   space 512K, 0% used [0x00000000d5900000,0x00000000d5900000,0x00000000d5980000)
 ParOldGen       total 325120K, used 315382K [0x0000000080000000, 0x0000000093d80000, 0x00000000d5580000)
  object space 325120K, 97% used [0x0000000080000000,0x00000000933fd970,0x0000000093d80000)
 Metaspace       used 81630K, committed 83392K, reserved 1179648K
  class space    used 8008K, committed 8768K, reserved 1048576K
}
Event: 15596.359 GC heap after
{Heap after GC invocations=2880 (full 5):
 PSYoungGen      total 3072K, used 192K [0x00000000d5580000, 0x00000000d5a00000, 0x0000000100000000)
  eden space 2560K, 0% used [0x00000000d5580000,0x00000000d5580000,0x00000000d5800000)
  from space 512K, 37% used [0x00000000d5900000,0x00000000d5930000,0x00000000d5980000)
  to   space 512K, 0% used [0x00000000d5980000,0x00000000d5980000,0x00000000d5a00000)
 ParOldGen       total 325120K, used 315422K [0x0000000080000000, 0x0000000093d80000, 0x00000000d5580000)
  object space 325120K, 97% used [0x0000000080000000,0x0000000093407970,0x0000000093d80000)
 Metaspace       used 81630K, committed 83392K, reserved 1179648K
  class space    used 8008K, committed 8768K, reserved 1048576K
}
Event: 22954.240 GC heap before
{Heap before GC invocations=2881 (full 5):
 PSYoungGen      total 3072K, used 2751K [0x00000000d5580000, 0x00000000d5a00000, 0x0000000100000000)
  eden space 2560K, 99% used [0x00000000d5580000,0x00000000d57ffff8,0x00000000d5800000)
  from space 512K, 37% used [0x00000000d5900000,0x00000000d5930000,0x00000000d5980000)
  to   space 512K, 0% used [0x00000000d5980000,0x00000000d5980000,0x00000000d5a00000)
 ParOldGen       total 325120K, used 315422K [0x0000000080000000, 0x0000000093d80000, 0x00000000d5580000)
  object space 325120K, 97% used [0x0000000080000000,0x0000000093407970,0x0000000093d80000)
 Metaspace       used 81636K, committed 83392K, reserved 1179648K
  class space    used 8008K, committed 8768K, reserved 1048576K
}
Event: 22954.304 GC heap after
{Heap after GC invocations=2881 (full 5):
 PSYoungGen      total 3072K, used 160K [0x00000000d5580000, 0x00000000d5a00000, 0x0000000100000000)
  eden space 2560K, 0% used [0x00000000d5580000,0x00000000d5580000,0x00000000d5800000)
  from space 512K, 31% used [0x00000000d5980000,0x00000000d59a8000,0x00000000d5a00000)
  to   space 512K, 0% used [0x00000000d5900000,0x00000000d5900000,0x00000000d5980000)
 ParOldGen       total 325120K, used 315470K [0x0000000080000000, 0x0000000093d80000, 0x00000000d5580000)
  object space 325120K, 97% used [0x0000000080000000,0x0000000093413970,0x0000000093d80000)
 Metaspace       used 81636K, committed 83392K, reserved 1179648K
  class space    used 8008K, committed 8768K, reserved 1048576K
}
Event: 27598.587 GC heap before
{Heap before GC invocations=2882 (full 5):
 PSYoungGen      total 3072K, used 2719K [0x00000000d5580000, 0x00000000d5a00000, 0x0000000100000000)
  eden space 2560K, 99% used [0x00000000d5580000,0x00000000d57ffe70,0x00000000d5800000)
  from space 512K, 31% used [0x00000000d5980000,0x00000000d59a8000,0x00000000d5a00000)
  to   space 512K, 0% used [0x00000000d5900000,0x00000000d5900000,0x00000000d5980000)
 ParOldGen       total 325120K, used 315470K [0x0000000080000000, 0x0000000093d80000, 0x00000000d5580000)
  object space 325120K, 97% used [0x0000000080000000,0x0000000093413970,0x0000000093d80000)
 Metaspace       used 81693K, committed 83520K, reserved 1179648K
  class space    used 8018K, committed 8768K, reserved 1048576K
}
Event: 27598.622 GC heap after
{Heap after GC invocations=2882 (full 5):
 PSYoungGen      total 3072K, used 256K [0x00000000d5580000, 0x00000000d5a00000, 0x0000000100000000)
  eden space 2560K, 0% used [0x00000000d5580000,0x00000000d5580000,0x00000000d5800000)
  from space 512K, 50% used [0x00000000d5900000,0x00000000d5940000,0x00000000d5980000)
  to   space 512K, 0% used [0x00000000d5980000,0x00000000d5980000,0x00000000d5a00000)
 ParOldGen       total 325120K, used 315470K [0x0000000080000000, 0x0000000093d80000, 0x00000000d5580000)
  object space 325120K, 97% used [0x0000000080000000,0x0000000093413970,0x0000000093d80000)
 Metaspace       used 81693K, committed 83520K, reserved 1179648K
  class space    used 8018K, committed 8768K, reserved 1048576K
}

