# JRE version: Java(TM) SE Runtime Environment (17.0.15+9) (build 17.0.15+9-LTS-241)
# Java VM: Java HotSpot(TM) 64-Bit Server VM (17.0.15+9-LTS-241, mixed mode, sharing, tiered, compressed oops, compressed class ptrs, g1 gc, windows-amd64)
GC Precious Log:
 CPUs: 8 total, 8 available
 Memory: 40743M
 Large Page Support: Disabled
 NUMA Support: Disabled
 Compressed Oops: Enabled (Zero based)
 Heap Region Size: 8M
 Heap Min Capacity: 8M
 Heap Initial Capacity: 640M
 Heap Max Capacity: 10192M
 Pre-touch: Disabled
 Parallel Workers: 8
 Concurrent Workers: 2
 Concurrent Refinement Workers: 8
 Periodic GC: Disabled
Heap:
 garbage-first heap   total 139264K, used 87827K [0x0000000583000000, 0x0000000800000000)
  region size 8192K, 8 young (65536K), 1 survivors (8192K)
 Metaspace       used 60965K, committed 61504K, reserved 1114112K
  class space    used 7729K, committed 8000K, reserved 1048576K
GC Heap History (20 events):
Event: 22385.143 GC heap before
{Heap before GC invocations=154 (full 0):
 garbage-first heap   total 139264K, used 104174K [0x0000000583000000, 0x0000000800000000)
  region size 8192K, 9 young (73728K), 1 survivors (8192K)
 Metaspace       used 60812K, committed 61376K, reserved 1114112K
  class space    used 7708K, committed 8000K, reserved 1048576K
}
Event: 22385.144 GC heap after
{Heap after GC invocations=155 (full 0):
 garbage-first heap   total 139264K, used 38648K [0x0000000583000000, 0x0000000800000000)
  region size 8192K, 1 young (8192K), 1 survivors (8192K)
 Metaspace       used 60812K, committed 61376K, reserved 1114112K
  class space    used 7708K, committed 8000K, reserved 1048576K
}
Event: 22551.638 GC heap before
{Heap before GC invocations=155 (full 0):
 garbage-first heap   total 139264K, used 104184K [0x0000000583000000, 0x0000000800000000)
  region size 8192K, 9 young (73728K), 1 survivors (8192K)
 Metaspace       used 60812K, committed 61376K, reserved 1114112K
  class space    used 7708K, committed 8000K, reserved 1048576K
}
Event: 22551.639 GC heap after
{Heap after GC invocations=156 (full 0):
 garbage-first heap   total 139264K, used 38641K [0x0000000583000000, 0x0000000800000000)
  region size 8192K, 1 young (8192K), 1 survivors (8192K)
 Metaspace       used 60812K, committed 61376K, reserved 1114112K
  class space    used 7708K, committed 8000K, reserved 1048576K
}
Event: 22718.840 GC heap before
{Heap before GC invocations=156 (full 0):
 garbage-first heap   total 139264K, used 95985K [0x0000000583000000, 0x0000000800000000)
  region size 8192K, 9 young (73728K), 1 survivors (8192K)
 Metaspace       used 60813K, committed 61376K, reserved 1114112K
  class space    used 7708K, committed 8000K, reserved 1048576K
}
Event: 22718.843 GC heap after
{Heap after GC invocations=157 (full 0):
 garbage-first heap   total 139264K, used 38672K [0x0000000583000000, 0x0000000800000000)
  region size 8192K, 1 young (8192K), 1 survivors (8192K)
 Metaspace       used 60813K, committed 61376K, reserved 1114112K
  class space    used 7708K, committed 8000K, reserved 1048576K
}
Event: 22884.998 GC heap before
{Heap before GC invocations=157 (full 0):
 garbage-first heap   total 139264K, used 104208K [0x0000000583000000, 0x0000000800000000)
  region size 8192K, 9 young (73728K), 1 survivors (8192K)
 Metaspace       used 60814K, committed 61376K, reserved 1114112K
  class space    used 7708K, committed 8000K, reserved 1048576K
}
Event: 22884.999 GC heap after
{Heap after GC invocations=158 (full 0):
 garbage-first heap   total 139264K, used 38648K [0x0000000583000000, 0x0000000800000000)
  region size 8192K, 1 young (8192K), 1 survivors (8192K)
 Metaspace       used 60814K, committed 61376K, reserved 1114112K
  class space    used 7708K, committed 8000K, reserved 1048576K
}
Event: 23051.397 GC heap before
{Heap before GC invocations=158 (full 0):
 garbage-first heap   total 139264K, used 104184K [0x0000000583000000, 0x0000000800000000)
  region size 8192K, 9 young (73728K), 1 survivors (8192K)
 Metaspace       used 60817K, committed 61376K, reserved 1114112K
  class space    used 7708K, committed 8000K, reserved 1048576K
}
Event: 23051.399 GC heap after
{Heap after GC invocations=159 (full 0):
 garbage-first heap   total 139264K, used 38659K [0x0000000583000000, 0x0000000800000000)
  region size 8192K, 1 young (8192K), 1 survivors (8192K)
 Metaspace       used 60817K, committed 61376K, reserved 1114112K
  class space    used 7708K, committed 8000K, reserved 1048576K
}
Event: 23218.874 GC heap before
{Heap before GC invocations=159 (full 0):
 garbage-first heap   total 139264K, used 104195K [0x0000000583000000, 0x0000000800000000)
  region size 8192K, 9 young (73728K), 1 survivors (8192K)
 Metaspace       used 60820K, committed 61376K, reserved 1114112K
  class space    used 7708K, committed 8000K, reserved 1048576K
}
Event: 23218.875 GC heap after
{Heap after GC invocations=160 (full 0):
 garbage-first heap   total 139264K, used 38679K [0x0000000583000000, 0x0000000800000000)
  region size 8192K, 1 young (8192K), 1 survivors (8192K)
 Metaspace       used 60820K, committed 61376K, reserved 1114112K
  class space    used 7708K, committed 8000K, reserved 1048576K
}
Event: 23385.396 GC heap before
{Heap before GC invocations=160 (full 0):
 garbage-first heap   total 139264K, used 104215K [0x0000000583000000, 0x0000000800000000)
  region size 8192K, 9 young (73728K), 1 survivors (8192K)
 Metaspace       used 60829K, committed 61440K, reserved 1114112K
  class space    used 7708K, committed 8000K, reserved 1048576K
}
Event: 23385.396 GC heap after
{Heap after GC invocations=161 (full 0):
 garbage-first heap   total 139264K, used 38664K [0x0000000583000000, 0x0000000800000000)
  region size 8192K, 1 young (8192K), 1 survivors (8192K)
 Metaspace       used 60829K, committed 61440K, reserved 1114112K
  class space    used 7708K, committed 8000K, reserved 1048576K
}
Event: 23552.584 GC heap before
{Heap before GC invocations=161 (full 0):
 garbage-first heap   total 139264K, used 96008K [0x0000000583000000, 0x0000000800000000)
  region size 8192K, 9 young (73728K), 1 survivors (8192K)
 Metaspace       used 60835K, committed 61440K, reserved 1114112K
  class space    used 7708K, committed 8000K, reserved 1048576K
}
Event: 23552.585 GC heap after
{Heap after GC invocations=162 (full 0):
 garbage-first heap   total 139264K, used 38678K [0x0000000583000000, 0x0000000800000000)
  region size 8192K, 1 young (8192K), 1 survivors (8192K)
 Metaspace       used 60835K, committed 61440K, reserved 1114112K
  class space    used 7708K, committed 8000K, reserved 1048576K
}
Event: 23720.288 GC heap before
{Heap before GC invocations=162 (full 0):
 garbage-first heap   total 139264K, used 96022K [0x0000000583000000, 0x0000000800000000)
  region size 8192K, 9 young (73728K), 1 survivors (8192K)
 Metaspace       used 60835K, committed 61440K, reserved 1114112K
  class space    used 7708K, committed 8000K, reserved 1048576K
}
Event: 23720.289 GC heap after
{Heap after GC invocations=163 (full 0):
 garbage-first heap   total 139264K, used 38703K [0x0000000583000000, 0x0000000800000000)
  region size 8192K, 1 young (8192K), 1 survivors (8192K)
 Metaspace       used 60835K, committed 61440K, reserved 1114112K
  class space    used 7708K, committed 8000K, reserved 1048576K
}
Event: 23897.499 GC heap before
{Heap before GC invocations=163 (full 0):
 garbage-first heap   total 139264K, used 96047K [0x0000000583000000, 0x0000000800000000)
  region size 8192K, 9 young (73728K), 1 survivors (8192K)
 Metaspace       used 60835K, committed 61440K, reserved 1114112K
  class space    used 7708K, committed 8000K, reserved 1048576K
}
Event: 23897.500 GC heap after
{Heap after GC invocations=164 (full 0):
 garbage-first heap   total 139264K, used 38675K [0x0000000583000000, 0x0000000800000000)
  region size 8192K, 1 young (8192K), 1 survivors (8192K)
 Metaspace       used 60835K, committed 61440K, reserved 1114112K
  class space    used 7708K, committed 8000K, reserved 1048576K
}

