# JRE version: Java(TM) SE Runtime Environment (17.0.15+9) (build 17.0.15+9-LTS-241)
# Java VM: Java HotSpot(TM) 64-Bit Server VM (17.0.15+9-LTS-241, mixed mode, sharing, tiered, compressed oops, compressed class ptrs, g1 gc, windows-amd64)
GC Precious Log:
 CPUs: 8 total, 8 available
 Memory: 40743M
 Large Page Support: Disabled
 NUMA Support: Disabled
 Compressed Oops: Enabled (Zero based)
 Heap Region Size: 8M
 Heap Min Capacity: 8M
 Heap Initial Capacity: 640M
 Heap Max Capacity: 10192M
 Pre-touch: Disabled
 Parallel Workers: 8
 Concurrent Workers: 2
 Concurrent Refinement Workers: 8
 Periodic GC: Disabled
Heap:
 garbage-first heap   total 139264K, used 90642K [0x0000000583000000, 0x0000000800000000)
  region size 8192K, 6 young (49152K), 1 survivors (8192K)
 Metaspace       used 89763K, committed 90432K, reserved 1179648K
  class space    used 11886K, committed 12224K, reserved 1048576K
GC Heap History (20 events):
Event: 14444.801 GC heap before
{Heap before GC invocations=34 (full 0):
 garbage-first heap   total 139264K, used 106179K [0x0000000583000000, 0x0000000800000000)
  region size 8192K, 7 young (57344K), 1 survivors (8192K)
 Metaspace       used 89133K, committed 89856K, reserved 1179648K
  class space    used 11873K, committed 12224K, reserved 1048576K
}
Event: 14444.806 GC heap after
{Heap after GC invocations=35 (full 0):
 garbage-first heap   total 139264K, used 57835K [0x0000000583000000, 0x0000000800000000)
  region size 8192K, 1 young (8192K), 1 survivors (8192K)
 Metaspace       used 89133K, committed 89856K, reserved 1179648K
  class space    used 11873K, committed 12224K, reserved 1048576K
}
Event: 15492.837 GC heap before
{Heap before GC invocations=35 (full 0):
 garbage-first heap   total 139264K, used 106987K [0x0000000583000000, 0x0000000800000000)
  region size 8192K, 7 young (57344K), 1 survivors (8192K)
 Metaspace       used 89226K, committed 89920K, reserved 1179648K
  class space    used 11873K, committed 12224K, reserved 1048576K
}
Event: 15492.842 GC heap after
{Heap after GC invocations=36 (full 0):
 garbage-first heap   total 139264K, used 56930K [0x0000000583000000, 0x0000000800000000)
  region size 8192K, 1 young (8192K), 1 survivors (8192K)
 Metaspace       used 89226K, committed 89920K, reserved 1179648K
  class space    used 11873K, committed 12224K, reserved 1048576K
}
Event: 16408.645 GC heap before
{Heap before GC invocations=36 (full 0):
 garbage-first heap   total 139264K, used 106082K [0x0000000583000000, 0x0000000800000000)
  region size 8192K, 7 young (57344K), 1 survivors (8192K)
 Metaspace       used 89293K, committed 89920K, reserved 1179648K
  class space    used 11873K, committed 12224K, reserved 1048576K
}
Event: 16408.649 GC heap after
{Heap after GC invocations=37 (full 0):
 garbage-first heap   total 139264K, used 57865K [0x0000000583000000, 0x0000000800000000)
  region size 8192K, 1 young (8192K), 1 survivors (8192K)
 Metaspace       used 89293K, committed 89920K, reserved 1179648K
  class space    used 11873K, committed 12224K, reserved 1048576K
}
Event: 17440.388 GC heap before
{Heap before GC invocations=37 (full 0):
 garbage-first heap   total 139264K, used 107017K [0x0000000583000000, 0x0000000800000000)
  region size 8192K, 7 young (57344K), 1 survivors (8192K)
 Metaspace       used 89304K, committed 89984K, reserved 1179648K
  class space    used 11873K, committed 12224K, reserved 1048576K
}
Event: 17440.391 GC heap after
{Heap after GC invocations=38 (full 0):
 garbage-first heap   total 139264K, used 56948K [0x0000000583000000, 0x0000000800000000)
  region size 8192K, 1 young (8192K), 1 survivors (8192K)
 Metaspace       used 89304K, committed 89984K, reserved 1179648K
  class space    used 11873K, committed 12224K, reserved 1048576K
}
Event: 18388.909 GC heap before
{Heap before GC invocations=38 (full 0):
 garbage-first heap   total 139264K, used 106100K [0x0000000583000000, 0x0000000800000000)
  region size 8192K, 7 young (57344K), 1 survivors (8192K)
 Metaspace       used 89329K, committed 89984K, reserved 1179648K
  class space    used 11873K, committed 12224K, reserved 1048576K
}
Event: 18388.913 GC heap after
{Heap after GC invocations=39 (full 0):
 garbage-first heap   total 139264K, used 57792K [0x0000000583000000, 0x0000000800000000)
  region size 8192K, 1 young (8192K), 1 survivors (8192K)
 Metaspace       used 89329K, committed 89984K, reserved 1179648K
  class space    used 11873K, committed 12224K, reserved 1048576K
}
Event: 19440.834 GC heap before
{Heap before GC invocations=39 (full 0):
 garbage-first heap   total 139264K, used 106944K [0x0000000583000000, 0x0000000800000000)
  region size 8192K, 7 young (57344K), 1 survivors (8192K)
 Metaspace       used 89336K, committed 89984K, reserved 1179648K
  class space    used 11873K, committed 12224K, reserved 1048576K
}
Event: 19440.838 GC heap after
{Heap after GC invocations=40 (full 0):
 garbage-first heap   total 139264K, used 57022K [0x0000000583000000, 0x0000000800000000)
  region size 8192K, 1 young (8192K), 1 survivors (8192K)
 Metaspace       used 89336K, committed 89984K, reserved 1179648K
  class space    used 11873K, committed 12224K, reserved 1048576K
}
Event: 20369.950 GC heap before
{Heap before GC invocations=40 (full 0):
 garbage-first heap   total 139264K, used 106174K [0x0000000583000000, 0x0000000800000000)
  region size 8192K, 7 young (57344K), 1 survivors (8192K)
 Metaspace       used 89388K, committed 90048K, reserved 1179648K
  class space    used 11873K, committed 12224K, reserved 1048576K
}
Event: 20369.953 GC heap after
{Heap after GC invocations=41 (full 0):
 garbage-first heap   total 139264K, used 57885K [0x0000000583000000, 0x0000000800000000)
  region size 8192K, 1 young (8192K), 1 survivors (8192K)
 Metaspace       used 89388K, committed 90048K, reserved 1179648K
  class space    used 11873K, committed 12224K, reserved 1048576K
}
Event: 21353.968 GC heap before
{Heap before GC invocations=41 (full 0):
 garbage-first heap   total 139264K, used 98845K [0x0000000583000000, 0x0000000800000000)
  region size 8192K, 7 young (57344K), 1 survivors (8192K)
 Metaspace       used 89410K, committed 90048K, reserved 1179648K
  class space    used 11873K, committed 12224K, reserved 1048576K
}
Event: 21353.973 GC heap after
{Heap after GC invocations=42 (full 0):
 garbage-first heap   total 139264K, used 57620K [0x0000000583000000, 0x0000000800000000)
  region size 8192K, 1 young (8192K), 1 survivors (8192K)
 Metaspace       used 89410K, committed 90048K, reserved 1179648K
  class space    used 11873K, committed 12224K, reserved 1048576K
}
Event: 22347.693 GC heap before
{Heap before GC invocations=42 (full 0):
 garbage-first heap   total 139264K, used 106772K [0x0000000583000000, 0x0000000800000000)
  region size 8192K, 7 young (57344K), 1 survivors (8192K)
 Metaspace       used 89457K, committed 90112K, reserved 1179648K
  class space    used 11873K, committed 12224K, reserved 1048576K
}
Event: 22347.699 GC heap after
{Heap after GC invocations=43 (full 0):
 garbage-first heap   total 139264K, used 57325K [0x0000000583000000, 0x0000000800000000)
  region size 8192K, 1 young (8192K), 1 survivors (8192K)
 Metaspace       used 89457K, committed 90112K, reserved 1179648K
  class space    used 11873K, committed 12224K, reserved 1048576K
}
Event: 23306.338 GC heap before
{Heap before GC invocations=43 (full 0):
 garbage-first heap   total 139264K, used 106477K [0x0000000583000000, 0x0000000800000000)
  region size 8192K, 7 young (57344K), 1 survivors (8192K)
 Metaspace       used 89488K, committed 90176K, reserved 1179648K
  class space    used 11873K, committed 12224K, reserved 1048576K
}
Event: 23306.372 GC heap after
{Heap after GC invocations=44 (full 0):
 garbage-first heap   total 139264K, used 57874K [0x0000000583000000, 0x0000000800000000)
  region size 8192K, 1 young (8192K), 1 survivors (8192K)
 Metaspace       used 89488K, committed 90176K, reserved 1179648K
  class space    used 11873K, committed 12224K, reserved 1048576K
}

