# JRE version: Java(TM) SE Runtime Environment (17.0.15+9) (build 17.0.15+9-LTS-241)
# Java VM: Java HotSpot(TM) 64-Bit Server VM (17.0.15+9-LTS-241, mixed mode, sharing, tiered, compressed oops, compressed class ptrs, g1 gc, windows-amd64)
GC Precious Log:
 CPUs: 8 total, 8 available
 Memory: 40743M
 Large Page Support: Disabled
 NUMA Support: Disabled
 Compressed Oops: Enabled (Zero based)
 Heap Region Size: 8M
 Heap Min Capacity: 8M
 Heap Initial Capacity: 640M
 Heap Max Capacity: 10192M
 Pre-touch: Disabled
 Parallel Workers: 8
 Concurrent Workers: 2
 Concurrent Refinement Workers: 8
 Periodic GC: Disabled
Heap:
 garbage-first heap   total 114688K, used 73055K [0x0000000583000000, 0x0000000800000000)
  region size 8192K, 7 young (57344K), 1 survivors (8192K)
 Metaspace       used 61931K, committed 62592K, reserved 1114112K
  class space    used 7873K, committed 8192K, reserved 1048576K
GC Heap History (20 events):
Event: 7533.393 GC heap before
{Heap before GC invocations=17 (full 0):
 garbage-first heap   total 114688K, used 41118K [0x0000000583000000, 0x0000000800000000)
  region size 8192K, 2 young (16384K), 1 survivors (8192K)
 Metaspace       used 60265K, committed 60864K, reserved 1114112K
  class space    used 7830K, committed 8128K, reserved 1048576K
}
Event: 7533.431 GC heap after
{Heap after GC invocations=18 (full 0):
 garbage-first heap   total 114688K, used 32030K [0x0000000583000000, 0x0000000800000000)
  region size 8192K, 1 young (8192K), 1 survivors (8192K)
 Metaspace       used 60265K, committed 60864K, reserved 1114112K
  class space    used 7830K, committed 8128K, reserved 1048576K
}
Event: 9354.129 GC heap before
{Heap before GC invocations=18 (full 0):
 garbage-first heap   total 114688K, used 81182K [0x0000000583000000, 0x0000000800000000)
  region size 8192K, 7 young (57344K), 1 survivors (8192K)
 Metaspace       used 60559K, committed 61184K, reserved 1114112K
  class space    used 7831K, committed 8128K, reserved 1048576K
}
Event: 9354.132 GC heap after
{Heap after GC invocations=19 (full 0):
 garbage-first heap   total 114688K, used 32006K [0x0000000583000000, 0x0000000800000000)
  region size 8192K, 1 young (8192K), 1 survivors (8192K)
 Metaspace       used 60559K, committed 61184K, reserved 1114112K
  class space    used 7831K, committed 8128K, reserved 1048576K
}
Event: 11245.773 GC heap before
{Heap before GC invocations=19 (full 0):
 garbage-first heap   total 114688K, used 81158K [0x0000000583000000, 0x0000000800000000)
  region size 8192K, 7 young (57344K), 1 survivors (8192K)
 Metaspace       used 60693K, committed 61312K, reserved 1114112K
  class space    used 7835K, committed 8128K, reserved 1048576K
}
Event: 11245.777 GC heap after
{Heap after GC invocations=20 (full 0):
 garbage-first heap   total 114688K, used 32019K [0x0000000583000000, 0x0000000800000000)
  region size 8192K, 1 young (8192K), 1 survivors (8192K)
 Metaspace       used 60693K, committed 61312K, reserved 1114112K
  class space    used 7835K, committed 8128K, reserved 1048576K
}
Event: 12957.392 GC heap before
{Heap before GC invocations=20 (full 0):
 garbage-first heap   total 114688K, used 81171K [0x0000000583000000, 0x0000000800000000)
  region size 8192K, 7 young (57344K), 1 survivors (8192K)
 Metaspace       used 60950K, committed 61568K, reserved 1114112K
  class space    used 7838K, committed 8128K, reserved 1048576K
}
Event: 12957.398 GC heap after
{Heap after GC invocations=21 (full 0):
 garbage-first heap   total 114688K, used 32056K [0x0000000583000000, 0x0000000800000000)
  region size 8192K, 1 young (8192K), 1 survivors (8192K)
 Metaspace       used 60950K, committed 61568K, reserved 1114112K
  class space    used 7838K, committed 8128K, reserved 1048576K
}
Event: 14338.611 GC heap before
{Heap before GC invocations=21 (full 0):
 garbage-first heap   total 114688K, used 81208K [0x0000000583000000, 0x0000000800000000)
  region size 8192K, 7 young (57344K), 1 survivors (8192K)
 Metaspace       used 61305K, committed 61888K, reserved 1114112K
  class space    used 7839K, committed 8128K, reserved 1048576K
}
Event: 14338.616 GC heap after
{Heap after GC invocations=22 (full 0):
 garbage-first heap   total 114688K, used 32041K [0x0000000583000000, 0x0000000800000000)
  region size 8192K, 1 young (8192K), 1 survivors (8192K)
 Metaspace       used 61305K, committed 61888K, reserved 1114112K
  class space    used 7839K, committed 8128K, reserved 1048576K
}
Event: 16017.934 GC heap before
{Heap before GC invocations=22 (full 0):
 garbage-first heap   total 114688K, used 81193K [0x0000000583000000, 0x0000000800000000)
  region size 8192K, 7 young (57344K), 1 survivors (8192K)
 Metaspace       used 61447K, committed 62080K, reserved 1114112K
  class space    used 7839K, committed 8128K, reserved 1048576K
}
Event: 16017.938 GC heap after
{Heap after GC invocations=23 (full 0):
 garbage-first heap   total 114688K, used 32057K [0x0000000583000000, 0x0000000800000000)
  region size 8192K, 1 young (8192K), 1 survivors (8192K)
 Metaspace       used 61447K, committed 62080K, reserved 1114112K
  class space    used 7839K, committed 8128K, reserved 1048576K
}
Event: 17611.513 GC heap before
{Heap before GC invocations=23 (full 0):
 garbage-first heap   total 114688K, used 81209K [0x0000000583000000, 0x0000000800000000)
  region size 8192K, 7 young (57344K), 1 survivors (8192K)
 Metaspace       used 61539K, committed 62144K, reserved 1114112K
  class space    used 7840K, committed 8128K, reserved 1048576K
}
Event: 17611.521 GC heap after
{Heap after GC invocations=24 (full 0):
 garbage-first heap   total 114688K, used 32084K [0x0000000583000000, 0x0000000800000000)
  region size 8192K, 1 young (8192K), 1 survivors (8192K)
 Metaspace       used 61539K, committed 62144K, reserved 1114112K
  class space    used 7840K, committed 8128K, reserved 1048576K
}
Event: 19215.360 GC heap before
{Heap before GC invocations=24 (full 0):
 garbage-first heap   total 114688K, used 81236K [0x0000000583000000, 0x0000000800000000)
  region size 8192K, 7 young (57344K), 1 survivors (8192K)
 Metaspace       used 61683K, committed 62272K, reserved 1114112K
  class space    used 7840K, committed 8128K, reserved 1048576K
}
Event: 19215.366 GC heap after
{Heap after GC invocations=25 (full 0):
 garbage-first heap   total 114688K, used 32102K [0x0000000583000000, 0x0000000800000000)
  region size 8192K, 1 young (8192K), 1 survivors (8192K)
 Metaspace       used 61683K, committed 62272K, reserved 1114112K
  class space    used 7840K, committed 8128K, reserved 1048576K
}
Event: 21184.967 GC heap before
{Heap before GC invocations=25 (full 0):
 garbage-first heap   total 114688K, used 81254K [0x0000000583000000, 0x0000000800000000)
  region size 8192K, 7 young (57344K), 1 survivors (8192K)
 Metaspace       used 61704K, committed 62272K, reserved 1114112K
  class space    used 7840K, committed 8128K, reserved 1048576K
}
Event: 21184.995 GC heap after
{Heap after GC invocations=26 (full 0):
 garbage-first heap   total 114688K, used 32098K [0x0000000583000000, 0x0000000800000000)
  region size 8192K, 1 young (8192K), 1 survivors (8192K)
 Metaspace       used 61704K, committed 62272K, reserved 1114112K
  class space    used 7840K, committed 8128K, reserved 1048576K
}
Event: 23104.196 GC heap before
{Heap before GC invocations=26 (full 0):
 garbage-first heap   total 114688K, used 81250K [0x0000000583000000, 0x0000000800000000)
  region size 8192K, 7 young (57344K), 1 survivors (8192K)
 Metaspace       used 61739K, committed 62336K, reserved 1114112K
  class space    used 7840K, committed 8128K, reserved 1048576K
}
Event: 23104.225 GC heap after
{Heap after GC invocations=27 (full 0):
 garbage-first heap   total 114688K, used 32095K [0x0000000583000000, 0x0000000800000000)
  region size 8192K, 1 young (8192K), 1 survivors (8192K)
 Metaspace       used 61739K, committed 62336K, reserved 1114112K
  class space    used 7840K, committed 8128K, reserved 1048576K
}

