# JRE version: Java(TM) SE Runtime Environment (17.0.15+9) (build 17.0.15+9-LTS-241)
# Java VM: Java HotSpot(TM) 64-Bit Server VM (17.0.15+9-LTS-241, mixed mode, sharing, tiered, compressed oops, compressed class ptrs, g1 gc, windows-amd64)
GC Precious Log:
 CPUs: 8 total, 8 available
 Memory: 40743M
 Large Page Support: Disabled
 NUMA Support: Disabled
 Compressed Oops: Enabled (Zero based)
 Heap Region Size: 8M
 Heap Min Capacity: 8M
 Heap Initial Capacity: 640M
 Heap Max Capacity: 10192M
 Pre-touch: Disabled
 Parallel Workers: 8
 Concurrent Workers: 2
 Concurrent Refinement Workers: 8
 Periodic GC: Disabled
Heap:
 garbage-first heap   total 1425408K, used 1193406K [0x0000000583000000, 0x0000000800000000)
  region size 8192K, 1 young (8192K), 1 survivors (8192K)
 Metaspace       used 102558K, committed 103296K, reserved 1179648K
  class space    used 13862K, committed 14208K, reserved 1048576K
GC Heap History (20 events):
Event: 119.438 GC heap after
{Heap after GC invocations=35 (full 0):
 garbage-first heap   total 548864K, used 251121K [0x0000000583000000, 0x0000000800000000)
  region size 8192K, 4 young (32768K), 4 survivors (32768K)
 Metaspace       used 101568K, committed 102336K, reserved 1179648K
  class space    used 13730K, committed 14080K, reserved 1048576K
}
Event: 121.462 GC heap before
{Heap before GC invocations=35 (full 0):
 garbage-first heap   total 548864K, used 390385K [0x0000000583000000, 0x0000000800000000)
  region size 8192K, 21 young (172032K), 4 survivors (32768K)
 Metaspace       used 102488K, committed 103296K, reserved 1179648K
  class space    used 13850K, committed 14208K, reserved 1048576K
}
Event: 121.571 GC heap after
{Heap after GC invocations=36 (full 0):
 garbage-first heap   total 548864K, used 330805K [0x0000000583000000, 0x0000000800000000)
  region size 8192K, 3 young (24576K), 3 survivors (24576K)
 Metaspace       used 102488K, committed 103296K, reserved 1179648K
  class space    used 13850K, committed 14208K, reserved 1048576K
}
Event: 122.422 GC heap before
{Heap before GC invocations=36 (full 0):
 garbage-first heap   total 548864K, used 404533K [0x0000000583000000, 0x0000000800000000)
  region size 8192K, 12 young (98304K), 3 survivors (24576K)
 Metaspace       used 102533K, committed 103296K, reserved 1179648K
  class space    used 13862K, committed 14208K, reserved 1048576K
}
Event: 122.483 GC heap after
{Heap after GC invocations=37 (full 0):
 garbage-first heap   total 548864K, used 396510K [0x0000000583000000, 0x0000000800000000)
  region size 8192K, 2 young (16384K), 2 survivors (16384K)
 Metaspace       used 102533K, committed 103296K, reserved 1179648K
  class space    used 13862K, committed 14208K, reserved 1048576K
}
Event: 122.805 GC heap before
{Heap before GC invocations=37 (full 0):
 garbage-first heap   total 729088K, used 429278K [0x0000000583000000, 0x0000000800000000)
  region size 8192K, 6 young (49152K), 2 survivors (16384K)
 Metaspace       used 102533K, committed 103296K, reserved 1179648K
  class space    used 13862K, committed 14208K, reserved 1048576K
}
Event: 122.851 GC heap after
{Heap after GC invocations=38 (full 0):
 garbage-first heap   total 1212416K, used 427653K [0x0000000583000000, 0x0000000800000000)
  region size 8192K, 1 young (8192K), 1 survivors (8192K)
 Metaspace       used 102533K, committed 103296K, reserved 1179648K
  class space    used 13862K, committed 14208K, reserved 1048576K
}
Event: 125.054 GC heap before
{Heap before GC invocations=39 (full 0):
 garbage-first heap   total 1212416K, used 697989K [0x0000000583000000, 0x0000000800000000)
  region size 8192K, 34 young (278528K), 1 survivors (8192K)
 Metaspace       used 102533K, committed 103296K, reserved 1179648K
  class space    used 13862K, committed 14208K, reserved 1048576K
}
Event: 125.191 GC heap after
{Heap after GC invocations=40 (full 0):
 garbage-first heap   total 1212416K, used 654683K [0x0000000583000000, 0x0000000800000000)
  region size 8192K, 5 young (40960K), 5 survivors (40960K)
 Metaspace       used 102533K, committed 103296K, reserved 1179648K
  class space    used 13862K, committed 14208K, reserved 1048576K
}
Event: 126.328 GC heap before
{Heap before GC invocations=40 (full 0):
 garbage-first heap   total 1212416K, used 810331K [0x0000000583000000, 0x0000000800000000)
  region size 8192K, 24 young (196608K), 5 survivors (40960K)
 Metaspace       used 102538K, committed 103296K, reserved 1179648K
  class space    used 13862K, committed 14208K, reserved 1048576K
}
Event: 126.453 GC heap after
{Heap after GC invocations=41 (full 0):
 garbage-first heap   total 1212416K, used 794624K [0x0000000583000000, 0x0000000800000000)
  region size 8192K, 3 young (24576K), 3 survivors (24576K)
 Metaspace       used 102538K, committed 103296K, reserved 1179648K
  class space    used 13862K, committed 14208K, reserved 1048576K
}
Event: 127.676 GC heap before
{Heap before GC invocations=41 (full 0):
 garbage-first heap   total 1425408K, used 892928K [0x0000000583000000, 0x0000000800000000)
  region size 8192K, 15 young (122880K), 3 survivors (24576K)
 Metaspace       used 102542K, committed 103296K, reserved 1179648K
  class space    used 13862K, committed 14208K, reserved 1048576K
}
Event: 127.771 GC heap after
{Heap after GC invocations=42 (full 0):
 garbage-first heap   total 1425408K, used 892042K [0x0000000583000000, 0x0000000800000000)
  region size 8192K, 2 young (16384K), 2 survivors (16384K)
 Metaspace       used 102542K, committed 103296K, reserved 1179648K
  class space    used 13862K, committed 14208K, reserved 1048576K
}
Event: 128.968 GC heap before
{Heap before GC invocations=43 (full 0):
 garbage-first heap   total 1425408K, used 1023114K [0x0000000583000000, 0x0000000800000000)
  region size 8192K, 18 young (147456K), 2 survivors (16384K)
 Metaspace       used 102543K, committed 103296K, reserved 1179648K
  class space    used 13862K, committed 14208K, reserved 1048576K
}
Event: 129.060 GC heap after
{Heap after GC invocations=44 (full 0):
 garbage-first heap   total 1425408K, used 1007169K [0x0000000583000000, 0x0000000800000000)
  region size 8192K, 3 young (24576K), 3 survivors (24576K)
 Metaspace       used 102543K, committed 103296K, reserved 1179648K
  class space    used 13862K, committed 14208K, reserved 1048576K
}
Event: 129.818 GC heap before
{Heap before GC invocations=44 (full 0):
 garbage-first heap   total 1425408K, used 1089089K [0x0000000583000000, 0x0000000800000000)
  region size 8192K, 13 young (106496K), 3 survivors (24576K)
 Metaspace       used 102544K, committed 103296K, reserved 1179648K
  class space    used 13862K, committed 14208K, reserved 1048576K
}
Event: 129.893 GC heap after
{Heap after GC invocations=45 (full 0):
 garbage-first heap   total 1425408K, used 1088898K [0x0000000583000000, 0x0000000800000000)
  region size 8192K, 2 young (16384K), 2 survivors (16384K)
 Metaspace       used 102544K, committed 103296K, reserved 1179648K
  class space    used 13862K, committed 14208K, reserved 1048576K
}
Event: 130.496 GC heap before
{Heap before GC invocations=45 (full 0):
 garbage-first heap   total 1425408K, used 1146242K [0x0000000583000000, 0x0000000800000000)
  region size 8192K, 9 young (73728K), 2 survivors (16384K)
 Metaspace       used 102552K, committed 103296K, reserved 1179648K
  class space    used 13862K, committed 14208K, reserved 1048576K
}
Event: 130.544 GC heap after
{Heap after GC invocations=46 (full 0):
 garbage-first heap   total 1425408K, used 1146850K [0x0000000583000000, 0x0000000800000000)
  region size 8192K, 2 young (16384K), 2 survivors (16384K)
 Metaspace       used 102552K, committed 103296K, reserved 1179648K
  class space    used 13862K, committed 14208K, reserved 1048576K
}
Event: 131.079 GC heap before
{Heap before GC invocations=46 (full 0):
 garbage-first heap   total 1425408K, used 1196002K [0x0000000583000000, 0x0000000800000000)
  region size 8192K, 8 young (65536K), 2 survivors (16384K)
 Metaspace       used 102558K, committed 103296K, reserved 1179648K
  class space    used 13862K, committed 14208K, reserved 1048576K
}

