# JRE version: Java(TM) SE Runtime Environment (17.0.15+9) (build 17.0.15+9-LTS-241)
# Java VM: Java HotSpot(TM) 64-Bit Server VM (17.0.15+9-LTS-241, mixed mode, sharing, tiered, compressed oops, compressed class ptrs, g1 gc, windows-amd64)
GC Precious Log:
 CPUs: 8 total, 8 available
 Memory: 40743M
 Large Page Support: Disabled
 NUMA Support: Disabled
 Compressed Oops: Enabled (Zero based)
 Heap Region Size: 8M
 Heap Min Capacity: 8M
 Heap Initial Capacity: 640M
 Heap Max Capacity: 10192M
 Pre-touch: Disabled
 Parallel Workers: 8
 Concurrent Workers: 2
 Concurrent Refinement Workers: 8
 Periodic GC: Disabled
Heap:
 garbage-first heap   total 1302528K, used 505710K [0x0000000583000000, 0x0000000800000000)
  region size 8192K, 8 young (65536K), 8 survivors (65536K)
 Metaspace       used 113019K, committed 113728K, reserved 1179648K
  class space    used 14598K, committed 14912K, reserved 1048576K
GC Heap History (20 events):
Event: 12564.266 GC heap after
{Heap after GC invocations=167 (full 1):
 garbage-first heap   total 614400K, used 354857K [0x0000000583000000, 0x0000000800000000)
  region size 8192K, 3 young (24576K), 3 survivors (24576K)
 Metaspace       used 112976K, committed 113728K, reserved 1179648K
  class space    used 14597K, committed 14912K, reserved 1048576K
}
Event: 12564.794 GC heap before
{Heap before GC invocations=167 (full 1):
 garbage-first heap   total 737280K, used 453161K [0x0000000583000000, 0x0000000800000000)
  region size 8192K, 16 young (131072K), 3 survivors (24576K)
 Metaspace       used 112976K, committed 113728K, reserved 1179648K
  class space    used 14597K, committed 14912K, reserved 1048576K
}
Event: 12564.854 GC heap after
{Heap after GC invocations=168 (full 1):
 garbage-first heap   total 737280K, used 376502K [0x0000000583000000, 0x0000000800000000)
  region size 8192K, 2 young (16384K), 2 survivors (16384K)
 Metaspace       used 112976K, committed 113728K, reserved 1179648K
  class space    used 14597K, committed 14912K, reserved 1048576K
}
Event: 12565.557 GC heap before
{Heap before GC invocations=169 (full 1):
 garbage-first heap   total 737280K, used 540342K [0x0000000583000000, 0x0000000800000000)
  region size 8192K, 22 young (180224K), 2 survivors (16384K)
 Metaspace       used 112977K, committed 113728K, reserved 1179648K
  class space    used 14597K, committed 14912K, reserved 1048576K
}
Event: 12565.595 GC heap after
{Heap after GC invocations=170 (full 1):
 garbage-first heap   total 737280K, used 425831K [0x0000000583000000, 0x0000000800000000)
  region size 8192K, 3 young (24576K), 3 survivors (24576K)
 Metaspace       used 112977K, committed 113728K, reserved 1179648K
  class space    used 14597K, committed 14912K, reserved 1048576K
}
Event: 12565.623 GC heap before
{Heap before GC invocations=170 (full 1):
 garbage-first heap   total 737280K, used 434023K [0x0000000583000000, 0x0000000800000000)
  region size 8192K, 4 young (32768K), 3 survivors (24576K)
 Metaspace       used 112977K, committed 113728K, reserved 1179648K
  class space    used 14597K, committed 14912K, reserved 1048576K
}
Event: 12565.641 GC heap after
{Heap after GC invocations=171 (full 1):
 garbage-first heap   total 1302528K, used 397869K [0x0000000583000000, 0x0000000800000000)
  region size 8192K, 1 young (8192K), 1 survivors (8192K)
 Metaspace       used 112977K, committed 113728K, reserved 1179648K
  class space    used 14597K, committed 14912K, reserved 1048576K
}
Event: 12567.995 GC heap before
{Heap before GC invocations=171 (full 1):
 garbage-first heap   total 1302528K, used 856621K [0x0000000583000000, 0x0000000800000000)
  region size 8192K, 58 young (475136K), 1 survivors (8192K)
 Metaspace       used 112977K, committed 113728K, reserved 1179648K
  class space    used 14597K, committed 14912K, reserved 1048576K
}
Event: 12568.096 GC heap after
{Heap after GC invocations=172 (full 1):
 garbage-first heap   total 1302528K, used 527594K [0x0000000583000000, 0x0000000800000000)
  region size 8192K, 8 young (65536K), 8 survivors (65536K)
 Metaspace       used 112977K, committed 113728K, reserved 1179648K
  class space    used 14597K, committed 14912K, reserved 1048576K
}
Event: 12568.935 GC heap before
{Heap before GC invocations=173 (full 1):
 garbage-first heap   total 1302528K, used 584938K [0x0000000583000000, 0x0000000800000000)
  region size 8192K, 30 young (245760K), 8 survivors (65536K)
 Metaspace       used 112978K, committed 113728K, reserved 1179648K
  class space    used 14597K, committed 14912K, reserved 1048576K
}
Event: 12568.999 GC heap after
{Heap after GC invocations=174 (full 1):
 garbage-first heap   total 1302528K, used 433607K [0x0000000583000000, 0x0000000800000000)
  region size 8192K, 4 young (32768K), 4 survivors (32768K)
 Metaspace       used 112978K, committed 113728K, reserved 1179648K
  class space    used 14597K, committed 14912K, reserved 1048576K
}
Event: 12569.095 GC heap before
{Heap before GC invocations=174 (full 1):
 garbage-first heap   total 1302528K, used 458183K [0x0000000583000000, 0x0000000800000000)
  region size 8192K, 7 young (57344K), 4 survivors (32768K)
 Metaspace       used 112978K, committed 113728K, reserved 1179648K
  class space    used 14597K, committed 14912K, reserved 1048576K
}
Event: 12569.124 GC heap after
{Heap after GC invocations=175 (full 1):
 garbage-first heap   total 1302528K, used 360128K [0x0000000583000000, 0x0000000800000000)
  region size 8192K, 1 young (8192K), 1 survivors (8192K)
 Metaspace       used 112978K, committed 113728K, reserved 1179648K
  class space    used 14597K, committed 14912K, reserved 1048576K
}
Event: 12593.293 GC heap before
{Heap before GC invocations=175 (full 1):
 garbage-first heap   total 1302528K, used 851648K [0x0000000583000000, 0x0000000800000000)
  region size 8192K, 61 young (499712K), 1 survivors (8192K)
 Metaspace       used 113006K, committed 113728K, reserved 1179648K
  class space    used 14598K, committed 14912K, reserved 1048576K
}
Event: 12593.402 GC heap after
{Heap after GC invocations=176 (full 1):
 garbage-first heap   total 1302528K, used 401422K [0x0000000583000000, 0x0000000800000000)
  region size 8192K, 7 young (57344K), 7 survivors (57344K)
 Metaspace       used 113006K, committed 113728K, reserved 1179648K
  class space    used 14598K, committed 14912K, reserved 1048576K
}
Event: 12636.166 GC heap before
{Heap before GC invocations=177 (full 1):
 garbage-first heap   total 1302528K, used 868366K [0x0000000583000000, 0x0000000800000000)
  region size 8192K, 65 young (532480K), 7 survivors (57344K)
 Metaspace       used 113016K, committed 113728K, reserved 1179648K
  class space    used 14598K, committed 14912K, reserved 1048576K
}
Event: 12636.354 GC heap after
{Heap after GC invocations=178 (full 1):
 garbage-first heap   total 1302528K, used 465615K [0x0000000583000000, 0x0000000800000000)
  region size 8192K, 9 young (73728K), 9 survivors (73728K)
 Metaspace       used 113016K, committed 113728K, reserved 1179648K
  class space    used 14598K, committed 14912K, reserved 1048576K
}
Event: 12636.433 GC heap before
{Heap before GC invocations=178 (full 1):
 garbage-first heap   total 1302528K, used 473807K [0x0000000583000000, 0x0000000800000000)
  region size 8192K, 10 young (81920K), 9 survivors (73728K)
 Metaspace       used 113017K, committed 113728K, reserved 1179648K
  class space    used 14598K, committed 14912K, reserved 1048576K
}
Event: 12636.518 GC heap after
{Heap after GC invocations=179 (full 1):
 garbage-first heap   total 1302528K, used 441962K [0x0000000583000000, 0x0000000800000000)
  region size 8192K, 2 young (16384K), 2 survivors (16384K)
 Metaspace       used 113017K, committed 113728K, reserved 1179648K
  class space    used 14598K, committed 14912K, reserved 1048576K
}
Event: 12638.295 GC heap before
{Heap before GC invocations=179 (full 1):
 garbage-first heap   total 1302528K, used 753258K [0x0000000583000000, 0x0000000800000000)
  region size 8192K, 41 young (335872K), 2 survivors (16384K)
 Metaspace       used 113019K, committed 113728K, reserved 1179648K
  class space    used 14598K, committed 14912K, reserved 1048576K
}

