# JRE version: Java(TM) SE Runtime Environment (17.0.15+9) (build 17.0.15+9-LTS-241)
# Java VM: Java HotSpot(TM) 64-Bit Server VM (17.0.15+9-LTS-241, mixed mode, sharing, tiered, compressed oops, compressed class ptrs, g1 gc, windows-amd64)
GC Precious Log:
 CPUs: 8 total, 8 available
 Memory: 40743M
 Large Page Support: Disabled
 NUMA Support: Disabled
 Compressed Oops: Enabled (Zero based)
 Heap Region Size: 8M
 Heap Min Capacity: 8M
 Heap Initial Capacity: 640M
 Heap Max Capacity: 10192M
 Pre-touch: Disabled
 Parallel Workers: 8
 Concurrent Workers: 2
 Concurrent Refinement Workers: 8
 Periodic GC: Disabled
Heap:
 garbage-first heap   total 2310144K, used 308647K [0x0000000583000000, 0x0000000800000000)
  region size 8192K, 1 young (8192K), 1 survivors (8192K)
 Metaspace       used 100642K, committed 101376K, reserved 1179648K
  class space    used 13514K, committed 13888K, reserved 1048576K
GC Heap History (20 events):
Event: 693.798 GC heap after
{Heap after GC invocations=47 (full 0):
 garbage-first heap   total 2514944K, used 656470K [0x0000000583000000, 0x0000000800000000)
  region size 8192K, 2 young (16384K), 2 survivors (16384K)
 Metaspace       used 93835K, committed 94592K, reserved 1179648K
  class space    used 12693K, committed 13056K, reserved 1048576K
}
Event: 836.255 GC heap before
{Heap before GC invocations=47 (full 0):
 garbage-first heap   total 2514944K, used 869462K [0x0000000583000000, 0x0000000800000000)
  region size 8192K, 30 young (245760K), 2 survivors (16384K)
 Metaspace       used 93867K, committed 94592K, reserved 1179648K
  class space    used 12693K, committed 13056K, reserved 1048576K
}
Event: 836.340 GC heap after
{Heap after GC invocations=48 (full 0):
 garbage-first heap   total 2514944K, used 730740K [0x0000000583000000, 0x0000000800000000)
  region size 8192K, 8 young (65536K), 8 survivors (65536K)
 Metaspace       used 93867K, committed 94592K, reserved 1179648K
  class space    used 12693K, committed 13056K, reserved 1048576K
}
Event: 854.824 GC heap before
{Heap before GC invocations=49 (full 0):
 garbage-first heap   total 1638400K, used 722548K [0x0000000583000000, 0x0000000800000000)
  region size 8192K, 42 young (344064K), 8 survivors (65536K)
 Metaspace       used 93880K, committed 94592K, reserved 1179648K
  class space    used 12693K, committed 13056K, reserved 1048576K
}
Event: 854.950 GC heap after
{Heap after GC invocations=50 (full 0):
 garbage-first heap   total 1638400K, used 525299K [0x0000000583000000, 0x0000000800000000)
  region size 8192K, 6 young (49152K), 6 survivors (49152K)
 Metaspace       used 93880K, committed 94592K, reserved 1179648K
  class space    used 12693K, committed 13056K, reserved 1048576K
}
Event: 855.158 GC heap before
{Heap before GC invocations=50 (full 0):
 garbage-first heap   total 1638400K, used 558067K [0x0000000583000000, 0x0000000800000000)
  region size 8192K, 10 young (81920K), 6 survivors (49152K)
 Metaspace       used 93880K, committed 94592K, reserved 1179648K
  class space    used 12693K, committed 13056K, reserved 1048576K
}
Event: 855.227 GC heap after
{Heap after GC invocations=51 (full 0):
 garbage-first heap   total 1638400K, used 388211K [0x0000000583000000, 0x0000000800000000)
  region size 8192K, 2 young (16384K), 2 survivors (16384K)
 Metaspace       used 93880K, committed 94592K, reserved 1179648K
  class space    used 12693K, committed 13056K, reserved 1048576K
}
Event: 1107.684 GC heap before
{Heap before GC invocations=51 (full 0):
 garbage-first heap   total 1638400K, used 445555K [0x0000000583000000, 0x0000000800000000)
  region size 8192K, 10 young (81920K), 2 survivors (16384K)
 Metaspace       used 93920K, committed 94656K, reserved 1179648K
  class space    used 12694K, committed 13056K, reserved 1048576K
}
Event: 1107.705 GC heap after
{Heap after GC invocations=52 (full 0):
 garbage-first heap   total 1638400K, used 396848K [0x0000000583000000, 0x0000000800000000)
  region size 8192K, 2 young (16384K), 2 survivors (16384K)
 Metaspace       used 93920K, committed 94656K, reserved 1179648K
  class space    used 12694K, committed 13056K, reserved 1048576K
}
Event: 1108.314 GC heap before
{Heap before GC invocations=52 (full 0):
 garbage-first heap   total 1638400K, used 536112K [0x0000000583000000, 0x0000000800000000)
  region size 8192K, 21 young (172032K), 2 survivors (16384K)
 Metaspace       used 93924K, committed 94656K, reserved 1179648K
  class space    used 12694K, committed 13056K, reserved 1048576K
}
Event: 1108.377 GC heap after
{Heap after GC invocations=53 (full 0):
 garbage-first heap   total 1638400K, used 454927K [0x0000000583000000, 0x0000000800000000)
  region size 8192K, 10 young (81920K), 10 survivors (81920K)
 Metaspace       used 93924K, committed 94656K, reserved 1179648K
  class space    used 12694K, committed 13056K, reserved 1048576K
}
Event: 1619.956 GC heap before
{Heap before GC invocations=54 (full 0):
 garbage-first heap   total 1392640K, used 753087K [0x0000000583000000, 0x0000000800000000)
  region size 8192K, 58 young (475136K), 10 survivors (81920K)
 Metaspace       used 97625K, committed 98368K, reserved 1179648K
  class space    used 13123K, committed 13504K, reserved 1048576K
}
Event: 1620.060 GC heap after
{Heap after GC invocations=55 (full 0):
 garbage-first heap   total 1392640K, used 384113K [0x0000000583000000, 0x0000000800000000)
  region size 8192K, 8 young (65536K), 8 survivors (65536K)
 Metaspace       used 97625K, committed 98368K, reserved 1179648K
  class space    used 13123K, committed 13504K, reserved 1048576K
}
Event: 1620.077 GC heap before
{Heap before GC invocations=55 (full 0):
 garbage-first heap   total 1392640K, used 392305K [0x0000000583000000, 0x0000000800000000)
  region size 8192K, 9 young (73728K), 8 survivors (65536K)
 Metaspace       used 97625K, committed 98368K, reserved 1179648K
  class space    used 13123K, committed 13504K, reserved 1048576K
}
Event: 1620.159 GC heap after
{Heap after GC invocations=56 (full 0):
 garbage-first heap   total 1392640K, used 307563K [0x0000000583000000, 0x0000000800000000)
  region size 8192K, 1 young (8192K), 1 survivors (8192K)
 Metaspace       used 97625K, committed 98368K, reserved 1179648K
  class space    used 13123K, committed 13504K, reserved 1048576K
}
Event: 1625.327 GC heap before
{Heap before GC invocations=56 (full 0):
 garbage-first heap   total 1392640K, used 987499K [0x0000000583000000, 0x0000000800000000)
  region size 8192K, 84 young (688128K), 1 survivors (8192K)
 Metaspace       used 100642K, committed 101376K, reserved 1179648K
  class space    used 13514K, committed 13888K, reserved 1048576K
}
Event: 1625.366 GC heap after
{Heap after GC invocations=57 (full 0):
 garbage-first heap   total 1392640K, used 350101K [0x0000000583000000, 0x0000000800000000)
  region size 8192K, 6 young (49152K), 6 survivors (49152K)
 Metaspace       used 100642K, committed 101376K, reserved 1179648K
  class space    used 13514K, committed 13888K, reserved 1048576K
}
Event: 1626.327 GC heap before
{Heap before GC invocations=58 (full 0):
 garbage-first heap   total 1392640K, used 859316K [0x0000000583000000, 0x0000000800000000)
  region size 8192K, 78 young (638976K), 6 survivors (49152K)
 Metaspace       used 100642K, committed 101376K, reserved 1179648K
  class space    used 13514K, committed 13888K, reserved 1048576K
}
Event: 1626.378 GC heap after
{Heap after GC invocations=59 (full 0):
 garbage-first heap   total 1392640K, used 308859K [0x0000000583000000, 0x0000000800000000)
  region size 8192K, 5 young (40960K), 5 survivors (40960K)
 Metaspace       used 100642K, committed 101376K, reserved 1179648K
  class space    used 13514K, committed 13888K, reserved 1048576K
}
Event: 1626.418 GC heap before
{Heap before GC invocations=59 (full 0):
 garbage-first heap   total 1392640K, used 333435K [0x0000000583000000, 0x0000000800000000)
  region size 8192K, 8 young (65536K), 5 survivors (40960K)
 Metaspace       used 100642K, committed 101376K, reserved 1179648K
  class space    used 13514K, committed 13888K, reserved 1048576K
}

