# JRE version: OpenJDK Runtime Environment Temurin-21.0.6+7 (21.0.6+7) (build 21.0.6+7-LTS)
# Java VM: OpenJDK 64-Bit Server VM Temurin-21.0.6+7 (21.0.6+7-LTS, mixed mode, sharing, tiered, compressed oops, compressed class ptrs, parallel gc, windows-amd64)
GC Precious Log:
 CardTable entry size: 512
 CPUs: 8 total, 8 available
 Memory: 7959M
 Large Page Support: Disabled
 NUMA Support: Disabled
 Compressed Oops: Enabled (32-bit)
 Alignments: Space 512K, Generation 512K, Heap 2M
 Heap Min Capacity: 100M
 Heap Initial Capacity: 100M
 Heap Max Capacity: 1G
 Pre-touch: Disabled
 Parallel Workers: 8
Heap:
 PSYoungGen      total 6656K, used 2252K [0x00000000eab00000, 0x00000000eb280000, 0x0000000100000000)
  eden space 5632K, 24% used [0x00000000eab00000,0x00000000eac5b310,0x00000000eb080000)
  from space 1024K, 84% used [0x00000000eb080000,0x00000000eb158000,0x00000000eb180000)
  to   space 1024K, 0% used [0x00000000eb180000,0x00000000eb180000,0x00000000eb280000)
 ParOldGen       total 99328K, used 98894K [0x00000000c0000000, 0x00000000c6100000, 0x00000000eab00000)
  object space 99328K, 99% used [0x00000000c0000000,0x00000000c6093b88,0x00000000c6100000)
 Metaspace       used 56859K, committed 58240K, reserved 1114112K
  class space    used 5901K, committed 6464K, reserved 1048576K
GC Heap History (20 events):
Event: 33.328 GC heap before
{Heap before GC invocations=169 (full 2):
 PSYoungGen      total 7168K, used 6905K [0x00000000eab00000, 0x00000000eb400000, 0x0000000100000000)
  eden space 5632K, 100% used [0x00000000eab00000,0x00000000eb080000,0x00000000eb080000)
  from space 1536K, 82% used [0x00000000eb280000,0x00000000eb3be538,0x00000000eb400000)
  to   space 1536K, 0% used [0x00000000eb100000,0x00000000eb100000,0x00000000eb280000)
 ParOldGen       total 94720K, used 94310K [0x00000000c0000000, 0x00000000c5c80000, 0x00000000eab00000)
  object space 94720K, 99% used [0x00000000c0000000,0x00000000c5c19a30,0x00000000c5c80000)
 Metaspace       used 56741K, committed 58048K, reserved 1114112K
  class space    used 5901K, committed 6464K, reserved 1048576K
}
Event: 33.330 GC heap after
{Heap after GC invocations=169 (full 2):
 PSYoungGen      total 6144K, used 320K [0x00000000eab00000, 0x00000000eb300000, 0x0000000100000000)
  eden space 5632K, 0% used [0x00000000eab00000,0x00000000eab00000,0x00000000eb080000)
  from space 512K, 62% used [0x00000000eb100000,0x00000000eb150000,0x00000000eb180000)
  to   space 1024K, 0% used [0x00000000eb200000,0x00000000eb200000,0x00000000eb300000)
 ParOldGen       total 95744K, used 95475K [0x00000000c0000000, 0x00000000c5d80000, 0x00000000eab00000)
  object space 95744K, 99% used [0x00000000c0000000,0x00000000c5d3cc00,0x00000000c5d80000)
 Metaspace       used 56741K, committed 58048K, reserved 1114112K
  class space    used 5901K, committed 6464K, reserved 1048576K
}
Event: 33.344 GC heap before
{Heap before GC invocations=170 (full 2):
 PSYoungGen      total 6144K, used 5952K [0x00000000eab00000, 0x00000000eb300000, 0x0000000100000000)
  eden space 5632K, 100% used [0x00000000eab00000,0x00000000eb080000,0x00000000eb080000)
  from space 512K, 62% used [0x00000000eb100000,0x00000000eb150000,0x00000000eb180000)
  to   space 1024K, 0% used [0x00000000eb200000,0x00000000eb200000,0x00000000eb300000)
 ParOldGen       total 95744K, used 95475K [0x00000000c0000000, 0x00000000c5d80000, 0x00000000eab00000)
  object space 95744K, 99% used [0x00000000c0000000,0x00000000c5d3cc00,0x00000000c5d80000)
 Metaspace       used 56741K, committed 58048K, reserved 1114112K
  class space    used 5901K, committed 6464K, reserved 1048576K
}
Event: 33.345 GC heap after
{Heap after GC invocations=170 (full 2):
 PSYoungGen      total 6144K, used 192K [0x00000000eab00000, 0x00000000eb280000, 0x0000000100000000)
  eden space 5632K, 0% used [0x00000000eab00000,0x00000000eab00000,0x00000000eb080000)
  from space 512K, 37% used [0x00000000eb200000,0x00000000eb230000,0x00000000eb280000)
  to   space 512K, 0% used [0x00000000eb100000,0x00000000eb100000,0x00000000eb180000)
 ParOldGen       total 95744K, used 95643K [0x00000000c0000000, 0x00000000c5d80000, 0x00000000eab00000)
  object space 95744K, 99% used [0x00000000c0000000,0x00000000c5d66c00,0x00000000c5d80000)
 Metaspace       used 56741K, committed 58048K, reserved 1114112K
  class space    used 5901K, committed 6464K, reserved 1048576K
}
Event: 33.360 GC heap before
{Heap before GC invocations=171 (full 2):
 PSYoungGen      total 6144K, used 5824K [0x00000000eab00000, 0x00000000eb280000, 0x0000000100000000)
  eden space 5632K, 100% used [0x00000000eab00000,0x00000000eb080000,0x00000000eb080000)
  from space 512K, 37% used [0x00000000eb200000,0x00000000eb230000,0x00000000eb280000)
  to   space 512K, 0% used [0x00000000eb100000,0x00000000eb100000,0x00000000eb180000)
 ParOldGen       total 95744K, used 95643K [0x00000000c0000000, 0x00000000c5d80000, 0x00000000eab00000)
  object space 95744K, 99% used [0x00000000c0000000,0x00000000c5d66c00,0x00000000c5d80000)
 Metaspace       used 56741K, committed 58048K, reserved 1114112K
  class space    used 5901K, committed 6464K, reserved 1048576K
}
Event: 33.361 GC heap after
{Heap after GC invocations=171 (full 2):
 PSYoungGen      total 6144K, used 288K [0x00000000eab00000, 0x00000000eb280000, 0x0000000100000000)
  eden space 5632K, 0% used [0x00000000eab00000,0x00000000eab00000,0x00000000eb080000)
  from space 512K, 56% used [0x00000000eb100000,0x00000000eb148000,0x00000000eb180000)
  to   space 512K, 0% used [0x00000000eb200000,0x00000000eb200000,0x00000000eb280000)
 ParOldGen       total 96256K, used 95779K [0x00000000c0000000, 0x00000000c5e00000, 0x00000000eab00000)
  object space 96256K, 99% used [0x00000000c0000000,0x00000000c5d88c00,0x00000000c5e00000)
 Metaspace       used 56741K, committed 58048K, reserved 1114112K
  class space    used 5901K, committed 6464K, reserved 1048576K
}
Event: 33.433 GC heap before
{Heap before GC invocations=172 (full 2):
 PSYoungGen      total 6144K, used 5912K [0x00000000eab00000, 0x00000000eb280000, 0x0000000100000000)
  eden space 5632K, 99% used [0x00000000eab00000,0x00000000eb07e2d0,0x00000000eb080000)
  from space 512K, 56% used [0x00000000eb100000,0x00000000eb148000,0x00000000eb180000)
  to   space 512K, 0% used [0x00000000eb200000,0x00000000eb200000,0x00000000eb280000)
 ParOldGen       total 96256K, used 95779K [0x00000000c0000000, 0x00000000c5e00000, 0x00000000eab00000)
  object space 96256K, 99% used [0x00000000c0000000,0x00000000c5d88c00,0x00000000c5e00000)
 Metaspace       used 56744K, committed 58048K, reserved 1114112K
  class space    used 5901K, committed 6464K, reserved 1048576K
}
Event: 33.435 GC heap after
{Heap after GC invocations=172 (full 2):
 PSYoungGen      total 6144K, used 425K [0x00000000eab00000, 0x00000000eb280000, 0x0000000100000000)
  eden space 5632K, 0% used [0x00000000eab00000,0x00000000eab00000,0x00000000eb080000)
  from space 512K, 83% used [0x00000000eb200000,0x00000000eb26a518,0x00000000eb280000)
  to   space 512K, 0% used [0x00000000eb100000,0x00000000eb100000,0x00000000eb180000)
 ParOldGen       total 96256K, used 95939K [0x00000000c0000000, 0x00000000c5e00000, 0x00000000eab00000)
  object space 96256K, 99% used [0x00000000c0000000,0x00000000c5db0c00,0x00000000c5e00000)
 Metaspace       used 56744K, committed 58048K, reserved 1114112K
  class space    used 5901K, committed 6464K, reserved 1048576K
}
Event: 33.763 GC heap before
{Heap before GC invocations=173 (full 2):
 PSYoungGen      total 6144K, used 6057K [0x00000000eab00000, 0x00000000eb280000, 0x0000000100000000)
  eden space 5632K, 100% used [0x00000000eab00000,0x00000000eb080000,0x00000000eb080000)
  from space 512K, 83% used [0x00000000eb200000,0x00000000eb26a518,0x00000000eb280000)
  to   space 512K, 0% used [0x00000000eb100000,0x00000000eb100000,0x00000000eb180000)
 ParOldGen       total 96256K, used 95939K [0x00000000c0000000, 0x00000000c5e00000, 0x00000000eab00000)
  object space 96256K, 99% used [0x00000000c0000000,0x00000000c5db0c00,0x00000000c5e00000)
 Metaspace       used 56757K, committed 58048K, reserved 1114112K
  class space    used 5901K, committed 6464K, reserved 1048576K
}
Event: 33.765 GC heap after
{Heap after GC invocations=173 (full 2):
 PSYoungGen      total 6144K, used 512K [0x00000000eab00000, 0x00000000eb380000, 0x0000000100000000)
  eden space 5632K, 0% used [0x00000000eab00000,0x00000000eab00000,0x00000000eb080000)
  from space 512K, 100% used [0x00000000eb100000,0x00000000eb180000,0x00000000eb180000)
  to   space 1536K, 0% used [0x00000000eb200000,0x00000000eb200000,0x00000000eb380000)
 ParOldGen       total 96768K, used 96525K [0x00000000c0000000, 0x00000000c5e80000, 0x00000000eab00000)
  object space 96768K, 99% used [0x00000000c0000000,0x00000000c5e43468,0x00000000c5e80000)
 Metaspace       used 56757K, committed 58048K, reserved 1114112K
  class space    used 5901K, committed 6464K, reserved 1048576K
}
Event: 33.870 GC heap before
{Heap before GC invocations=174 (full 2):
 PSYoungGen      total 6144K, used 6144K [0x00000000eab00000, 0x00000000eb380000, 0x0000000100000000)
  eden space 5632K, 100% used [0x00000000eab00000,0x00000000eb080000,0x00000000eb080000)
  from space 512K, 100% used [0x00000000eb100000,0x00000000eb180000,0x00000000eb180000)
  to   space 1536K, 0% used [0x00000000eb200000,0x00000000eb200000,0x00000000eb380000)
 ParOldGen       total 96768K, used 96525K [0x00000000c0000000, 0x00000000c5e80000, 0x00000000eab00000)
  object space 96768K, 99% used [0x00000000c0000000,0x00000000c5e43468,0x00000000c5e80000)
 Metaspace       used 56767K, committed 58112K, reserved 1114112K
  class space    used 5901K, committed 6464K, reserved 1048576K
}
Event: 33.873 GC heap after
{Heap after GC invocations=174 (full 2):
 PSYoungGen      total 6656K, used 800K [0x00000000eab00000, 0x00000000eb300000, 0x0000000100000000)
  eden space 5632K, 0% used [0x00000000eab00000,0x00000000eab00000,0x00000000eb080000)
  from space 1024K, 78% used [0x00000000eb200000,0x00000000eb2c8000,0x00000000eb300000)
  to   space 1024K, 0% used [0x00000000eb100000,0x00000000eb100000,0x00000000eb200000)
 ParOldGen       total 97280K, used 96993K [0x00000000c0000000, 0x00000000c5f00000, 0x00000000eab00000)
  object space 97280K, 99% used [0x00000000c0000000,0x00000000c5eb8678,0x00000000c5f00000)
 Metaspace       used 56767K, committed 58112K, reserved 1114112K
  class space    used 5901K, committed 6464K, reserved 1048576K
}
Event: 34.247 GC heap before
{Heap before GC invocations=175 (full 2):
 PSYoungGen      total 6656K, used 6432K [0x00000000eab00000, 0x00000000eb300000, 0x0000000100000000)
  eden space 5632K, 100% used [0x00000000eab00000,0x00000000eb080000,0x00000000eb080000)
  from space 1024K, 78% used [0x00000000eb200000,0x00000000eb2c8000,0x00000000eb300000)
  to   space 1024K, 0% used [0x00000000eb100000,0x00000000eb100000,0x00000000eb200000)
 ParOldGen       total 97280K, used 96993K [0x00000000c0000000, 0x00000000c5f00000, 0x00000000eab00000)
  object space 97280K, 99% used [0x00000000c0000000,0x00000000c5eb8678,0x00000000c5f00000)
 Metaspace       used 56770K, committed 58112K, reserved 1114112K
  class space    used 5901K, committed 6464K, reserved 1048576K
}
Event: 34.250 GC heap after
{Heap after GC invocations=175 (full 2):
 PSYoungGen      total 6656K, used 576K [0x00000000eab00000, 0x00000000eb280000, 0x0000000100000000)
  eden space 5632K, 0% used [0x00000000eab00000,0x00000000eab00000,0x00000000eb080000)
  from space 1024K, 56% used [0x00000000eb100000,0x00000000eb190000,0x00000000eb200000)
  to   space 512K, 0% used [0x00000000eb200000,0x00000000eb200000,0x00000000eb280000)
 ParOldGen       total 97792K, used 97302K [0x00000000c0000000, 0x00000000c5f80000, 0x00000000eab00000)
  object space 97792K, 99% used [0x00000000c0000000,0x00000000c5f05b88,0x00000000c5f80000)
 Metaspace       used 56770K, committed 58112K, reserved 1114112K
  class space    used 5901K, committed 6464K, reserved 1048576K
}
Event: 34.376 GC heap before
{Heap before GC invocations=176 (full 2):
 PSYoungGen      total 6656K, used 6208K [0x00000000eab00000, 0x00000000eb280000, 0x0000000100000000)
  eden space 5632K, 100% used [0x00000000eab00000,0x00000000eb080000,0x00000000eb080000)
  from space 1024K, 56% used [0x00000000eb100000,0x00000000eb190000,0x00000000eb200000)
  to   space 512K, 0% used [0x00000000eb200000,0x00000000eb200000,0x00000000eb280000)
 ParOldGen       total 97792K, used 97302K [0x00000000c0000000, 0x00000000c5f80000, 0x00000000eab00000)
  object space 97792K, 99% used [0x00000000c0000000,0x00000000c5f05b88,0x00000000c5f80000)
 Metaspace       used 56787K, committed 58112K, reserved 1114112K
  class space    used 5901K, committed 6464K, reserved 1048576K
}
Event: 34.377 GC heap after
{Heap after GC invocations=176 (full 2):
 PSYoungGen      total 6144K, used 512K [0x00000000eab00000, 0x00000000eb380000, 0x0000000100000000)
  eden space 5632K, 0% used [0x00000000eab00000,0x00000000eab00000,0x00000000eb080000)
  from space 512K, 100% used [0x00000000eb200000,0x00000000eb280000,0x00000000eb280000)
  to   space 1536K, 0% used [0x00000000eb080000,0x00000000eb080000,0x00000000eb200000)
 ParOldGen       total 98304K, used 97838K [0x00000000c0000000, 0x00000000c6000000, 0x00000000eab00000)
  object space 98304K, 99% used [0x00000000c0000000,0x00000000c5f8bb88,0x00000000c6000000)
 Metaspace       used 56787K, committed 58112K, reserved 1114112K
  class space    used 5901K, committed 6464K, reserved 1048576K
}
Event: 34.484 GC heap before
{Heap before GC invocations=177 (full 2):
 PSYoungGen      total 6144K, used 6144K [0x00000000eab00000, 0x00000000eb380000, 0x0000000100000000)
  eden space 5632K, 100% used [0x00000000eab00000,0x00000000eb080000,0x00000000eb080000)
  from space 512K, 100% used [0x00000000eb200000,0x00000000eb280000,0x00000000eb280000)
  to   space 1536K, 0% used [0x00000000eb080000,0x00000000eb080000,0x00000000eb200000)
 ParOldGen       total 98304K, used 97838K [0x00000000c0000000, 0x00000000c6000000, 0x00000000eab00000)
  object space 98304K, 99% used [0x00000000c0000000,0x00000000c5f8bb88,0x00000000c6000000)
 Metaspace       used 56810K, committed 58112K, reserved 1114112K
  class space    used 5901K, committed 6464K, reserved 1048576K
}
Event: 34.485 GC heap after
{Heap after GC invocations=177 (full 2):
 PSYoungGen      total 6656K, used 928K [0x00000000eab00000, 0x00000000eb280000, 0x0000000100000000)
  eden space 5632K, 0% used [0x00000000eab00000,0x00000000eab00000,0x00000000eb080000)
  from space 1024K, 90% used [0x00000000eb080000,0x00000000eb168000,0x00000000eb180000)
  to   space 1024K, 0% used [0x00000000eb180000,0x00000000eb180000,0x00000000eb280000)
 ParOldGen       total 98304K, used 98190K [0x00000000c0000000, 0x00000000c6000000, 0x00000000eab00000)
  object space 98304K, 99% used [0x00000000c0000000,0x00000000c5fe3b88,0x00000000c6000000)
 Metaspace       used 56810K, committed 58112K, reserved 1114112K
  class space    used 5901K, committed 6464K, reserved 1048576K
}
Event: 34.664 GC heap before
{Heap before GC invocations=178 (full 2):
 PSYoungGen      total 6656K, used 6560K [0x00000000eab00000, 0x00000000eb280000, 0x0000000100000000)
  eden space 5632K, 100% used [0x00000000eab00000,0x00000000eb080000,0x00000000eb080000)
  from space 1024K, 90% used [0x00000000eb080000,0x00000000eb168000,0x00000000eb180000)
  to   space 1024K, 0% used [0x00000000eb180000,0x00000000eb180000,0x00000000eb280000)
 ParOldGen       total 98304K, used 98190K [0x00000000c0000000, 0x00000000c6000000, 0x00000000eab00000)
  object space 98304K, 99% used [0x00000000c0000000,0x00000000c5fe3b88,0x00000000c6000000)
 Metaspace       used 56833K, committed 58240K, reserved 1114112K
  class space    used 5901K, committed 6464K, reserved 1048576K
}
Event: 34.666 GC heap after
{Heap after GC invocations=178 (full 2):
 PSYoungGen      total 6656K, used 800K [0x00000000eab00000, 0x00000000eb280000, 0x0000000100000000)
  eden space 5632K, 0% used [0x00000000eab00000,0x00000000eab00000,0x00000000eb080000)
  from space 1024K, 78% used [0x00000000eb180000,0x00000000eb248000,0x00000000eb280000)
  to   space 1024K, 0% used [0x00000000eb080000,0x00000000eb080000,0x00000000eb180000)
 ParOldGen       total 98816K, used 98494K [0x00000000c0000000, 0x00000000c6080000, 0x00000000eab00000)
  object space 98816K, 99% used [0x00000000c0000000,0x00000000c602fb88,0x00000000c6080000)
 Metaspace       used 56833K, committed 58240K, reserved 1114112K
  class space    used 5901K, committed 6464K, reserved 1048576K
}

