# JRE version: OpenJDK Runtime Environment Temurin-21.0.8+9 (21.0.8+9) (build 21.0.8+9-LTS)
# Java VM: OpenJDK 64-Bit Server VM Temurin-21.0.8+9 (21.0.8+9-LTS, mixed mode, sharing, tiered, compressed oops, compressed class ptrs, parallel gc, windows-amd64)
GC Precious Log:
 CardTable entry size: 512
 CPUs: 8 total, 8 available
 Memory: 40743M
 Large Page Support: Disabled
 NUMA Support: Disabled
 Compressed Oops: Enabled (32-bit)
 Alignments: Space 512K, Generation 512K, Heap 2M
 Heap Min Capacity: 100M
 Heap Initial Capacity: 100M
 Heap Max Capacity: 2G
 Pre-touch: Disabled
 Parallel Workers: 8
Heap:
 PSYoungGen      total 2048K, used 1950K [0x00000000d5580000, 0x00000000d5880000, 0x0000000100000000)
  eden space 1536K, 99% used [0x00000000d5580000,0x00000000d56fdcd0,0x00000000d5700000)
  from space 512K, 82% used [0x00000000d5800000,0x00000000d5869d58,0x00000000d5880000)
  to   space 512K, 0% used [0x00000000d5780000,0x00000000d5780000,0x00000000d5800000)
 ParOldGen       total 623616K, used 623417K [0x0000000080000000, 0x00000000a6100000, 0x00000000d5580000)
  object space 623616K, 99% used [0x0000000080000000,0x00000000a60ce760,0x00000000a6100000)
 Metaspace       used 71075K, committed 72640K, reserved 1114112K
  class space    used 7157K, committed 7872K, reserved 1048576K
GC Heap History (20 events):
Event: 155.410 GC heap before
{Heap before GC invocations=1403 (full 3):
 PSYoungGen      total 2560K, used 2464K [0x00000000d5580000, 0x00000000d5880000, 0x0000000100000000)
  eden space 2048K, 100% used [0x00000000d5580000,0x00000000d5780000,0x00000000d5780000)
  from space 512K, 81% used [0x00000000d5780000,0x00000000d57e8000,0x00000000d5800000)
  to   space 512K, 0% used [0x00000000d5800000,0x00000000d5800000,0x00000000d5880000)
 ParOldGen       total 621056K, used 620787K [0x0000000080000000, 0x00000000a5e80000, 0x00000000d5580000)
  object space 621056K, 99% used [0x0000000080000000,0x00000000a5e3cec8,0x00000000a5e80000)
 Metaspace       used 71065K, committed 72640K, reserved 1114112K
  class space    used 7157K, committed 7872K, reserved 1048576K
}
Event: 155.412 GC heap after
{Heap after GC invocations=1403 (full 3):
 PSYoungGen      total 2560K, used 354K [0x00000000d5580000, 0x00000000d5880000, 0x0000000100000000)
  eden space 2048K, 0% used [0x00000000d5580000,0x00000000d5580000,0x00000000d5780000)
  from space 512K, 69% used [0x00000000d5800000,0x00000000d58589a8,0x00000000d5880000)
  to   space 512K, 0% used [0x00000000d5780000,0x00000000d5780000,0x00000000d5800000)
 ParOldGen       total 621056K, used 621027K [0x0000000080000000, 0x00000000a5e80000, 0x00000000d5580000)
  object space 621056K, 99% used [0x0000000080000000,0x00000000a5e78ec8,0x00000000a5e80000)
 Metaspace       used 71065K, committed 72640K, reserved 1114112K
  class space    used 7157K, committed 7872K, reserved 1048576K
}
Event: 155.544 GC heap before
{Heap before GC invocations=1404 (full 3):
 PSYoungGen      total 2560K, used 2397K [0x00000000d5580000, 0x00000000d5880000, 0x0000000100000000)
  eden space 2048K, 99% used [0x00000000d5580000,0x00000000d577eac0,0x00000000d5780000)
  from space 512K, 69% used [0x00000000d5800000,0x00000000d58589a8,0x00000000d5880000)
  to   space 512K, 0% used [0x00000000d5780000,0x00000000d5780000,0x00000000d5800000)
 ParOldGen       total 621056K, used 621027K [0x0000000080000000, 0x00000000a5e80000, 0x00000000d5580000)
  object space 621056K, 99% used [0x0000000080000000,0x00000000a5e78ec8,0x00000000a5e80000)
 Metaspace       used 71066K, committed 72640K, reserved 1114112K
  class space    used 7157K, committed 7872K, reserved 1048576K
}
Event: 155.546 GC heap after
{Heap after GC invocations=1404 (full 3):
 PSYoungGen      total 2560K, used 418K [0x00000000d5580000, 0x00000000d5880000, 0x0000000100000000)
  eden space 2048K, 0% used [0x00000000d5580000,0x00000000d5580000,0x00000000d5780000)
  from space 512K, 81% used [0x00000000d5780000,0x00000000d57e8940,0x00000000d5800000)
  to   space 512K, 0% used [0x00000000d5800000,0x00000000d5800000,0x00000000d5880000)
 ParOldGen       total 621568K, used 621211K [0x0000000080000000, 0x00000000a5f00000, 0x00000000d5580000)
  object space 621568K, 99% used [0x0000000080000000,0x00000000a5ea6ec8,0x00000000a5f00000)
 Metaspace       used 71066K, committed 72640K, reserved 1114112K
  class space    used 7157K, committed 7872K, reserved 1048576K
}
Event: 155.575 GC heap before
{Heap before GC invocations=1405 (full 3):
 PSYoungGen      total 2560K, used 2466K [0x00000000d5580000, 0x00000000d5880000, 0x0000000100000000)
  eden space 2048K, 100% used [0x00000000d5580000,0x00000000d5780000,0x00000000d5780000)
  from space 512K, 81% used [0x00000000d5780000,0x00000000d57e8940,0x00000000d5800000)
  to   space 512K, 0% used [0x00000000d5800000,0x00000000d5800000,0x00000000d5880000)
 ParOldGen       total 621568K, used 621211K [0x0000000080000000, 0x00000000a5f00000, 0x00000000d5580000)
  object space 621568K, 99% used [0x0000000080000000,0x00000000a5ea6ec8,0x00000000a5f00000)
 Metaspace       used 71066K, committed 72640K, reserved 1114112K
  class space    used 7157K, committed 7872K, reserved 1048576K
}
Event: 155.577 GC heap after
{Heap after GC invocations=1405 (full 3):
 PSYoungGen      total 2560K, used 315K [0x00000000d5580000, 0x00000000d5880000, 0x0000000100000000)
  eden space 2048K, 0% used [0x00000000d5580000,0x00000000d5580000,0x00000000d5780000)
  from space 512K, 61% used [0x00000000d5800000,0x00000000d584ee88,0x00000000d5880000)
  to   space 512K, 0% used [0x00000000d5780000,0x00000000d5780000,0x00000000d5800000)
 ParOldGen       total 621568K, used 621465K [0x0000000080000000, 0x00000000a5f00000, 0x00000000d5580000)
  object space 621568K, 99% used [0x0000000080000000,0x00000000a5ee66d0,0x00000000a5f00000)
 Metaspace       used 71066K, committed 72640K, reserved 1114112K
  class space    used 7157K, committed 7872K, reserved 1048576K
}
Event: 155.606 GC heap before
{Heap before GC invocations=1406 (full 3):
 PSYoungGen      total 2560K, used 2363K [0x00000000d5580000, 0x00000000d5880000, 0x0000000100000000)
  eden space 2048K, 100% used [0x00000000d5580000,0x00000000d5780000,0x00000000d5780000)
  from space 512K, 61% used [0x00000000d5800000,0x00000000d584ee88,0x00000000d5880000)
  to   space 512K, 0% used [0x00000000d5780000,0x00000000d5780000,0x00000000d5800000)
 ParOldGen       total 621568K, used 621465K [0x0000000080000000, 0x00000000a5f00000, 0x00000000d5580000)
  object space 621568K, 99% used [0x0000000080000000,0x00000000a5ee66d0,0x00000000a5f00000)
 Metaspace       used 71066K, committed 72640K, reserved 1114112K
  class space    used 7157K, committed 7872K, reserved 1048576K
}
Event: 155.608 GC heap after
{Heap after GC invocations=1406 (full 3):
 PSYoungGen      total 2560K, used 320K [0x00000000d5580000, 0x00000000d5880000, 0x0000000100000000)
  eden space 2048K, 0% used [0x00000000d5580000,0x00000000d5580000,0x00000000d5780000)
  from space 512K, 62% used [0x00000000d5780000,0x00000000d57d0000,0x00000000d5800000)
  to   space 512K, 0% used [0x00000000d5800000,0x00000000d5800000,0x00000000d5880000)
 ParOldGen       total 622080K, used 621639K [0x0000000080000000, 0x00000000a5f80000, 0x00000000d5580000)
  object space 622080K, 99% used [0x0000000080000000,0x00000000a5f11db8,0x00000000a5f80000)
 Metaspace       used 71066K, committed 72640K, reserved 1114112K
  class space    used 7157K, committed 7872K, reserved 1048576K
}
Event: 155.638 GC heap before
{Heap before GC invocations=1407 (full 3):
 PSYoungGen      total 2560K, used 2368K [0x00000000d5580000, 0x00000000d5880000, 0x0000000100000000)
  eden space 2048K, 100% used [0x00000000d5580000,0x00000000d5780000,0x00000000d5780000)
  from space 512K, 62% used [0x00000000d5780000,0x00000000d57d0000,0x00000000d5800000)
  to   space 512K, 0% used [0x00000000d5800000,0x00000000d5800000,0x00000000d5880000)
 ParOldGen       total 622080K, used 621639K [0x0000000080000000, 0x00000000a5f80000, 0x00000000d5580000)
  object space 622080K, 99% used [0x0000000080000000,0x00000000a5f11db8,0x00000000a5f80000)
 Metaspace       used 71070K, committed 72640K, reserved 1114112K
  class space    used 7157K, committed 7872K, reserved 1048576K
}
Event: 155.640 GC heap after
{Heap after GC invocations=1407 (full 3):
 PSYoungGen      total 2560K, used 416K [0x00000000d5580000, 0x00000000d5880000, 0x0000000100000000)
  eden space 2048K, 0% used [0x00000000d5580000,0x00000000d5580000,0x00000000d5780000)
  from space 512K, 81% used [0x00000000d5800000,0x00000000d5868000,0x00000000d5880000)
  to   space 512K, 0% used [0x00000000d5780000,0x00000000d5780000,0x00000000d5800000)
 ParOldGen       total 622080K, used 621799K [0x0000000080000000, 0x00000000a5f80000, 0x00000000d5580000)
  object space 622080K, 99% used [0x0000000080000000,0x00000000a5f39db8,0x00000000a5f80000)
 Metaspace       used 71070K, committed 72640K, reserved 1114112K
  class space    used 7157K, committed 7872K, reserved 1048576K
}
Event: 155.643 GC heap before
{Heap before GC invocations=1408 (full 3):
 PSYoungGen      total 2560K, used 2463K [0x00000000d5580000, 0x00000000d5880000, 0x0000000100000000)
  eden space 2048K, 99% used [0x00000000d5580000,0x00000000d577ffd8,0x00000000d5780000)
  from space 512K, 81% used [0x00000000d5800000,0x00000000d5868000,0x00000000d5880000)
  to   space 512K, 0% used [0x00000000d5780000,0x00000000d5780000,0x00000000d5800000)
 ParOldGen       total 622080K, used 621799K [0x0000000080000000, 0x00000000a5f80000, 0x00000000d5580000)
  object space 622080K, 99% used [0x0000000080000000,0x00000000a5f39db8,0x00000000a5f80000)
 Metaspace       used 71072K, committed 72640K, reserved 1114112K
  class space    used 7157K, committed 7872K, reserved 1048576K
}
Event: 155.646 GC heap after
{Heap after GC invocations=1408 (full 3):
 PSYoungGen      total 2560K, used 256K [0x00000000d5580000, 0x00000000d5880000, 0x0000000100000000)
  eden space 2048K, 0% used [0x00000000d5580000,0x00000000d5580000,0x00000000d5780000)
  from space 512K, 50% used [0x00000000d5780000,0x00000000d57c0000,0x00000000d5800000)
  to   space 512K, 0% used [0x00000000d5800000,0x00000000d5800000,0x00000000d5880000)
 ParOldGen       total 622080K, used 622031K [0x0000000080000000, 0x00000000a5f80000, 0x00000000d5580000)
  object space 622080K, 99% used [0x0000000080000000,0x00000000a5f73db8,0x00000000a5f80000)
 Metaspace       used 71072K, committed 72640K, reserved 1114112K
  class space    used 7157K, committed 7872K, reserved 1048576K
}
Event: 155.685 GC heap before
{Heap before GC invocations=1409 (full 3):
 PSYoungGen      total 2560K, used 2304K [0x00000000d5580000, 0x00000000d5880000, 0x0000000100000000)
  eden space 2048K, 100% used [0x00000000d5580000,0x00000000d5780000,0x00000000d5780000)
  from space 512K, 50% used [0x00000000d5780000,0x00000000d57c0000,0x00000000d5800000)
  to   space 512K, 0% used [0x00000000d5800000,0x00000000d5800000,0x00000000d5880000)
 ParOldGen       total 622080K, used 622031K [0x0000000080000000, 0x00000000a5f80000, 0x00000000d5580000)
  object space 622080K, 99% used [0x0000000080000000,0x00000000a5f73db8,0x00000000a5f80000)
 Metaspace       used 71073K, committed 72640K, reserved 1114112K
  class space    used 7157K, committed 7872K, reserved 1048576K
}
Event: 155.688 GC heap after
{Heap after GC invocations=1409 (full 3):
 PSYoungGen      total 2048K, used 495K [0x00000000d5580000, 0x00000000d5980000, 0x0000000100000000)
  eden space 1536K, 0% used [0x00000000d5580000,0x00000000d5580000,0x00000000d5700000)
  from space 512K, 96% used [0x00000000d5800000,0x00000000d587beb0,0x00000000d5880000)
  to   space 1024K, 0% used [0x00000000d5700000,0x00000000d5700000,0x00000000d5800000)
 ParOldGen       total 622592K, used 622175K [0x0000000080000000, 0x00000000a6000000, 0x00000000d5580000)
  object space 622592K, 99% used [0x0000000080000000,0x00000000a5f97db8,0x00000000a6000000)
 Metaspace       used 71073K, committed 72640K, reserved 1114112K
  class space    used 7157K, committed 7872K, reserved 1048576K
}
Event: 155.691 GC heap before
{Heap before GC invocations=1410 (full 3):
 PSYoungGen      total 2048K, used 2031K [0x00000000d5580000, 0x00000000d5980000, 0x0000000100000000)
  eden space 1536K, 99% used [0x00000000d5580000,0x00000000d56ffff0,0x00000000d5700000)
  from space 512K, 96% used [0x00000000d5800000,0x00000000d587beb0,0x00000000d5880000)
  to   space 1024K, 0% used [0x00000000d5700000,0x00000000d5700000,0x00000000d5800000)
 ParOldGen       total 622592K, used 622175K [0x0000000080000000, 0x00000000a6000000, 0x00000000d5580000)
  object space 622592K, 99% used [0x0000000080000000,0x00000000a5f97db8,0x00000000a6000000)
 Metaspace       used 71073K, committed 72640K, reserved 1114112K
  class space    used 7157K, committed 7872K, reserved 1048576K
}
Event: 155.693 GC heap after
{Heap after GC invocations=1410 (full 3):
 PSYoungGen      total 2560K, used 288K [0x00000000d5580000, 0x00000000d5880000, 0x0000000100000000)
  eden space 1536K, 0% used [0x00000000d5580000,0x00000000d5580000,0x00000000d5700000)
  from space 1024K, 28% used [0x00000000d5700000,0x00000000d5748000,0x00000000d5800000)
  to   space 512K, 0% used [0x00000000d5800000,0x00000000d5800000,0x00000000d5880000)
 ParOldGen       total 622592K, used 622503K [0x0000000080000000, 0x00000000a6000000, 0x00000000d5580000)
  object space 622592K, 99% used [0x0000000080000000,0x00000000a5fe9ce8,0x00000000a6000000)
 Metaspace       used 71073K, committed 72640K, reserved 1114112K
  class space    used 7157K, committed 7872K, reserved 1048576K
}
Event: 155.733 GC heap before
{Heap before GC invocations=1411 (full 3):
 PSYoungGen      total 2560K, used 1824K [0x00000000d5580000, 0x00000000d5880000, 0x0000000100000000)
  eden space 1536K, 100% used [0x00000000d5580000,0x00000000d5700000,0x00000000d5700000)
  from space 1024K, 28% used [0x00000000d5700000,0x00000000d5748000,0x00000000d5800000)
  to   space 512K, 0% used [0x00000000d5800000,0x00000000d5800000,0x00000000d5880000)
 ParOldGen       total 622592K, used 622503K [0x0000000080000000, 0x00000000a6000000, 0x00000000d5580000)
  object space 622592K, 99% used [0x0000000080000000,0x00000000a5fe9ce8,0x00000000a6000000)
 Metaspace       used 71073K, committed 72640K, reserved 1114112K
  class space    used 7157K, committed 7872K, reserved 1048576K
}
Event: 155.736 GC heap after
{Heap after GC invocations=1411 (full 3):
 PSYoungGen      total 2048K, used 304K [0x00000000d5580000, 0x00000000d5880000, 0x0000000100000000)
  eden space 1536K, 0% used [0x00000000d5580000,0x00000000d5580000,0x00000000d5700000)
  from space 512K, 59% used [0x00000000d5800000,0x00000000d584c010,0x00000000d5880000)
  to   space 512K, 0% used [0x00000000d5780000,0x00000000d5780000,0x00000000d5800000)
 ParOldGen       total 623104K, used 622623K [0x0000000080000000, 0x00000000a6080000, 0x00000000d5580000)
  object space 623104K, 99% used [0x0000000080000000,0x00000000a6007ce8,0x00000000a6080000)
 Metaspace       used 71073K, committed 72640K, reserved 1114112K
  class space    used 7157K, committed 7872K, reserved 1048576K
}
Event: 155.749 GC heap before
{Heap before GC invocations=1412 (full 3):
 PSYoungGen      total 2048K, used 1840K [0x00000000d5580000, 0x00000000d5880000, 0x0000000100000000)
  eden space 1536K, 100% used [0x00000000d5580000,0x00000000d5700000,0x00000000d5700000)
  from space 512K, 59% used [0x00000000d5800000,0x00000000d584c010,0x00000000d5880000)
  to   space 512K, 0% used [0x00000000d5780000,0x00000000d5780000,0x00000000d5800000)
 ParOldGen       total 623104K, used 622623K [0x0000000080000000, 0x00000000a6080000, 0x00000000d5580000)
  object space 623104K, 99% used [0x0000000080000000,0x00000000a6007ce8,0x00000000a6080000)
 Metaspace       used 71073K, committed 72640K, reserved 1114112K
  class space    used 7157K, committed 7872K, reserved 1048576K
}
Event: 155.751 GC heap after
{Heap after GC invocations=1412 (full 3):
 PSYoungGen      total 2048K, used 224K [0x00000000d5580000, 0x00000000d5880000, 0x0000000100000000)
  eden space 1536K, 0% used [0x00000000d5580000,0x00000000d5580000,0x00000000d5700000)
  from space 512K, 43% used [0x00000000d5780000,0x00000000d57b8000,0x00000000d5800000)
  to   space 512K, 0% used [0x00000000d5800000,0x00000000d5800000,0x00000000d5880000)
 ParOldGen       total 623104K, used 622751K [0x0000000080000000, 0x00000000a6080000, 0x00000000d5580000)
  object space 623104K, 99% used [0x0000000080000000,0x00000000a6027ce8,0x00000000a6080000)
 Metaspace       used 71073K, committed 72640K, reserved 1114112K
  class space    used 7157K, committed 7872K, reserved 1048576K
}

