# JRE version: Java(TM) SE Runtime Environment (17.0.15+9) (build 17.0.15+9-LTS-241)
# Java VM: Java HotSpot(TM) 64-Bit Server VM (17.0.15+9-LTS-241, mixed mode, sharing, tiered, compressed oops, compressed class ptrs, g1 gc, windows-amd64)
GC Precious Log:
 CPUs: 8 total, 8 available
 Memory: 40743M
 Large Page Support: Disabled
 NUMA Support: Disabled
 Compressed Oops: Enabled (Zero based)
 Heap Region Size: 8M
 Heap Min Capacity: 8M
 Heap Initial Capacity: 640M
 Heap Max Capacity: 10192M
 Pre-touch: Disabled
 Parallel Workers: 8
 Concurrent Workers: 2
 Concurrent Refinement Workers: 8
 Periodic GC: Disabled
Heap:
 garbage-first heap   total 196608K, used 84078K [0x0000000583000000, 0x0000000800000000)
  region size 8192K, 4 young (32768K), 1 survivors (8192K)
 Metaspace       used 106774K, committed 107520K, reserved 1179648K
  class space    used 14038K, committed 14400K, reserved 1048576K
GC Heap History (20 events):
Event: 11317.805 GC heap before
{Heap before GC invocations=30 (full 0):
 garbage-first heap   total 196608K, used 157662K [0x0000000583000000, 0x0000000800000000)
  region size 8192K, 12 young (98304K), 1 survivors (8192K)
 Metaspace       used 106078K, committed 106880K, reserved 1179648K
  class space    used 14023K, committed 14400K, reserved 1048576K
}
Event: 11317.817 GC heap after
{Heap after GC invocations=31 (full 0):
 garbage-first heap   total 196608K, used 68747K [0x0000000583000000, 0x0000000800000000)
  region size 8192K, 2 young (16384K), 2 survivors (16384K)
 Metaspace       used 106078K, committed 106880K, reserved 1179648K
  class space    used 14023K, committed 14400K, reserved 1048576K
}
Event: 12359.582 GC heap before
{Heap before GC invocations=31 (full 0):
 garbage-first heap   total 196608K, used 142475K [0x0000000583000000, 0x0000000800000000)
  region size 8192K, 11 young (90112K), 2 survivors (16384K)
 Metaspace       used 106139K, committed 106880K, reserved 1179648K
  class space    used 14023K, committed 14400K, reserved 1048576K
}
Event: 12359.591 GC heap after
{Heap after GC invocations=32 (full 0):
 garbage-first heap   total 196608K, used 66946K [0x0000000583000000, 0x0000000800000000)
  region size 8192K, 1 young (8192K), 1 survivors (8192K)
 Metaspace       used 106139K, committed 106880K, reserved 1179648K
  class space    used 14023K, committed 14400K, reserved 1048576K
}
Event: 13544.549 GC heap before
{Heap before GC invocations=32 (full 0):
 garbage-first heap   total 196608K, used 157058K [0x0000000583000000, 0x0000000800000000)
  region size 8192K, 12 young (98304K), 1 survivors (8192K)
 Metaspace       used 106205K, committed 106944K, reserved 1179648K
  class space    used 14023K, committed 14400K, reserved 1048576K
}
Event: 13544.557 GC heap after
{Heap after GC invocations=33 (full 0):
 garbage-first heap   total 196608K, used 67799K [0x0000000583000000, 0x0000000800000000)
  region size 8192K, 1 young (8192K), 1 survivors (8192K)
 Metaspace       used 106205K, committed 106944K, reserved 1179648K
  class space    used 14023K, committed 14400K, reserved 1048576K
}
Event: 14725.566 GC heap before
{Heap before GC invocations=33 (full 0):
 garbage-first heap   total 196608K, used 157911K [0x0000000583000000, 0x0000000800000000)
  region size 8192K, 12 young (98304K), 1 survivors (8192K)
 Metaspace       used 106239K, committed 107008K, reserved 1179648K
  class space    used 14023K, committed 14400K, reserved 1048576K
}
Event: 14725.578 GC heap after
{Heap after GC invocations=34 (full 0):
 garbage-first heap   total 196608K, used 67890K [0x0000000583000000, 0x0000000800000000)
  region size 8192K, 1 young (8192K), 1 survivors (8192K)
 Metaspace       used 106239K, committed 107008K, reserved 1179648K
  class space    used 14023K, committed 14400K, reserved 1048576K
}
Event: 15995.848 GC heap before
{Heap before GC invocations=34 (full 0):
 garbage-first heap   total 196608K, used 158002K [0x0000000583000000, 0x0000000800000000)
  region size 8192K, 12 young (98304K), 1 survivors (8192K)
 Metaspace       used 106346K, committed 107136K, reserved 1179648K
  class space    used 14023K, committed 14400K, reserved 1048576K
}
Event: 15995.871 GC heap after
{Heap after GC invocations=35 (full 0):
 garbage-first heap   total 196608K, used 66981K [0x0000000583000000, 0x0000000800000000)
  region size 8192K, 1 young (8192K), 1 survivors (8192K)
 Metaspace       used 106346K, committed 107136K, reserved 1179648K
  class space    used 14023K, committed 14400K, reserved 1048576K
}
Event: 17237.567 GC heap before
{Heap before GC invocations=35 (full 0):
 garbage-first heap   total 196608K, used 157093K [0x0000000583000000, 0x0000000800000000)
  region size 8192K, 12 young (98304K), 1 survivors (8192K)
 Metaspace       used 106393K, committed 107200K, reserved 1179648K
  class space    used 14023K, committed 14400K, reserved 1048576K
}
Event: 17237.581 GC heap after
{Heap after GC invocations=36 (full 0):
 garbage-first heap   total 196608K, used 67645K [0x0000000583000000, 0x0000000800000000)
  region size 8192K, 1 young (8192K), 1 survivors (8192K)
 Metaspace       used 106393K, committed 107200K, reserved 1179648K
  class space    used 14023K, committed 14400K, reserved 1048576K
}
Event: 18437.872 GC heap before
{Heap before GC invocations=36 (full 0):
 garbage-first heap   total 196608K, used 157757K [0x0000000583000000, 0x0000000800000000)
  region size 8192K, 12 young (98304K), 1 survivors (8192K)
 Metaspace       used 106433K, committed 107200K, reserved 1179648K
  class space    used 14023K, committed 14400K, reserved 1048576K
}
Event: 18437.877 GC heap after
{Heap after GC invocations=37 (full 0):
 garbage-first heap   total 196608K, used 68087K [0x0000000583000000, 0x0000000800000000)
  region size 8192K, 1 young (8192K), 1 survivors (8192K)
 Metaspace       used 106433K, committed 107200K, reserved 1179648K
  class space    used 14023K, committed 14400K, reserved 1048576K
}
Event: 19642.603 GC heap before
{Heap before GC invocations=37 (full 0):
 garbage-first heap   total 196608K, used 158199K [0x0000000583000000, 0x0000000800000000)
  region size 8192K, 12 young (98304K), 1 survivors (8192K)
 Metaspace       used 106493K, committed 107264K, reserved 1179648K
  class space    used 14023K, committed 14400K, reserved 1048576K
}
Event: 19642.612 GC heap after
{Heap after GC invocations=38 (full 0):
 garbage-first heap   total 196608K, used 68028K [0x0000000583000000, 0x0000000800000000)
  region size 8192K, 1 young (8192K), 1 survivors (8192K)
 Metaspace       used 106493K, committed 107264K, reserved 1179648K
  class space    used 14023K, committed 14400K, reserved 1048576K
}
Event: 20927.605 GC heap before
{Heap before GC invocations=38 (full 0):
 garbage-first heap   total 196608K, used 158140K [0x0000000583000000, 0x0000000800000000)
  region size 8192K, 12 young (98304K), 1 survivors (8192K)
 Metaspace       used 106504K, committed 107328K, reserved 1179648K
  class space    used 14023K, committed 14400K, reserved 1048576K
}
Event: 20927.608 GC heap after
{Heap after GC invocations=39 (full 0):
 garbage-first heap   total 196608K, used 66956K [0x0000000583000000, 0x0000000800000000)
  region size 8192K, 1 young (8192K), 1 survivors (8192K)
 Metaspace       used 106504K, committed 107328K, reserved 1179648K
  class space    used 14023K, committed 14400K, reserved 1048576K
}
Event: 22135.175 GC heap before
{Heap before GC invocations=39 (full 0):
 garbage-first heap   total 196608K, used 157068K [0x0000000583000000, 0x0000000800000000)
  region size 8192K, 12 young (98304K), 1 survivors (8192K)
 Metaspace       used 106665K, committed 107456K, reserved 1179648K
  class space    used 14037K, committed 14400K, reserved 1048576K
}
Event: 22135.182 GC heap after
{Heap after GC invocations=40 (full 0):
 garbage-first heap   total 196608K, used 67694K [0x0000000583000000, 0x0000000800000000)
  region size 8192K, 1 young (8192K), 1 survivors (8192K)
 Metaspace       used 106665K, committed 107456K, reserved 1179648K
  class space    used 14037K, committed 14400K, reserved 1048576K
}

