# JRE version: Java(TM) SE Runtime Environment (17.0.15+9) (build 17.0.15+9-LTS-241)
# Java VM: Java HotSpot(TM) 64-Bit Server VM (17.0.15+9-LTS-241, mixed mode, sharing, tiered, compressed oops, compressed class ptrs, g1 gc, windows-amd64)
GC Precious Log:
 CPUs: 8 total, 8 available
 Memory: 40743M
 Large Page Support: Disabled
 NUMA Support: Disabled
 Compressed Oops: Enabled (Zero based)
 Heap Region Size: 8M
 Heap Min Capacity: 8M
 Heap Initial Capacity: 640M
 Heap Max Capacity: 10192M
 Pre-touch: Disabled
 Parallel Workers: 8
 Concurrent Workers: 2
 Concurrent Refinement Workers: 8
 Periodic GC: Disabled
Heap:
 garbage-first heap   total 81920K, used 47299K [0x0000000583000000, 0x0000000800000000)
  region size 8192K, 4 young (32768K), 1 survivors (8192K)
 Metaspace       used 57593K, committed 58176K, reserved 1114112K
  class space    used 7484K, committed 7744K, reserved 1048576K
GC Heap History (20 events):
Event: 1187.290 GC heap before
{Heap before GC invocations=15 (full 0):
 garbage-first heap   total 81920K, used 54013K [0x0000000583000000, 0x0000000800000000)
  region size 8192K, 4 young (32768K), 1 survivors (8192K)
 Metaspace       used 55718K, committed 56192K, reserved 1114112K
  class space    used 7473K, committed 7680K, reserved 1048576K
}
Event: 1187.303 GC heap after
{Heap after GC invocations=16 (full 0):
 garbage-first heap   total 81920K, used 30405K [0x0000000583000000, 0x0000000800000000)
  region size 8192K, 1 young (8192K), 1 survivors (8192K)
 Metaspace       used 55718K, committed 56192K, reserved 1114112K
  class space    used 7473K, committed 7680K, reserved 1048576K
}
Event: 2073.454 GC heap before
{Heap before GC invocations=16 (full 0):
 garbage-first heap   total 81920K, used 54981K [0x0000000583000000, 0x0000000800000000)
  region size 8192K, 4 young (32768K), 1 survivors (8192K)
 Metaspace       used 56347K, committed 56896K, reserved 1114112K
  class space    used 7481K, committed 7744K, reserved 1048576K
}
Event: 2073.463 GC heap after
{Heap after GC invocations=17 (full 0):
 garbage-first heap   total 81920K, used 30894K [0x0000000583000000, 0x0000000800000000)
  region size 8192K, 1 young (8192K), 1 survivors (8192K)
 Metaspace       used 56347K, committed 56896K, reserved 1114112K
  class space    used 7481K, committed 7744K, reserved 1048576K
}
Event: 3085.404 GC heap before
{Heap before GC invocations=17 (full 0):
 garbage-first heap   total 81920K, used 55470K [0x0000000583000000, 0x0000000800000000)
  region size 8192K, 4 young (32768K), 1 survivors (8192K)
 Metaspace       used 56534K, committed 57088K, reserved 1114112K
  class space    used 7481K, committed 7744K, reserved 1048576K
}
Event: 3085.409 GC heap after
{Heap after GC invocations=18 (full 0):
 garbage-first heap   total 81920K, used 30784K [0x0000000583000000, 0x0000000800000000)
  region size 8192K, 1 young (8192K), 1 survivors (8192K)
 Metaspace       used 56534K, committed 57088K, reserved 1114112K
  class space    used 7481K, committed 7744K, reserved 1048576K
}
Event: 4041.427 GC heap before
{Heap before GC invocations=18 (full 0):
 garbage-first heap   total 81920K, used 55360K [0x0000000583000000, 0x0000000800000000)
  region size 8192K, 4 young (32768K), 1 survivors (8192K)
 Metaspace       used 56814K, committed 57408K, reserved 1114112K
  class space    used 7482K, committed 7744K, reserved 1048576K
}
Event: 4041.433 GC heap after
{Heap after GC invocations=19 (full 0):
 garbage-first heap   total 81920K, used 30717K [0x0000000583000000, 0x0000000800000000)
  region size 8192K, 1 young (8192K), 1 survivors (8192K)
 Metaspace       used 56814K, committed 57408K, reserved 1114112K
  class space    used 7482K, committed 7744K, reserved 1048576K
}
Event: 4966.411 GC heap before
{Heap before GC invocations=19 (full 0):
 garbage-first heap   total 81920K, used 55293K [0x0000000583000000, 0x0000000800000000)
  region size 8192K, 4 young (32768K), 1 survivors (8192K)
 Metaspace       used 56945K, committed 57536K, reserved 1114112K
  class space    used 7483K, committed 7744K, reserved 1048576K
}
Event: 4966.419 GC heap after
{Heap after GC invocations=20 (full 0):
 garbage-first heap   total 81920K, used 30953K [0x0000000583000000, 0x0000000800000000)
  region size 8192K, 1 young (8192K), 1 survivors (8192K)
 Metaspace       used 56945K, committed 57536K, reserved 1114112K
  class space    used 7483K, committed 7744K, reserved 1048576K
}
Event: 5958.654 GC heap before
{Heap before GC invocations=20 (full 0):
 garbage-first heap   total 81920K, used 55529K [0x0000000583000000, 0x0000000800000000)
  region size 8192K, 4 young (32768K), 1 survivors (8192K)
 Metaspace       used 57082K, committed 57664K, reserved 1114112K
  class space    used 7483K, committed 7744K, reserved 1048576K
}
Event: 5958.661 GC heap after
{Heap after GC invocations=21 (full 0):
 garbage-first heap   total 81920K, used 31018K [0x0000000583000000, 0x0000000800000000)
  region size 8192K, 1 young (8192K), 1 survivors (8192K)
 Metaspace       used 57082K, committed 57664K, reserved 1114112K
  class space    used 7483K, committed 7744K, reserved 1048576K
}
Event: 6930.426 GC heap before
{Heap before GC invocations=21 (full 0):
 garbage-first heap   total 81920K, used 55594K [0x0000000583000000, 0x0000000800000000)
  region size 8192K, 4 young (32768K), 1 survivors (8192K)
 Metaspace       used 57134K, committed 57664K, reserved 1114112K
  class space    used 7483K, committed 7744K, reserved 1048576K
}
Event: 6930.438 GC heap after
{Heap after GC invocations=22 (full 0):
 garbage-first heap   total 81920K, used 30785K [0x0000000583000000, 0x0000000800000000)
  region size 8192K, 1 young (8192K), 1 survivors (8192K)
 Metaspace       used 57134K, committed 57664K, reserved 1114112K
  class space    used 7483K, committed 7744K, reserved 1048576K
}
Event: 7886.279 GC heap before
{Heap before GC invocations=22 (full 0):
 garbage-first heap   total 81920K, used 55361K [0x0000000583000000, 0x0000000800000000)
  region size 8192K, 4 young (32768K), 1 survivors (8192K)
 Metaspace       used 57468K, committed 57984K, reserved 1114112K
  class space    used 7483K, committed 7744K, reserved 1048576K
}
Event: 7886.287 GC heap after
{Heap after GC invocations=23 (full 0):
 garbage-first heap   total 81920K, used 30874K [0x0000000583000000, 0x0000000800000000)
  region size 8192K, 1 young (8192K), 1 survivors (8192K)
 Metaspace       used 57468K, committed 57984K, reserved 1114112K
  class space    used 7483K, committed 7744K, reserved 1048576K
}
Event: 8883.233 GC heap before
{Heap before GC invocations=23 (full 0):
 garbage-first heap   total 81920K, used 55450K [0x0000000583000000, 0x0000000800000000)
  region size 8192K, 4 young (32768K), 1 survivors (8192K)
 Metaspace       used 57484K, committed 57984K, reserved 1114112K
  class space    used 7483K, committed 7744K, reserved 1048576K
}
Event: 8883.241 GC heap after
{Heap after GC invocations=24 (full 0):
 garbage-first heap   total 81920K, used 30785K [0x0000000583000000, 0x0000000800000000)
  region size 8192K, 1 young (8192K), 1 survivors (8192K)
 Metaspace       used 57484K, committed 57984K, reserved 1114112K
  class space    used 7483K, committed 7744K, reserved 1048576K
}
Event: 9862.040 GC heap before
{Heap before GC invocations=24 (full 0):
 garbage-first heap   total 81920K, used 55361K [0x0000000583000000, 0x0000000800000000)
  region size 8192K, 4 young (32768K), 1 survivors (8192K)
 Metaspace       used 57554K, committed 58112K, reserved 1114112K
  class space    used 7484K, committed 7744K, reserved 1048576K
}
Event: 9862.047 GC heap after
{Heap after GC invocations=25 (full 0):
 garbage-first heap   total 81920K, used 30915K [0x0000000583000000, 0x0000000800000000)
  region size 8192K, 1 young (8192K), 1 survivors (8192K)
 Metaspace       used 57554K, committed 58112K, reserved 1114112K
  class space    used 7484K, committed 7744K, reserved 1048576K
}

