# JRE version: Java(TM) SE Runtime Environment (17.0.15+9) (build 17.0.15+9-LTS-241)
# Java VM: Java HotSpot(TM) 64-Bit Server VM (17.0.15+9-LTS-241, mixed mode, sharing, tiered, compressed oops, compressed class ptrs, g1 gc, windows-amd64)
GC Precious Log:
 CPUs: 8 total, 8 available
 Memory: 40743M
 Large Page Support: Disabled
 NUMA Support: Disabled
 Compressed Oops: Enabled (Zero based)
 Heap Region Size: 8M
 Heap Min Capacity: 8M
 Heap Initial Capacity: 640M
 Heap Max Capacity: 10192M
 Pre-touch: Disabled
 Parallel Workers: 8
 Concurrent Workers: 2
 Concurrent Refinement Workers: 8
 Periodic GC: Disabled
Heap:
 garbage-first heap   total 2064384K, used 739759K [0x0000000583000000, 0x0000000800000000)
  region size 8192K, 2 young (16384K), 2 survivors (16384K)
 Metaspace       used 96727K, committed 97344K, reserved 1179648K
  class space    used 13106K, committed 13376K, reserved 1048576K
GC Heap History (20 events):
Event: 76.745 GC heap after
{Heap after GC invocations=31 (full 0):
 garbage-first heap   total 573440K, used 361947K [0x0000000583000000, 0x0000000800000000)
  region size 8192K, 2 young (16384K), 2 survivors (16384K)
 Metaspace       used 96681K, committed 97280K, reserved 1179648K
  class space    used 13105K, committed 13376K, reserved 1048576K
}
Event: 78.063 GC heap before
{Heap before GC invocations=32 (full 0):
 garbage-first heap   total 647168K, used 402907K [0x0000000583000000, 0x0000000800000000)
  region size 8192K, 7 young (57344K), 2 survivors (16384K)
 Metaspace       used 96683K, committed 97280K, reserved 1179648K
  class space    used 13105K, committed 13376K, reserved 1048576K
}
Event: 78.172 GC heap after
{Heap after GC invocations=33 (full 0):
 garbage-first heap   total 647168K, used 398412K [0x0000000583000000, 0x0000000800000000)
  region size 8192K, 1 young (8192K), 1 survivors (8192K)
 Metaspace       used 96683K, committed 97280K, reserved 1179648K
  class space    used 13105K, committed 13376K, reserved 1048576K
}
Event: 78.852 GC heap before
{Heap before GC invocations=33 (full 0):
 garbage-first heap   total 647168K, used 455756K [0x0000000583000000, 0x0000000800000000)
  region size 8192K, 8 young (65536K), 1 survivors (8192K)
 Metaspace       used 96689K, committed 97280K, reserved 1179648K
  class space    used 13105K, committed 13376K, reserved 1048576K
}
Event: 78.964 GC heap after
{Heap after GC invocations=34 (full 0):
 garbage-first heap   total 647168K, used 446603K [0x0000000583000000, 0x0000000800000000)
  region size 8192K, 1 young (8192K), 1 survivors (8192K)
 Metaspace       used 96689K, committed 97280K, reserved 1179648K
  class space    used 13105K, committed 13376K, reserved 1048576K
}
Event: 84.138 GC heap before
{Heap before GC invocations=35 (full 0):
 garbage-first heap   total 794624K, used 487563K [0x0000000583000000, 0x0000000800000000)
  region size 8192K, 6 young (49152K), 1 survivors (8192K)
 Metaspace       used 96690K, committed 97280K, reserved 1179648K
  class space    used 13105K, committed 13376K, reserved 1048576K
}
Event: 84.219 GC heap after
{Heap after GC invocations=36 (full 0):
 garbage-first heap   total 794624K, used 481603K [0x0000000583000000, 0x0000000800000000)
  region size 8192K, 1 young (8192K), 1 survivors (8192K)
 Metaspace       used 96690K, committed 97280K, reserved 1179648K
  class space    used 13105K, committed 13376K, reserved 1048576K
}
Event: 85.099 GC heap before
{Heap before GC invocations=36 (full 0):
 garbage-first heap   total 794624K, used 555331K [0x0000000583000000, 0x0000000800000000)
  region size 8192K, 10 young (81920K), 1 survivors (8192K)
 Metaspace       used 96690K, committed 97280K, reserved 1179648K
  class space    used 13105K, committed 13376K, reserved 1048576K
}
Event: 85.236 GC heap after
{Heap after GC invocations=37 (full 0):
 garbage-first heap   total 794624K, used 540672K [0x0000000583000000, 0x0000000800000000)
  region size 8192K, 2 young (16384K), 2 survivors (16384K)
 Metaspace       used 96690K, committed 97280K, reserved 1179648K
  class space    used 13105K, committed 13376K, reserved 1048576K
}
Event: 87.370 GC heap before
{Heap before GC invocations=38 (full 0):
 garbage-first heap   total 942080K, used 589824K [0x0000000583000000, 0x0000000800000000)
  region size 8192K, 8 young (65536K), 2 survivors (16384K)
 Metaspace       used 96700K, committed 97280K, reserved 1179648K
  class space    used 13105K, committed 13376K, reserved 1048576K
}
Event: 87.511 GC heap after
{Heap after GC invocations=39 (full 0):
 garbage-first heap   total 942080K, used 586060K [0x0000000583000000, 0x0000000800000000)
  region size 8192K, 1 young (8192K), 1 survivors (8192K)
 Metaspace       used 96700K, committed 97280K, reserved 1179648K
  class space    used 13105K, committed 13376K, reserved 1048576K
}
Event: 89.103 GC heap before
{Heap before GC invocations=39 (full 0):
 garbage-first heap   total 942080K, used 618828K [0x0000000583000000, 0x0000000800000000)
  region size 8192K, 5 young (40960K), 1 survivors (8192K)
 Metaspace       used 96724K, committed 97344K, reserved 1179648K
  class space    used 13106K, committed 13376K, reserved 1048576K
}
Event: 89.192 GC heap after
{Heap after GC invocations=40 (full 0):
 garbage-first heap   total 2064384K, used 603134K [0x0000000583000000, 0x0000000800000000)
  region size 8192K, 1 young (8192K), 1 survivors (8192K)
 Metaspace       used 96724K, committed 97344K, reserved 1179648K
  class space    used 13106K, committed 13376K, reserved 1048576K
}
Event: 91.147 GC heap before
{Heap before GC invocations=40 (full 0):
 garbage-first heap   total 2064384K, used 693246K [0x0000000583000000, 0x0000000800000000)
  region size 8192K, 12 young (98304K), 1 survivors (8192K)
 Metaspace       used 96725K, committed 97344K, reserved 1179648K
  class space    used 13106K, committed 13376K, reserved 1048576K
}
Event: 91.252 GC heap after
{Heap after GC invocations=41 (full 0):
 garbage-first heap   total 2064384K, used 627934K [0x0000000583000000, 0x0000000800000000)
  region size 8192K, 2 young (16384K), 2 survivors (16384K)
 Metaspace       used 96725K, committed 97344K, reserved 1179648K
  class space    used 13106K, committed 13376K, reserved 1048576K
}
Event: 92.375 GC heap before
{Heap before GC invocations=41 (full 0):
 garbage-first heap   total 2064384K, used 709854K [0x0000000583000000, 0x0000000800000000)
  region size 8192K, 12 young (98304K), 2 survivors (16384K)
 Metaspace       used 96727K, committed 97344K, reserved 1179648K
  class space    used 13106K, committed 13376K, reserved 1048576K
}
Event: 92.529 GC heap after
{Heap after GC invocations=42 (full 0):
 garbage-first heap   total 2064384K, used 661014K [0x0000000583000000, 0x0000000800000000)
  region size 8192K, 2 young (16384K), 2 survivors (16384K)
 Metaspace       used 96727K, committed 97344K, reserved 1179648K
  class space    used 13106K, committed 13376K, reserved 1048576K
}
Event: 93.430 GC heap before
{Heap before GC invocations=42 (full 0):
 garbage-first heap   total 2064384K, used 742934K [0x0000000583000000, 0x0000000800000000)
  region size 8192K, 12 young (98304K), 2 survivors (16384K)
 Metaspace       used 96727K, committed 97344K, reserved 1179648K
  class space    used 13106K, committed 13376K, reserved 1048576K
}
Event: 93.593 GC heap after
{Heap after GC invocations=43 (full 0):
 garbage-first heap   total 2064384K, used 699941K [0x0000000583000000, 0x0000000800000000)
  region size 8192K, 2 young (16384K), 2 survivors (16384K)
 Metaspace       used 96727K, committed 97344K, reserved 1179648K
  class space    used 13106K, committed 13376K, reserved 1048576K
}
Event: 94.353 GC heap before
{Heap before GC invocations=43 (full 0):
 garbage-first heap   total 2064384K, used 781861K [0x0000000583000000, 0x0000000800000000)
  region size 8192K, 12 young (98304K), 2 survivors (16384K)
 Metaspace       used 96727K, committed 97344K, reserved 1179648K
  class space    used 13106K, committed 13376K, reserved 1048576K
}

