# JRE version: Java(TM) SE Runtime Environment (17.0.15+9) (build 17.0.15+9-LTS-241)
# Java VM: Java HotSpot(TM) 64-Bit Server VM (17.0.15+9-LTS-241, mixed mode, sharing, tiered, compressed oops, compressed class ptrs, g1 gc, windows-amd64)
GC Precious Log:
 CPUs: 8 total, 8 available
 Memory: 40743M
 Large Page Support: Disabled
 NUMA Support: Disabled
 Compressed Oops: Enabled (Zero based)
 Heap Region Size: 8M
 Heap Min Capacity: 8M
 Heap Initial Capacity: 640M
 Heap Max Capacity: 10192M
 Pre-touch: Disabled
 Parallel Workers: 8
 Concurrent Workers: 2
 Concurrent Refinement Workers: 8
 Periodic GC: Disabled
Heap:
 garbage-first heap   total 139264K, used 67992K [0x0000000583000000, 0x0000000800000000)
  region size 8192K, 6 young (49152K), 1 survivors (8192K)
 Metaspace       used 56791K, committed 57408K, reserved 1114112K
  class space    used 7269K, committed 7552K, reserved 1048576K
GC Heap History (20 events):
Event: 7.756 GC heap before
{Heap before GC invocations=8 (full 0):
 garbage-first heap   total 81920K, used 46220K [0x0000000583000000, 0x0000000800000000)
  region size 8192K, 4 young (32768K), 1 survivors (8192K)
 Metaspace       used 31393K, committed 31808K, reserved 1114112K
  class space    used 3910K, committed 4096K, reserved 1048576K
}
Event: 7.760 GC heap after
{Heap after GC invocations=9 (full 0):
 garbage-first heap   total 81920K, used 23210K [0x0000000583000000, 0x0000000800000000)
  region size 8192K, 1 young (8192K), 1 survivors (8192K)
 Metaspace       used 31393K, committed 31808K, reserved 1114112K
  class space    used 3910K, committed 4096K, reserved 1048576K
}
Event: 8.540 GC heap before
{Heap before GC invocations=9 (full 0):
 garbage-first heap   total 81920K, used 39594K [0x0000000583000000, 0x0000000800000000)
  region size 8192K, 4 young (32768K), 1 survivors (8192K)
 Metaspace       used 35662K, committed 36096K, reserved 1114112K
  class space    used 4535K, committed 4736K, reserved 1048576K
}
Event: 8.546 GC heap after
{Heap after GC invocations=10 (full 0):
 garbage-first heap   total 368640K, used 24265K [0x0000000583000000, 0x0000000800000000)
  region size 8192K, 1 young (8192K), 1 survivors (8192K)
 Metaspace       used 35662K, committed 36096K, reserved 1114112K
  class space    used 4535K, committed 4736K, reserved 1048576K
}
Event: 12.307 GC heap before
{Heap before GC invocations=11 (full 0):
 garbage-first heap   total 139264K, used 97993K [0x0000000583000000, 0x0000000800000000)
  region size 8192K, 10 young (81920K), 1 survivors (8192K)
 Metaspace       used 45686K, committed 46208K, reserved 1114112K
  class space    used 6096K, committed 6336K, reserved 1048576K
}
Event: 12.321 GC heap after
{Heap after GC invocations=12 (full 0):
 garbage-first heap   total 139264K, used 33293K [0x0000000583000000, 0x0000000800000000)
  region size 8192K, 2 young (16384K), 2 survivors (16384K)
 Metaspace       used 45686K, committed 46208K, reserved 1114112K
  class space    used 6096K, committed 6336K, reserved 1048576K
}
Event: 13.947 GC heap before
{Heap before GC invocations=12 (full 0):
 garbage-first heap   total 139264K, used 41485K [0x0000000583000000, 0x0000000800000000)
  region size 8192K, 3 young (24576K), 2 survivors (16384K)
 Metaspace       used 47230K, committed 47744K, reserved 1114112K
  class space    used 6276K, committed 6528K, reserved 1048576K
}
Event: 13.955 GC heap after
{Heap after GC invocations=13 (full 0):
 garbage-first heap   total 139264K, used 33755K [0x0000000583000000, 0x0000000800000000)
  region size 8192K, 1 young (8192K), 1 survivors (8192K)
 Metaspace       used 47230K, committed 47744K, reserved 1114112K
  class space    used 6276K, committed 6528K, reserved 1048576K
}
Event: 734.336 GC heap before
{Heap before GC invocations=13 (full 0):
 garbage-first heap   total 139264K, used 82907K [0x0000000583000000, 0x0000000800000000)
  region size 8192K, 7 young (57344K), 1 survivors (8192K)
 Metaspace       used 55038K, committed 55616K, reserved 1114112K
  class space    used 7261K, committed 7552K, reserved 1048576K
}
Event: 734.343 GC heap after
{Heap after GC invocations=14 (full 0):
 garbage-first heap   total 139264K, used 35542K [0x0000000583000000, 0x0000000800000000)
  region size 8192K, 1 young (8192K), 1 survivors (8192K)
 Metaspace       used 55038K, committed 55616K, reserved 1114112K
  class space    used 7261K, committed 7552K, reserved 1048576K
}
Event: 3670.603 GC heap before
{Heap before GC invocations=14 (full 0):
 garbage-first heap   total 139264K, used 92886K [0x0000000583000000, 0x0000000800000000)
  region size 8192K, 8 young (65536K), 1 survivors (8192K)
 Metaspace       used 56376K, committed 56960K, reserved 1114112K
  class space    used 7266K, committed 7552K, reserved 1048576K
}
Event: 3670.618 GC heap after
{Heap after GC invocations=15 (full 0):
 garbage-first heap   total 139264K, used 35670K [0x0000000583000000, 0x0000000800000000)
  region size 8192K, 1 young (8192K), 1 survivors (8192K)
 Metaspace       used 56376K, committed 56960K, reserved 1114112K
  class space    used 7266K, committed 7552K, reserved 1048576K
}
Event: 6800.088 GC heap before
{Heap before GC invocations=15 (full 0):
 garbage-first heap   total 139264K, used 93014K [0x0000000583000000, 0x0000000800000000)
  region size 8192K, 8 young (65536K), 1 survivors (8192K)
 Metaspace       used 56561K, committed 57152K, reserved 1114112K
  class space    used 7266K, committed 7552K, reserved 1048576K
}
Event: 6800.103 GC heap after
{Heap after GC invocations=16 (full 0):
 garbage-first heap   total 139264K, used 35750K [0x0000000583000000, 0x0000000800000000)
  region size 8192K, 1 young (8192K), 1 survivors (8192K)
 Metaspace       used 56561K, committed 57152K, reserved 1114112K
  class space    used 7266K, committed 7552K, reserved 1048576K
}
Event: 10492.724 GC heap before
{Heap before GC invocations=16 (full 0):
 garbage-first heap   total 139264K, used 101286K [0x0000000583000000, 0x0000000800000000)
  region size 8192K, 9 young (73728K), 1 survivors (8192K)
 Metaspace       used 56609K, committed 57216K, reserved 1114112K
  class space    used 7267K, committed 7552K, reserved 1048576K
}
Event: 10492.777 GC heap after
{Heap after GC invocations=17 (full 0):
 garbage-first heap   total 139264K, used 35758K [0x0000000583000000, 0x0000000800000000)
  region size 8192K, 1 young (8192K), 1 survivors (8192K)
 Metaspace       used 56609K, committed 57216K, reserved 1114112K
  class space    used 7267K, committed 7552K, reserved 1048576K
}
Event: 14217.730 GC heap before
{Heap before GC invocations=17 (full 0):
 garbage-first heap   total 139264K, used 101294K [0x0000000583000000, 0x0000000800000000)
  region size 8192K, 9 young (73728K), 1 survivors (8192K)
 Metaspace       used 56678K, committed 57280K, reserved 1114112K
  class space    used 7269K, committed 7552K, reserved 1048576K
}
Event: 14217.763 GC heap after
{Heap after GC invocations=18 (full 0):
 garbage-first heap   total 139264K, used 35240K [0x0000000583000000, 0x0000000800000000)
  region size 8192K, 1 young (8192K), 1 survivors (8192K)
 Metaspace       used 56678K, committed 57280K, reserved 1114112K
  class space    used 7269K, committed 7552K, reserved 1048576K
}
Event: 17963.501 GC heap before
{Heap before GC invocations=18 (full 0):
 garbage-first heap   total 139264K, used 100776K [0x0000000583000000, 0x0000000800000000)
  region size 8192K, 9 young (73728K), 1 survivors (8192K)
 Metaspace       used 56755K, committed 57344K, reserved 1114112K
  class space    used 7269K, committed 7552K, reserved 1048576K
}
Event: 17963.553 GC heap after
{Heap after GC invocations=19 (full 0):
 garbage-first heap   total 139264K, used 35224K [0x0000000583000000, 0x0000000800000000)
  region size 8192K, 1 young (8192K), 1 survivors (8192K)
 Metaspace       used 56755K, committed 57344K, reserved 1114112K
  class space    used 7269K, committed 7552K, reserved 1048576K
}

