# JRE version: OpenJDK Runtime Environment Temurin-21.0.6+7 (21.0.6+7) (build 21.0.6+7-LTS)
# Java VM: OpenJDK 64-Bit Server VM Temurin-21.0.6+7 (21.0.6+7-LTS, mixed mode, sharing, tiered, compressed oops, compressed class ptrs, parallel gc, windows-amd64)
GC Precious Log:
 CardTable entry size: 512
 CPUs: 8 total, 8 available
 Memory: 7959M
 Large Page Support: Disabled
 NUMA Support: Disabled
 Compressed Oops: Enabled (32-bit)
 Alignments: Space 512K, Generation 512K, Heap 2M
 Heap Min Capacity: 100M
 Heap Initial Capacity: 100M
 Heap Max Capacity: 1G
 Pre-touch: Disabled
 Parallel Workers: 8
Heap:
 PSYoungGen      total 3072K, used 2446K [0x00000000eab00000, 0x00000000eaf80000, 0x0000000100000000)
  eden space 2560K, 80% used [0x00000000eab00000,0x00000000ead03b18,0x00000000ead80000)
  from space 512K, 75% used [0x00000000eaf00000,0x00000000eaf60000,0x00000000eaf80000)
  to   space 512K, 0% used [0x00000000eae80000,0x00000000eae80000,0x00000000eaf00000)
 ParOldGen       total 335360K, used 121304K [0x00000000c0000000, 0x00000000d4780000, 0x00000000eab00000)
  object space 335360K, 36% used [0x00000000c0000000,0x00000000c76760f8,0x00000000d4780000)
 Metaspace       used 78091K, committed 79872K, reserved 1179648K
  class space    used 7855K, committed 8640K, reserved 1048576K
GC Heap History (20 events):
Event: 169.042 GC heap before
{Heap before GC invocations=747 (full 4):
 PSYoungGen      total 3072K, used 2752K [0x00000000eab00000, 0x00000000eaf80000, 0x0000000100000000)
  eden space 2560K, 100% used [0x00000000eab00000,0x00000000ead80000,0x00000000ead80000)
  from space 512K, 37% used [0x00000000eaf00000,0x00000000eaf30000,0x00000000eaf80000)
  to   space 512K, 0% used [0x00000000eae80000,0x00000000eae80000,0x00000000eaf00000)
 ParOldGen       total 335360K, used 119797K [0x00000000c0000000, 0x00000000d4780000, 0x00000000eab00000)
  object space 335360K, 35% used [0x00000000c0000000,0x00000000c74fd798,0x00000000d4780000)
 Metaspace       used 77675K, committed 79424K, reserved 1179648K
  class space    used 7824K, committed 8576K, reserved 1048576K
}
Event: 169.043 GC heap after
{Heap after GC invocations=747 (full 4):
 PSYoungGen      total 3072K, used 224K [0x00000000eab00000, 0x00000000eaf80000, 0x0000000100000000)
  eden space 2560K, 0% used [0x00000000eab00000,0x00000000eab00000,0x00000000ead80000)
  from space 512K, 43% used [0x00000000eae80000,0x00000000eaeb8000,0x00000000eaf00000)
  to   space 512K, 0% used [0x00000000eaf00000,0x00000000eaf00000,0x00000000eaf80000)
 ParOldGen       total 335360K, used 119845K [0x00000000c0000000, 0x00000000d4780000, 0x00000000eab00000)
  object space 335360K, 35% used [0x00000000c0000000,0x00000000c7509798,0x00000000d4780000)
 Metaspace       used 77675K, committed 79424K, reserved 1179648K
  class space    used 7824K, committed 8576K, reserved 1048576K
}
Event: 229.994 GC heap before
{Heap before GC invocations=748 (full 4):
 PSYoungGen      total 3072K, used 2784K [0x00000000eab00000, 0x00000000eaf80000, 0x0000000100000000)
  eden space 2560K, 100% used [0x00000000eab00000,0x00000000ead80000,0x00000000ead80000)
  from space 512K, 43% used [0x00000000eae80000,0x00000000eaeb8000,0x00000000eaf00000)
  to   space 512K, 0% used [0x00000000eaf00000,0x00000000eaf00000,0x00000000eaf80000)
 ParOldGen       total 335360K, used 119845K [0x00000000c0000000, 0x00000000d4780000, 0x00000000eab00000)
  object space 335360K, 35% used [0x00000000c0000000,0x00000000c7509798,0x00000000d4780000)
 Metaspace       used 77714K, committed 79424K, reserved 1179648K
  class space    used 7824K, committed 8576K, reserved 1048576K
}
Event: 229.995 GC heap after
{Heap after GC invocations=748 (full 4):
 PSYoungGen      total 3072K, used 192K [0x00000000eab00000, 0x00000000eaf80000, 0x0000000100000000)
  eden space 2560K, 0% used [0x00000000eab00000,0x00000000eab00000,0x00000000ead80000)
  from space 512K, 37% used [0x00000000eaf00000,0x00000000eaf30000,0x00000000eaf80000)
  to   space 512K, 0% used [0x00000000eae80000,0x00000000eae80000,0x00000000eaf00000)
 ParOldGen       total 335360K, used 119861K [0x00000000c0000000, 0x00000000d4780000, 0x00000000eab00000)
  object space 335360K, 35% used [0x00000000c0000000,0x00000000c750d798,0x00000000d4780000)
 Metaspace       used 77714K, committed 79424K, reserved 1179648K
  class space    used 7824K, committed 8576K, reserved 1048576K
}
Event: 233.047 GC heap before
{Heap before GC invocations=749 (full 4):
 PSYoungGen      total 3072K, used 2752K [0x00000000eab00000, 0x00000000eaf80000, 0x0000000100000000)
  eden space 2560K, 100% used [0x00000000eab00000,0x00000000ead80000,0x00000000ead80000)
  from space 512K, 37% used [0x00000000eaf00000,0x00000000eaf30000,0x00000000eaf80000)
  to   space 512K, 0% used [0x00000000eae80000,0x00000000eae80000,0x00000000eaf00000)
 ParOldGen       total 335360K, used 119861K [0x00000000c0000000, 0x00000000d4780000, 0x00000000eab00000)
  object space 335360K, 35% used [0x00000000c0000000,0x00000000c750d798,0x00000000d4780000)
 Metaspace       used 77731K, committed 79488K, reserved 1179648K
  class space    used 7824K, committed 8576K, reserved 1048576K
}
Event: 233.048 GC heap after
{Heap after GC invocations=749 (full 4):
 PSYoungGen      total 3072K, used 128K [0x00000000eab00000, 0x00000000eaf80000, 0x0000000100000000)
  eden space 2560K, 0% used [0x00000000eab00000,0x00000000eab00000,0x00000000ead80000)
  from space 512K, 25% used [0x00000000eae80000,0x00000000eaea0000,0x00000000eaf00000)
  to   space 512K, 0% used [0x00000000eaf00000,0x00000000eaf00000,0x00000000eaf80000)
 ParOldGen       total 335360K, used 119893K [0x00000000c0000000, 0x00000000d4780000, 0x00000000eab00000)
  object space 335360K, 35% used [0x00000000c0000000,0x00000000c7515798,0x00000000d4780000)
 Metaspace       used 77731K, committed 79488K, reserved 1179648K
  class space    used 7824K, committed 8576K, reserved 1048576K
}
Event: 342.164 GC heap before
{Heap before GC invocations=750 (full 4):
 PSYoungGen      total 3072K, used 2688K [0x00000000eab00000, 0x00000000eaf80000, 0x0000000100000000)
  eden space 2560K, 100% used [0x00000000eab00000,0x00000000ead80000,0x00000000ead80000)
  from space 512K, 25% used [0x00000000eae80000,0x00000000eaea0000,0x00000000eaf00000)
  to   space 512K, 0% used [0x00000000eaf00000,0x00000000eaf00000,0x00000000eaf80000)
 ParOldGen       total 335360K, used 119893K [0x00000000c0000000, 0x00000000d4780000, 0x00000000eab00000)
  object space 335360K, 35% used [0x00000000c0000000,0x00000000c7515798,0x00000000d4780000)
 Metaspace       used 78011K, committed 79808K, reserved 1179648K
  class space    used 7851K, committed 8640K, reserved 1048576K
}
Event: 342.169 GC heap after
{Heap after GC invocations=750 (full 4):
 PSYoungGen      total 3072K, used 256K [0x00000000eab00000, 0x00000000eaf80000, 0x0000000100000000)
  eden space 2560K, 0% used [0x00000000eab00000,0x00000000eab00000,0x00000000ead80000)
  from space 512K, 50% used [0x00000000eaf00000,0x00000000eaf40000,0x00000000eaf80000)
  to   space 512K, 0% used [0x00000000eae80000,0x00000000eae80000,0x00000000eaf00000)
 ParOldGen       total 335360K, used 119925K [0x00000000c0000000, 0x00000000d4780000, 0x00000000eab00000)
  object space 335360K, 35% used [0x00000000c0000000,0x00000000c751d798,0x00000000d4780000)
 Metaspace       used 78011K, committed 79808K, reserved 1179648K
  class space    used 7851K, committed 8640K, reserved 1048576K
}
Event: 609.016 GC heap before
{Heap before GC invocations=751 (full 4):
 PSYoungGen      total 3072K, used 2798K [0x00000000eab00000, 0x00000000eaf80000, 0x0000000100000000)
  eden space 2560K, 99% used [0x00000000eab00000,0x00000000ead7ba88,0x00000000ead80000)
  from space 512K, 50% used [0x00000000eaf00000,0x00000000eaf40000,0x00000000eaf80000)
  to   space 512K, 0% used [0x00000000eae80000,0x00000000eae80000,0x00000000eaf00000)
 ParOldGen       total 335360K, used 119925K [0x00000000c0000000, 0x00000000d4780000, 0x00000000eab00000)
  object space 335360K, 35% used [0x00000000c0000000,0x00000000c751d798,0x00000000d4780000)
 Metaspace       used 78060K, committed 79808K, reserved 1179648K
  class space    used 7855K, committed 8640K, reserved 1048576K
}
Event: 609.044 GC heap after
{Heap after GC invocations=751 (full 4):
 PSYoungGen      total 3072K, used 320K [0x00000000eab00000, 0x00000000eaf80000, 0x0000000100000000)
  eden space 2560K, 0% used [0x00000000eab00000,0x00000000eab00000,0x00000000ead80000)
  from space 512K, 62% used [0x00000000eae80000,0x00000000eaed0020,0x00000000eaf00000)
  to   space 512K, 0% used [0x00000000eaf00000,0x00000000eaf00000,0x00000000eaf80000)
 ParOldGen       total 335360K, used 120061K [0x00000000c0000000, 0x00000000d4780000, 0x00000000eab00000)
  object space 335360K, 35% used [0x00000000c0000000,0x00000000c753f798,0x00000000d4780000)
 Metaspace       used 78060K, committed 79808K, reserved 1179648K
  class space    used 7855K, committed 8640K, reserved 1048576K
}
Event: 609.119 GC heap before
{Heap before GC invocations=752 (full 4):
 PSYoungGen      total 3072K, used 2880K [0x00000000eab00000, 0x00000000eaf80000, 0x0000000100000000)
  eden space 2560K, 100% used [0x00000000eab00000,0x00000000ead80000,0x00000000ead80000)
  from space 512K, 62% used [0x00000000eae80000,0x00000000eaed0020,0x00000000eaf00000)
  to   space 512K, 0% used [0x00000000eaf00000,0x00000000eaf00000,0x00000000eaf80000)
 ParOldGen       total 335360K, used 120061K [0x00000000c0000000, 0x00000000d4780000, 0x00000000eab00000)
  object space 335360K, 35% used [0x00000000c0000000,0x00000000c753f798,0x00000000d4780000)
 Metaspace       used 78061K, committed 79808K, reserved 1179648K
  class space    used 7855K, committed 8640K, reserved 1048576K
}
Event: 609.123 GC heap after
{Heap after GC invocations=752 (full 4):
 PSYoungGen      total 3072K, used 489K [0x00000000eab00000, 0x00000000eaf80000, 0x0000000100000000)
  eden space 2560K, 0% used [0x00000000eab00000,0x00000000eab00000,0x00000000ead80000)
  from space 512K, 95% used [0x00000000eaf00000,0x00000000eaf7a400,0x00000000eaf80000)
  to   space 1024K, 0% used [0x00000000ead80000,0x00000000ead80000,0x00000000eae80000)
 ParOldGen       total 335360K, used 120224K [0x00000000c0000000, 0x00000000d4780000, 0x00000000eab00000)
  object space 335360K, 35% used [0x00000000c0000000,0x00000000c7568248,0x00000000d4780000)
 Metaspace       used 78061K, committed 79808K, reserved 1179648K
  class space    used 7855K, committed 8640K, reserved 1048576K
}
Event: 609.161 GC heap before
{Heap before GC invocations=753 (full 4):
 PSYoungGen      total 3072K, used 3049K [0x00000000eab00000, 0x00000000eaf80000, 0x0000000100000000)
  eden space 2560K, 100% used [0x00000000eab00000,0x00000000ead80000,0x00000000ead80000)
  from space 512K, 95% used [0x00000000eaf00000,0x00000000eaf7a400,0x00000000eaf80000)
  to   space 1024K, 0% used [0x00000000ead80000,0x00000000ead80000,0x00000000eae80000)
 ParOldGen       total 335360K, used 120224K [0x00000000c0000000, 0x00000000d4780000, 0x00000000eab00000)
  object space 335360K, 35% used [0x00000000c0000000,0x00000000c7568248,0x00000000d4780000)
 Metaspace       used 78062K, committed 79808K, reserved 1179648K
  class space    used 7855K, committed 8640K, reserved 1048576K
}
Event: 609.164 GC heap after
{Heap after GC invocations=753 (full 4):
 PSYoungGen      total 3584K, used 288K [0x00000000eab00000, 0x00000000eaf80000, 0x0000000100000000)
  eden space 2560K, 0% used [0x00000000eab00000,0x00000000eab00000,0x00000000ead80000)
  from space 1024K, 28% used [0x00000000ead80000,0x00000000eadc8000,0x00000000eae80000)
  to   space 512K, 0% used [0x00000000eaf00000,0x00000000eaf00000,0x00000000eaf80000)
 ParOldGen       total 335360K, used 120652K [0x00000000c0000000, 0x00000000d4780000, 0x00000000eab00000)
  object space 335360K, 35% used [0x00000000c0000000,0x00000000c75d30e8,0x00000000d4780000)
 Metaspace       used 78062K, committed 79808K, reserved 1179648K
  class space    used 7855K, committed 8640K, reserved 1048576K
}
Event: 609.214 GC heap before
{Heap before GC invocations=754 (full 4):
 PSYoungGen      total 3584K, used 2848K [0x00000000eab00000, 0x00000000eaf80000, 0x0000000100000000)
  eden space 2560K, 100% used [0x00000000eab00000,0x00000000ead80000,0x00000000ead80000)
  from space 1024K, 28% used [0x00000000ead80000,0x00000000eadc8000,0x00000000eae80000)
  to   space 512K, 0% used [0x00000000eaf00000,0x00000000eaf00000,0x00000000eaf80000)
 ParOldGen       total 335360K, used 120652K [0x00000000c0000000, 0x00000000d4780000, 0x00000000eab00000)
  object space 335360K, 35% used [0x00000000c0000000,0x00000000c75d30e8,0x00000000d4780000)
 Metaspace       used 78063K, committed 79808K, reserved 1179648K
  class space    used 7855K, committed 8640K, reserved 1048576K
}
Event: 609.215 GC heap after
{Heap after GC invocations=754 (full 4):
 PSYoungGen      total 3072K, used 480K [0x00000000eab00000, 0x00000000eaf80000, 0x0000000100000000)
  eden space 2560K, 0% used [0x00000000eab00000,0x00000000eab00000,0x00000000ead80000)
  from space 512K, 93% used [0x00000000eaf00000,0x00000000eaf78000,0x00000000eaf80000)
  to   space 1024K, 0% used [0x00000000ead80000,0x00000000ead80000,0x00000000eae80000)
 ParOldGen       total 335360K, used 120764K [0x00000000c0000000, 0x00000000d4780000, 0x00000000eab00000)
  object space 335360K, 36% used [0x00000000c0000000,0x00000000c75ef0e8,0x00000000d4780000)
 Metaspace       used 78063K, committed 79808K, reserved 1179648K
  class space    used 7855K, committed 8640K, reserved 1048576K
}
Event: 609.239 GC heap before
{Heap before GC invocations=755 (full 4):
 PSYoungGen      total 3072K, used 3040K [0x00000000eab00000, 0x00000000eaf80000, 0x0000000100000000)
  eden space 2560K, 100% used [0x00000000eab00000,0x00000000ead80000,0x00000000ead80000)
  from space 512K, 93% used [0x00000000eaf00000,0x00000000eaf78000,0x00000000eaf80000)
  to   space 1024K, 0% used [0x00000000ead80000,0x00000000ead80000,0x00000000eae80000)
 ParOldGen       total 335360K, used 120764K [0x00000000c0000000, 0x00000000d4780000, 0x00000000eab00000)
  object space 335360K, 36% used [0x00000000c0000000,0x00000000c75ef0e8,0x00000000d4780000)
 Metaspace       used 78063K, committed 79808K, reserved 1179648K
  class space    used 7855K, committed 8640K, reserved 1048576K
}
Event: 609.244 GC heap after
{Heap after GC invocations=755 (full 4):
 PSYoungGen      total 3584K, used 256K [0x00000000eab00000, 0x00000000eaf80000, 0x0000000100000000)
  eden space 2560K, 0% used [0x00000000eab00000,0x00000000eab00000,0x00000000ead80000)
  from space 1024K, 25% used [0x00000000ead80000,0x00000000eadc0000,0x00000000eae80000)
  to   space 512K, 0% used [0x00000000eaf00000,0x00000000eaf00000,0x00000000eaf80000)
 ParOldGen       total 335360K, used 121160K [0x00000000c0000000, 0x00000000d4780000, 0x00000000eab00000)
  object space 335360K, 36% used [0x00000000c0000000,0x00000000c76520f8,0x00000000d4780000)
 Metaspace       used 78063K, committed 79808K, reserved 1179648K
  class space    used 7855K, committed 8640K, reserved 1048576K
}
Event: 609.304 GC heap before
{Heap before GC invocations=756 (full 4):
 PSYoungGen      total 3584K, used 2816K [0x00000000eab00000, 0x00000000eaf80000, 0x0000000100000000)
  eden space 2560K, 100% used [0x00000000eab00000,0x00000000ead80000,0x00000000ead80000)
  from space 1024K, 25% used [0x00000000ead80000,0x00000000eadc0000,0x00000000eae80000)
  to   space 512K, 0% used [0x00000000eaf00000,0x00000000eaf00000,0x00000000eaf80000)
 ParOldGen       total 335360K, used 121160K [0x00000000c0000000, 0x00000000d4780000, 0x00000000eab00000)
  object space 335360K, 36% used [0x00000000c0000000,0x00000000c76520f8,0x00000000d4780000)
 Metaspace       used 78063K, committed 79808K, reserved 1179648K
  class space    used 7855K, committed 8640K, reserved 1048576K
}
Event: 609.311 GC heap after
{Heap after GC invocations=756 (full 4):
 PSYoungGen      total 3072K, used 384K [0x00000000eab00000, 0x00000000eaf80000, 0x0000000100000000)
  eden space 2560K, 0% used [0x00000000eab00000,0x00000000eab00000,0x00000000ead80000)
  from space 512K, 75% used [0x00000000eaf00000,0x00000000eaf60000,0x00000000eaf80000)
  to   space 512K, 0% used [0x00000000eae80000,0x00000000eae80000,0x00000000eaf00000)
 ParOldGen       total 335360K, used 121304K [0x00000000c0000000, 0x00000000d4780000, 0x00000000eab00000)
  object space 335360K, 36% used [0x00000000c0000000,0x00000000c76760f8,0x00000000d4780000)
 Metaspace       used 78063K, committed 79808K, reserved 1179648K
  class space    used 7855K, committed 8640K, reserved 1048576K
}

