# JRE version: Java(TM) SE Runtime Environment (17.0+35) (build 17+35-LTS-2724)
# Java VM: Java HotSpot(TM) 64-Bit Server VM (17+35-LTS-2724, mixed mode, sharing, tiered, compressed oops, compressed class ptrs, g1 gc, windows-amd64)
GC Precious Log:
 CPUs: 8 total, 8 available
 Memory: 7959M
 Large Page Support: Disabled
 NUMA Support: Disabled
 Compressed Oops: Enabled (32-bit)
 Heap Region Size: 1M
 Heap Min Capacity: 8M
 Heap Initial Capacity: 126M
 Heap Max Capacity: 1990M
 Pre-touch: Disabled
 Parallel Workers: 8
 Concurrent Workers: 2
 Concurrent Refinement Workers: 8
 Periodic GC: Disabled
Heap:
 garbage-first heap   total 58368K, used 29411K [0x0000000083a00000, 0x0000000100000000)
  region size 1024K, 2 young (2048K), 1 survivors (1024K)
 Metaspace       used 46187K, committed 46720K, reserved 1097728K
  class space    used 5860K, committed 6144K, reserved 1048576K
GC Heap History (20 events):
Event: 6.831 GC heap before
{Heap before GC invocations=7 (full 0):
 garbage-first heap   total 58368K, used 45581K [0x0000000083a00000, 0x0000000100000000)
  region size 1024K, 25 young (25600K), 1 survivors (1024K)
 Metaspace       used 26941K, committed 27328K, reserved 1073152K
  class space    used 3404K, committed 3584K, reserved 1048576K
}
Event: 6.834 GC heap after
{Heap after GC invocations=8 (full 0):
 garbage-first heap   total 58368K, used 23417K [0x0000000083a00000, 0x0000000100000000)
  region size 1024K, 4 young (4096K), 4 survivors (4096K)
 Metaspace       used 26941K, committed 27328K, reserved 1073152K
  class space    used 3404K, committed 3584K, reserved 1048576K
}
Event: 7.217 GC heap before
{Heap before GC invocations=8 (full 0):
 garbage-first heap   total 58368K, used 40825K [0x0000000083a00000, 0x0000000100000000)
  region size 1024K, 22 young (22528K), 4 survivors (4096K)
 Metaspace       used 28138K, committed 28544K, reserved 1081344K
  class space    used 3523K, committed 3712K, reserved 1048576K
}
Event: 7.220 GC heap after
{Heap after GC invocations=9 (full 0):
 garbage-first heap   total 58368K, used 20367K [0x0000000083a00000, 0x0000000100000000)
  region size 1024K, 2 young (2048K), 2 survivors (2048K)
 Metaspace       used 28138K, committed 28544K, reserved 1081344K
  class space    used 3523K, committed 3712K, reserved 1048576K
}
Event: 7.746 GC heap before
{Heap before GC invocations=9 (full 0):
 garbage-first heap   total 58368K, used 41871K [0x0000000083a00000, 0x0000000100000000)
  region size 1024K, 23 young (23552K), 2 survivors (2048K)
 Metaspace       used 29803K, committed 30272K, reserved 1081344K
  class space    used 3768K, committed 3968K, reserved 1048576K
}
Event: 7.749 GC heap after
{Heap after GC invocations=10 (full 0):
 garbage-first heap   total 58368K, used 21271K [0x0000000083a00000, 0x0000000100000000)
  region size 1024K, 3 young (3072K), 3 survivors (3072K)
 Metaspace       used 29803K, committed 30272K, reserved 1081344K
  class space    used 3768K, committed 3968K, reserved 1048576K
}
Event: 8.967 GC heap before
{Heap before GC invocations=10 (full 0):
 garbage-first heap   total 58368K, used 42775K [0x0000000083a00000, 0x0000000100000000)
  region size 1024K, 24 young (24576K), 3 survivors (3072K)
 Metaspace       used 32637K, committed 33088K, reserved 1081344K
  class space    used 4164K, committed 4352K, reserved 1048576K
}
Event: 8.973 GC heap after
{Heap after GC invocations=11 (full 0):
 garbage-first heap   total 58368K, used 23410K [0x0000000083a00000, 0x0000000100000000)
  region size 1024K, 3 young (3072K), 3 survivors (3072K)
 Metaspace       used 32637K, committed 33088K, reserved 1081344K
  class space    used 4164K, committed 4352K, reserved 1048576K
}
Event: 9.926 GC heap before
{Heap before GC invocations=11 (full 0):
 garbage-first heap   total 58368K, used 43890K [0x0000000083a00000, 0x0000000100000000)
  region size 1024K, 23 young (23552K), 3 survivors (3072K)
 Metaspace       used 34597K, committed 35072K, reserved 1081344K
  class space    used 4462K, committed 4672K, reserved 1048576K
}
Event: 9.931 GC heap after
{Heap after GC invocations=12 (full 0):
 garbage-first heap   total 58368K, used 24888K [0x0000000083a00000, 0x0000000100000000)
  region size 1024K, 2 young (2048K), 2 survivors (2048K)
 Metaspace       used 34597K, committed 35072K, reserved 1081344K
  class space    used 4462K, committed 4672K, reserved 1048576K
}
Event: 10.099 GC heap before
{Heap before GC invocations=12 (full 0):
 garbage-first heap   total 58368K, used 27960K [0x0000000083a00000, 0x0000000100000000)
  region size 1024K, 6 young (6144K), 2 survivors (2048K)
 Metaspace       used 35473K, committed 35968K, reserved 1081344K
  class space    used 4597K, committed 4864K, reserved 1048576K
}
Event: 10.102 GC heap after
{Heap after GC invocations=13 (full 0):
 garbage-first heap   total 58368K, used 25079K [0x0000000083a00000, 0x0000000100000000)
  region size 1024K, 2 young (2048K), 2 survivors (2048K)
 Metaspace       used 35473K, committed 35968K, reserved 1081344K
  class space    used 4597K, committed 4864K, reserved 1048576K
}
Event: 13.989 GC heap before
{Heap before GC invocations=14 (full 0):
 garbage-first heap   total 58368K, used 44535K [0x0000000083a00000, 0x0000000100000000)
  region size 1024K, 21 young (21504K), 2 survivors (2048K)
 Metaspace       used 39763K, committed 40256K, reserved 1089536K
  class space    used 5166K, committed 5376K, reserved 1048576K
}
Event: 13.994 GC heap after
{Heap after GC invocations=15 (full 0):
 garbage-first heap   total 58368K, used 27396K [0x0000000083a00000, 0x0000000100000000)
  region size 1024K, 3 young (3072K), 3 survivors (3072K)
 Metaspace       used 39763K, committed 40256K, reserved 1089536K
  class space    used 5166K, committed 5376K, reserved 1048576K
}
Event: 90.912 GC heap before
{Heap before GC invocations=15 (full 0):
 garbage-first heap   total 58368K, used 43780K [0x0000000083a00000, 0x0000000100000000)
  region size 1024K, 20 young (20480K), 3 survivors (3072K)
 Metaspace       used 43456K, committed 43968K, reserved 1089536K
  class space    used 5620K, committed 5824K, reserved 1048576K
}
Event: 90.920 GC heap after
{Heap after GC invocations=16 (full 0):
 garbage-first heap   total 58368K, used 29131K [0x0000000083a00000, 0x0000000100000000)
  region size 1024K, 2 young (2048K), 2 survivors (2048K)
 Metaspace       used 43456K, committed 43968K, reserved 1089536K
  class space    used 5620K, committed 5824K, reserved 1048576K
}
Event: 424.031 GC heap before
{Heap before GC invocations=16 (full 0):
 garbage-first heap   total 58368K, used 44491K [0x0000000083a00000, 0x0000000100000000)
  region size 1024K, 18 young (18432K), 2 survivors (2048K)
 Metaspace       used 45323K, committed 45824K, reserved 1089536K
  class space    used 5839K, committed 6080K, reserved 1048576K
}
Event: 424.229 GC heap after
{Heap after GC invocations=17 (full 0):
 garbage-first heap   total 58368K, used 29319K [0x0000000083a00000, 0x0000000100000000)
  region size 1024K, 2 young (2048K), 2 survivors (2048K)
 Metaspace       used 45323K, committed 45824K, reserved 1089536K
  class space    used 5839K, committed 6080K, reserved 1048576K
}
Event: 948.614 GC heap before
{Heap before GC invocations=18 (full 0):
 garbage-first heap   total 58368K, used 46727K [0x0000000083a00000, 0x0000000100000000)
  region size 1024K, 19 young (19456K), 2 survivors (2048K)
 Metaspace       used 45733K, committed 46272K, reserved 1089536K
  class space    used 5858K, committed 6144K, reserved 1048576K
}
Event: 948.694 GC heap after
{Heap after GC invocations=19 (full 0):
 garbage-first heap   total 58368K, used 29316K [0x0000000083a00000, 0x0000000100000000)
  region size 1024K, 1 young (1024K), 1 survivors (1024K)
 Metaspace       used 45733K, committed 46272K, reserved 1089536K
  class space    used 5858K, committed 6144K, reserved 1048576K
}

