# JRE version: Java(TM) SE Runtime Environment (17.0+35) (build 17+35-LTS-2724)
# Java VM: Java HotSpot(TM) 64-Bit Server VM (17+35-LTS-2724, mixed mode, sharing, tiered, compressed oops, compressed class ptrs, g1 gc, windows-amd64)
GC Precious Log:
 CPUs: 8 total, 8 available
 Memory: 7959M
 Large Page Support: Disabled
 NUMA Support: Disabled
 Compressed Oops: Enabled (32-bit)
 Heap Region Size: 1M
 Heap Min Capacity: 8M
 Heap Initial Capacity: 126M
 Heap Max Capacity: 1990M
 Pre-touch: Disabled
 Parallel Workers: 8
 Concurrent Workers: 2
 Concurrent Refinement Workers: 8
 Periodic GC: Disabled
Heap:
 garbage-first heap   total 137216K, used 104917K [0x0000000083a00000, 0x0000000100000000)
  region size 1024K, 46 young (47104K), 5 survivors (5120K)
 Metaspace       used 101448K, committed 102144K, reserved 1138688K
  class space    used 13644K, committed 13952K, reserved 1048576K
GC Heap History (20 events):
Event: 38.990 GC heap before
{Heap before GC invocations=25 (full 0):
 garbage-first heap   total 137216K, used 108086K [0x0000000083a00000, 0x0000000100000000)
  region size 1024K, 52 young (53248K), 4 survivors (4096K)
 Metaspace       used 96627K, committed 97280K, reserved 1138688K
  class space    used 13130K, committed 13440K, reserved 1048576K
}
Event: 39.000 GC heap after
{Heap after GC invocations=26 (full 0):
 garbage-first heap   total 137216K, used 60276K [0x0000000083a00000, 0x0000000100000000)
  region size 1024K, 6 young (6144K), 6 survivors (6144K)
 Metaspace       used 96627K, committed 97280K, reserved 1138688K
  class space    used 13130K, committed 13440K, reserved 1048576K
}
Event: 223.577 GC heap before
{Heap before GC invocations=26 (full 0):
 garbage-first heap   total 137216K, used 82804K [0x0000000083a00000, 0x0000000100000000)
  region size 1024K, 30 young (30720K), 6 survivors (6144K)
 Metaspace       used 99909K, committed 100480K, reserved 1138688K
  class space    used 13539K, committed 13824K, reserved 1048576K
}
Event: 223.646 GC heap after
{Heap after GC invocations=27 (full 0):
 garbage-first heap   total 137216K, used 61735K [0x0000000083a00000, 0x0000000100000000)
  region size 1024K, 4 young (4096K), 4 survivors (4096K)
 Metaspace       used 99909K, committed 100480K, reserved 1138688K
  class space    used 13539K, committed 13824K, reserved 1048576K
}
Event: 229.592 GC heap before
{Heap before GC invocations=28 (full 0):
 garbage-first heap   total 137216K, used 66855K [0x0000000083a00000, 0x0000000100000000)
  region size 1024K, 10 young (10240K), 4 survivors (4096K)
 Metaspace       used 100033K, committed 100672K, reserved 1138688K
  class space    used 13573K, committed 13888K, reserved 1048576K
}
Event: 229.685 GC heap after
{Heap after GC invocations=29 (full 1):
 garbage-first heap   total 137216K, used 52653K [0x0000000083a00000, 0x0000000100000000)
  region size 1024K, 0 young (0K), 0 survivors (0K)
 Metaspace       used 100033K, committed 100672K, reserved 1138688K
  class space    used 13573K, committed 13888K, reserved 1048576K
}
Event: 232.042 GC heap before
{Heap before GC invocations=29 (full 1):
 garbage-first heap   total 137216K, used 106925K [0x0000000083a00000, 0x0000000100000000)
  region size 1024K, 54 young (55296K), 0 survivors (0K)
 Metaspace       used 100238K, committed 100928K, reserved 1138688K
  class space    used 13588K, committed 13888K, reserved 1048576K
}
Event: 232.048 GC heap after
{Heap after GC invocations=30 (full 1):
 garbage-first heap   total 137216K, used 57054K [0x0000000083a00000, 0x0000000100000000)
  region size 1024K, 5 young (5120K), 5 survivors (5120K)
 Metaspace       used 100238K, committed 100928K, reserved 1138688K
  class space    used 13588K, committed 13888K, reserved 1048576K
}
Event: 232.406 GC heap before
{Heap before GC invocations=30 (full 1):
 garbage-first heap   total 137216K, used 107230K [0x0000000083a00000, 0x0000000100000000)
  region size 1024K, 55 young (56320K), 5 survivors (5120K)
 Metaspace       used 100248K, committed 100928K, reserved 1138688K
  class space    used 13589K, committed 13888K, reserved 1048576K
}
Event: 232.411 GC heap after
{Heap after GC invocations=31 (full 1):
 garbage-first heap   total 137216K, used 58020K [0x0000000083a00000, 0x0000000100000000)
  region size 1024K, 2 young (2048K), 2 survivors (2048K)
 Metaspace       used 100248K, committed 100928K, reserved 1138688K
  class space    used 13589K, committed 13888K, reserved 1048576K
}
Event: 232.425 GC heap before
{Heap before GC invocations=31 (full 1):
 garbage-first heap   total 137216K, used 108196K [0x0000000083a00000, 0x0000000100000000)
  region size 1024K, 52 young (53248K), 2 survivors (2048K)
 Metaspace       used 100248K, committed 100928K, reserved 1138688K
  class space    used 13589K, committed 13888K, reserved 1048576K
}
Event: 232.428 GC heap after
{Heap after GC invocations=32 (full 1):
 garbage-first heap   total 137216K, used 58002K [0x0000000083a00000, 0x0000000100000000)
  region size 1024K, 2 young (2048K), 2 survivors (2048K)
 Metaspace       used 100248K, committed 100928K, reserved 1138688K
  class space    used 13589K, committed 13888K, reserved 1048576K
}
Event: 232.606 GC heap before
{Heap before GC invocations=32 (full 1):
 garbage-first heap   total 137216K, used 109202K [0x0000000083a00000, 0x0000000100000000)
  region size 1024K, 53 young (54272K), 2 survivors (2048K)
 Metaspace       used 100249K, committed 100928K, reserved 1138688K
  class space    used 13589K, committed 13888K, reserved 1048576K
}
Event: 232.608 GC heap after
{Heap after GC invocations=33 (full 1):
 garbage-first heap   total 137216K, used 57892K [0x0000000083a00000, 0x0000000100000000)
  region size 1024K, 2 young (2048K), 2 survivors (2048K)
 Metaspace       used 100249K, committed 100928K, reserved 1138688K
  class space    used 13589K, committed 13888K, reserved 1048576K
}
Event: 233.727 GC heap before
{Heap before GC invocations=33 (full 1):
 garbage-first heap   total 137216K, used 112164K [0x0000000083a00000, 0x0000000100000000)
  region size 1024K, 55 young (56320K), 2 survivors (2048K)
 Metaspace       used 100718K, committed 101376K, reserved 1138688K
  class space    used 13609K, committed 13952K, reserved 1048576K
}
Event: 233.730 GC heap after
{Heap after GC invocations=34 (full 1):
 garbage-first heap   total 137216K, used 59222K [0x0000000083a00000, 0x0000000100000000)
  region size 1024K, 3 young (3072K), 3 survivors (3072K)
 Metaspace       used 100718K, committed 101376K, reserved 1138688K
  class space    used 13609K, committed 13952K, reserved 1048576K
}
Event: 234.737 GC heap before
{Heap before GC invocations=34 (full 1):
 garbage-first heap   total 137216K, used 112470K [0x0000000083a00000, 0x0000000100000000)
  region size 1024K, 55 young (56320K), 3 survivors (3072K)
 Metaspace       used 101155K, committed 101824K, reserved 1138688K
  class space    used 13627K, committed 13952K, reserved 1048576K
}
Event: 234.746 GC heap after
{Heap after GC invocations=35 (full 1):
 garbage-first heap   total 137216K, used 62151K [0x0000000083a00000, 0x0000000100000000)
  region size 1024K, 6 young (6144K), 6 survivors (6144K)
 Metaspace       used 101155K, committed 101824K, reserved 1138688K
  class space    used 13627K, committed 13952K, reserved 1048576K
}
Event: 235.596 GC heap before
{Heap before GC invocations=35 (full 1):
 garbage-first heap   total 137216K, used 111303K [0x0000000083a00000, 0x0000000100000000)
  region size 1024K, 54 young (55296K), 6 survivors (6144K)
 Metaspace       used 101210K, committed 101888K, reserved 1138688K
  class space    used 13627K, committed 13952K, reserved 1048576K
}
Event: 235.606 GC heap after
{Heap after GC invocations=36 (full 1):
 garbage-first heap   total 137216K, used 63957K [0x0000000083a00000, 0x0000000100000000)
  region size 1024K, 5 young (5120K), 5 survivors (5120K)
 Metaspace       used 101210K, committed 101888K, reserved 1138688K
  class space    used 13627K, committed 13952K, reserved 1048576K
}

