# JRE version: Java(TM) SE Runtime Environment (17.0.11+7) (build 17.0.11+7-LTS-207)
# Java VM: Java HotSpot(TM) 64-Bit Server VM (17.0.11+7-LTS-207, mixed mode, sharing, tiered, compressed oops, compressed class ptrs, g1 gc, windows-amd64)
GC Precious Log:
 CPUs: 8 total, 8 available
 Memory: 32494M
 Large Page Support: Disabled
 NUMA Support: Disabled
 Compressed Oops: Enabled (Zero based)
 Heap Region Size: 4M
 Heap Min Capacity: 8M
 Heap Initial Capacity: 508M
 Heap Max Capacity: 8124M
 Pre-touch: Disabled
 Parallel Workers: 8
 Concurrent Workers: 2
 Concurrent Refinement Workers: 8
 Periodic GC: Disabled
Heap:
 garbage-first heap   total 294912K, used 54980K [0x0000000604400000, 0x0000000800000000)
  region size 4096K, 8 young (32768K), 3 survivors (12288K)
 Metaspace       used 58521K, committed 59136K, reserved 1114112K
  class space    used 7687K, committed 8000K, reserved 1048576K
GC Heap History (20 events):
Event: 6.602 GC heap before
{Heap before GC invocations=5 (full 0):
 garbage-first heap   total 69632K, used 47467K [0x0000000604400000, 0x0000000800000000)
  region size 4096K, 10 young (40960K), 2 survivors (8192K)
 Metaspace       used 25416K, committed 25792K, reserved 1114112K
  class space    used 3158K, committed 3328K, reserved 1048576K
}
Event: 6.610 GC heap after
{Heap after GC invocations=6 (full 0):
 garbage-first heap   total 69632K, used 17433K [0x0000000604400000, 0x0000000800000000)
  region size 4096K, 2 young (8192K), 2 survivors (8192K)
 Metaspace       used 25416K, committed 25792K, reserved 1114112K
  class space    used 3158K, committed 3328K, reserved 1048576K
}
Event: 6.857 GC heap before
{Heap before GC invocations=6 (full 0):
 garbage-first heap   total 69632K, used 21529K [0x0000000604400000, 0x0000000800000000)
  region size 4096K, 3 young (12288K), 2 survivors (8192K)
 Metaspace       used 25954K, committed 26304K, reserved 1114112K
  class space    used 3278K, committed 3456K, reserved 1048576K
}
Event: 6.870 GC heap after
{Heap after GC invocations=7 (full 0):
 garbage-first heap   total 69632K, used 17455K [0x0000000604400000, 0x0000000800000000)
  region size 4096K, 1 young (4096K), 1 survivors (4096K)
 Metaspace       used 25954K, committed 26304K, reserved 1114112K
  class space    used 3278K, committed 3456K, reserved 1048576K
}
Event: 7.770 GC heap before
{Heap before GC invocations=7 (full 0):
 garbage-first heap   total 69632K, used 37935K [0x0000000604400000, 0x0000000800000000)
  region size 4096K, 7 young (28672K), 1 survivors (4096K)
 Metaspace       used 28852K, committed 29248K, reserved 1114112K
  class space    used 3570K, committed 3776K, reserved 1048576K
}
Event: 7.773 GC heap after
{Heap after GC invocations=8 (full 0):
 garbage-first heap   total 69632K, used 21612K [0x0000000604400000, 0x0000000800000000)
  region size 4096K, 1 young (4096K), 1 survivors (4096K)
 Metaspace       used 28852K, committed 29248K, reserved 1114112K
  class space    used 3570K, committed 3776K, reserved 1048576K
}
Event: 8.379 GC heap before
{Heap before GC invocations=8 (full 0):
 garbage-first heap   total 69632K, used 46188K [0x0000000604400000, 0x0000000800000000)
  region size 4096K, 7 young (28672K), 1 survivors (4096K)
 Metaspace       used 31052K, committed 31488K, reserved 1114112K
  class space    used 3857K, committed 4032K, reserved 1048576K
}
Event: 8.383 GC heap after
{Heap after GC invocations=9 (full 0):
 garbage-first heap   total 69632K, used 22947K [0x0000000604400000, 0x0000000800000000)
  region size 4096K, 1 young (4096K), 1 survivors (4096K)
 Metaspace       used 31052K, committed 31488K, reserved 1114112K
  class space    used 3857K, committed 4032K, reserved 1048576K
}
Event: 8.570 GC heap before
{Heap before GC invocations=9 (full 0):
 garbage-first heap   total 69632K, used 43427K [0x0000000604400000, 0x0000000800000000)
  region size 4096K, 6 young (24576K), 1 survivors (4096K)
 Metaspace       used 31447K, committed 31872K, reserved 1114112K
  class space    used 3911K, committed 4096K, reserved 1048576K
}
Event: 8.573 GC heap after
{Heap after GC invocations=10 (full 0):
 garbage-first heap   total 69632K, used 23673K [0x0000000604400000, 0x0000000800000000)
  region size 4096K, 1 young (4096K), 1 survivors (4096K)
 Metaspace       used 31447K, committed 31872K, reserved 1114112K
  class space    used 3911K, committed 4096K, reserved 1048576K
}
Event: 9.394 GC heap before
{Heap before GC invocations=10 (full 0):
 garbage-first heap   total 69632K, used 44153K [0x0000000604400000, 0x0000000800000000)
  region size 4096K, 7 young (28672K), 1 survivors (4096K)
 Metaspace       used 35757K, committed 36160K, reserved 1114112K
  class space    used 4540K, committed 4736K, reserved 1048576K
}
Event: 9.398 GC heap after
{Heap after GC invocations=11 (full 0):
 garbage-first heap   total 69632K, used 24682K [0x0000000604400000, 0x0000000800000000)
  region size 4096K, 1 young (4096K), 1 survivors (4096K)
 Metaspace       used 35757K, committed 36160K, reserved 1114112K
  class space    used 4540K, committed 4736K, reserved 1048576K
}
Event: 10.162 GC heap before
{Heap before GC invocations=12 (full 0):
 garbage-first heap   total 69632K, used 49258K [0x0000000604400000, 0x0000000800000000)
  region size 4096K, 7 young (28672K), 1 survivors (4096K)
 Metaspace       used 39043K, committed 39488K, reserved 1114112K
  class space    used 5005K, committed 5248K, reserved 1048576K
}
Event: 10.168 GC heap after
{Heap after GC invocations=13 (full 0):
 garbage-first heap   total 69632K, used 27880K [0x0000000604400000, 0x0000000800000000)
  region size 4096K, 1 young (4096K), 1 survivors (4096K)
 Metaspace       used 39043K, committed 39488K, reserved 1114112K
  class space    used 5005K, committed 5248K, reserved 1048576K
}
Event: 10.210 GC heap before
{Heap before GC invocations=13 (full 0):
 garbage-first heap   total 69632K, used 31976K [0x0000000604400000, 0x0000000800000000)
  region size 4096K, 2 young (8192K), 1 survivors (4096K)
 Metaspace       used 39055K, committed 39552K, reserved 1114112K
  class space    used 5005K, committed 5248K, reserved 1048576K
}
Event: 10.218 GC heap after
{Heap after GC invocations=14 (full 0):
 garbage-first heap   total 69632K, used 28378K [0x0000000604400000, 0x0000000800000000)
  region size 4096K, 1 young (4096K), 1 survivors (4096K)
 Metaspace       used 39055K, committed 39552K, reserved 1114112K
  class space    used 5005K, committed 5248K, reserved 1048576K
}
Event: 11.932 GC heap before
{Heap before GC invocations=14 (full 0):
 garbage-first heap   total 69632K, used 48858K [0x0000000604400000, 0x0000000800000000)
  region size 4096K, 6 young (24576K), 1 survivors (4096K)
 Metaspace       used 42118K, committed 42624K, reserved 1114112K
  class space    used 5442K, committed 5696K, reserved 1048576K
}
Event: 11.938 GC heap after
{Heap after GC invocations=15 (full 0):
 garbage-first heap   total 294912K, used 31115K [0x0000000604400000, 0x0000000800000000)
  region size 4096K, 1 young (4096K), 1 survivors (4096K)
 Metaspace       used 42118K, committed 42624K, reserved 1114112K
  class space    used 5442K, committed 5696K, reserved 1048576K
}
Event: 152.193 GC heap before
{Heap before GC invocations=15 (full 0):
 garbage-first heap   total 294912K, used 199051K [0x0000000604400000, 0x0000000800000000)
  region size 4096K, 42 young (172032K), 1 survivors (4096K)
 Metaspace       used 58312K, committed 58880K, reserved 1114112K
  class space    used 7660K, committed 7936K, reserved 1048576K
}
Event: 152.205 GC heap after
{Heap after GC invocations=16 (full 0):
 garbage-first heap   total 294912K, used 38596K [0x0000000604400000, 0x0000000800000000)
  region size 4096K, 3 young (12288K), 3 survivors (12288K)
 Metaspace       used 58312K, committed 58880K, reserved 1114112K
  class space    used 7660K, committed 7936K, reserved 1048576K
}

