# JRE version: OpenJDK Runtime Environment Temurin-21.0.8+9 (21.0.8+9) (build 21.0.8+9-LTS)
# Java VM: OpenJDK 64-Bit Server VM Temurin-21.0.8+9 (21.0.8+9-LTS, mixed mode, sharing, tiered, compressed oops, compressed class ptrs, parallel gc, windows-amd64)
GC Precious Log:
 CardTable entry size: 512
 CPUs: 8 total, 8 available
 Memory: 40743M
 Large Page Support: Disabled
 NUMA Support: Disabled
 Compressed Oops: Enabled (32-bit)
 Alignments: Space 512K, Generation 512K, Heap 2M
 Heap Min Capacity: 100M
 Heap Initial Capacity: 100M
 Heap Max Capacity: 2G
 Pre-touch: Disabled
 Parallel Workers: 8
Heap:
 PSYoungGen      total 10752K, used 6857K [0x00000000d5580000, 0x00000000d6380000, 0x0000000100000000)
  eden space 8704K, 56% used [0x00000000d5580000,0x00000000d5a4d978,0x00000000d5e00000)
  from space 2048K, 94% used [0x00000000d6180000,0x00000000d6364d18,0x00000000d6380000)
  to   space 2560K, 0% used [0x00000000d5e80000,0x00000000d5e80000,0x00000000d6100000)
 ParOldGen       total 89088K, used 82427K [0x0000000080000000, 0x0000000085700000, 0x00000000d5580000)
  object space 89088K, 92% used [0x0000000080000000,0x000000008507ecc8,0x0000000085700000)
 Metaspace       used 62371K, committed 63744K, reserved 1114112K
  class space    used 6431K, committed 7040K, reserved 1048576K
GC Heap History (20 events):
Event: 51.459 GC heap before
{Heap before GC invocations=69 (full 3):
 PSYoungGen      total 14848K, used 14575K [0x00000000d5580000, 0x00000000d6680000, 0x0000000100000000)
  eden space 12288K, 100% used [0x00000000d5580000,0x00000000d6180000,0x00000000d6180000)
  from space 2560K, 89% used [0x00000000d6180000,0x00000000d63bbdd0,0x00000000d6400000)
  to   space 2560K, 0% used [0x00000000d6400000,0x00000000d6400000,0x00000000d6680000)
 ParOldGen       total 89088K, used 64921K [0x0000000080000000, 0x0000000085700000, 0x00000000d5580000)
  object space 89088K, 72% used [0x0000000080000000,0x0000000083f66600,0x0000000085700000)
 Metaspace       used 60103K, committed 61440K, reserved 1114112K
  class space    used 6203K, committed 6784K, reserved 1048576K
}
Event: 51.461 GC heap after
{Heap after GC invocations=69 (full 3):
 PSYoungGen      total 13824K, used 1248K [0x00000000d5580000, 0x00000000d6580000, 0x0000000100000000)
  eden space 12288K, 0% used [0x00000000d5580000,0x00000000d5580000,0x00000000d6180000)
  from space 1536K, 81% used [0x00000000d6400000,0x00000000d65380a8,0x00000000d6580000)
  to   space 2048K, 0% used [0x00000000d6180000,0x00000000d6180000,0x00000000d6380000)
 ParOldGen       total 89088K, used 67011K [0x0000000080000000, 0x0000000085700000, 0x00000000d5580000)
  object space 89088K, 75% used [0x0000000080000000,0x0000000084170d68,0x0000000085700000)
 Metaspace       used 60103K, committed 61440K, reserved 1114112K
  class space    used 6203K, committed 6784K, reserved 1048576K
}
Event: 51.756 GC heap before
{Heap before GC invocations=70 (full 3):
 PSYoungGen      total 13824K, used 13536K [0x00000000d5580000, 0x00000000d6580000, 0x0000000100000000)
  eden space 12288K, 100% used [0x00000000d5580000,0x00000000d6180000,0x00000000d6180000)
  from space 1536K, 81% used [0x00000000d6400000,0x00000000d65380a8,0x00000000d6580000)
  to   space 2048K, 0% used [0x00000000d6180000,0x00000000d6180000,0x00000000d6380000)
 ParOldGen       total 89088K, used 67011K [0x0000000080000000, 0x0000000085700000, 0x00000000d5580000)
  object space 89088K, 75% used [0x0000000080000000,0x0000000084170d68,0x0000000085700000)
 Metaspace       used 60272K, committed 61568K, reserved 1114112K
  class space    used 6223K, committed 6784K, reserved 1048576K
}
Event: 51.759 GC heap after
{Heap after GC invocations=70 (full 3):
 PSYoungGen      total 14336K, used 1697K [0x00000000d5580000, 0x00000000d6580000, 0x0000000100000000)
  eden space 12288K, 0% used [0x00000000d5580000,0x00000000d5580000,0x00000000d6180000)
  from space 2048K, 82% used [0x00000000d6180000,0x00000000d63287c0,0x00000000d6380000)
  to   space 2048K, 0% used [0x00000000d6380000,0x00000000d6380000,0x00000000d6580000)
 ParOldGen       total 89088K, used 68066K [0x0000000080000000, 0x0000000085700000, 0x00000000d5580000)
  object space 89088K, 76% used [0x0000000080000000,0x0000000084278950,0x0000000085700000)
 Metaspace       used 60272K, committed 61568K, reserved 1114112K
  class space    used 6223K, committed 6784K, reserved 1048576K
}
Event: 52.025 GC heap before
{Heap before GC invocations=71 (full 3):
 PSYoungGen      total 14336K, used 13985K [0x00000000d5580000, 0x00000000d6580000, 0x0000000100000000)
  eden space 12288K, 100% used [0x00000000d5580000,0x00000000d6180000,0x00000000d6180000)
  from space 2048K, 82% used [0x00000000d6180000,0x00000000d63287c0,0x00000000d6380000)
  to   space 2048K, 0% used [0x00000000d6380000,0x00000000d6380000,0x00000000d6580000)
 ParOldGen       total 89088K, used 68066K [0x0000000080000000, 0x0000000085700000, 0x00000000d5580000)
  object space 89088K, 76% used [0x0000000080000000,0x0000000084278950,0x0000000085700000)
 Metaspace       used 60584K, committed 61888K, reserved 1114112K
  class space    used 6246K, committed 6848K, reserved 1048576K
}
Event: 52.029 GC heap after
{Heap after GC invocations=71 (full 3):
 PSYoungGen      total 11776K, used 2034K [0x00000000d5580000, 0x00000000d6a80000, 0x0000000100000000)
  eden space 9728K, 0% used [0x00000000d5580000,0x00000000d5580000,0x00000000d5f00000)
  from space 2048K, 99% used [0x00000000d6380000,0x00000000d657ca38,0x00000000d6580000)
  to   space 4608K, 0% used [0x00000000d5f00000,0x00000000d5f00000,0x00000000d6380000)
 ParOldGen       total 89088K, used 70014K [0x0000000080000000, 0x0000000085700000, 0x00000000d5580000)
  object space 89088K, 78% used [0x0000000080000000,0x000000008445fb70,0x0000000085700000)
 Metaspace       used 60584K, committed 61888K, reserved 1114112K
  class space    used 6246K, committed 6848K, reserved 1048576K
}
Event: 52.106 GC heap before
{Heap before GC invocations=72 (full 3):
 PSYoungGen      total 11776K, used 11762K [0x00000000d5580000, 0x00000000d6a80000, 0x0000000100000000)
  eden space 9728K, 100% used [0x00000000d5580000,0x00000000d5f00000,0x00000000d5f00000)
  from space 2048K, 99% used [0x00000000d6380000,0x00000000d657ca38,0x00000000d6580000)
  to   space 4608K, 0% used [0x00000000d5f00000,0x00000000d5f00000,0x00000000d6380000)
 ParOldGen       total 89088K, used 70014K [0x0000000080000000, 0x0000000085700000, 0x00000000d5580000)
  object space 89088K, 78% used [0x0000000080000000,0x000000008445fb70,0x0000000085700000)
 Metaspace       used 60667K, committed 62016K, reserved 1114112K
  class space    used 6247K, committed 6848K, reserved 1048576K
}
Event: 52.109 GC heap after
{Heap after GC invocations=72 (full 3):
 PSYoungGen      total 12288K, used 2359K [0x00000000d5580000, 0x00000000d6500000, 0x0000000100000000)
  eden space 9728K, 0% used [0x00000000d5580000,0x00000000d5580000,0x00000000d5f00000)
  from space 2560K, 92% used [0x00000000d5f00000,0x00000000d614ddf0,0x00000000d6180000)
  to   space 3072K, 0% used [0x00000000d6200000,0x00000000d6200000,0x00000000d6500000)
 ParOldGen       total 89088K, used 72028K [0x0000000080000000, 0x0000000085700000, 0x00000000d5580000)
  object space 89088K, 80% used [0x0000000080000000,0x00000000846572d0,0x0000000085700000)
 Metaspace       used 60667K, committed 62016K, reserved 1114112K
  class space    used 6247K, committed 6848K, reserved 1048576K
}
Event: 52.653 GC heap before
{Heap before GC invocations=73 (full 3):
 PSYoungGen      total 12288K, used 12087K [0x00000000d5580000, 0x00000000d6500000, 0x0000000100000000)
  eden space 9728K, 99% used [0x00000000d5580000,0x00000000d5effe40,0x00000000d5f00000)
  from space 2560K, 92% used [0x00000000d5f00000,0x00000000d614ddf0,0x00000000d6180000)
  to   space 3072K, 0% used [0x00000000d6200000,0x00000000d6200000,0x00000000d6500000)
 ParOldGen       total 89088K, used 72028K [0x0000000080000000, 0x0000000085700000, 0x00000000d5580000)
  object space 89088K, 80% used [0x0000000080000000,0x00000000846572d0,0x0000000085700000)
 Metaspace       used 60759K, committed 62080K, reserved 1114112K
  class space    used 6253K, committed 6848K, reserved 1048576K
}
Event: 52.656 GC heap after
{Heap after GC invocations=73 (full 3):
 PSYoungGen      total 11776K, used 1631K [0x00000000d5580000, 0x00000000d6400000, 0x0000000100000000)
  eden space 9728K, 0% used [0x00000000d5580000,0x00000000d5580000,0x00000000d5f00000)
  from space 2048K, 79% used [0x00000000d6200000,0x00000000d6397d98,0x00000000d6400000)
  to   space 2048K, 0% used [0x00000000d6000000,0x00000000d6000000,0x00000000d6200000)
 ParOldGen       total 89088K, used 74272K [0x0000000080000000, 0x0000000085700000, 0x00000000d5580000)
  object space 89088K, 83% used [0x0000000080000000,0x00000000848882d8,0x0000000085700000)
 Metaspace       used 60759K, committed 62080K, reserved 1114112K
  class space    used 6253K, committed 6848K, reserved 1048576K
}
Event: 52.801 GC heap before
{Heap before GC invocations=74 (full 3):
 PSYoungGen      total 11776K, used 11359K [0x00000000d5580000, 0x00000000d6400000, 0x0000000100000000)
  eden space 9728K, 100% used [0x00000000d5580000,0x00000000d5f00000,0x00000000d5f00000)
  from space 2048K, 79% used [0x00000000d6200000,0x00000000d6397d98,0x00000000d6400000)
  to   space 2048K, 0% used [0x00000000d6000000,0x00000000d6000000,0x00000000d6200000)
 ParOldGen       total 89088K, used 74272K [0x0000000080000000, 0x0000000085700000, 0x00000000d5580000)
  object space 89088K, 83% used [0x0000000080000000,0x00000000848882d8,0x0000000085700000)
 Metaspace       used 60944K, committed 62272K, reserved 1114112K
  class space    used 6271K, committed 6848K, reserved 1048576K
}
Event: 52.806 GC heap after
{Heap after GC invocations=74 (full 3):
 PSYoungGen      total 11264K, used 1368K [0x00000000d5580000, 0x00000000d6280000, 0x0000000100000000)
  eden space 9728K, 0% used [0x00000000d5580000,0x00000000d5580000,0x00000000d5f00000)
  from space 1536K, 89% used [0x00000000d6000000,0x00000000d6156370,0x00000000d6180000)
  to   space 1024K, 0% used [0x00000000d6180000,0x00000000d6180000,0x00000000d6280000)
 ParOldGen       total 89088K, used 75425K [0x0000000080000000, 0x0000000085700000, 0x00000000d5580000)
  object space 89088K, 84% used [0x0000000080000000,0x00000000849a85e0,0x0000000085700000)
 Metaspace       used 60944K, committed 62272K, reserved 1114112K
  class space    used 6271K, committed 6848K, reserved 1048576K
}
Event: 53.020 GC heap before
{Heap before GC invocations=75 (full 3):
 PSYoungGen      total 11264K, used 11096K [0x00000000d5580000, 0x00000000d6280000, 0x0000000100000000)
  eden space 9728K, 100% used [0x00000000d5580000,0x00000000d5f00000,0x00000000d5f00000)
  from space 1536K, 89% used [0x00000000d6000000,0x00000000d6156370,0x00000000d6180000)
  to   space 1024K, 0% used [0x00000000d6180000,0x00000000d6180000,0x00000000d6280000)
 ParOldGen       total 89088K, used 75425K [0x0000000080000000, 0x0000000085700000, 0x00000000d5580000)
  object space 89088K, 84% used [0x0000000080000000,0x00000000849a85e0,0x0000000085700000)
 Metaspace       used 61233K, committed 62592K, reserved 1114112K
  class space    used 6276K, committed 6848K, reserved 1048576K
}
Event: 53.023 GC heap after
{Heap after GC invocations=75 (full 3):
 PSYoungGen      total 9728K, used 1006K [0x00000000d5580000, 0x00000000d6600000, 0x0000000100000000)
  eden space 8704K, 0% used [0x00000000d5580000,0x00000000d5580000,0x00000000d5e00000)
  from space 1024K, 98% used [0x00000000d6180000,0x00000000d627ba48,0x00000000d6280000)
  to   space 3584K, 0% used [0x00000000d5e00000,0x00000000d5e00000,0x00000000d6180000)
 ParOldGen       total 89088K, used 77246K [0x0000000080000000, 0x0000000085700000, 0x00000000d5580000)
  object space 89088K, 86% used [0x0000000080000000,0x0000000084b6f920,0x0000000085700000)
 Metaspace       used 61233K, committed 62592K, reserved 1114112K
  class space    used 6276K, committed 6848K, reserved 1048576K
}
Event: 53.299 GC heap before
{Heap before GC invocations=76 (full 3):
 PSYoungGen      total 9728K, used 9710K [0x00000000d5580000, 0x00000000d6600000, 0x0000000100000000)
  eden space 8704K, 100% used [0x00000000d5580000,0x00000000d5e00000,0x00000000d5e00000)
  from space 1024K, 98% used [0x00000000d6180000,0x00000000d627ba48,0x00000000d6280000)
  to   space 3584K, 0% used [0x00000000d5e00000,0x00000000d5e00000,0x00000000d6180000)
 ParOldGen       total 89088K, used 77246K [0x0000000080000000, 0x0000000085700000, 0x00000000d5580000)
  object space 89088K, 86% used [0x0000000080000000,0x0000000084b6f920,0x0000000085700000)
 Metaspace       used 61478K, committed 62848K, reserved 1114112K
  class space    used 6295K, committed 6912K, reserved 1048576K
}
Event: 53.303 GC heap after
{Heap after GC invocations=76 (full 3):
 PSYoungGen      total 10240K, used 1065K [0x00000000d5580000, 0x00000000d6200000, 0x0000000100000000)
  eden space 8704K, 0% used [0x00000000d5580000,0x00000000d5580000,0x00000000d5e00000)
  from space 1536K, 69% used [0x00000000d5e00000,0x00000000d5f0a6f8,0x00000000d5f80000)
  to   space 2048K, 0% used [0x00000000d6000000,0x00000000d6000000,0x00000000d6200000)
 ParOldGen       total 89088K, used 78251K [0x0000000080000000, 0x0000000085700000, 0x00000000d5580000)
  object space 89088K, 87% used [0x0000000080000000,0x0000000084c6ad78,0x0000000085700000)
 Metaspace       used 61478K, committed 62848K, reserved 1114112K
  class space    used 6295K, committed 6912K, reserved 1048576K
}
Event: 53.589 GC heap before
{Heap before GC invocations=77 (full 3):
 PSYoungGen      total 10240K, used 9769K [0x00000000d5580000, 0x00000000d6200000, 0x0000000100000000)
  eden space 8704K, 100% used [0x00000000d5580000,0x00000000d5e00000,0x00000000d5e00000)
  from space 1536K, 69% used [0x00000000d5e00000,0x00000000d5f0a6f8,0x00000000d5f80000)
  to   space 2048K, 0% used [0x00000000d6000000,0x00000000d6000000,0x00000000d6200000)
 ParOldGen       total 89088K, used 78251K [0x0000000080000000, 0x0000000085700000, 0x00000000d5580000)
  object space 89088K, 87% used [0x0000000080000000,0x0000000084c6ad78,0x0000000085700000)
 Metaspace       used 62035K, committed 63360K, reserved 1114112K
  class space    used 6395K, committed 6976K, reserved 1048576K
}
Event: 53.594 GC heap after
{Heap after GC invocations=77 (full 3):
 PSYoungGen      total 10240K, used 1435K [0x00000000d5580000, 0x00000000d6180000, 0x0000000100000000)
  eden space 8704K, 0% used [0x00000000d5580000,0x00000000d5580000,0x00000000d5e00000)
  from space 1536K, 93% used [0x00000000d6000000,0x00000000d6166f60,0x00000000d6180000)
  to   space 1536K, 0% used [0x00000000d5e00000,0x00000000d5e00000,0x00000000d5f80000)
 ParOldGen       total 89088K, used 79222K [0x0000000080000000, 0x0000000085700000, 0x00000000d5580000)
  object space 89088K, 88% used [0x0000000080000000,0x0000000084d5d838,0x0000000085700000)
 Metaspace       used 62035K, committed 63360K, reserved 1114112K
  class space    used 6395K, committed 6976K, reserved 1048576K
}
Event: 53.674 GC heap before
{Heap before GC invocations=78 (full 3):
 PSYoungGen      total 10240K, used 10139K [0x00000000d5580000, 0x00000000d6180000, 0x0000000100000000)
  eden space 8704K, 100% used [0x00000000d5580000,0x00000000d5e00000,0x00000000d5e00000)
  from space 1536K, 93% used [0x00000000d6000000,0x00000000d6166f60,0x00000000d6180000)
  to   space 1536K, 0% used [0x00000000d5e00000,0x00000000d5e00000,0x00000000d5f80000)
 ParOldGen       total 89088K, used 79222K [0x0000000080000000, 0x0000000085700000, 0x00000000d5580000)
  object space 89088K, 88% used [0x0000000080000000,0x0000000084d5d838,0x0000000085700000)
 Metaspace       used 62205K, committed 63488K, reserved 1114112K
  class space    used 6411K, committed 6976K, reserved 1048576K
}
Event: 53.678 GC heap after
{Heap after GC invocations=78 (full 3):
 PSYoungGen      total 10240K, used 1523K [0x00000000d5580000, 0x00000000d6500000, 0x0000000100000000)
  eden space 8704K, 0% used [0x00000000d5580000,0x00000000d5580000,0x00000000d5e00000)
  from space 1536K, 99% used [0x00000000d5e00000,0x00000000d5f7cca8,0x00000000d5f80000)
  to   space 3584K, 0% used [0x00000000d6180000,0x00000000d6180000,0x00000000d6500000)
 ParOldGen       total 89088K, used 80884K [0x0000000080000000, 0x0000000085700000, 0x00000000d5580000)
  object space 89088K, 90% used [0x0000000080000000,0x0000000084efd350,0x0000000085700000)
 Metaspace       used 62205K, committed 63488K, reserved 1114112K
  class space    used 6411K, committed 6976K, reserved 1048576K
}

