# JRE version: Java(TM) SE Runtime Environment (17.0.15+9) (build 17.0.15+9-LTS-241)
# Java VM: Java HotSpot(TM) 64-Bit Server VM (17.0.15+9-LTS-241, mixed mode, sharing, tiered, compressed oops, compressed class ptrs, g1 gc, windows-amd64)
GC Precious Log:
 CPUs: 8 total, 8 available
 Memory: 40743M
 Large Page Support: Disabled
 NUMA Support: Disabled
 Compressed Oops: Enabled (Zero based)
 Heap Region Size: 8M
 Heap Min Capacity: 8M
 Heap Initial Capacity: 640M
 Heap Max Capacity: 10192M
 Pre-touch: Disabled
 Parallel Workers: 8
 Concurrent Workers: 2
 Concurrent Refinement Workers: 8
 Periodic GC: Disabled
Heap:
 garbage-first heap   total 81920K, used 45431K [0x0000000583000000, 0x0000000800000000)
  region size 8192K, 4 young (32768K), 1 survivors (8192K)
 Metaspace       used 50718K, committed 51264K, reserved 1114112K
  class space    used 6137K, committed 6464K, reserved 1048576K
GC Heap History (20 events):
Event: 76411.230 GC heap before
{Heap before GC invocations=48 (full 0):
 garbage-first heap   total 81920K, used 55165K [0x0000000583000000, 0x0000000800000000)
  region size 8192K, 4 young (32768K), 1 survivors (8192K)
 Metaspace       used 49862K, committed 50432K, reserved 1114112K
  class space    used 6111K, committed 6400K, reserved 1048576K
}
Event: 76411.232 GC heap after
{Heap after GC invocations=49 (full 0):
 garbage-first heap   total 81920K, used 30595K [0x0000000583000000, 0x0000000800000000)
  region size 8192K, 1 young (8192K), 1 survivors (8192K)
 Metaspace       used 49862K, committed 50432K, reserved 1114112K
  class space    used 6111K, committed 6400K, reserved 1048576K
}
Event: 77107.844 GC heap before
{Heap before GC invocations=49 (full 0):
 garbage-first heap   total 81920K, used 55171K [0x0000000583000000, 0x0000000800000000)
  region size 8192K, 4 young (32768K), 1 survivors (8192K)
 Metaspace       used 49862K, committed 50432K, reserved 1114112K
  class space    used 6111K, committed 6400K, reserved 1048576K
}
Event: 77107.846 GC heap after
{Heap after GC invocations=50 (full 0):
 garbage-first heap   total 81920K, used 30592K [0x0000000583000000, 0x0000000800000000)
  region size 8192K, 1 young (8192K), 1 survivors (8192K)
 Metaspace       used 49862K, committed 50432K, reserved 1114112K
  class space    used 6111K, committed 6400K, reserved 1048576K
}
Event: 77805.053 GC heap before
{Heap before GC invocations=50 (full 0):
 garbage-first heap   total 81920K, used 55168K [0x0000000583000000, 0x0000000800000000)
  region size 8192K, 4 young (32768K), 1 survivors (8192K)
 Metaspace       used 49876K, committed 50496K, reserved 1114112K
  class space    used 6111K, committed 6400K, reserved 1048576K
}
Event: 77805.055 GC heap after
{Heap after GC invocations=51 (full 0):
 garbage-first heap   total 81920K, used 30650K [0x0000000583000000, 0x0000000800000000)
  region size 8192K, 1 young (8192K), 1 survivors (8192K)
 Metaspace       used 49876K, committed 50496K, reserved 1114112K
  class space    used 6111K, committed 6400K, reserved 1048576K
}
Event: 78504.067 GC heap before
{Heap before GC invocations=51 (full 0):
 garbage-first heap   total 81920K, used 55226K [0x0000000583000000, 0x0000000800000000)
  region size 8192K, 4 young (32768K), 1 survivors (8192K)
 Metaspace       used 49879K, committed 50496K, reserved 1114112K
  class space    used 6111K, committed 6400K, reserved 1048576K
}
Event: 78504.071 GC heap after
{Heap after GC invocations=52 (full 0):
 garbage-first heap   total 81920K, used 30645K [0x0000000583000000, 0x0000000800000000)
  region size 8192K, 1 young (8192K), 1 survivors (8192K)
 Metaspace       used 49879K, committed 50496K, reserved 1114112K
  class space    used 6111K, committed 6400K, reserved 1048576K
}
Event: 79202.540 GC heap before
{Heap before GC invocations=52 (full 0):
 garbage-first heap   total 81920K, used 55221K [0x0000000583000000, 0x0000000800000000)
  region size 8192K, 4 young (32768K), 1 survivors (8192K)
 Metaspace       used 49889K, committed 50496K, reserved 1114112K
  class space    used 6111K, committed 6400K, reserved 1048576K
}
Event: 79202.545 GC heap after
{Heap after GC invocations=53 (full 0):
 garbage-first heap   total 81920K, used 30651K [0x0000000583000000, 0x0000000800000000)
  region size 8192K, 1 young (8192K), 1 survivors (8192K)
 Metaspace       used 49889K, committed 50496K, reserved 1114112K
  class space    used 6111K, committed 6400K, reserved 1048576K
}
Event: 79883.924 GC heap before
{Heap before GC invocations=53 (full 0):
 garbage-first heap   total 81920K, used 55227K [0x0000000583000000, 0x0000000800000000)
  region size 8192K, 4 young (32768K), 1 survivors (8192K)
 Metaspace       used 49895K, committed 50496K, reserved 1114112K
  class space    used 6111K, committed 6400K, reserved 1048576K
}
Event: 79883.928 GC heap after
{Heap after GC invocations=54 (full 0):
 garbage-first heap   total 81920K, used 30680K [0x0000000583000000, 0x0000000800000000)
  region size 8192K, 1 young (8192K), 1 survivors (8192K)
 Metaspace       used 49895K, committed 50496K, reserved 1114112K
  class space    used 6111K, committed 6400K, reserved 1048576K
}
Event: 81676.230 GC heap before
{Heap before GC invocations=54 (full 0):
 garbage-first heap   total 81920K, used 55256K [0x0000000583000000, 0x0000000800000000)
  region size 8192K, 4 young (32768K), 1 survivors (8192K)
 Metaspace       used 49968K, committed 50560K, reserved 1114112K
  class space    used 6119K, committed 6400K, reserved 1048576K
}
Event: 81676.233 GC heap after
{Heap after GC invocations=55 (full 0):
 garbage-first heap   total 81920K, used 30703K [0x0000000583000000, 0x0000000800000000)
  region size 8192K, 1 young (8192K), 1 survivors (8192K)
 Metaspace       used 49968K, committed 50560K, reserved 1114112K
  class space    used 6119K, committed 6400K, reserved 1048576K
}
Event: 81842.936 GC heap before
{Heap before GC invocations=55 (full 0):
 garbage-first heap   total 81920K, used 38895K [0x0000000583000000, 0x0000000800000000)
  region size 8192K, 3 young (24576K), 1 survivors (8192K)
 Metaspace       used 50149K, committed 50752K, reserved 1114112K
  class space    used 6145K, committed 6464K, reserved 1048576K
}
Event: 81843.714 GC heap after
{Heap after GC invocations=56 (full 1):
 garbage-first heap   total 81920K, used 23100K [0x0000000583000000, 0x0000000800000000)
  region size 8192K, 0 young (0K), 0 survivors (0K)
 Metaspace       used 49790K, committed 50752K, reserved 1114112K
  class space    used 6072K, committed 6464K, reserved 1048576K
}
Event: 81851.934 GC heap before
{Heap before GC invocations=56 (full 1):
 garbage-first heap   total 81920K, used 64060K [0x0000000583000000, 0x0000000800000000)
  region size 8192K, 5 young (40960K), 0 survivors (0K)
 Metaspace       used 50218K, committed 50880K, reserved 1114112K
  class space    used 6121K, committed 6464K, reserved 1048576K
}
Event: 81851.953 GC heap after
{Heap after GC invocations=57 (full 1):
 garbage-first heap   total 81920K, used 26075K [0x0000000583000000, 0x0000000800000000)
  region size 8192K, 1 young (8192K), 1 survivors (8192K)
 Metaspace       used 50218K, committed 50880K, reserved 1114112K
  class space    used 6121K, committed 6464K, reserved 1048576K
}
Event: 81856.191 GC heap before
{Heap before GC invocations=57 (full 1):
 garbage-first heap   total 81920K, used 58843K [0x0000000583000000, 0x0000000800000000)
  region size 8192K, 5 young (40960K), 1 survivors (8192K)
 Metaspace       used 50671K, committed 51264K, reserved 1114112K
  class space    used 6137K, committed 6464K, reserved 1048576K
}
Event: 81856.202 GC heap after
{Heap after GC invocations=58 (full 1):
 garbage-first heap   total 81920K, used 29047K [0x0000000583000000, 0x0000000800000000)
  region size 8192K, 1 young (8192K), 1 survivors (8192K)
 Metaspace       used 50671K, committed 51264K, reserved 1114112K
  class space    used 6137K, committed 6464K, reserved 1048576K
}

