# JRE version: Java(TM) SE Runtime Environment (17.0.15+9) (build 17.0.15+9-LTS-241)
# Java VM: Java HotSpot(TM) 64-Bit Server VM (17.0.15+9-LTS-241, mixed mode, sharing, tiered, compressed oops, compressed class ptrs, g1 gc, windows-amd64)
GC Precious Log:
 CPUs: 8 total, 8 available
 Memory: 40743M
 Large Page Support: Disabled
 NUMA Support: Disabled
 Compressed Oops: Enabled (Zero based)
 Heap Region Size: 8M
 Heap Min Capacity: 8M
 Heap Initial Capacity: 640M
 Heap Max Capacity: 10192M
 Pre-touch: Disabled
 Parallel Workers: 8
 Concurrent Workers: 2
 Concurrent Refinement Workers: 8
 Periodic GC: Disabled
Heap:
 garbage-first heap   total 81920K, used 40039K [0x0000000583000000, 0x0000000800000000)
  region size 8192K, 3 young (24576K), 1 survivors (8192K)
 Metaspace       used 45244K, committed 45824K, reserved 1114112K
  class space    used 5545K, committed 5824K, reserved 1048576K
GC Heap History (20 events):
Event: 34507.724 GC heap before
{Heap before GC invocations=51 (full 0):
 garbage-first heap   total 81920K, used 56347K [0x0000000583000000, 0x0000000800000000)
  region size 8192K, 4 young (32768K), 1 survivors (8192K)
 Metaspace       used 45181K, committed 45696K, reserved 1114112K
  class space    used 5544K, committed 5824K, reserved 1048576K
}
Event: 34507.729 GC heap after
{Heap after GC invocations=52 (full 0):
 garbage-first heap   total 81920K, used 31777K [0x0000000583000000, 0x0000000800000000)
  region size 8192K, 1 young (8192K), 1 survivors (8192K)
 Metaspace       used 45181K, committed 45696K, reserved 1114112K
  class space    used 5544K, committed 5824K, reserved 1048576K
}
Event: 35432.184 GC heap before
{Heap before GC invocations=52 (full 0):
 garbage-first heap   total 81920K, used 56353K [0x0000000583000000, 0x0000000800000000)
  region size 8192K, 4 young (32768K), 1 survivors (8192K)
 Metaspace       used 45185K, committed 45696K, reserved 1114112K
  class space    used 5544K, committed 5824K, reserved 1048576K
}
Event: 35432.186 GC heap after
{Heap after GC invocations=53 (full 0):
 garbage-first heap   total 81920K, used 31792K [0x0000000583000000, 0x0000000800000000)
  region size 8192K, 1 young (8192K), 1 survivors (8192K)
 Metaspace       used 45185K, committed 45696K, reserved 1114112K
  class space    used 5544K, committed 5824K, reserved 1048576K
}
Event: 36361.157 GC heap before
{Heap before GC invocations=53 (full 0):
 garbage-first heap   total 81920K, used 56368K [0x0000000583000000, 0x0000000800000000)
  region size 8192K, 4 young (32768K), 1 survivors (8192K)
 Metaspace       used 45190K, committed 45696K, reserved 1114112K
  class space    used 5544K, committed 5824K, reserved 1048576K
}
Event: 36361.161 GC heap after
{Heap after GC invocations=54 (full 0):
 garbage-first heap   total 81920K, used 31796K [0x0000000583000000, 0x0000000800000000)
  region size 8192K, 1 young (8192K), 1 survivors (8192K)
 Metaspace       used 45190K, committed 45696K, reserved 1114112K
  class space    used 5544K, committed 5824K, reserved 1048576K
}
Event: 37246.326 GC heap before
{Heap before GC invocations=54 (full 0):
 garbage-first heap   total 81920K, used 56372K [0x0000000583000000, 0x0000000800000000)
  region size 8192K, 4 young (32768K), 1 survivors (8192K)
 Metaspace       used 45211K, committed 45824K, reserved 1114112K
  class space    used 5544K, committed 5824K, reserved 1048576K
}
Event: 37246.330 GC heap after
{Heap after GC invocations=55 (full 0):
 garbage-first heap   total 81920K, used 31813K [0x0000000583000000, 0x0000000800000000)
  region size 8192K, 1 young (8192K), 1 survivors (8192K)
 Metaspace       used 45211K, committed 45824K, reserved 1114112K
  class space    used 5544K, committed 5824K, reserved 1048576K
}
Event: 38142.892 GC heap before
{Heap before GC invocations=55 (full 0):
 garbage-first heap   total 81920K, used 56389K [0x0000000583000000, 0x0000000800000000)
  region size 8192K, 4 young (32768K), 1 survivors (8192K)
 Metaspace       used 45228K, committed 45824K, reserved 1114112K
  class space    used 5544K, committed 5824K, reserved 1048576K
}
Event: 38142.894 GC heap after
{Heap after GC invocations=56 (full 0):
 garbage-first heap   total 81920K, used 31799K [0x0000000583000000, 0x0000000800000000)
  region size 8192K, 1 young (8192K), 1 survivors (8192K)
 Metaspace       used 45228K, committed 45824K, reserved 1114112K
  class space    used 5544K, committed 5824K, reserved 1048576K
}
Event: 39062.556 GC heap before
{Heap before GC invocations=56 (full 0):
 garbage-first heap   total 81920K, used 56375K [0x0000000583000000, 0x0000000800000000)
  region size 8192K, 4 young (32768K), 1 survivors (8192K)
 Metaspace       used 45230K, committed 45824K, reserved 1114112K
  class space    used 5544K, committed 5824K, reserved 1048576K
}
Event: 39062.560 GC heap after
{Heap after GC invocations=57 (full 0):
 garbage-first heap   total 81920K, used 31793K [0x0000000583000000, 0x0000000800000000)
  region size 8192K, 1 young (8192K), 1 survivors (8192K)
 Metaspace       used 45230K, committed 45824K, reserved 1114112K
  class space    used 5544K, committed 5824K, reserved 1048576K
}
Event: 39978.576 GC heap before
{Heap before GC invocations=57 (full 0):
 garbage-first heap   total 81920K, used 56369K [0x0000000583000000, 0x0000000800000000)
  region size 8192K, 4 young (32768K), 1 survivors (8192K)
 Metaspace       used 45233K, committed 45824K, reserved 1114112K
  class space    used 5545K, committed 5824K, reserved 1048576K
}
Event: 39978.579 GC heap after
{Heap after GC invocations=58 (full 0):
 garbage-first heap   total 81920K, used 31825K [0x0000000583000000, 0x0000000800000000)
  region size 8192K, 1 young (8192K), 1 survivors (8192K)
 Metaspace       used 45233K, committed 45824K, reserved 1114112K
  class space    used 5545K, committed 5824K, reserved 1048576K
}
Event: 40869.410 GC heap before
{Heap before GC invocations=58 (full 0):
 garbage-first heap   total 81920K, used 56401K [0x0000000583000000, 0x0000000800000000)
  region size 8192K, 4 young (32768K), 1 survivors (8192K)
 Metaspace       used 45236K, committed 45824K, reserved 1114112K
  class space    used 5545K, committed 5824K, reserved 1048576K
}
Event: 40869.412 GC heap after
{Heap after GC invocations=59 (full 0):
 garbage-first heap   total 81920K, used 31817K [0x0000000583000000, 0x0000000800000000)
  region size 8192K, 1 young (8192K), 1 survivors (8192K)
 Metaspace       used 45236K, committed 45824K, reserved 1114112K
  class space    used 5545K, committed 5824K, reserved 1048576K
}
Event: 41792.237 GC heap before
{Heap before GC invocations=59 (full 0):
 garbage-first heap   total 81920K, used 56393K [0x0000000583000000, 0x0000000800000000)
  region size 8192K, 4 young (32768K), 1 survivors (8192K)
 Metaspace       used 45238K, committed 45824K, reserved 1114112K
  class space    used 5545K, committed 5824K, reserved 1048576K
}
Event: 41792.239 GC heap after
{Heap after GC invocations=60 (full 0):
 garbage-first heap   total 81920K, used 31846K [0x0000000583000000, 0x0000000800000000)
  region size 8192K, 1 young (8192K), 1 survivors (8192K)
 Metaspace       used 45238K, committed 45824K, reserved 1114112K
  class space    used 5545K, committed 5824K, reserved 1048576K
}
Event: 42710.864 GC heap before
{Heap before GC invocations=60 (full 0):
 garbage-first heap   total 81920K, used 56422K [0x0000000583000000, 0x0000000800000000)
  region size 8192K, 4 young (32768K), 1 survivors (8192K)
 Metaspace       used 45242K, committed 45824K, reserved 1114112K
  class space    used 5545K, committed 5824K, reserved 1048576K
}
Event: 42710.867 GC heap after
{Heap after GC invocations=61 (full 0):
 garbage-first heap   total 81920K, used 31847K [0x0000000583000000, 0x0000000800000000)
  region size 8192K, 1 young (8192K), 1 survivors (8192K)
 Metaspace       used 45242K, committed 45824K, reserved 1114112K
  class space    used 5545K, committed 5824K, reserved 1048576K
}

