# JRE version: OpenJDK Runtime Environment Temurin-21.0.8+9 (21.0.8+9) (build 21.0.8+9-LTS)
# Java VM: OpenJDK 64-Bit Server VM Temurin-21.0.8+9 (21.0.8+9-LTS, mixed mode, sharing, tiered, compressed oops, compressed class ptrs, parallel gc, windows-amd64)
GC Precious Log:
 CardTable entry size: 512
 CPUs: 8 total, 8 available
 Memory: 40743M
 Large Page Support: Disabled
 NUMA Support: Disabled
 Compressed Oops: Enabled (32-bit)
 Alignments: Space 512K, Generation 512K, Heap 2M
 Heap Min Capacity: 100M
 Heap Initial Capacity: 100M
 Heap Max Capacity: 2G
 Pre-touch: Disabled
 Parallel Workers: 8
Heap:
 PSYoungGen      total 3072K, used 2668K [0x00000000d5580000, 0x00000000d5a80000, 0x0000000100000000)
  eden space 2560K, 95% used [0x00000000d5580000,0x00000000d57e3138,0x00000000d5800000)
  from space 512K, 43% used [0x00000000d5a00000,0x00000000d5a38000,0x00000000d5a80000)
  to   space 512K, 0% used [0x00000000d5980000,0x00000000d5980000,0x00000000d5a00000)
 ParOldGen       total 613888K, used 525346K [0x0000000080000000, 0x00000000a5780000, 0x00000000d5580000)
  object space 613888K, 85% used [0x0000000080000000,0x00000000a0108950,0x00000000a5780000)
 Metaspace       used 87353K, committed 89344K, reserved 1179648K
  class space    used 8627K, committed 9536K, reserved 1048576K
GC Heap History (20 events):
Event: 1796.549 GC heap before
{Heap before GC invocations=3658 (full 6):
 PSYoungGen      total 3072K, used 2816K [0x00000000d5580000, 0x00000000d5a80000, 0x0000000100000000)
  eden space 2560K, 100% used [0x00000000d5580000,0x00000000d5800000,0x00000000d5800000)
  from space 512K, 50% used [0x00000000d5a00000,0x00000000d5a40000,0x00000000d5a80000)
  to   space 512K, 0% used [0x00000000d5980000,0x00000000d5980000,0x00000000d5a00000)
 ParOldGen       total 613888K, used 524693K [0x0000000080000000, 0x00000000a5780000, 0x00000000d5580000)
  object space 613888K, 85% used [0x0000000080000000,0x00000000a00656a0,0x00000000a5780000)
 Metaspace       used 87343K, committed 89344K, reserved 1179648K
  class space    used 8627K, committed 9536K, reserved 1048576K
}
Event: 1796.552 GC heap after
{Heap after GC invocations=3658 (full 6):
 PSYoungGen      total 3072K, used 256K [0x00000000d5580000, 0x00000000d5a80000, 0x0000000100000000)
  eden space 2560K, 0% used [0x00000000d5580000,0x00000000d5580000,0x00000000d5800000)
  from space 512K, 50% used [0x00000000d5980000,0x00000000d59c0000,0x00000000d5a00000)
  to   space 512K, 0% used [0x00000000d5a00000,0x00000000d5a00000,0x00000000d5a80000)
 ParOldGen       total 613888K, used 524741K [0x0000000080000000, 0x00000000a5780000, 0x00000000d5580000)
  object space 613888K, 85% used [0x0000000080000000,0x00000000a00716a0,0x00000000a5780000)
 Metaspace       used 87343K, committed 89344K, reserved 1179648K
  class space    used 8627K, committed 9536K, reserved 1048576K
}
Event: 1796.603 GC heap before
{Heap before GC invocations=3659 (full 6):
 PSYoungGen      total 3072K, used 2816K [0x00000000d5580000, 0x00000000d5a80000, 0x0000000100000000)
  eden space 2560K, 100% used [0x00000000d5580000,0x00000000d5800000,0x00000000d5800000)
  from space 512K, 50% used [0x00000000d5980000,0x00000000d59c0000,0x00000000d5a00000)
  to   space 512K, 0% used [0x00000000d5a00000,0x00000000d5a00000,0x00000000d5a80000)
 ParOldGen       total 613888K, used 524741K [0x0000000080000000, 0x00000000a5780000, 0x00000000d5580000)
  object space 613888K, 85% used [0x0000000080000000,0x00000000a00716a0,0x00000000a5780000)
 Metaspace       used 87343K, committed 89344K, reserved 1179648K
  class space    used 8627K, committed 9536K, reserved 1048576K
}
Event: 1796.606 GC heap after
{Heap after GC invocations=3659 (full 6):
 PSYoungGen      total 3072K, used 192K [0x00000000d5580000, 0x00000000d5a80000, 0x0000000100000000)
  eden space 2560K, 0% used [0x00000000d5580000,0x00000000d5580000,0x00000000d5800000)
  from space 512K, 37% used [0x00000000d5a00000,0x00000000d5a30000,0x00000000d5a80000)
  to   space 512K, 0% used [0x00000000d5980000,0x00000000d5980000,0x00000000d5a00000)
 ParOldGen       total 613888K, used 524781K [0x0000000080000000, 0x00000000a5780000, 0x00000000d5580000)
  object space 613888K, 85% used [0x0000000080000000,0x00000000a007b6a0,0x00000000a5780000)
 Metaspace       used 87343K, committed 89344K, reserved 1179648K
  class space    used 8627K, committed 9536K, reserved 1048576K
}
Event: 1796.696 GC heap before
{Heap before GC invocations=3660 (full 6):
 PSYoungGen      total 3072K, used 2752K [0x00000000d5580000, 0x00000000d5a80000, 0x0000000100000000)
  eden space 2560K, 100% used [0x00000000d5580000,0x00000000d5800000,0x00000000d5800000)
  from space 512K, 37% used [0x00000000d5a00000,0x00000000d5a30000,0x00000000d5a80000)
  to   space 512K, 0% used [0x00000000d5980000,0x00000000d5980000,0x00000000d5a00000)
 ParOldGen       total 613888K, used 524781K [0x0000000080000000, 0x00000000a5780000, 0x00000000d5580000)
  object space 613888K, 85% used [0x0000000080000000,0x00000000a007b6a0,0x00000000a5780000)
 Metaspace       used 87343K, committed 89344K, reserved 1179648K
  class space    used 8627K, committed 9536K, reserved 1048576K
}
Event: 1796.700 GC heap after
{Heap after GC invocations=3660 (full 6):
 PSYoungGen      total 3072K, used 420K [0x00000000d5580000, 0x00000000d5a80000, 0x0000000100000000)
  eden space 2560K, 0% used [0x00000000d5580000,0x00000000d5580000,0x00000000d5800000)
  from space 512K, 82% used [0x00000000d5980000,0x00000000d59e92b0,0x00000000d5a00000)
  to   space 512K, 0% used [0x00000000d5a00000,0x00000000d5a00000,0x00000000d5a80000)
 ParOldGen       total 613888K, used 524821K [0x0000000080000000, 0x00000000a5780000, 0x00000000d5580000)
  object space 613888K, 85% used [0x0000000080000000,0x00000000a00856a0,0x00000000a5780000)
 Metaspace       used 87343K, committed 89344K, reserved 1179648K
  class space    used 8627K, committed 9536K, reserved 1048576K
}
Event: 1796.722 GC heap before
{Heap before GC invocations=3661 (full 6):
 PSYoungGen      total 3072K, used 2980K [0x00000000d5580000, 0x00000000d5a80000, 0x0000000100000000)
  eden space 2560K, 100% used [0x00000000d5580000,0x00000000d5800000,0x00000000d5800000)
  from space 512K, 82% used [0x00000000d5980000,0x00000000d59e92b0,0x00000000d5a00000)
  to   space 512K, 0% used [0x00000000d5a00000,0x00000000d5a00000,0x00000000d5a80000)
 ParOldGen       total 613888K, used 524821K [0x0000000080000000, 0x00000000a5780000, 0x00000000d5580000)
  object space 613888K, 85% used [0x0000000080000000,0x00000000a00856a0,0x00000000a5780000)
 Metaspace       used 87343K, committed 89344K, reserved 1179648K
  class space    used 8627K, committed 9536K, reserved 1048576K
}
Event: 1796.725 GC heap after
{Heap after GC invocations=3661 (full 6):
 PSYoungGen      total 3072K, used 256K [0x00000000d5580000, 0x00000000d5a80000, 0x0000000100000000)
  eden space 2560K, 0% used [0x00000000d5580000,0x00000000d5580000,0x00000000d5800000)
  from space 512K, 50% used [0x00000000d5a00000,0x00000000d5a40000,0x00000000d5a80000)
  to   space 512K, 0% used [0x00000000d5980000,0x00000000d5980000,0x00000000d5a00000)
 ParOldGen       total 613888K, used 525090K [0x0000000080000000, 0x00000000a5780000, 0x00000000d5580000)
  object space 613888K, 85% used [0x0000000080000000,0x00000000a00c8950,0x00000000a5780000)
 Metaspace       used 87343K, committed 89344K, reserved 1179648K
  class space    used 8627K, committed 9536K, reserved 1048576K
}
Event: 1796.809 GC heap before
{Heap before GC invocations=3662 (full 6):
 PSYoungGen      total 3072K, used 2816K [0x00000000d5580000, 0x00000000d5a80000, 0x0000000100000000)
  eden space 2560K, 100% used [0x00000000d5580000,0x00000000d5800000,0x00000000d5800000)
  from space 512K, 50% used [0x00000000d5a00000,0x00000000d5a40000,0x00000000d5a80000)
  to   space 512K, 0% used [0x00000000d5980000,0x00000000d5980000,0x00000000d5a00000)
 ParOldGen       total 613888K, used 525090K [0x0000000080000000, 0x00000000a5780000, 0x00000000d5580000)
  object space 613888K, 85% used [0x0000000080000000,0x00000000a00c8950,0x00000000a5780000)
 Metaspace       used 87343K, committed 89344K, reserved 1179648K
  class space    used 8627K, committed 9536K, reserved 1048576K
}
Event: 1796.811 GC heap after
{Heap after GC invocations=3662 (full 6):
 PSYoungGen      total 3072K, used 192K [0x00000000d5580000, 0x00000000d5a80000, 0x0000000100000000)
  eden space 2560K, 0% used [0x00000000d5580000,0x00000000d5580000,0x00000000d5800000)
  from space 512K, 37% used [0x00000000d5980000,0x00000000d59b0000,0x00000000d5a00000)
  to   space 512K, 0% used [0x00000000d5a00000,0x00000000d5a00000,0x00000000d5a80000)
 ParOldGen       total 613888K, used 525138K [0x0000000080000000, 0x00000000a5780000, 0x00000000d5580000)
  object space 613888K, 85% used [0x0000000080000000,0x00000000a00d4950,0x00000000a5780000)
 Metaspace       used 87343K, committed 89344K, reserved 1179648K
  class space    used 8627K, committed 9536K, reserved 1048576K
}
Event: 1796.829 GC heap before
{Heap before GC invocations=3663 (full 6):
 PSYoungGen      total 3072K, used 2752K [0x00000000d5580000, 0x00000000d5a80000, 0x0000000100000000)
  eden space 2560K, 100% used [0x00000000d5580000,0x00000000d5800000,0x00000000d5800000)
  from space 512K, 37% used [0x00000000d5980000,0x00000000d59b0000,0x00000000d5a00000)
  to   space 512K, 0% used [0x00000000d5a00000,0x00000000d5a00000,0x00000000d5a80000)
 ParOldGen       total 613888K, used 525138K [0x0000000080000000, 0x00000000a5780000, 0x00000000d5580000)
  object space 613888K, 85% used [0x0000000080000000,0x00000000a00d4950,0x00000000a5780000)
 Metaspace       used 87344K, committed 89344K, reserved 1179648K
  class space    used 8627K, committed 9536K, reserved 1048576K
}
Event: 1796.831 GC heap after
{Heap after GC invocations=3663 (full 6):
 PSYoungGen      total 3072K, used 256K [0x00000000d5580000, 0x00000000d5a80000, 0x0000000100000000)
  eden space 2560K, 0% used [0x00000000d5580000,0x00000000d5580000,0x00000000d5800000)
  from space 512K, 50% used [0x00000000d5a00000,0x00000000d5a40000,0x00000000d5a80000)
  to   space 512K, 0% used [0x00000000d5980000,0x00000000d5980000,0x00000000d5a00000)
 ParOldGen       total 613888K, used 525194K [0x0000000080000000, 0x00000000a5780000, 0x00000000d5580000)
  object space 613888K, 85% used [0x0000000080000000,0x00000000a00e2950,0x00000000a5780000)
 Metaspace       used 87344K, committed 89344K, reserved 1179648K
  class space    used 8627K, committed 9536K, reserved 1048576K
}
Event: 1796.875 GC heap before
{Heap before GC invocations=3664 (full 6):
 PSYoungGen      total 3072K, used 2816K [0x00000000d5580000, 0x00000000d5a80000, 0x0000000100000000)
  eden space 2560K, 100% used [0x00000000d5580000,0x00000000d5800000,0x00000000d5800000)
  from space 512K, 50% used [0x00000000d5a00000,0x00000000d5a40000,0x00000000d5a80000)
  to   space 512K, 0% used [0x00000000d5980000,0x00000000d5980000,0x00000000d5a00000)
 ParOldGen       total 613888K, used 525194K [0x0000000080000000, 0x00000000a5780000, 0x00000000d5580000)
  object space 613888K, 85% used [0x0000000080000000,0x00000000a00e2950,0x00000000a5780000)
 Metaspace       used 87344K, committed 89344K, reserved 1179648K
  class space    used 8627K, committed 9536K, reserved 1048576K
}
Event: 1796.877 GC heap after
{Heap after GC invocations=3664 (full 6):
 PSYoungGen      total 3072K, used 192K [0x00000000d5580000, 0x00000000d5a80000, 0x0000000100000000)
  eden space 2560K, 0% used [0x00000000d5580000,0x00000000d5580000,0x00000000d5800000)
  from space 512K, 37% used [0x00000000d5980000,0x00000000d59b0000,0x00000000d5a00000)
  to   space 512K, 0% used [0x00000000d5a00000,0x00000000d5a00000,0x00000000d5a80000)
 ParOldGen       total 613888K, used 525226K [0x0000000080000000, 0x00000000a5780000, 0x00000000d5580000)
  object space 613888K, 85% used [0x0000000080000000,0x00000000a00ea950,0x00000000a5780000)
 Metaspace       used 87344K, committed 89344K, reserved 1179648K
  class space    used 8627K, committed 9536K, reserved 1048576K
}
Event: 1796.892 GC heap before
{Heap before GC invocations=3665 (full 6):
 PSYoungGen      total 3072K, used 2752K [0x00000000d5580000, 0x00000000d5a80000, 0x0000000100000000)
  eden space 2560K, 100% used [0x00000000d5580000,0x00000000d5800000,0x00000000d5800000)
  from space 512K, 37% used [0x00000000d5980000,0x00000000d59b0000,0x00000000d5a00000)
  to   space 512K, 0% used [0x00000000d5a00000,0x00000000d5a00000,0x00000000d5a80000)
 ParOldGen       total 613888K, used 525226K [0x0000000080000000, 0x00000000a5780000, 0x00000000d5580000)
  object space 613888K, 85% used [0x0000000080000000,0x00000000a00ea950,0x00000000a5780000)
 Metaspace       used 87345K, committed 89344K, reserved 1179648K
  class space    used 8627K, committed 9536K, reserved 1048576K
}
Event: 1796.894 GC heap after
{Heap after GC invocations=3665 (full 6):
 PSYoungGen      total 3072K, used 256K [0x00000000d5580000, 0x00000000d5a80000, 0x0000000100000000)
  eden space 2560K, 0% used [0x00000000d5580000,0x00000000d5580000,0x00000000d5800000)
  from space 512K, 50% used [0x00000000d5a00000,0x00000000d5a40000,0x00000000d5a80000)
  to   space 512K, 0% used [0x00000000d5980000,0x00000000d5980000,0x00000000d5a00000)
 ParOldGen       total 613888K, used 525266K [0x0000000080000000, 0x00000000a5780000, 0x00000000d5580000)
  object space 613888K, 85% used [0x0000000080000000,0x00000000a00f4950,0x00000000a5780000)
 Metaspace       used 87345K, committed 89344K, reserved 1179648K
  class space    used 8627K, committed 9536K, reserved 1048576K
}
Event: 1796.951 GC heap before
{Heap before GC invocations=3666 (full 6):
 PSYoungGen      total 3072K, used 2816K [0x00000000d5580000, 0x00000000d5a80000, 0x0000000100000000)
  eden space 2560K, 100% used [0x00000000d5580000,0x00000000d5800000,0x00000000d5800000)
  from space 512K, 50% used [0x00000000d5a00000,0x00000000d5a40000,0x00000000d5a80000)
  to   space 512K, 0% used [0x00000000d5980000,0x00000000d5980000,0x00000000d5a00000)
 ParOldGen       total 613888K, used 525266K [0x0000000080000000, 0x00000000a5780000, 0x00000000d5580000)
  object space 613888K, 85% used [0x0000000080000000,0x00000000a00f4950,0x00000000a5780000)
 Metaspace       used 87345K, committed 89344K, reserved 1179648K
  class space    used 8627K, committed 9536K, reserved 1048576K
}
Event: 1796.954 GC heap after
{Heap after GC invocations=3666 (full 6):
 PSYoungGen      total 3072K, used 192K [0x00000000d5580000, 0x00000000d5a80000, 0x0000000100000000)
  eden space 2560K, 0% used [0x00000000d5580000,0x00000000d5580000,0x00000000d5800000)
  from space 512K, 37% used [0x00000000d5980000,0x00000000d59b0000,0x00000000d5a00000)
  to   space 512K, 0% used [0x00000000d5a00000,0x00000000d5a00000,0x00000000d5a80000)
 ParOldGen       total 613888K, used 525306K [0x0000000080000000, 0x00000000a5780000, 0x00000000d5580000)
  object space 613888K, 85% used [0x0000000080000000,0x00000000a00fe950,0x00000000a5780000)
 Metaspace       used 87345K, committed 89344K, reserved 1179648K
  class space    used 8627K, committed 9536K, reserved 1048576K
}
Event: 1797.083 GC heap before
{Heap before GC invocations=3667 (full 6):
 PSYoungGen      total 3072K, used 2752K [0x00000000d5580000, 0x00000000d5a80000, 0x0000000100000000)
  eden space 2560K, 100% used [0x00000000d5580000,0x00000000d5800000,0x00000000d5800000)
  from space 512K, 37% used [0x00000000d5980000,0x00000000d59b0000,0x00000000d5a00000)
  to   space 512K, 0% used [0x00000000d5a00000,0x00000000d5a00000,0x00000000d5a80000)
 ParOldGen       total 613888K, used 525306K [0x0000000080000000, 0x00000000a5780000, 0x00000000d5580000)
  object space 613888K, 85% used [0x0000000080000000,0x00000000a00fe950,0x00000000a5780000)
 Metaspace       used 87346K, committed 89344K, reserved 1179648K
  class space    used 8627K, committed 9536K, reserved 1048576K
}
Event: 1797.084 GC heap after
{Heap after GC invocations=3667 (full 6):
 PSYoungGen      total 3072K, used 224K [0x00000000d5580000, 0x00000000d5a80000, 0x0000000100000000)
  eden space 2560K, 0% used [0x00000000d5580000,0x00000000d5580000,0x00000000d5800000)
  from space 512K, 43% used [0x00000000d5a00000,0x00000000d5a38000,0x00000000d5a80000)
  to   space 512K, 0% used [0x00000000d5980000,0x00000000d5980000,0x00000000d5a00000)
 ParOldGen       total 613888K, used 525346K [0x0000000080000000, 0x00000000a5780000, 0x00000000d5580000)
  object space 613888K, 85% used [0x0000000080000000,0x00000000a0108950,0x00000000a5780000)
 Metaspace       used 87346K, committed 89344K, reserved 1179648K
  class space    used 8627K, committed 9536K, reserved 1048576K
}

