# JRE version: OpenJDK Runtime Environment Temurin-21.0.8+9 (21.0.8+9) (build 21.0.8+9-LTS)
# Java VM: OpenJDK 64-Bit Server VM Temurin-21.0.8+9 (21.0.8+9-LTS, mixed mode, sharing, tiered, compressed oops, compressed class ptrs, parallel gc, windows-amd64)
GC Precious Log:
 CardTable entry size: 512
 CPUs: 8 total, 8 available
 Memory: 40743M
 Large Page Support: Disabled
 NUMA Support: Disabled
 Compressed Oops: Enabled (32-bit)
 Alignments: Space 512K, Generation 512K, Heap 2M
 Heap Min Capacity: 100M
 Heap Initial Capacity: 100M
 Heap Max Capacity: 2G
 Pre-touch: Disabled
 Parallel Workers: 8
Heap:
 PSYoungGen      total 8192K, used 1121K [0x00000000d5580000, 0x00000000d5f80000, 0x0000000100000000)
  eden space 7168K, 3% used [0x00000000d5580000,0x00000000d55c26a8,0x00000000d5c80000)
  from space 1024K, 83% used [0x00000000d5c80000,0x00000000d5d55dd0,0x00000000d5d80000)
  to   space 1536K, 0% used [0x00000000d5e00000,0x00000000d5e00000,0x00000000d5f80000)
 ParOldGen       total 816640K, used 816214K [0x0000000080000000, 0x00000000b1d80000, 0x00000000d5580000)
  object space 816640K, 99% used [0x0000000080000000,0x00000000b1d15890,0x00000000b1d80000)
 Metaspace       used 106438K, committed 108032K, reserved 1179648K
  class space    used 10517K, committed 11200K, reserved 1048576K
GC Heap History (20 events):
Event: 14246.783 GC heap before
{Heap before GC invocations=8640 (full 11):
 PSYoungGen      total 10240K, used 10105K [0x00000000d5580000, 0x00000000d6200000, 0x0000000100000000)
  eden space 9216K, 100% used [0x00000000d5580000,0x00000000d5e80000,0x00000000d5e80000)
  from space 1024K, 86% used [0x00000000d5e80000,0x00000000d5f5e410,0x00000000d5f80000)
  to   space 1536K, 0% used [0x00000000d6080000,0x00000000d6080000,0x00000000d6200000)
 ParOldGen       total 806912K, used 806855K [0x0000000080000000, 0x00000000b1400000, 0x00000000d5580000)
  object space 806912K, 99% used [0x0000000080000000,0x00000000b13f1dd8,0x00000000b1400000)
 Metaspace       used 106426K, committed 107968K, reserved 1179648K
  class space    used 10517K, committed 11200K, reserved 1048576K
}
Event: 14246.790 GC heap after
{Heap after GC invocations=8640 (full 11):
 PSYoungGen      total 10752K, used 1280K [0x00000000d5580000, 0x00000000d6200000, 0x0000000100000000)
  eden space 9216K, 0% used [0x00000000d5580000,0x00000000d5580000,0x00000000d5e80000)
  from space 1536K, 83% used [0x00000000d6080000,0x00000000d61c0020,0x00000000d6200000)
  to   space 1536K, 0% used [0x00000000d5f00000,0x00000000d5f00000,0x00000000d6080000)
 ParOldGen       total 807936K, used 807632K [0x0000000080000000, 0x00000000b1500000, 0x00000000d5580000)
  object space 807936K, 99% used [0x0000000080000000,0x00000000b14b4208,0x00000000b1500000)
 Metaspace       used 106426K, committed 107968K, reserved 1179648K
  class space    used 10517K, committed 11200K, reserved 1048576K
}
Event: 14480.177 GC heap before
{Heap before GC invocations=8641 (full 11):
 PSYoungGen      total 10752K, used 10496K [0x00000000d5580000, 0x00000000d6200000, 0x0000000100000000)
  eden space 9216K, 100% used [0x00000000d5580000,0x00000000d5e80000,0x00000000d5e80000)
  from space 1536K, 83% used [0x00000000d6080000,0x00000000d61c0020,0x00000000d6200000)
  to   space 1536K, 0% used [0x00000000d5f00000,0x00000000d5f00000,0x00000000d6080000)
 ParOldGen       total 807936K, used 807632K [0x0000000080000000, 0x00000000b1500000, 0x00000000d5580000)
  object space 807936K, 99% used [0x0000000080000000,0x00000000b14b4208,0x00000000b1500000)
 Metaspace       used 106428K, committed 108032K, reserved 1179648K
  class space    used 10517K, committed 11200K, reserved 1048576K
}
Event: 14480.188 GC heap after
{Heap after GC invocations=8641 (full 11):
 PSYoungGen      total 10752K, used 1495K [0x00000000d5580000, 0x00000000d6280000, 0x0000000100000000)
  eden space 9216K, 0% used [0x00000000d5580000,0x00000000d5580000,0x00000000d5e80000)
  from space 1536K, 97% used [0x00000000d5f00000,0x00000000d6075dd0,0x00000000d6080000)
  to   space 2048K, 0% used [0x00000000d6080000,0x00000000d6080000,0x00000000d6280000)
 ParOldGen       total 808960K, used 808735K [0x0000000080000000, 0x00000000b1600000, 0x00000000d5580000)
  object space 808960K, 99% used [0x0000000080000000,0x00000000b15c7db0,0x00000000b1600000)
 Metaspace       used 106428K, committed 108032K, reserved 1179648K
  class space    used 10517K, committed 11200K, reserved 1048576K
}
Event: 14485.798 GC heap before
{Heap before GC invocations=8642 (full 11):
 PSYoungGen      total 10752K, used 10711K [0x00000000d5580000, 0x00000000d6280000, 0x0000000100000000)
  eden space 9216K, 100% used [0x00000000d5580000,0x00000000d5e80000,0x00000000d5e80000)
  from space 1536K, 97% used [0x00000000d5f00000,0x00000000d6075dd0,0x00000000d6080000)
  to   space 2048K, 0% used [0x00000000d6080000,0x00000000d6080000,0x00000000d6280000)
 ParOldGen       total 808960K, used 808735K [0x0000000080000000, 0x00000000b1600000, 0x00000000d5580000)
  object space 808960K, 99% used [0x0000000080000000,0x00000000b15c7db0,0x00000000b1600000)
 Metaspace       used 106428K, committed 108032K, reserved 1179648K
  class space    used 10517K, committed 11200K, reserved 1048576K
}
Event: 14485.804 GC heap after
{Heap after GC invocations=8642 (full 11):
 PSYoungGen      total 10240K, used 749K [0x00000000d5580000, 0x00000000d6180000, 0x0000000100000000)
  eden space 9216K, 0% used [0x00000000d5580000,0x00000000d5580000,0x00000000d5e80000)
  from space 1024K, 73% used [0x00000000d6080000,0x00000000d613b770,0x00000000d6180000)
  to   space 1536K, 0% used [0x00000000d5e80000,0x00000000d5e80000,0x00000000d6000000)
 ParOldGen       total 810496K, used 810068K [0x0000000080000000, 0x00000000b1780000, 0x00000000d5580000)
  object space 810496K, 99% used [0x0000000080000000,0x00000000b17152e0,0x00000000b1780000)
 Metaspace       used 106428K, committed 108032K, reserved 1179648K
  class space    used 10517K, committed 11200K, reserved 1048576K
}
Event: 14485.947 GC heap before
{Heap before GC invocations=8643 (full 11):
 PSYoungGen      total 10240K, used 9965K [0x00000000d5580000, 0x00000000d6180000, 0x0000000100000000)
  eden space 9216K, 100% used [0x00000000d5580000,0x00000000d5e80000,0x00000000d5e80000)
  from space 1024K, 73% used [0x00000000d6080000,0x00000000d613b770,0x00000000d6180000)
  to   space 1536K, 0% used [0x00000000d5e80000,0x00000000d5e80000,0x00000000d6000000)
 ParOldGen       total 810496K, used 810068K [0x0000000080000000, 0x00000000b1780000, 0x00000000d5580000)
  object space 810496K, 99% used [0x0000000080000000,0x00000000b17152e0,0x00000000b1780000)
 Metaspace       used 106428K, committed 108032K, reserved 1179648K
  class space    used 10517K, committed 11200K, reserved 1048576K
}
Event: 14485.953 GC heap after
{Heap after GC invocations=8643 (full 11):
 PSYoungGen      total 10752K, used 640K [0x00000000d5580000, 0x00000000d6100000, 0x0000000100000000)
  eden space 9216K, 0% used [0x00000000d5580000,0x00000000d5580000,0x00000000d5e80000)
  from space 1536K, 41% used [0x00000000d5e80000,0x00000000d5f20000,0x00000000d6000000)
  to   space 1024K, 0% used [0x00000000d6000000,0x00000000d6000000,0x00000000d6100000)
 ParOldGen       total 811008K, used 810568K [0x0000000080000000, 0x00000000b1800000, 0x00000000d5580000)
  object space 811008K, 99% used [0x0000000080000000,0x00000000b17920c8,0x00000000b1800000)
 Metaspace       used 106428K, committed 108032K, reserved 1179648K
  class space    used 10517K, committed 11200K, reserved 1048576K
}
Event: 14486.150 GC heap before
{Heap before GC invocations=8644 (full 11):
 PSYoungGen      total 10752K, used 9856K [0x00000000d5580000, 0x00000000d6100000, 0x0000000100000000)
  eden space 9216K, 100% used [0x00000000d5580000,0x00000000d5e80000,0x00000000d5e80000)
  from space 1536K, 41% used [0x00000000d5e80000,0x00000000d5f20000,0x00000000d6000000)
  to   space 1024K, 0% used [0x00000000d6000000,0x00000000d6000000,0x00000000d6100000)
 ParOldGen       total 811008K, used 810568K [0x0000000080000000, 0x00000000b1800000, 0x00000000d5580000)
  object space 811008K, 99% used [0x0000000080000000,0x00000000b17920c8,0x00000000b1800000)
 Metaspace       used 106428K, committed 108032K, reserved 1179648K
  class space    used 10517K, committed 11200K, reserved 1048576K
}
Event: 14486.155 GC heap after
{Heap after GC invocations=8644 (full 11):
 PSYoungGen      total 9728K, used 992K [0x00000000d5580000, 0x00000000d6280000, 0x0000000100000000)
  eden space 8704K, 0% used [0x00000000d5580000,0x00000000d5580000,0x00000000d5e00000)
  from space 1024K, 96% used [0x00000000d6000000,0x00000000d60f8010,0x00000000d6100000)
  to   space 2048K, 0% used [0x00000000d5e00000,0x00000000d5e00000,0x00000000d6000000)
 ParOldGen       total 811520K, used 811312K [0x0000000080000000, 0x00000000b1880000, 0x00000000d5580000)
  object space 811520K, 99% used [0x0000000080000000,0x00000000b184c0f8,0x00000000b1880000)
 Metaspace       used 106428K, committed 108032K, reserved 1179648K
  class space    used 10517K, committed 11200K, reserved 1048576K
}
Event: 14486.335 GC heap before
{Heap before GC invocations=8645 (full 11):
 PSYoungGen      total 9728K, used 9696K [0x00000000d5580000, 0x00000000d6280000, 0x0000000100000000)
  eden space 8704K, 100% used [0x00000000d5580000,0x00000000d5e00000,0x00000000d5e00000)
  from space 1024K, 96% used [0x00000000d6000000,0x00000000d60f8010,0x00000000d6100000)
  to   space 2048K, 0% used [0x00000000d5e00000,0x00000000d5e00000,0x00000000d6000000)
 ParOldGen       total 811520K, used 811312K [0x0000000080000000, 0x00000000b1880000, 0x00000000d5580000)
  object space 811520K, 99% used [0x0000000080000000,0x00000000b184c0f8,0x00000000b1880000)
 Metaspace       used 106430K, committed 108032K, reserved 1179648K
  class space    used 10517K, committed 11200K, reserved 1048576K
}
Event: 14486.342 GC heap after
{Heap after GC invocations=8645 (full 11):
 PSYoungGen      total 10240K, used 1367K [0x00000000d5580000, 0x00000000d6100000, 0x0000000100000000)
  eden space 8704K, 0% used [0x00000000d5580000,0x00000000d5580000,0x00000000d5e00000)
  from space 1536K, 89% used [0x00000000d5e00000,0x00000000d5f55dd0,0x00000000d5f80000)
  to   space 1536K, 0% used [0x00000000d5f80000,0x00000000d5f80000,0x00000000d6100000)
 ParOldGen       total 812544K, used 812255K [0x0000000080000000, 0x00000000b1980000, 0x00000000d5580000)
  object space 812544K, 99% used [0x0000000080000000,0x00000000b1937c90,0x00000000b1980000)
 Metaspace       used 106430K, committed 108032K, reserved 1179648K
  class space    used 10517K, committed 11200K, reserved 1048576K
}
Event: 14486.612 GC heap before
{Heap before GC invocations=8646 (full 11):
 PSYoungGen      total 10240K, used 10071K [0x00000000d5580000, 0x00000000d6100000, 0x0000000100000000)
  eden space 8704K, 100% used [0x00000000d5580000,0x00000000d5e00000,0x00000000d5e00000)
  from space 1536K, 89% used [0x00000000d5e00000,0x00000000d5f55dd0,0x00000000d5f80000)
  to   space 1536K, 0% used [0x00000000d5f80000,0x00000000d5f80000,0x00000000d6100000)
 ParOldGen       total 812544K, used 812255K [0x0000000080000000, 0x00000000b1980000, 0x00000000d5580000)
  object space 812544K, 99% used [0x0000000080000000,0x00000000b1937c90,0x00000000b1980000)
 Metaspace       used 106430K, committed 108032K, reserved 1179648K
  class space    used 10517K, committed 11200K, reserved 1048576K
}
Event: 14486.618 GC heap after
{Heap after GC invocations=8646 (full 11):
 PSYoungGen      total 10240K, used 827K [0x00000000d5580000, 0x00000000d6100000, 0x0000000100000000)
  eden space 8704K, 0% used [0x00000000d5580000,0x00000000d5580000,0x00000000d5e00000)
  from space 1536K, 53% used [0x00000000d5f80000,0x00000000d604ed98,0x00000000d6100000)
  to   space 1536K, 0% used [0x00000000d5e00000,0x00000000d5e00000,0x00000000d5f80000)
 ParOldGen       total 813568K, used 813533K [0x0000000080000000, 0x00000000b1a80000, 0x00000000d5580000)
  object space 813568K, 99% used [0x0000000080000000,0x00000000b1a77450,0x00000000b1a80000)
 Metaspace       used 106430K, committed 108032K, reserved 1179648K
  class space    used 10517K, committed 11200K, reserved 1048576K
}
Event: 14486.675 GC heap before
{Heap before GC invocations=8647 (full 11):
 PSYoungGen      total 10240K, used 9531K [0x00000000d5580000, 0x00000000d6100000, 0x0000000100000000)
  eden space 8704K, 100% used [0x00000000d5580000,0x00000000d5e00000,0x00000000d5e00000)
  from space 1536K, 53% used [0x00000000d5f80000,0x00000000d604ed98,0x00000000d6100000)
  to   space 1536K, 0% used [0x00000000d5e00000,0x00000000d5e00000,0x00000000d5f80000)
 ParOldGen       total 813568K, used 813533K [0x0000000080000000, 0x00000000b1a80000, 0x00000000d5580000)
  object space 813568K, 99% used [0x0000000080000000,0x00000000b1a77450,0x00000000b1a80000)
 Metaspace       used 106430K, committed 108032K, reserved 1179648K
  class space    used 10517K, committed 11200K, reserved 1048576K
}
Event: 14486.681 GC heap after
{Heap after GC invocations=8647 (full 11):
 PSYoungGen      total 9728K, used 754K [0x00000000d5580000, 0x00000000d6000000, 0x0000000100000000)
  eden space 8704K, 0% used [0x00000000d5580000,0x00000000d5580000,0x00000000d5e00000)
  from space 1024K, 73% used [0x00000000d5e00000,0x00000000d5ebc998,0x00000000d5f00000)
  to   space 1024K, 0% used [0x00000000d5f00000,0x00000000d5f00000,0x00000000d6000000)
 ParOldGen       total 814592K, used 814290K [0x0000000080000000, 0x00000000b1b80000, 0x00000000d5580000)
  object space 814592K, 99% used [0x0000000080000000,0x00000000b1b34b90,0x00000000b1b80000)
 Metaspace       used 106430K, committed 108032K, reserved 1179648K
  class space    used 10517K, committed 11200K, reserved 1048576K
}
Event: 14486.872 GC heap before
{Heap before GC invocations=8648 (full 11):
 PSYoungGen      total 9728K, used 9458K [0x00000000d5580000, 0x00000000d6000000, 0x0000000100000000)
  eden space 8704K, 100% used [0x00000000d5580000,0x00000000d5e00000,0x00000000d5e00000)
  from space 1024K, 73% used [0x00000000d5e00000,0x00000000d5ebc998,0x00000000d5f00000)
  to   space 1024K, 0% used [0x00000000d5f00000,0x00000000d5f00000,0x00000000d6000000)
 ParOldGen       total 814592K, used 814290K [0x0000000080000000, 0x00000000b1b80000, 0x00000000d5580000)
  object space 814592K, 99% used [0x0000000080000000,0x00000000b1b34b90,0x00000000b1b80000)
 Metaspace       used 106431K, committed 108032K, reserved 1179648K
  class space    used 10517K, committed 11200K, reserved 1048576K
}
Event: 14486.879 GC heap after
{Heap after GC invocations=8648 (full 11):
 PSYoungGen      total 8192K, used 992K [0x00000000d5580000, 0x00000000d6300000, 0x0000000100000000)
  eden space 7168K, 0% used [0x00000000d5580000,0x00000000d5580000,0x00000000d5c80000)
  from space 1024K, 96% used [0x00000000d5f00000,0x00000000d5ff8010,0x00000000d6000000)
  to   space 2560K, 0% used [0x00000000d5c80000,0x00000000d5c80000,0x00000000d5f00000)
 ParOldGen       total 815616K, used 815266K [0x0000000080000000, 0x00000000b1c80000, 0x00000000d5580000)
  object space 815616K, 99% used [0x0000000080000000,0x00000000b1c28860,0x00000000b1c80000)
 Metaspace       used 106431K, committed 108032K, reserved 1179648K
  class space    used 10517K, committed 11200K, reserved 1048576K
}
Event: 15394.649 GC heap before
{Heap before GC invocations=8649 (full 11):
 PSYoungGen      total 8192K, used 8160K [0x00000000d5580000, 0x00000000d6300000, 0x0000000100000000)
  eden space 7168K, 99% used [0x00000000d5580000,0x00000000d5c7fff8,0x00000000d5c80000)
  from space 1024K, 96% used [0x00000000d5f00000,0x00000000d5ff8010,0x00000000d6000000)
  to   space 2560K, 0% used [0x00000000d5c80000,0x00000000d5c80000,0x00000000d5f00000)
 ParOldGen       total 815616K, used 815266K [0x0000000080000000, 0x00000000b1c80000, 0x00000000d5580000)
  object space 815616K, 99% used [0x0000000080000000,0x00000000b1c28860,0x00000000b1c80000)
 Metaspace       used 106431K, committed 108032K, reserved 1179648K
  class space    used 10517K, committed 11200K, reserved 1048576K
}
Event: 15394.658 GC heap after
{Heap after GC invocations=8649 (full 11):
 PSYoungGen      total 8192K, used 855K [0x00000000d5580000, 0x00000000d5f80000, 0x0000000100000000)
  eden space 7168K, 0% used [0x00000000d5580000,0x00000000d5580000,0x00000000d5c80000)
  from space 1024K, 83% used [0x00000000d5c80000,0x00000000d5d55dd0,0x00000000d5d80000)
  to   space 1536K, 0% used [0x00000000d5e00000,0x00000000d5e00000,0x00000000d5f80000)
 ParOldGen       total 816640K, used 816214K [0x0000000080000000, 0x00000000b1d80000, 0x00000000d5580000)
  object space 816640K, 99% used [0x0000000080000000,0x00000000b1d15890,0x00000000b1d80000)
 Metaspace       used 106431K, committed 108032K, reserved 1179648K
  class space    used 10517K, committed 11200K, reserved 1048576K
}

