# JRE version: Java(TM) SE Runtime Environment (17.0.11+7) (build 17.0.11+7-LTS-207)
# Java VM: Java HotSpot(TM) 64-Bit Server VM (17.0.11+7-LTS-207, mixed mode, sharing, tiered, compressed oops, compressed class ptrs, g1 gc, windows-amd64)
GC Precious Log:
 CPUs: 8 total, 8 available
 Memory: 32494M
 Large Page Support: Disabled
 NUMA Support: Disabled
 Compressed Oops: Enabled (Zero based)
 Heap Region Size: 4M
 Heap Min Capacity: 8M
 Heap Initial Capacity: 508M
 Heap Max Capacity: 8124M
 Pre-touch: Disabled
 Parallel Workers: 8
 Concurrent Workers: 2
 Concurrent Refinement Workers: 8
 Periodic GC: Disabled
Heap:
 garbage-first heap   total 122880K, used 81951K [0x0000000604400000, 0x0000000800000000)
  region size 4096K, 13 young (53248K), 2 survivors (8192K)
 Metaspace       used 58751K, committed 59392K, reserved 1114112K
  class space    used 7746K, committed 8064K, reserved 1048576K
GC Heap History (20 events):
Event: 4.083 GC heap before
{Heap before GC invocations=5 (full 0):
 garbage-first heap   total 69632K, used 47486K [0x0000000604400000, 0x0000000800000000)
  region size 4096K, 10 young (40960K), 2 survivors (8192K)
 Metaspace       used 25260K, committed 25664K, reserved 1114112K
  class space    used 3136K, committed 3328K, reserved 1048576K
}
Event: 4.091 GC heap after
{Heap after GC invocations=6 (full 0):
 garbage-first heap   total 69632K, used 17280K [0x0000000604400000, 0x0000000800000000)
  region size 4096K, 2 young (8192K), 2 survivors (8192K)
 Metaspace       used 25260K, committed 25664K, reserved 1114112K
  class space    used 3136K, committed 3328K, reserved 1048576K
}
Event: 4.216 GC heap before
{Heap before GC invocations=6 (full 0):
 garbage-first heap   total 69632K, used 21376K [0x0000000604400000, 0x0000000800000000)
  region size 4096K, 3 young (12288K), 2 survivors (8192K)
 Metaspace       used 25771K, committed 26176K, reserved 1114112K
  class space    used 3253K, committed 3456K, reserved 1048576K
}
Event: 4.228 GC heap after
{Heap after GC invocations=7 (full 0):
 garbage-first heap   total 69632K, used 17827K [0x0000000604400000, 0x0000000800000000)
  region size 4096K, 1 young (4096K), 1 survivors (4096K)
 Metaspace       used 25771K, committed 26176K, reserved 1114112K
  class space    used 3253K, committed 3456K, reserved 1048576K
}
Event: 4.859 GC heap before
{Heap before GC invocations=7 (full 0):
 garbage-first heap   total 69632K, used 42403K [0x0000000604400000, 0x0000000800000000)
  region size 4096K, 7 young (28672K), 1 survivors (4096K)
 Metaspace       used 28280K, committed 28672K, reserved 1114112K
  class space    used 3519K, committed 3712K, reserved 1048576K
}
Event: 4.863 GC heap after
{Heap after GC invocations=8 (full 0):
 garbage-first heap   total 69632K, used 25526K [0x0000000604400000, 0x0000000800000000)
  region size 4096K, 1 young (4096K), 1 survivors (4096K)
 Metaspace       used 28280K, committed 28672K, reserved 1114112K
  class space    used 3519K, committed 3712K, reserved 1048576K
}
Event: 5.235 GC heap before
{Heap before GC invocations=8 (full 0):
 garbage-first heap   total 69632K, used 41910K [0x0000000604400000, 0x0000000800000000)
  region size 4096K, 5 young (20480K), 1 survivors (4096K)
 Metaspace       used 29733K, committed 30208K, reserved 1114112K
  class space    used 3678K, committed 3904K, reserved 1048576K
}
Event: 5.239 GC heap after
{Heap after GC invocations=9 (full 0):
 garbage-first heap   total 69632K, used 25232K [0x0000000604400000, 0x0000000800000000)
  region size 4096K, 1 young (4096K), 1 survivors (4096K)
 Metaspace       used 29733K, committed 30208K, reserved 1114112K
  class space    used 3678K, committed 3904K, reserved 1048576K
}
Event: 5.518 GC heap before
{Heap before GC invocations=9 (full 0):
 garbage-first heap   total 69632K, used 41616K [0x0000000604400000, 0x0000000800000000)
  region size 4096K, 5 young (20480K), 1 survivors (4096K)
 Metaspace       used 31112K, committed 31488K, reserved 1114112K
  class space    used 3867K, committed 4032K, reserved 1048576K
}
Event: 5.520 GC heap after
{Heap after GC invocations=10 (full 0):
 garbage-first heap   total 69632K, used 25954K [0x0000000604400000, 0x0000000800000000)
  region size 4096K, 1 young (4096K), 1 survivors (4096K)
 Metaspace       used 31112K, committed 31488K, reserved 1114112K
  class space    used 3867K, committed 4032K, reserved 1048576K
}
Event: 5.770 GC heap before
{Heap before GC invocations=10 (full 0):
 garbage-first heap   total 69632K, used 46434K [0x0000000604400000, 0x0000000800000000)
  region size 4096K, 6 young (24576K), 1 survivors (4096K)
 Metaspace       used 32053K, committed 32512K, reserved 1114112K
  class space    used 4008K, committed 4224K, reserved 1048576K
}
Event: 5.773 GC heap after
{Heap after GC invocations=11 (full 0):
 garbage-first heap   total 69632K, used 26627K [0x0000000604400000, 0x0000000800000000)
  region size 4096K, 1 young (4096K), 1 survivors (4096K)
 Metaspace       used 32053K, committed 32512K, reserved 1114112K
  class space    used 4008K, committed 4224K, reserved 1048576K
}
Event: 6.241 GC heap before
{Heap before GC invocations=11 (full 0):
 garbage-first heap   total 69632K, used 43011K [0x0000000604400000, 0x0000000800000000)
  region size 4096K, 6 young (24576K), 1 survivors (4096K)
 Metaspace       used 35695K, committed 36096K, reserved 1114112K
  class space    used 4537K, committed 4736K, reserved 1048576K
}
Event: 6.246 GC heap after
{Heap after GC invocations=12 (full 0):
 garbage-first heap   total 294912K, used 27809K [0x0000000604400000, 0x0000000800000000)
  region size 4096K, 1 young (4096K), 1 survivors (4096K)
 Metaspace       used 35695K, committed 36096K, reserved 1114112K
  class space    used 4537K, committed 4736K, reserved 1048576K
}
Event: 8.309 GC heap before
{Heap before GC invocations=13 (full 0):
 garbage-first heap   total 122880K, used 97441K [0x0000000604400000, 0x0000000800000000)
  region size 4096K, 18 young (73728K), 1 survivors (4096K)
 Metaspace       used 44728K, committed 45248K, reserved 1114112K
  class space    used 5931K, committed 6208K, reserved 1048576K
}
Event: 8.319 GC heap after
{Heap after GC invocations=14 (full 0):
 garbage-first heap   total 122880K, used 36333K [0x0000000604400000, 0x0000000800000000)
  region size 4096K, 3 young (12288K), 3 survivors (12288K)
 Metaspace       used 44728K, committed 45248K, reserved 1114112K
  class space    used 5931K, committed 6208K, reserved 1048576K
}
Event: 8.488 GC heap before
{Heap before GC invocations=14 (full 0):
 garbage-first heap   total 122880K, used 40429K [0x0000000604400000, 0x0000000800000000)
  region size 4096K, 4 young (16384K), 3 survivors (12288K)
 Metaspace       used 45406K, committed 45888K, reserved 1114112K
  class space    used 6034K, committed 6272K, reserved 1048576K
}
Event: 8.494 GC heap after
{Heap after GC invocations=15 (full 0):
 garbage-first heap   total 122880K, used 37767K [0x0000000604400000, 0x0000000800000000)
  region size 4096K, 1 young (4096K), 1 survivors (4096K)
 Metaspace       used 45406K, committed 45888K, reserved 1114112K
  class space    used 6034K, committed 6272K, reserved 1048576K
}
Event: 9.950 GC heap before
{Heap before GC invocations=15 (full 0):
 garbage-first heap   total 122880K, used 86919K [0x0000000604400000, 0x0000000800000000)
  region size 4096K, 13 young (53248K), 1 survivors (4096K)
 Metaspace       used 52371K, committed 52928K, reserved 1114112K
  class space    used 6962K, committed 7232K, reserved 1048576K
}
Event: 9.955 GC heap after
{Heap after GC invocations=16 (full 0):
 garbage-first heap   total 122880K, used 40991K [0x0000000604400000, 0x0000000800000000)
  region size 4096K, 2 young (8192K), 2 survivors (8192K)
 Metaspace       used 52371K, committed 52928K, reserved 1114112K
  class space    used 6962K, committed 7232K, reserved 1048576K
}

