# JRE version: Java(TM) SE Runtime Environment (17.0.15+9) (build 17.0.15+9-LTS-241)
# Java VM: Java HotSpot(TM) 64-Bit Server VM (17.0.15+9-LTS-241, mixed mode, sharing, tiered, compressed oops, compressed class ptrs, g1 gc, windows-amd64)
GC Precious Log:
 CPUs: 8 total, 8 available
 Memory: 40743M
 Large Page Support: Disabled
 NUMA Support: Disabled
 Compressed Oops: Enabled (Zero based)
 Heap Region Size: 8M
 Heap Min Capacity: 8M
 Heap Initial Capacity: 640M
 Heap Max Capacity: 10192M
 Pre-touch: Disabled
 Parallel Workers: 8
 Concurrent Workers: 2
 Concurrent Refinement Workers: 8
 Periodic GC: Disabled
Heap:
 garbage-first heap   total 139264K, used 95757K [0x0000000583000000, 0x0000000800000000)
  region size 8192K, 9 young (73728K), 1 survivors (8192K)
 Metaspace       used 59742K, committed 60288K, reserved 1114112K
  class space    used 7706K, committed 8000K, reserved 1048576K
GC Heap History (20 events):
Event: 23.672 GC heap before
{Heap before GC invocations=12 (full 0):
 garbage-first heap   total 139264K, used 41396K [0x0000000583000000, 0x0000000800000000)
  region size 8192K, 3 young (24576K), 2 survivors (16384K)
 Metaspace       used 47289K, committed 47744K, reserved 1114112K
  class space    used 6276K, committed 6464K, reserved 1048576K
}
Event: 23.682 GC heap after
{Heap after GC invocations=13 (full 0):
 garbage-first heap   total 139264K, used 34085K [0x0000000583000000, 0x0000000800000000)
  region size 8192K, 1 young (8192K), 1 survivors (8192K)
 Metaspace       used 47289K, committed 47744K, reserved 1114112K
  class space    used 6276K, committed 6464K, reserved 1048576K
}
Event: 123.887 GC heap before
{Heap before GC invocations=13 (full 0):
 garbage-first heap   total 139264K, used 83237K [0x0000000583000000, 0x0000000800000000)
  region size 8192K, 7 young (57344K), 1 survivors (8192K)
 Metaspace       used 55602K, committed 56192K, reserved 1114112K
  class space    used 7385K, committed 7680K, reserved 1048576K
}
Event: 123.902 GC heap after
{Heap after GC invocations=14 (full 0):
 garbage-first heap   total 139264K, used 37506K [0x0000000583000000, 0x0000000800000000)
  region size 8192K, 1 young (8192K), 1 survivors (8192K)
 Metaspace       used 55602K, committed 56192K, reserved 1114112K
  class space    used 7385K, committed 7680K, reserved 1048576K
}
Event: 222.885 GC heap before
{Heap before GC invocations=14 (full 0):
 garbage-first heap   total 139264K, used 78466K [0x0000000583000000, 0x0000000800000000)
  region size 8192K, 7 young (57344K), 1 survivors (8192K)
 Metaspace       used 58512K, committed 59072K, reserved 1114112K
  class space    used 7687K, committed 7936K, reserved 1048576K
}
Event: 222.890 GC heap after
{Heap after GC invocations=15 (full 0):
 garbage-first heap   total 139264K, used 38635K [0x0000000583000000, 0x0000000800000000)
  region size 8192K, 1 young (8192K), 1 survivors (8192K)
 Metaspace       used 58512K, committed 59072K, reserved 1114112K
  class space    used 7687K, committed 7936K, reserved 1048576K
}
Event: 381.202 GC heap before
{Heap before GC invocations=15 (full 0):
 garbage-first heap   total 139264K, used 87787K [0x0000000583000000, 0x0000000800000000)
  region size 8192K, 7 young (57344K), 1 survivors (8192K)
 Metaspace       used 58781K, committed 59392K, reserved 1114112K
  class space    used 7691K, committed 8000K, reserved 1048576K
}
Event: 381.205 GC heap after
{Heap after GC invocations=16 (full 0):
 garbage-first heap   total 139264K, used 38408K [0x0000000583000000, 0x0000000800000000)
  region size 8192K, 1 young (8192K), 1 survivors (8192K)
 Metaspace       used 58781K, committed 59392K, reserved 1114112K
  class space    used 7691K, committed 8000K, reserved 1048576K
}
Event: 537.533 GC heap before
{Heap before GC invocations=16 (full 0):
 garbage-first heap   total 139264K, used 95752K [0x0000000583000000, 0x0000000800000000)
  region size 8192K, 8 young (65536K), 1 survivors (8192K)
 Metaspace       used 59007K, committed 59584K, reserved 1114112K
  class space    used 7695K, committed 8000K, reserved 1048576K
}
Event: 537.536 GC heap after
{Heap after GC invocations=17 (full 0):
 garbage-first heap   total 139264K, used 38429K [0x0000000583000000, 0x0000000800000000)
  region size 8192K, 1 young (8192K), 1 survivors (8192K)
 Metaspace       used 59007K, committed 59584K, reserved 1114112K
  class space    used 7695K, committed 8000K, reserved 1048576K
}
Event: 703.432 GC heap before
{Heap before GC invocations=17 (full 0):
 garbage-first heap   total 139264K, used 95773K [0x0000000583000000, 0x0000000800000000)
  region size 8192K, 8 young (65536K), 1 survivors (8192K)
 Metaspace       used 59144K, committed 59776K, reserved 1114112K
  class space    used 7696K, committed 8000K, reserved 1048576K
}
Event: 703.436 GC heap after
{Heap after GC invocations=18 (full 0):
 garbage-first heap   total 139264K, used 38368K [0x0000000583000000, 0x0000000800000000)
  region size 8192K, 1 young (8192K), 1 survivors (8192K)
 Metaspace       used 59144K, committed 59776K, reserved 1114112K
  class space    used 7696K, committed 8000K, reserved 1048576K
}
Event: 993.609 GC heap before
{Heap before GC invocations=18 (full 0):
 garbage-first heap   total 139264K, used 95712K [0x0000000583000000, 0x0000000800000000)
  region size 8192K, 8 young (65536K), 1 survivors (8192K)
 Metaspace       used 59299K, committed 59904K, reserved 1114112K
  class space    used 7696K, committed 8000K, reserved 1048576K
}
Event: 993.612 GC heap after
{Heap after GC invocations=19 (full 0):
 garbage-first heap   total 139264K, used 38387K [0x0000000583000000, 0x0000000800000000)
  region size 8192K, 1 young (8192K), 1 survivors (8192K)
 Metaspace       used 59299K, committed 59904K, reserved 1114112K
  class space    used 7696K, committed 8000K, reserved 1048576K
}
Event: 1232.672 GC heap before
{Heap before GC invocations=19 (full 0):
 garbage-first heap   total 139264K, used 103923K [0x0000000583000000, 0x0000000800000000)
  region size 8192K, 9 young (73728K), 1 survivors (8192K)
 Metaspace       used 59390K, committed 59968K, reserved 1114112K
  class space    used 7696K, committed 8000K, reserved 1048576K
}
Event: 1232.676 GC heap after
{Heap after GC invocations=20 (full 0):
 garbage-first heap   total 139264K, used 38416K [0x0000000583000000, 0x0000000800000000)
  region size 8192K, 1 young (8192K), 1 survivors (8192K)
 Metaspace       used 59390K, committed 59968K, reserved 1114112K
  class space    used 7696K, committed 8000K, reserved 1048576K
}
Event: 1454.997 GC heap before
{Heap before GC invocations=20 (full 0):
 garbage-first heap   total 139264K, used 103952K [0x0000000583000000, 0x0000000800000000)
  region size 8192K, 9 young (73728K), 1 survivors (8192K)
 Metaspace       used 59591K, committed 60160K, reserved 1114112K
  class space    used 7697K, committed 8000K, reserved 1048576K
}
Event: 1455.000 GC heap after
{Heap after GC invocations=21 (full 0):
 garbage-first heap   total 139264K, used 38409K [0x0000000583000000, 0x0000000800000000)
  region size 8192K, 1 young (8192K), 1 survivors (8192K)
 Metaspace       used 59591K, committed 60160K, reserved 1114112K
  class space    used 7697K, committed 8000K, reserved 1048576K
}
Event: 1656.689 GC heap before
{Heap before GC invocations=21 (full 0):
 garbage-first heap   total 139264K, used 103945K [0x0000000583000000, 0x0000000800000000)
  region size 8192K, 9 young (73728K), 1 survivors (8192K)
 Metaspace       used 59645K, committed 60224K, reserved 1114112K
  class space    used 7698K, committed 8000K, reserved 1048576K
}
Event: 1656.694 GC heap after
{Heap after GC invocations=22 (full 0):
 garbage-first heap   total 139264K, used 38413K [0x0000000583000000, 0x0000000800000000)
  region size 8192K, 1 young (8192K), 1 survivors (8192K)
 Metaspace       used 59645K, committed 60224K, reserved 1114112K
  class space    used 7698K, committed 8000K, reserved 1048576K
}

