# JRE version: Java(TM) SE Runtime Environment (17.0.15+9) (build 17.0.15+9-LTS-241)
# Java VM: Java HotSpot(TM) 64-Bit Server VM (17.0.15+9-LTS-241, mixed mode, sharing, tiered, compressed oops, compressed class ptrs, g1 gc, windows-amd64)
GC Precious Log:
 CPUs: 8 total, 8 available
 Memory: 40743M
 Large Page Support: Disabled
 NUMA Support: Disabled
 Compressed Oops: Enabled (Zero based)
 Heap Region Size: 8M
 Heap Min Capacity: 8M
 Heap Initial Capacity: 640M
 Heap Max Capacity: 10192M
 Pre-touch: Disabled
 Parallel Workers: 8
 Concurrent Workers: 2
 Concurrent Refinement Workers: 8
 Periodic GC: Disabled
Heap:
 garbage-first heap   total 81920K, used 37532K [0x0000000583000000, 0x0000000800000000)
  region size 8192K, 3 young (24576K), 1 survivors (8192K)
 Metaspace       used 54755K, committed 55168K, reserved 1114112K
  class space    used 6906K, committed 7104K, reserved 1048576K
GC Heap History (20 events):
Event: 23761.790 GC heap before
{Heap before GC invocations=40 (full 1):
 garbage-first heap   total 81920K, used 62181K [0x0000000583000000, 0x0000000800000000)
  region size 8192K, 5 young (40960K), 0 survivors (0K)
 Metaspace       used 53332K, committed 53952K, reserved 1114112K
  class space    used 6838K, committed 7104K, reserved 1048576K
}
Event: 23761.804 GC heap after
{Heap after GC invocations=41 (full 1):
 garbage-first heap   total 81920K, used 23886K [0x0000000583000000, 0x0000000800000000)
  region size 8192K, 1 young (8192K), 1 survivors (8192K)
 Metaspace       used 53332K, committed 53952K, reserved 1114112K
  class space    used 6838K, committed 7104K, reserved 1048576K
}
Event: 23763.024 GC heap before
{Heap before GC invocations=41 (full 1):
 garbage-first heap   total 81920K, used 56654K [0x0000000583000000, 0x0000000800000000)
  region size 8192K, 5 young (40960K), 1 survivors (8192K)
 Metaspace       used 53700K, committed 54144K, reserved 1114112K
  class space    used 6855K, committed 7104K, reserved 1048576K
}
Event: 23763.029 GC heap after
{Heap after GC invocations=42 (full 1):
 garbage-first heap   total 81920K, used 27146K [0x0000000583000000, 0x0000000800000000)
  region size 8192K, 1 young (8192K), 1 survivors (8192K)
 Metaspace       used 53700K, committed 54144K, reserved 1114112K
  class space    used 6855K, committed 7104K, reserved 1048576K
}
Event: 23765.830 GC heap before
{Heap before GC invocations=42 (full 1):
 garbage-first heap   total 81920K, used 51722K [0x0000000583000000, 0x0000000800000000)
  region size 8192K, 5 young (40960K), 1 survivors (8192K)
 Metaspace       used 53887K, committed 54336K, reserved 1114112K
  class space    used 6872K, committed 7104K, reserved 1048576K
}
Event: 23766.013 GC heap after
{Heap after GC invocations=43 (full 2):
 garbage-first heap   total 81920K, used 23932K [0x0000000583000000, 0x0000000800000000)
  region size 8192K, 0 young (0K), 0 survivors (0K)
 Metaspace       used 53887K, committed 54336K, reserved 1114112K
  class space    used 6872K, committed 7104K, reserved 1048576K
}
Event: 23767.608 GC heap before
{Heap before GC invocations=43 (full 2):
 garbage-first heap   total 81920K, used 64892K [0x0000000583000000, 0x0000000800000000)
  region size 8192K, 5 young (40960K), 0 survivors (0K)
 Metaspace       used 53988K, committed 54464K, reserved 1114112K
  class space    used 6876K, committed 7104K, reserved 1048576K
}
Event: 23767.611 GC heap after
{Heap after GC invocations=44 (full 2):
 garbage-first heap   total 81920K, used 26819K [0x0000000583000000, 0x0000000800000000)
  region size 8192K, 1 young (8192K), 1 survivors (8192K)
 Metaspace       used 53988K, committed 54464K, reserved 1114112K
  class space    used 6876K, committed 7104K, reserved 1048576K
}
Event: 23768.947 GC heap before
{Heap before GC invocations=44 (full 2):
 garbage-first heap   total 81920K, used 59587K [0x0000000583000000, 0x0000000800000000)
  region size 8192K, 5 young (40960K), 1 survivors (8192K)
 Metaspace       used 54229K, committed 54656K, reserved 1114112K
  class space    used 6888K, committed 7104K, reserved 1048576K
}
Event: 23768.951 GC heap after
{Heap after GC invocations=45 (full 2):
 garbage-first heap   total 81920K, used 28417K [0x0000000583000000, 0x0000000800000000)
  region size 8192K, 1 young (8192K), 1 survivors (8192K)
 Metaspace       used 54229K, committed 54656K, reserved 1114112K
  class space    used 6888K, committed 7104K, reserved 1048576K
}
Event: 23890.187 GC heap before
{Heap before GC invocations=45 (full 2):
 garbage-first heap   total 81920K, used 61185K [0x0000000583000000, 0x0000000800000000)
  region size 8192K, 5 young (40960K), 1 survivors (8192K)
 Metaspace       used 54354K, committed 54784K, reserved 1114112K
  class space    used 6889K, committed 7104K, reserved 1048576K
}
Event: 23890.195 GC heap after
{Heap after GC invocations=46 (full 2):
 garbage-first heap   total 81920K, used 29149K [0x0000000583000000, 0x0000000800000000)
  region size 8192K, 1 young (8192K), 1 survivors (8192K)
 Metaspace       used 54354K, committed 54784K, reserved 1114112K
  class space    used 6889K, committed 7104K, reserved 1048576K
}
Event: 24101.659 GC heap before
{Heap before GC invocations=46 (full 2):
 garbage-first heap   total 81920K, used 53725K [0x0000000583000000, 0x0000000800000000)
  region size 8192K, 4 young (32768K), 1 survivors (8192K)
 Metaspace       used 54466K, committed 54912K, reserved 1114112K
  class space    used 6889K, committed 7104K, reserved 1048576K
}
Event: 24101.664 GC heap after
{Heap after GC invocations=47 (full 2):
 garbage-first heap   total 81920K, used 29163K [0x0000000583000000, 0x0000000800000000)
  region size 8192K, 1 young (8192K), 1 survivors (8192K)
 Metaspace       used 54466K, committed 54912K, reserved 1114112K
  class space    used 6889K, committed 7104K, reserved 1048576K
}
Event: 24342.213 GC heap before
{Heap before GC invocations=47 (full 2):
 garbage-first heap   total 81920K, used 53739K [0x0000000583000000, 0x0000000800000000)
  region size 8192K, 4 young (32768K), 1 survivors (8192K)
 Metaspace       used 54647K, committed 55104K, reserved 1114112K
  class space    used 6905K, committed 7104K, reserved 1048576K
}
Event: 24342.215 GC heap after
{Heap after GC invocations=48 (full 2):
 garbage-first heap   total 81920K, used 28887K [0x0000000583000000, 0x0000000800000000)
  region size 8192K, 1 young (8192K), 1 survivors (8192K)
 Metaspace       used 54647K, committed 55104K, reserved 1114112K
  class space    used 6905K, committed 7104K, reserved 1048576K
}
Event: 24556.019 GC heap before
{Heap before GC invocations=48 (full 2):
 garbage-first heap   total 81920K, used 53463K [0x0000000583000000, 0x0000000800000000)
  region size 8192K, 4 young (32768K), 1 survivors (8192K)
 Metaspace       used 54719K, committed 55168K, reserved 1114112K
  class space    used 6906K, committed 7104K, reserved 1048576K
}
Event: 24556.021 GC heap after
{Heap after GC invocations=49 (full 2):
 garbage-first heap   total 81920K, used 28767K [0x0000000583000000, 0x0000000800000000)
  region size 8192K, 1 young (8192K), 1 survivors (8192K)
 Metaspace       used 54719K, committed 55168K, reserved 1114112K
  class space    used 6906K, committed 7104K, reserved 1048576K
}
Event: 24793.398 GC heap before
{Heap before GC invocations=49 (full 2):
 garbage-first heap   total 81920K, used 53343K [0x0000000583000000, 0x0000000800000000)
  region size 8192K, 4 young (32768K), 1 survivors (8192K)
 Metaspace       used 54748K, committed 55168K, reserved 1114112K
  class space    used 6906K, committed 7104K, reserved 1048576K
}
Event: 24793.401 GC heap after
{Heap after GC invocations=50 (full 2):
 garbage-first heap   total 81920K, used 29340K [0x0000000583000000, 0x0000000800000000)
  region size 8192K, 1 young (8192K), 1 survivors (8192K)
 Metaspace       used 54748K, committed 55168K, reserved 1114112K
  class space    used 6906K, committed 7104K, reserved 1048576K
}

