# JRE version: OpenJDK Runtime Environment Temurin-21.0.8+9 (21.0.8+9) (build 21.0.8+9-LTS)
# Java VM: OpenJDK 64-Bit Server VM Temurin-21.0.8+9 (21.0.8+9-LTS, mixed mode, sharing, tiered, compressed oops, compressed class ptrs, parallel gc, windows-amd64)
GC Precious Log:
 CardTable entry size: 512
 CPUs: 8 total, 8 available
 Memory: 40743M
 Large Page Support: Disabled
 NUMA Support: Disabled
 Compressed Oops: Enabled (32-bit)
 Alignments: Space 512K, Generation 512K, Heap 2M
 Heap Min Capacity: 100M
 Heap Initial Capacity: 100M
 Heap Max Capacity: 2G
 Pre-touch: Disabled
 Parallel Workers: 8
Heap:
 PSYoungGen      total 16896K, used 16678K [0x00000000d5580000, 0x00000000d6800000, 0x0000000100000000)
  eden space 16384K, 100% used [0x00000000d5580000,0x00000000d6580000,0x00000000d6580000)
  from space 512K, 57% used [0x00000000d6700000,0x00000000d6749920,0x00000000d6780000)
  to   space 512K, 0% used [0x00000000d6780000,0x00000000d6780000,0x00000000d6800000)
 ParOldGen       total 82432K, used 72310K [0x0000000080000000, 0x0000000085080000, 0x00000000d5580000)
  object space 82432K, 87% used [0x0000000080000000,0x000000008469da70,0x0000000085080000)
 Metaspace       used 58806K, committed 60160K, reserved 1114112K
  class space    used 6258K, committed 6848K, reserved 1048576K
GC Heap History (20 events):
Event: 30.630 GC heap before
{Heap before GC invocations=71 (full 3):
 PSYoungGen      total 17920K, used 1408K [0x00000000d5580000, 0x00000000d6900000, 0x0000000100000000)
  eden space 16384K, 0% used [0x00000000d5580000,0x00000000d5580000,0x00000000d6580000)
  from space 1536K, 91% used [0x00000000d6780000,0x00000000d68e0000,0x00000000d6900000)
  to   space 1536K, 0% used [0x00000000d6600000,0x00000000d6600000,0x00000000d6780000)
 ParOldGen       total 82432K, used 82133K [0x0000000080000000, 0x0000000085080000, 0x00000000d5580000)
  object space 82432K, 99% used [0x0000000080000000,0x0000000085035738,0x0000000085080000)
 Metaspace       used 58434K, committed 59776K, reserved 1114112K
  class space    used 6249K, committed 6848K, reserved 1048576K
}
Event: 30.840 GC heap after
{Heap after GC invocations=71 (full 3):
 PSYoungGen      total 17920K, used 0K [0x00000000d5580000, 0x00000000d6900000, 0x0000000100000000)
  eden space 16384K, 0% used [0x00000000d5580000,0x00000000d5580000,0x00000000d6580000)
  from space 1536K, 0% used [0x00000000d6780000,0x00000000d6780000,0x00000000d6900000)
  to   space 1536K, 0% used [0x00000000d6600000,0x00000000d6600000,0x00000000d6780000)
 ParOldGen       total 82432K, used 65729K [0x0000000080000000, 0x0000000085080000, 0x00000000d5580000)
  object space 82432K, 79% used [0x0000000080000000,0x0000000084030688,0x0000000085080000)
 Metaspace       used 58429K, committed 59776K, reserved 1114112K
  class space    used 6247K, committed 6848K, reserved 1048576K
}
Event: 33.059 GC heap before
{Heap before GC invocations=72 (full 3):
 PSYoungGen      total 17920K, used 16384K [0x00000000d5580000, 0x00000000d6900000, 0x0000000100000000)
  eden space 16384K, 100% used [0x00000000d5580000,0x00000000d6580000,0x00000000d6580000)
  from space 1536K, 0% used [0x00000000d6780000,0x00000000d6780000,0x00000000d6900000)
  to   space 1536K, 0% used [0x00000000d6600000,0x00000000d6600000,0x00000000d6780000)
 ParOldGen       total 82432K, used 65729K [0x0000000080000000, 0x0000000085080000, 0x00000000d5580000)
  object space 82432K, 79% used [0x0000000080000000,0x0000000084030688,0x0000000085080000)
 Metaspace       used 58464K, committed 59840K, reserved 1114112K
  class space    used 6247K, committed 6848K, reserved 1048576K
}
Event: 34.054 GC heap after
{Heap after GC invocations=72 (full 3):
 PSYoungGen      total 17920K, used 1536K [0x00000000d5580000, 0x00000000d6980000, 0x0000000100000000)
  eden space 16384K, 0% used [0x00000000d5580000,0x00000000d5580000,0x00000000d6580000)
  from space 1536K, 100% used [0x00000000d6600000,0x00000000d6780000,0x00000000d6780000)
  to   space 2048K, 0% used [0x00000000d6780000,0x00000000d6780000,0x00000000d6980000)
 ParOldGen       total 82432K, used 65761K [0x0000000080000000, 0x0000000085080000, 0x00000000d5580000)
  object space 82432K, 79% used [0x0000000080000000,0x0000000084038688,0x0000000085080000)
 Metaspace       used 58464K, committed 59840K, reserved 1114112K
  class space    used 6247K, committed 6848K, reserved 1048576K
}
Event: 34.130 GC heap before
{Heap before GC invocations=73 (full 3):
 PSYoungGen      total 17920K, used 17919K [0x00000000d5580000, 0x00000000d6980000, 0x0000000100000000)
  eden space 16384K, 99% used [0x00000000d5580000,0x00000000d657fc70,0x00000000d6580000)
  from space 1536K, 100% used [0x00000000d6600000,0x00000000d6780000,0x00000000d6780000)
  to   space 2048K, 0% used [0x00000000d6780000,0x00000000d6780000,0x00000000d6980000)
 ParOldGen       total 82432K, used 65761K [0x0000000080000000, 0x0000000085080000, 0x00000000d5580000)
  object space 82432K, 79% used [0x0000000080000000,0x0000000084038688,0x0000000085080000)
 Metaspace       used 58487K, committed 59840K, reserved 1114112K
  class space    used 6248K, committed 6848K, reserved 1048576K
}
Event: 34.133 GC heap after
{Heap after GC invocations=73 (full 3):
 PSYoungGen      total 17920K, used 1392K [0x00000000d5580000, 0x00000000d6900000, 0x0000000100000000)
  eden space 16384K, 0% used [0x00000000d5580000,0x00000000d5580000,0x00000000d6580000)
  from space 1536K, 90% used [0x00000000d6780000,0x00000000d68dc020,0x00000000d6900000)
  to   space 1536K, 0% used [0x00000000d6600000,0x00000000d6600000,0x00000000d6780000)
 ParOldGen       total 82432K, used 67027K [0x0000000080000000, 0x0000000085080000, 0x00000000d5580000)
  object space 82432K, 81% used [0x0000000080000000,0x0000000084174ea8,0x0000000085080000)
 Metaspace       used 58487K, committed 59840K, reserved 1114112K
  class space    used 6248K, committed 6848K, reserved 1048576K
}
Event: 34.424 GC heap before
{Heap before GC invocations=74 (full 3):
 PSYoungGen      total 17920K, used 17776K [0x00000000d5580000, 0x00000000d6900000, 0x0000000100000000)
  eden space 16384K, 100% used [0x00000000d5580000,0x00000000d6580000,0x00000000d6580000)
  from space 1536K, 90% used [0x00000000d6780000,0x00000000d68dc020,0x00000000d6900000)
  to   space 1536K, 0% used [0x00000000d6600000,0x00000000d6600000,0x00000000d6780000)
 ParOldGen       total 82432K, used 67027K [0x0000000080000000, 0x0000000085080000, 0x00000000d5580000)
  object space 82432K, 81% used [0x0000000080000000,0x0000000084174ea8,0x0000000085080000)
 Metaspace       used 58702K, committed 60096K, reserved 1114112K
  class space    used 6258K, committed 6848K, reserved 1048576K
}
Event: 34.427 GC heap after
{Heap after GC invocations=74 (full 3):
 PSYoungGen      total 17920K, used 1520K [0x00000000d5580000, 0x00000000d6c80000, 0x0000000100000000)
  eden space 16384K, 0% used [0x00000000d5580000,0x00000000d5580000,0x00000000d6580000)
  from space 1536K, 98% used [0x00000000d6600000,0x00000000d677c010,0x00000000d6780000)
  to   space 3584K, 0% used [0x00000000d6900000,0x00000000d6900000,0x00000000d6c80000)
 ParOldGen       total 82432K, used 68598K [0x0000000080000000, 0x0000000085080000, 0x00000000d5580000)
  object space 82432K, 83% used [0x0000000080000000,0x00000000842fd9a8,0x0000000085080000)
 Metaspace       used 58702K, committed 60096K, reserved 1114112K
  class space    used 6258K, committed 6848K, reserved 1048576K
}
Event: 34.494 GC heap before
{Heap before GC invocations=75 (full 3):
 PSYoungGen      total 17920K, used 17904K [0x00000000d5580000, 0x00000000d6c80000, 0x0000000100000000)
  eden space 16384K, 100% used [0x00000000d5580000,0x00000000d6580000,0x00000000d6580000)
  from space 1536K, 98% used [0x00000000d6600000,0x00000000d677c010,0x00000000d6780000)
  to   space 3584K, 0% used [0x00000000d6900000,0x00000000d6900000,0x00000000d6c80000)
 ParOldGen       total 82432K, used 68598K [0x0000000080000000, 0x0000000085080000, 0x00000000d5580000)
  object space 82432K, 83% used [0x0000000080000000,0x00000000842fd9a8,0x0000000085080000)
 Metaspace       used 58736K, committed 60096K, reserved 1114112K
  class space    used 6258K, committed 6848K, reserved 1048576K
}
Event: 34.497 GC heap after
{Heap after GC invocations=75 (full 3):
 PSYoungGen      total 17408K, used 1008K [0x00000000d5580000, 0x00000000d6a00000, 0x0000000100000000)
  eden space 16384K, 0% used [0x00000000d5580000,0x00000000d5580000,0x00000000d6580000)
  from space 1024K, 98% used [0x00000000d6900000,0x00000000d69fc030,0x00000000d6a00000)
  to   space 2048K, 0% used [0x00000000d6600000,0x00000000d6600000,0x00000000d6800000)
 ParOldGen       total 82432K, used 70046K [0x0000000080000000, 0x0000000085080000, 0x00000000d5580000)
  object space 82432K, 84% used [0x0000000080000000,0x0000000084467a70,0x0000000085080000)
 Metaspace       used 58736K, committed 60096K, reserved 1114112K
  class space    used 6258K, committed 6848K, reserved 1048576K
}
Event: 34.609 GC heap before
{Heap before GC invocations=76 (full 3):
 PSYoungGen      total 17408K, used 17392K [0x00000000d5580000, 0x00000000d6a00000, 0x0000000100000000)
  eden space 16384K, 100% used [0x00000000d5580000,0x00000000d6580000,0x00000000d6580000)
  from space 1024K, 98% used [0x00000000d6900000,0x00000000d69fc030,0x00000000d6a00000)
  to   space 2048K, 0% used [0x00000000d6600000,0x00000000d6600000,0x00000000d6800000)
 ParOldGen       total 82432K, used 70046K [0x0000000080000000, 0x0000000085080000, 0x00000000d5580000)
  object space 82432K, 84% used [0x0000000080000000,0x0000000084467a70,0x0000000085080000)
 Metaspace       used 58759K, committed 60096K, reserved 1114112K
  class space    used 6258K, committed 6848K, reserved 1048576K
}
Event: 34.611 GC heap after
{Heap after GC invocations=76 (full 3):
 PSYoungGen      total 18432K, used 1280K [0x00000000d5580000, 0x00000000d6980000, 0x0000000100000000)
  eden space 16384K, 0% used [0x00000000d5580000,0x00000000d5580000,0x00000000d6580000)
  from space 2048K, 62% used [0x00000000d6600000,0x00000000d6740020,0x00000000d6800000)
  to   space 1536K, 0% used [0x00000000d6800000,0x00000000d6800000,0x00000000d6980000)
 ParOldGen       total 82432K, used 70758K [0x0000000080000000, 0x0000000085080000, 0x00000000d5580000)
  object space 82432K, 85% used [0x0000000080000000,0x0000000084519a70,0x0000000085080000)
 Metaspace       used 58759K, committed 60096K, reserved 1114112K
  class space    used 6258K, committed 6848K, reserved 1048576K
}
Event: 34.974 GC heap before
{Heap before GC invocations=77 (full 3):
 PSYoungGen      total 18432K, used 17620K [0x00000000d5580000, 0x00000000d6980000, 0x0000000100000000)
  eden space 16384K, 99% used [0x00000000d5580000,0x00000000d65752e8,0x00000000d6580000)
  from space 2048K, 62% used [0x00000000d6600000,0x00000000d6740020,0x00000000d6800000)
  to   space 1536K, 0% used [0x00000000d6800000,0x00000000d6800000,0x00000000d6980000)
 ParOldGen       total 82432K, used 70758K [0x0000000080000000, 0x0000000085080000, 0x00000000d5580000)
  object space 82432K, 85% used [0x0000000080000000,0x0000000084519a70,0x0000000085080000)
 Metaspace       used 58789K, committed 60160K, reserved 1114112K
  class space    used 6258K, committed 6848K, reserved 1048576K
}
Event: 34.975 GC heap after
{Heap after GC invocations=77 (full 3):
 PSYoungGen      total 17408K, used 704K [0x00000000d5580000, 0x00000000d6900000, 0x0000000100000000)
  eden space 16384K, 0% used [0x00000000d5580000,0x00000000d5580000,0x00000000d6580000)
  from space 1024K, 68% used [0x00000000d6800000,0x00000000d68b0000,0x00000000d6900000)
  to   space 1024K, 0% used [0x00000000d6700000,0x00000000d6700000,0x00000000d6800000)
 ParOldGen       total 82432K, used 71718K [0x0000000080000000, 0x0000000085080000, 0x00000000d5580000)
  object space 82432K, 87% used [0x0000000080000000,0x0000000084609a70,0x0000000085080000)
 Metaspace       used 58789K, committed 60160K, reserved 1114112K
  class space    used 6258K, committed 6848K, reserved 1048576K
}
Event: 36.046 GC heap before
{Heap before GC invocations=78 (full 3):
 PSYoungGen      total 17408K, used 17088K [0x00000000d5580000, 0x00000000d6900000, 0x0000000100000000)
  eden space 16384K, 100% used [0x00000000d5580000,0x00000000d6580000,0x00000000d6580000)
  from space 1024K, 68% used [0x00000000d6800000,0x00000000d68b0000,0x00000000d6900000)
  to   space 1024K, 0% used [0x00000000d6700000,0x00000000d6700000,0x00000000d6800000)
 ParOldGen       total 82432K, used 71718K [0x0000000080000000, 0x0000000085080000, 0x00000000d5580000)
  object space 82432K, 87% used [0x0000000080000000,0x0000000084609a70,0x0000000085080000)
 Metaspace       used 58797K, committed 60160K, reserved 1114112K
  class space    used 6258K, committed 6848K, reserved 1048576K
}
Event: 36.047 GC heap after
{Heap after GC invocations=78 (full 3):
 PSYoungGen      total 16896K, used 414K [0x00000000d5580000, 0x00000000d6880000, 0x0000000100000000)
  eden space 16384K, 0% used [0x00000000d5580000,0x00000000d5580000,0x00000000d6580000)
  from space 512K, 81% used [0x00000000d6700000,0x00000000d6767b98,0x00000000d6780000)
  to   space 1024K, 0% used [0x00000000d6780000,0x00000000d6780000,0x00000000d6880000)
 ParOldGen       total 82432K, used 72158K [0x0000000080000000, 0x0000000085080000, 0x00000000d5580000)
  object space 82432K, 87% used [0x0000000080000000,0x0000000084677a70,0x0000000085080000)
 Metaspace       used 58797K, committed 60160K, reserved 1114112K
  class space    used 6258K, committed 6848K, reserved 1048576K
}
Event: 37.172 GC heap before
{Heap before GC invocations=79 (full 3):
 PSYoungGen      total 16896K, used 16798K [0x00000000d5580000, 0x00000000d6880000, 0x0000000100000000)
  eden space 16384K, 100% used [0x00000000d5580000,0x00000000d6580000,0x00000000d6580000)
  from space 512K, 81% used [0x00000000d6700000,0x00000000d6767b98,0x00000000d6780000)
  to   space 1024K, 0% used [0x00000000d6780000,0x00000000d6780000,0x00000000d6880000)
 ParOldGen       total 82432K, used 72158K [0x0000000080000000, 0x0000000085080000, 0x00000000d5580000)
  object space 82432K, 87% used [0x0000000080000000,0x0000000084677a70,0x0000000085080000)
 Metaspace       used 58798K, committed 60160K, reserved 1114112K
  class space    used 6258K, committed 6848K, reserved 1048576K
}
Event: 37.173 GC heap after
{Heap after GC invocations=79 (full 3):
 PSYoungGen      total 16896K, used 288K [0x00000000d5580000, 0x00000000d6800000, 0x0000000100000000)
  eden space 16384K, 0% used [0x00000000d5580000,0x00000000d5580000,0x00000000d6580000)
  from space 512K, 56% used [0x00000000d6780000,0x00000000d67c8000,0x00000000d6800000)
  to   space 512K, 0% used [0x00000000d6700000,0x00000000d6700000,0x00000000d6780000)
 ParOldGen       total 82432K, used 72246K [0x0000000080000000, 0x0000000085080000, 0x00000000d5580000)
  object space 82432K, 87% used [0x0000000080000000,0x000000008468da70,0x0000000085080000)
 Metaspace       used 58798K, committed 60160K, reserved 1114112K
  class space    used 6258K, committed 6848K, reserved 1048576K
}
Event: 37.259 GC heap before
{Heap before GC invocations=80 (full 3):
 PSYoungGen      total 16896K, used 16672K [0x00000000d5580000, 0x00000000d6800000, 0x0000000100000000)
  eden space 16384K, 100% used [0x00000000d5580000,0x00000000d6580000,0x00000000d6580000)
  from space 512K, 56% used [0x00000000d6780000,0x00000000d67c8000,0x00000000d6800000)
  to   space 512K, 0% used [0x00000000d6700000,0x00000000d6700000,0x00000000d6780000)
 ParOldGen       total 82432K, used 72246K [0x0000000080000000, 0x0000000085080000, 0x00000000d5580000)
  object space 82432K, 87% used [0x0000000080000000,0x000000008468da70,0x0000000085080000)
 Metaspace       used 58801K, committed 60160K, reserved 1114112K
  class space    used 6258K, committed 6848K, reserved 1048576K
}
Event: 37.260 GC heap after
{Heap after GC invocations=80 (full 3):
 PSYoungGen      total 16896K, used 294K [0x00000000d5580000, 0x00000000d6800000, 0x0000000100000000)
  eden space 16384K, 0% used [0x00000000d5580000,0x00000000d5580000,0x00000000d6580000)
  from space 512K, 57% used [0x00000000d6700000,0x00000000d6749920,0x00000000d6780000)
  to   space 512K, 0% used [0x00000000d6780000,0x00000000d6780000,0x00000000d6800000)
 ParOldGen       total 82432K, used 72310K [0x0000000080000000, 0x0000000085080000, 0x00000000d5580000)
  object space 82432K, 87% used [0x0000000080000000,0x000000008469da70,0x0000000085080000)
 Metaspace       used 58801K, committed 60160K, reserved 1114112K
  class space    used 6258K, committed 6848K, reserved 1048576K
}

