# JRE version: OpenJDK Runtime Environment Temurin-21.0.8+9 (21.0.8+9) (build 21.0.8+9-LTS)
# Java VM: OpenJDK 64-Bit Server VM Temurin-21.0.8+9 (21.0.8+9-LTS, mixed mode, sharing, tiered, compressed oops, compressed class ptrs, parallel gc, windows-amd64)
GC Precious Log:
 CardTable entry size: 512
 CPUs: 8 total, 8 available
 Memory: 40743M
 Large Page Support: Disabled
 NUMA Support: Disabled
 Compressed Oops: Enabled (32-bit)
 Alignments: Space 512K, Generation 512K, Heap 2M
 Heap Min Capacity: 100M
 Heap Initial Capacity: 100M
 Heap Max Capacity: 2G
 Pre-touch: Disabled
 Parallel Workers: 8
Heap:
 PSYoungGen      total 4096K, used 904K [0x00000000d5580000, 0x00000000d5a80000, 0x0000000100000000)
  eden space 3072K, 0% used [0x00000000d5580000,0x00000000d5580000,0x00000000d5880000)
  from space 1024K, 88% used [0x00000000d5880000,0x00000000d5962358,0x00000000d5980000)
  to   space 1024K, 0% used [0x00000000d5980000,0x00000000d5980000,0x00000000d5a80000)
 ParOldGen       total 287232K, used 287217K [0x0000000080000000, 0x0000000091880000, 0x00000000d5580000)
  object space 287232K, 99% used [0x0000000080000000,0x000000009187c6c8,0x0000000091880000)
 Metaspace       used 66066K, committed 67712K, reserved 1114112K
  class space    used 6688K, committed 7424K, reserved 1048576K
GC Heap History (20 events):
Event: 104.595 GC heap after
{Heap after GC invocations=656 (full 3):
 PSYoungGen      total 2560K, used 512K [0x00000000d5580000, 0x00000000d5980000, 0x0000000100000000)
  eden space 1536K, 0% used [0x00000000d5580000,0x00000000d5580000,0x00000000d5700000)
  from space 1024K, 50% used [0x00000000d5700000,0x00000000d5780000,0x00000000d5800000)
  to   space 1024K, 0% used [0x00000000d5880000,0x00000000d5880000,0x00000000d5980000)
 ParOldGen       total 282112K, used 281862K [0x0000000080000000, 0x0000000091380000, 0x00000000d5580000)
  object space 282112K, 99% used [0x0000000080000000,0x0000000091341890,0x0000000091380000)
 Metaspace       used 66066K, committed 67712K, reserved 1114112K
  class space    used 6688K, committed 7424K, reserved 1048576K
}
Event: 104.599 GC heap before
{Heap before GC invocations=657 (full 3):
 PSYoungGen      total 2560K, used 2048K [0x00000000d5580000, 0x00000000d5980000, 0x0000000100000000)
  eden space 1536K, 100% used [0x00000000d5580000,0x00000000d5700000,0x00000000d5700000)
  from space 1024K, 50% used [0x00000000d5700000,0x00000000d5780000,0x00000000d5800000)
  to   space 1024K, 0% used [0x00000000d5880000,0x00000000d5880000,0x00000000d5980000)
 ParOldGen       total 282112K, used 281862K [0x0000000080000000, 0x0000000091380000, 0x00000000d5580000)
  object space 282112K, 99% used [0x0000000080000000,0x0000000091341890,0x0000000091380000)
 Metaspace       used 66066K, committed 67712K, reserved 1114112K
  class space    used 6688K, committed 7424K, reserved 1048576K
}
Event: 104.601 GC heap after
{Heap after GC invocations=657 (full 3):
 PSYoungGen      total 3072K, used 488K [0x00000000d5580000, 0x00000000d5980000, 0x0000000100000000)
  eden space 2048K, 0% used [0x00000000d5580000,0x00000000d5580000,0x00000000d5780000)
  from space 1024K, 47% used [0x00000000d5880000,0x00000000d58fa038,0x00000000d5980000)
  to   space 1024K, 0% used [0x00000000d5780000,0x00000000d5780000,0x00000000d5880000)
 ParOldGen       total 282624K, used 282226K [0x0000000080000000, 0x0000000091400000, 0x00000000d5580000)
  object space 282624K, 99% used [0x0000000080000000,0x000000009139c960,0x0000000091400000)
 Metaspace       used 66066K, committed 67712K, reserved 1114112K
  class space    used 6688K, committed 7424K, reserved 1048576K
}
Event: 104.608 GC heap before
{Heap before GC invocations=658 (full 3):
 PSYoungGen      total 3072K, used 2536K [0x00000000d5580000, 0x00000000d5980000, 0x0000000100000000)
  eden space 2048K, 100% used [0x00000000d5580000,0x00000000d5780000,0x00000000d5780000)
  from space 1024K, 47% used [0x00000000d5880000,0x00000000d58fa038,0x00000000d5980000)
  to   space 1024K, 0% used [0x00000000d5780000,0x00000000d5780000,0x00000000d5880000)
 ParOldGen       total 282624K, used 282226K [0x0000000080000000, 0x0000000091400000, 0x00000000d5580000)
  object space 282624K, 99% used [0x0000000080000000,0x000000009139c960,0x0000000091400000)
 Metaspace       used 66066K, committed 67712K, reserved 1114112K
  class space    used 6688K, committed 7424K, reserved 1048576K
}
Event: 105.610 GC heap after
{Heap after GC invocations=658 (full 3):
 PSYoungGen      total 3072K, used 626K [0x00000000d5580000, 0x00000000d5a00000, 0x0000000100000000)
  eden space 2048K, 0% used [0x00000000d5580000,0x00000000d5580000,0x00000000d5780000)
  from space 1024K, 61% used [0x00000000d5780000,0x00000000d581c8b8,0x00000000d5880000)
  to   space 1024K, 0% used [0x00000000d5900000,0x00000000d5900000,0x00000000d5a00000)
 ParOldGen       total 282624K, used 282621K [0x0000000080000000, 0x0000000091400000, 0x00000000d5580000)
  object space 282624K, 99% used [0x0000000080000000,0x00000000913ff580,0x0000000091400000)
 Metaspace       used 66066K, committed 67712K, reserved 1114112K
  class space    used 6688K, committed 7424K, reserved 1048576K
}
Event: 105.624 GC heap before
{Heap before GC invocations=659 (full 3):
 PSYoungGen      total 3072K, used 2674K [0x00000000d5580000, 0x00000000d5a00000, 0x0000000100000000)
  eden space 2048K, 100% used [0x00000000d5580000,0x00000000d5780000,0x00000000d5780000)
  from space 1024K, 61% used [0x00000000d5780000,0x00000000d581c8b8,0x00000000d5880000)
  to   space 1024K, 0% used [0x00000000d5900000,0x00000000d5900000,0x00000000d5a00000)
 ParOldGen       total 282624K, used 282621K [0x0000000080000000, 0x0000000091400000, 0x00000000d5580000)
  object space 282624K, 99% used [0x0000000080000000,0x00000000913ff580,0x0000000091400000)
 Metaspace       used 66066K, committed 67712K, reserved 1114112K
  class space    used 6688K, committed 7424K, reserved 1048576K
}
Event: 105.626 GC heap after
{Heap after GC invocations=659 (full 3):
 PSYoungGen      total 3072K, used 562K [0x00000000d5580000, 0x00000000d5a00000, 0x0000000100000000)
  eden space 2048K, 0% used [0x00000000d5580000,0x00000000d5580000,0x00000000d5780000)
  from space 1024K, 54% used [0x00000000d5900000,0x00000000d598ca10,0x00000000d5a00000)
  to   space 1024K, 0% used [0x00000000d5780000,0x00000000d5780000,0x00000000d5880000)
 ParOldGen       total 283136K, used 283123K [0x0000000080000000, 0x0000000091480000, 0x00000000d5580000)
  object space 283136K, 99% used [0x0000000080000000,0x000000009147cf08,0x0000000091480000)
 Metaspace       used 66066K, committed 67712K, reserved 1114112K
  class space    used 6688K, committed 7424K, reserved 1048576K
}
Event: 105.633 GC heap before
{Heap before GC invocations=660 (full 3):
 PSYoungGen      total 3072K, used 2610K [0x00000000d5580000, 0x00000000d5a00000, 0x0000000100000000)
  eden space 2048K, 100% used [0x00000000d5580000,0x00000000d5780000,0x00000000d5780000)
  from space 1024K, 54% used [0x00000000d5900000,0x00000000d598ca10,0x00000000d5a00000)
  to   space 1024K, 0% used [0x00000000d5780000,0x00000000d5780000,0x00000000d5880000)
 ParOldGen       total 283136K, used 283123K [0x0000000080000000, 0x0000000091480000, 0x00000000d5580000)
  object space 283136K, 99% used [0x0000000080000000,0x000000009147cf08,0x0000000091480000)
 Metaspace       used 66066K, committed 67712K, reserved 1114112K
  class space    used 6688K, committed 7424K, reserved 1048576K
}
Event: 105.635 GC heap after
{Heap after GC invocations=660 (full 3):
 PSYoungGen      total 3072K, used 640K [0x00000000d5580000, 0x00000000d5980000, 0x0000000100000000)
  eden space 2048K, 0% used [0x00000000d5580000,0x00000000d5580000,0x00000000d5780000)
  from space 1024K, 62% used [0x00000000d5780000,0x00000000d5820000,0x00000000d5880000)
  to   space 1024K, 0% used [0x00000000d5880000,0x00000000d5880000,0x00000000d5980000)
 ParOldGen       total 283648K, used 283617K [0x0000000080000000, 0x0000000091500000, 0x00000000d5580000)
  object space 283648K, 99% used [0x0000000080000000,0x00000000914f8588,0x0000000091500000)
 Metaspace       used 66066K, committed 67712K, reserved 1114112K
  class space    used 6688K, committed 7424K, reserved 1048576K
}
Event: 105.641 GC heap before
{Heap before GC invocations=661 (full 3):
 PSYoungGen      total 3072K, used 2688K [0x00000000d5580000, 0x00000000d5980000, 0x0000000100000000)
  eden space 2048K, 100% used [0x00000000d5580000,0x00000000d5780000,0x00000000d5780000)
  from space 1024K, 62% used [0x00000000d5780000,0x00000000d5820000,0x00000000d5880000)
  to   space 1024K, 0% used [0x00000000d5880000,0x00000000d5880000,0x00000000d5980000)
 ParOldGen       total 283648K, used 283617K [0x0000000080000000, 0x0000000091500000, 0x00000000d5580000)
  object space 283648K, 99% used [0x0000000080000000,0x00000000914f8588,0x0000000091500000)
 Metaspace       used 66066K, committed 67712K, reserved 1114112K
  class space    used 6688K, committed 7424K, reserved 1048576K
}
Event: 105.643 GC heap after
{Heap after GC invocations=661 (full 3):
 PSYoungGen      total 3072K, used 759K [0x00000000d5580000, 0x00000000d5980000, 0x0000000100000000)
  eden space 2048K, 0% used [0x00000000d5580000,0x00000000d5580000,0x00000000d5780000)
  from space 1024K, 74% used [0x00000000d5880000,0x00000000d593dfe0,0x00000000d5980000)
  to   space 1024K, 0% used [0x00000000d5780000,0x00000000d5780000,0x00000000d5880000)
 ParOldGen       total 284160K, used 284141K [0x0000000080000000, 0x0000000091580000, 0x00000000d5580000)
  object space 284160K, 99% used [0x0000000080000000,0x000000009157b420,0x0000000091580000)
 Metaspace       used 66066K, committed 67712K, reserved 1114112K
  class space    used 6688K, committed 7424K, reserved 1048576K
}
Event: 105.648 GC heap before
{Heap before GC invocations=662 (full 3):
 PSYoungGen      total 3072K, used 2807K [0x00000000d5580000, 0x00000000d5980000, 0x0000000100000000)
  eden space 2048K, 100% used [0x00000000d5580000,0x00000000d5780000,0x00000000d5780000)
  from space 1024K, 74% used [0x00000000d5880000,0x00000000d593dfe0,0x00000000d5980000)
  to   space 1024K, 0% used [0x00000000d5780000,0x00000000d5780000,0x00000000d5880000)
 ParOldGen       total 284160K, used 284141K [0x0000000080000000, 0x0000000091580000, 0x00000000d5580000)
  object space 284160K, 99% used [0x0000000080000000,0x000000009157b420,0x0000000091580000)
 Metaspace       used 66066K, committed 67712K, reserved 1114112K
  class space    used 6688K, committed 7424K, reserved 1048576K
}
Event: 105.650 GC heap after
{Heap after GC invocations=662 (full 3):
 PSYoungGen      total 3072K, used 666K [0x00000000d5580000, 0x00000000d5a00000, 0x0000000100000000)
  eden space 2048K, 0% used [0x00000000d5580000,0x00000000d5580000,0x00000000d5780000)
  from space 1024K, 65% used [0x00000000d5780000,0x00000000d5826a68,0x00000000d5880000)
  to   space 1024K, 0% used [0x00000000d5900000,0x00000000d5900000,0x00000000d5a00000)
 ParOldGen       total 285184K, used 284778K [0x0000000080000000, 0x0000000091680000, 0x00000000d5580000)
  object space 285184K, 99% used [0x0000000080000000,0x000000009161aa18,0x0000000091680000)
 Metaspace       used 66066K, committed 67712K, reserved 1114112K
  class space    used 6688K, committed 7424K, reserved 1048576K
}
Event: 105.654 GC heap before
{Heap before GC invocations=663 (full 3):
 PSYoungGen      total 3072K, used 2714K [0x00000000d5580000, 0x00000000d5a00000, 0x0000000100000000)
  eden space 2048K, 100% used [0x00000000d5580000,0x00000000d5780000,0x00000000d5780000)
  from space 1024K, 65% used [0x00000000d5780000,0x00000000d5826a68,0x00000000d5880000)
  to   space 1024K, 0% used [0x00000000d5900000,0x00000000d5900000,0x00000000d5a00000)
 ParOldGen       total 285184K, used 284778K [0x0000000080000000, 0x0000000091680000, 0x00000000d5580000)
  object space 285184K, 99% used [0x0000000080000000,0x000000009161aa18,0x0000000091680000)
 Metaspace       used 66066K, committed 67712K, reserved 1114112K
  class space    used 6688K, committed 7424K, reserved 1048576K
}
Event: 105.655 GC heap after
{Heap after GC invocations=663 (full 3):
 PSYoungGen      total 3584K, used 741K [0x00000000d5580000, 0x00000000d5a00000, 0x0000000100000000)
  eden space 2560K, 0% used [0x00000000d5580000,0x00000000d5580000,0x00000000d5800000)
  from space 1024K, 72% used [0x00000000d5900000,0x00000000d59b9408,0x00000000d5a00000)
  to   space 1024K, 0% used [0x00000000d5800000,0x00000000d5800000,0x00000000d5900000)
 ParOldGen       total 285696K, used 285326K [0x0000000080000000, 0x0000000091700000, 0x00000000d5580000)
  object space 285696K, 99% used [0x0000000080000000,0x00000000916a3be0,0x0000000091700000)
 Metaspace       used 66066K, committed 67712K, reserved 1114112K
  class space    used 6688K, committed 7424K, reserved 1048576K
}
Event: 105.661 GC heap before
{Heap before GC invocations=664 (full 3):
 PSYoungGen      total 3584K, used 3301K [0x00000000d5580000, 0x00000000d5a00000, 0x0000000100000000)
  eden space 2560K, 100% used [0x00000000d5580000,0x00000000d5800000,0x00000000d5800000)
  from space 1024K, 72% used [0x00000000d5900000,0x00000000d59b9408,0x00000000d5a00000)
  to   space 1024K, 0% used [0x00000000d5800000,0x00000000d5800000,0x00000000d5900000)
 ParOldGen       total 285696K, used 285326K [0x0000000080000000, 0x0000000091700000, 0x00000000d5580000)
  object space 285696K, 99% used [0x0000000080000000,0x00000000916a3be0,0x0000000091700000)
 Metaspace       used 66066K, committed 67712K, reserved 1114112K
  class space    used 6688K, committed 7424K, reserved 1048576K
}
Event: 105.663 GC heap after
{Heap after GC invocations=664 (full 3):
 PSYoungGen      total 3584K, used 725K [0x00000000d5580000, 0x00000000d5a80000, 0x0000000100000000)
  eden space 2560K, 0% used [0x00000000d5580000,0x00000000d5580000,0x00000000d5800000)
  from space 1024K, 70% used [0x00000000d5800000,0x00000000d58b56c8,0x00000000d5900000)
  to   space 1024K, 0% used [0x00000000d5980000,0x00000000d5980000,0x00000000d5a80000)
 ParOldGen       total 286208K, used 285978K [0x0000000080000000, 0x0000000091780000, 0x00000000d5580000)
  object space 286208K, 99% used [0x0000000080000000,0x00000000917469f8,0x0000000091780000)
 Metaspace       used 66066K, committed 67712K, reserved 1114112K
  class space    used 6688K, committed 7424K, reserved 1048576K
}
Event: 105.670 GC heap before
{Heap before GC invocations=665 (full 3):
 PSYoungGen      total 3584K, used 3285K [0x00000000d5580000, 0x00000000d5a80000, 0x0000000100000000)
  eden space 2560K, 100% used [0x00000000d5580000,0x00000000d5800000,0x00000000d5800000)
  from space 1024K, 70% used [0x00000000d5800000,0x00000000d58b56c8,0x00000000d5900000)
  to   space 1024K, 0% used [0x00000000d5980000,0x00000000d5980000,0x00000000d5a80000)
 ParOldGen       total 286208K, used 285978K [0x0000000080000000, 0x0000000091780000, 0x00000000d5580000)
  object space 286208K, 99% used [0x0000000080000000,0x00000000917469f8,0x0000000091780000)
 Metaspace       used 66066K, committed 67712K, reserved 1114112K
  class space    used 6688K, committed 7424K, reserved 1048576K
}
Event: 105.671 GC heap after
{Heap after GC invocations=665 (full 3):
 PSYoungGen      total 4096K, used 688K [0x00000000d5580000, 0x00000000d5a80000, 0x0000000100000000)
  eden space 3072K, 0% used [0x00000000d5580000,0x00000000d5580000,0x00000000d5880000)
  from space 1024K, 67% used [0x00000000d5980000,0x00000000d5a2c1e8,0x00000000d5a80000)
  to   space 1024K, 0% used [0x00000000d5880000,0x00000000d5880000,0x00000000d5980000)
 ParOldGen       total 286720K, used 286595K [0x0000000080000000, 0x0000000091800000, 0x00000000d5580000)
  object space 286720K, 99% used [0x0000000080000000,0x00000000917e0f00,0x0000000091800000)
 Metaspace       used 66066K, committed 67712K, reserved 1114112K
  class space    used 6688K, committed 7424K, reserved 1048576K
}
Event: 105.680 GC heap before
{Heap before GC invocations=666 (full 3):
 PSYoungGen      total 4096K, used 3760K [0x00000000d5580000, 0x00000000d5a80000, 0x0000000100000000)
  eden space 3072K, 100% used [0x00000000d5580000,0x00000000d5880000,0x00000000d5880000)
  from space 1024K, 67% used [0x00000000d5980000,0x00000000d5a2c1e8,0x00000000d5a80000)
  to   space 1024K, 0% used [0x00000000d5880000,0x00000000d5880000,0x00000000d5980000)
 ParOldGen       total 286720K, used 286595K [0x0000000080000000, 0x0000000091800000, 0x00000000d5580000)
  object space 286720K, 99% used [0x0000000080000000,0x00000000917e0f00,0x0000000091800000)
 Metaspace       used 66066K, committed 67712K, reserved 1114112K
  class space    used 6688K, committed 7424K, reserved 1048576K
}

