# JRE version: OpenJDK Runtime Environment Temurin-21.0.8+9 (21.0.8+9) (build 21.0.8+9-LTS)
# Java VM: OpenJDK 64-Bit Server VM Temurin-21.0.8+9 (21.0.8+9-LTS, mixed mode, sharing, tiered, compressed oops, compressed class ptrs, parallel gc, windows-amd64)
GC Precious Log:
 CardTable entry size: 512
 CPUs: 8 total, 8 available
 Memory: 40743M
 Large Page Support: Disabled
 NUMA Support: Disabled
 Compressed Oops: Enabled (32-bit)
 Alignments: Space 512K, Generation 512K, Heap 2M
 Heap Min Capacity: 100M
 Heap Initial Capacity: 100M
 Heap Max Capacity: 2G
 Pre-touch: Disabled
 Parallel Workers: 8
Heap:
 PSYoungGen      total 5120K, used 4023K [0x00000000d5580000, 0x00000000d5c80000, 0x0000000100000000)
  eden space 4608K, 83% used [0x00000000d5580000,0x00000000d5945c18,0x00000000d5a00000)
  from space 512K, 31% used [0x00000000d5b80000,0x00000000d5ba8000,0x00000000d5c00000)
  to   space 512K, 0% used [0x00000000d5c00000,0x00000000d5c00000,0x00000000d5c80000)
 ParOldGen       total 764928K, used 764462K [0x0000000080000000, 0x00000000aeb00000, 0x00000000d5580000)
  object space 764928K, 99% used [0x0000000080000000,0x00000000aea8ba08,0x00000000aeb00000)
 Metaspace       used 100398K, committed 102144K, reserved 1179648K
  class space    used 9752K, committed 10624K, reserved 1048576K
GC Heap History (20 events):
Event: 81605.532 GC heap before
{Heap before GC invocations=17103 (full 13):
 PSYoungGen      total 5120K, used 4800K [0x00000000d5580000, 0x00000000d5c00000, 0x0000000100000000)
  eden space 4608K, 100% used [0x00000000d5580000,0x00000000d5a00000,0x00000000d5a00000)
  from space 512K, 37% used [0x00000000d5a80000,0x00000000d5ab0000,0x00000000d5b00000)
  to   space 512K, 0% used [0x00000000d5b80000,0x00000000d5b80000,0x00000000d5c00000)
 ParOldGen       total 760320K, used 760002K [0x0000000080000000, 0x00000000ae680000, 0x00000000d5580000)
  object space 760320K, 99% used [0x0000000080000000,0x00000000ae630860,0x00000000ae680000)
 Metaspace       used 100398K, committed 102144K, reserved 1179648K
  class space    used 9752K, committed 10624K, reserved 1048576K
}
Event: 81605.535 GC heap after
{Heap after GC invocations=17103 (full 13):
 PSYoungGen      total 5120K, used 483K [0x00000000d5580000, 0x00000000d5c00000, 0x0000000100000000)
  eden space 4608K, 0% used [0x00000000d5580000,0x00000000d5580000,0x00000000d5a00000)
  from space 512K, 94% used [0x00000000d5b80000,0x00000000d5bf8ef8,0x00000000d5c00000)
  to   space 1024K, 0% used [0x00000000d5a00000,0x00000000d5a00000,0x00000000d5b00000)
 ParOldGen       total 760320K, used 760158K [0x0000000080000000, 0x00000000ae680000, 0x00000000d5580000)
  object space 760320K, 99% used [0x0000000080000000,0x00000000ae657870,0x00000000ae680000)
 Metaspace       used 100398K, committed 102144K, reserved 1179648K
  class space    used 9752K, committed 10624K, reserved 1048576K
}
Event: 81605.547 GC heap before
{Heap before GC invocations=17104 (full 13):
 PSYoungGen      total 5120K, used 5091K [0x00000000d5580000, 0x00000000d5c00000, 0x0000000100000000)
  eden space 4608K, 100% used [0x00000000d5580000,0x00000000d5a00000,0x00000000d5a00000)
  from space 512K, 94% used [0x00000000d5b80000,0x00000000d5bf8ef8,0x00000000d5c00000)
  to   space 1024K, 0% used [0x00000000d5a00000,0x00000000d5a00000,0x00000000d5b00000)
 ParOldGen       total 760320K, used 760158K [0x0000000080000000, 0x00000000ae680000, 0x00000000d5580000)
  object space 760320K, 99% used [0x0000000080000000,0x00000000ae657870,0x00000000ae680000)
 Metaspace       used 100398K, committed 102144K, reserved 1179648K
  class space    used 9752K, committed 10624K, reserved 1048576K
}
Event: 81605.550 GC heap after
{Heap after GC invocations=17104 (full 13):
 PSYoungGen      total 5632K, used 704K [0x00000000d5580000, 0x00000000d5c00000, 0x0000000100000000)
  eden space 4608K, 0% used [0x00000000d5580000,0x00000000d5580000,0x00000000d5a00000)
  from space 1024K, 68% used [0x00000000d5a00000,0x00000000d5ab0020,0x00000000d5b00000)
  to   space 1024K, 0% used [0x00000000d5b00000,0x00000000d5b00000,0x00000000d5c00000)
 ParOldGen       total 760832K, used 760653K [0x0000000080000000, 0x00000000ae700000, 0x00000000d5580000)
  object space 760832K, 99% used [0x0000000080000000,0x00000000ae6d3788,0x00000000ae700000)
 Metaspace       used 100398K, committed 102144K, reserved 1179648K
  class space    used 9752K, committed 10624K, reserved 1048576K
}
Event: 81605.563 GC heap before
{Heap before GC invocations=17105 (full 13):
 PSYoungGen      total 5632K, used 5312K [0x00000000d5580000, 0x00000000d5c00000, 0x0000000100000000)
  eden space 4608K, 100% used [0x00000000d5580000,0x00000000d5a00000,0x00000000d5a00000)
  from space 1024K, 68% used [0x00000000d5a00000,0x00000000d5ab0020,0x00000000d5b00000)
  to   space 1024K, 0% used [0x00000000d5b00000,0x00000000d5b00000,0x00000000d5c00000)
 ParOldGen       total 760832K, used 760653K [0x0000000080000000, 0x00000000ae700000, 0x00000000d5580000)
  object space 760832K, 99% used [0x0000000080000000,0x00000000ae6d3788,0x00000000ae700000)
 Metaspace       used 100398K, committed 102144K, reserved 1179648K
  class space    used 9752K, committed 10624K, reserved 1048576K
}
Event: 81605.566 GC heap after
{Heap after GC invocations=17105 (full 13):
 PSYoungGen      total 5120K, used 384K [0x00000000d5580000, 0x00000000d5b80000, 0x0000000100000000)
  eden space 4608K, 0% used [0x00000000d5580000,0x00000000d5580000,0x00000000d5a00000)
  from space 512K, 75% used [0x00000000d5b00000,0x00000000d5b60000,0x00000000d5b80000)
  to   space 512K, 0% used [0x00000000d5a80000,0x00000000d5a80000,0x00000000d5b00000)
 ParOldGen       total 761344K, used 761277K [0x0000000080000000, 0x00000000ae780000, 0x00000000d5580000)
  object space 761344K, 99% used [0x0000000080000000,0x00000000ae76f7c8,0x00000000ae780000)
 Metaspace       used 100398K, committed 102144K, reserved 1179648K
  class space    used 9752K, committed 10624K, reserved 1048576K
}
Event: 81605.586 GC heap before
{Heap before GC invocations=17106 (full 13):
 PSYoungGen      total 5120K, used 4992K [0x00000000d5580000, 0x00000000d5b80000, 0x0000000100000000)
  eden space 4608K, 100% used [0x00000000d5580000,0x00000000d5a00000,0x00000000d5a00000)
  from space 512K, 75% used [0x00000000d5b00000,0x00000000d5b60000,0x00000000d5b80000)
  to   space 512K, 0% used [0x00000000d5a80000,0x00000000d5a80000,0x00000000d5b00000)
 ParOldGen       total 761344K, used 761277K [0x0000000080000000, 0x00000000ae780000, 0x00000000d5580000)
  object space 761344K, 99% used [0x0000000080000000,0x00000000ae76f7c8,0x00000000ae780000)
 Metaspace       used 100398K, committed 102144K, reserved 1179648K
  class space    used 9752K, committed 10624K, reserved 1048576K
}
Event: 81605.589 GC heap after
{Heap after GC invocations=17106 (full 13):
 PSYoungGen      total 5120K, used 512K [0x00000000d5580000, 0x00000000d5d00000, 0x0000000100000000)
  eden space 4608K, 0% used [0x00000000d5580000,0x00000000d5580000,0x00000000d5a00000)
  from space 512K, 100% used [0x00000000d5a80000,0x00000000d5b00000,0x00000000d5b00000)
  to   space 1536K, 0% used [0x00000000d5b80000,0x00000000d5b80000,0x00000000d5d00000)
 ParOldGen       total 762368K, used 761890K [0x0000000080000000, 0x00000000ae880000, 0x00000000d5580000)
  object space 762368K, 99% used [0x0000000080000000,0x00000000ae808808,0x00000000ae880000)
 Metaspace       used 100398K, committed 102144K, reserved 1179648K
  class space    used 9752K, committed 10624K, reserved 1048576K
}
Event: 81605.619 GC heap before
{Heap before GC invocations=17107 (full 13):
 PSYoungGen      total 5120K, used 5120K [0x00000000d5580000, 0x00000000d5d00000, 0x0000000100000000)
  eden space 4608K, 100% used [0x00000000d5580000,0x00000000d5a00000,0x00000000d5a00000)
  from space 512K, 100% used [0x00000000d5a80000,0x00000000d5b00000,0x00000000d5b00000)
  to   space 1536K, 0% used [0x00000000d5b80000,0x00000000d5b80000,0x00000000d5d00000)
 ParOldGen       total 762368K, used 761890K [0x0000000080000000, 0x00000000ae880000, 0x00000000d5580000)
  object space 762368K, 99% used [0x0000000080000000,0x00000000ae808808,0x00000000ae880000)
 Metaspace       used 100398K, committed 102144K, reserved 1179648K
  class space    used 9752K, committed 10624K, reserved 1048576K
}
Event: 81605.622 GC heap after
{Heap after GC invocations=17107 (full 13):
 PSYoungGen      total 5632K, used 944K [0x00000000d5580000, 0x00000000d5c80000, 0x0000000100000000)
  eden space 4608K, 0% used [0x00000000d5580000,0x00000000d5580000,0x00000000d5a00000)
  from space 1024K, 92% used [0x00000000d5b80000,0x00000000d5c6c010,0x00000000d5c80000)
  to   space 1024K, 0% used [0x00000000d5a80000,0x00000000d5a80000,0x00000000d5b80000)
 ParOldGen       total 762880K, used 762426K [0x0000000080000000, 0x00000000ae900000, 0x00000000d5580000)
  object space 762880K, 99% used [0x0000000080000000,0x00000000ae88e808,0x00000000ae900000)
 Metaspace       used 100398K, committed 102144K, reserved 1179648K
  class space    used 9752K, committed 10624K, reserved 1048576K
}
Event: 81605.645 GC heap before
{Heap before GC invocations=17108 (full 13):
 PSYoungGen      total 5632K, used 5529K [0x00000000d5580000, 0x00000000d5c80000, 0x0000000100000000)
  eden space 4608K, 99% used [0x00000000d5580000,0x00000000d59fa730,0x00000000d5a00000)
  from space 1024K, 92% used [0x00000000d5b80000,0x00000000d5c6c010,0x00000000d5c80000)
  to   space 1024K, 0% used [0x00000000d5a80000,0x00000000d5a80000,0x00000000d5b80000)
 ParOldGen       total 762880K, used 762426K [0x0000000080000000, 0x00000000ae900000, 0x00000000d5580000)
  object space 762880K, 99% used [0x0000000080000000,0x00000000ae88e808,0x00000000ae900000)
 Metaspace       used 100398K, committed 102144K, reserved 1179648K
  class space    used 9752K, committed 10624K, reserved 1048576K
}
Event: 81605.649 GC heap after
{Heap after GC invocations=17108 (full 13):
 PSYoungGen      total 5632K, used 992K [0x00000000d5580000, 0x00000000d5e00000, 0x0000000100000000)
  eden space 4608K, 0% used [0x00000000d5580000,0x00000000d5580000,0x00000000d5a00000)
  from space 1024K, 96% used [0x00000000d5a80000,0x00000000d5b78010,0x00000000d5b80000)
  to   space 2048K, 0% used [0x00000000d5c00000,0x00000000d5c00000,0x00000000d5e00000)
 ParOldGen       total 763392K, used 763241K [0x0000000080000000, 0x00000000ae980000, 0x00000000d5580000)
  object space 763392K, 99% used [0x0000000080000000,0x00000000ae95a5f8,0x00000000ae980000)
 Metaspace       used 100398K, committed 102144K, reserved 1179648K
  class space    used 9752K, committed 10624K, reserved 1048576K
}
Event: 81605.675 GC heap before
{Heap before GC invocations=17109 (full 13):
 PSYoungGen      total 5632K, used 5600K [0x00000000d5580000, 0x00000000d5e00000, 0x0000000100000000)
  eden space 4608K, 100% used [0x00000000d5580000,0x00000000d5a00000,0x00000000d5a00000)
  from space 1024K, 96% used [0x00000000d5a80000,0x00000000d5b78010,0x00000000d5b80000)
  to   space 2048K, 0% used [0x00000000d5c00000,0x00000000d5c00000,0x00000000d5e00000)
 ParOldGen       total 763392K, used 763241K [0x0000000080000000, 0x00000000ae980000, 0x00000000d5580000)
  object space 763392K, 99% used [0x0000000080000000,0x00000000ae95a5f8,0x00000000ae980000)
 Metaspace       used 100398K, committed 102144K, reserved 1179648K
  class space    used 9752K, committed 10624K, reserved 1048576K
}
Event: 81605.678 GC heap after
{Heap after GC invocations=17109 (full 13):
 PSYoungGen      total 5120K, used 314K [0x00000000d5580000, 0x00000000d5c80000, 0x0000000100000000)
  eden space 4608K, 0% used [0x00000000d5580000,0x00000000d5580000,0x00000000d5a00000)
  from space 512K, 61% used [0x00000000d5c00000,0x00000000d5c4eaf8,0x00000000d5c80000)
  to   space 1024K, 0% used [0x00000000d5a80000,0x00000000d5a80000,0x00000000d5b80000)
 ParOldGen       total 764416K, used 764209K [0x0000000080000000, 0x00000000aea80000, 0x00000000d5580000)
  object space 764416K, 99% used [0x0000000080000000,0x00000000aea4c418,0x00000000aea80000)
 Metaspace       used 100398K, committed 102144K, reserved 1179648K
  class space    used 9752K, committed 10624K, reserved 1048576K
}
Event: 81605.702 GC heap before
{Heap before GC invocations=17110 (full 13):
 PSYoungGen      total 5120K, used 4922K [0x00000000d5580000, 0x00000000d5c80000, 0x0000000100000000)
  eden space 4608K, 100% used [0x00000000d5580000,0x00000000d5a00000,0x00000000d5a00000)
  from space 512K, 61% used [0x00000000d5c00000,0x00000000d5c4eaf8,0x00000000d5c80000)
  to   space 1024K, 0% used [0x00000000d5a80000,0x00000000d5a80000,0x00000000d5b80000)
 ParOldGen       total 764416K, used 764209K [0x0000000080000000, 0x00000000aea80000, 0x00000000d5580000)
  object space 764416K, 99% used [0x0000000080000000,0x00000000aea4c418,0x00000000aea80000)
 Metaspace       used 100398K, committed 102144K, reserved 1179648K
  class space    used 9752K, committed 10624K, reserved 1048576K
}
Event: 81605.705 GC heap after
{Heap after GC invocations=17110 (full 13):
 PSYoungGen      total 5632K, used 192K [0x00000000d5580000, 0x00000000d5c80000, 0x0000000100000000)
  eden space 4608K, 0% used [0x00000000d5580000,0x00000000d5580000,0x00000000d5a00000)
  from space 1024K, 18% used [0x00000000d5a80000,0x00000000d5ab0000,0x00000000d5b80000)
  to   space 512K, 0% used [0x00000000d5c00000,0x00000000d5c00000,0x00000000d5c80000)
 ParOldGen       total 764416K, used 764382K [0x0000000080000000, 0x00000000aea80000, 0x00000000d5580000)
  object space 764416K, 99% used [0x0000000080000000,0x00000000aea77a08,0x00000000aea80000)
 Metaspace       used 100398K, committed 102144K, reserved 1179648K
  class space    used 9752K, committed 10624K, reserved 1048576K
}
Event: 81605.727 GC heap before
{Heap before GC invocations=17111 (full 13):
 PSYoungGen      total 5632K, used 4800K [0x00000000d5580000, 0x00000000d5c80000, 0x0000000100000000)
  eden space 4608K, 100% used [0x00000000d5580000,0x00000000d5a00000,0x00000000d5a00000)
  from space 1024K, 18% used [0x00000000d5a80000,0x00000000d5ab0000,0x00000000d5b80000)
  to   space 512K, 0% used [0x00000000d5c00000,0x00000000d5c00000,0x00000000d5c80000)
 ParOldGen       total 764416K, used 764382K [0x0000000080000000, 0x00000000aea80000, 0x00000000d5580000)
  object space 764416K, 99% used [0x0000000080000000,0x00000000aea77a08,0x00000000aea80000)
 Metaspace       used 100398K, committed 102144K, reserved 1179648K
  class space    used 9752K, committed 10624K, reserved 1048576K
}
Event: 81605.730 GC heap after
{Heap after GC invocations=17111 (full 13):
 PSYoungGen      total 5120K, used 192K [0x00000000d5580000, 0x00000000d5c80000, 0x0000000100000000)
  eden space 4608K, 0% used [0x00000000d5580000,0x00000000d5580000,0x00000000d5a00000)
  from space 512K, 37% used [0x00000000d5c00000,0x00000000d5c30000,0x00000000d5c80000)
  to   space 512K, 0% used [0x00000000d5b80000,0x00000000d5b80000,0x00000000d5c00000)
 ParOldGen       total 764928K, used 764430K [0x0000000080000000, 0x00000000aeb00000, 0x00000000d5580000)
  object space 764928K, 99% used [0x0000000080000000,0x00000000aea83a08,0x00000000aeb00000)
 Metaspace       used 100398K, committed 102144K, reserved 1179648K
  class space    used 9752K, committed 10624K, reserved 1048576K
}
Event: 81605.756 GC heap before
{Heap before GC invocations=17112 (full 13):
 PSYoungGen      total 5120K, used 4800K [0x00000000d5580000, 0x00000000d5c80000, 0x0000000100000000)
  eden space 4608K, 100% used [0x00000000d5580000,0x00000000d5a00000,0x00000000d5a00000)
  from space 512K, 37% used [0x00000000d5c00000,0x00000000d5c30000,0x00000000d5c80000)
  to   space 512K, 0% used [0x00000000d5b80000,0x00000000d5b80000,0x00000000d5c00000)
 ParOldGen       total 764928K, used 764430K [0x0000000080000000, 0x00000000aeb00000, 0x00000000d5580000)
  object space 764928K, 99% used [0x0000000080000000,0x00000000aea83a08,0x00000000aeb00000)
 Metaspace       used 100398K, committed 102144K, reserved 1179648K
  class space    used 9752K, committed 10624K, reserved 1048576K
}
Event: 81605.759 GC heap after
{Heap after GC invocations=17112 (full 13):
 PSYoungGen      total 5120K, used 160K [0x00000000d5580000, 0x00000000d5c80000, 0x0000000100000000)
  eden space 4608K, 0% used [0x00000000d5580000,0x00000000d5580000,0x00000000d5a00000)
  from space 512K, 31% used [0x00000000d5b80000,0x00000000d5ba8000,0x00000000d5c00000)
  to   space 512K, 0% used [0x00000000d5c00000,0x00000000d5c00000,0x00000000d5c80000)
 ParOldGen       total 764928K, used 764462K [0x0000000080000000, 0x00000000aeb00000, 0x00000000d5580000)
  object space 764928K, 99% used [0x0000000080000000,0x00000000aea8ba08,0x00000000aeb00000)
 Metaspace       used 100398K, committed 102144K, reserved 1179648K
  class space    used 9752K, committed 10624K, reserved 1048576K
}

