# JRE version: Java(TM) SE Runtime Environment (17.0.15+9) (build 17.0.15+9-LTS-241)
# Java VM: Java HotSpot(TM) 64-Bit Server VM (17.0.15+9-LTS-241, mixed mode, sharing, tiered, compressed oops, compressed class ptrs, g1 gc, windows-amd64)
GC Precious Log:
 CPUs: 8 total, 8 available
 Memory: 40743M
 Large Page Support: Disabled
 NUMA Support: Disabled
 Compressed Oops: Enabled (Zero based)
 Heap Region Size: 8M
 Heap Min Capacity: 8M
 Heap Initial Capacity: 640M
 Heap Max Capacity: 10192M
 Pre-touch: Disabled
 Parallel Workers: 8
 Concurrent Workers: 2
 Concurrent Refinement Workers: 8
 Periodic GC: Disabled
Heap:
 garbage-first heap   total 196608K, used 82534K [0x0000000583000000, 0x0000000800000000)
  region size 8192K, 3 young (24576K), 1 survivors (8192K)
 Metaspace       used 115202K, committed 115968K, reserved 1179648K
  class space    used 14433K, committed 14784K, reserved 1048576K
GC Heap History (20 events):
Event: 64695.173 GC heap before
{Heap before GC invocations=89 (full 4):
 garbage-first heap   total 196608K, used 83819K [0x0000000583000000, 0x0000000800000000)
  region size 8192K, 5 young (40960K), 2 survivors (16384K)
 Metaspace       used 113704K, committed 114496K, reserved 1179648K
  class space    used 14361K, committed 14784K, reserved 1048576K
}
Event: 64695.369 GC heap after
{Heap after GC invocations=90 (full 5):
 garbage-first heap   total 196608K, used 60010K [0x0000000583000000, 0x0000000800000000)
  region size 8192K, 0 young (0K), 0 survivors (0K)
 Metaspace       used 113694K, committed 114496K, reserved 1179648K
  class space    used 14359K, committed 14784K, reserved 1048576K
}
Event: 64768.073 GC heap before
{Heap before GC invocations=90 (full 5):
 garbage-first heap   total 196608K, used 141930K [0x0000000583000000, 0x0000000800000000)
  region size 8192K, 10 young (81920K), 0 survivors (0K)
 Metaspace       used 113964K, committed 114752K, reserved 1179648K
  class space    used 14372K, committed 14784K, reserved 1048576K
}
Event: 64768.076 GC heap after
{Heap after GC invocations=91 (full 5):
 garbage-first heap   total 196608K, used 64793K [0x0000000583000000, 0x0000000800000000)
  region size 8192K, 1 young (8192K), 1 survivors (8192K)
 Metaspace       used 113964K, committed 114752K, reserved 1179648K
  class space    used 14372K, committed 14784K, reserved 1048576K
}
Event: 64774.402 GC heap before
{Heap before GC invocations=92 (full 5):
 garbage-first heap   total 196608K, used 138521K [0x0000000583000000, 0x0000000800000000)
  region size 8192K, 10 young (81920K), 1 survivors (8192K)
 Metaspace       used 114192K, committed 115008K, reserved 1179648K
  class space    used 14386K, committed 14784K, reserved 1048576K
}
Event: 64774.407 GC heap after
{Heap after GC invocations=93 (full 5):
 garbage-first heap   total 196608K, used 66600K [0x0000000583000000, 0x0000000800000000)
  region size 8192K, 1 young (8192K), 1 survivors (8192K)
 Metaspace       used 114192K, committed 115008K, reserved 1179648K
  class space    used 14386K, committed 14784K, reserved 1048576K
}
Event: 64774.990 GC heap before
{Heap before GC invocations=93 (full 5):
 garbage-first heap   total 196608K, used 74792K [0x0000000583000000, 0x0000000800000000)
  region size 8192K, 2 young (16384K), 1 survivors (8192K)
 Metaspace       used 114203K, committed 115008K, reserved 1179648K
  class space    used 14386K, committed 14784K, reserved 1048576K
}
Event: 64775.003 GC heap after
{Heap after GC invocations=94 (full 5):
 garbage-first heap   total 196608K, used 67021K [0x0000000583000000, 0x0000000800000000)
  region size 8192K, 1 young (8192K), 1 survivors (8192K)
 Metaspace       used 114203K, committed 115008K, reserved 1179648K
  class space    used 14386K, committed 14784K, reserved 1048576K
}
Event: 64775.831 GC heap before
{Heap before GC invocations=94 (full 5):
 garbage-first heap   total 196608K, used 140749K [0x0000000583000000, 0x0000000800000000)
  region size 8192K, 10 young (81920K), 1 survivors (8192K)
 Metaspace       used 114966K, committed 115712K, reserved 1179648K
  class space    used 14433K, committed 14784K, reserved 1048576K
}
Event: 64775.838 GC heap after
{Heap after GC invocations=95 (full 5):
 garbage-first heap   total 196608K, used 71545K [0x0000000583000000, 0x0000000800000000)
  region size 8192K, 2 young (16384K), 2 survivors (16384K)
 Metaspace       used 114966K, committed 115712K, reserved 1179648K
  class space    used 14433K, committed 14784K, reserved 1048576K
}
Event: 64777.288 GC heap before
{Heap before GC invocations=96 (full 5):
 garbage-first heap   total 196608K, used 137081K [0x0000000583000000, 0x0000000800000000)
  region size 8192K, 10 young (81920K), 2 survivors (16384K)
 Metaspace       used 115010K, committed 115776K, reserved 1179648K
  class space    used 14433K, committed 14784K, reserved 1048576K
}
Event: 64777.305 GC heap after
{Heap after GC invocations=97 (full 5):
 garbage-first heap   total 196608K, used 73963K [0x0000000583000000, 0x0000000800000000)
  region size 8192K, 2 young (16384K), 2 survivors (16384K)
 Metaspace       used 115010K, committed 115776K, reserved 1179648K
  class space    used 14433K, committed 14784K, reserved 1048576K
}
Event: 64778.061 GC heap before
{Heap before GC invocations=97 (full 5):
 garbage-first heap   total 196608K, used 82155K [0x0000000583000000, 0x0000000800000000)
  region size 8192K, 3 young (24576K), 2 survivors (16384K)
 Metaspace       used 115010K, committed 115776K, reserved 1179648K
  class space    used 14433K, committed 14784K, reserved 1048576K
}
Event: 64778.069 GC heap after
{Heap after GC invocations=98 (full 5):
 garbage-first heap   total 196608K, used 74481K [0x0000000583000000, 0x0000000800000000)
  region size 8192K, 1 young (8192K), 1 survivors (8192K)
 Metaspace       used 115010K, committed 115776K, reserved 1179648K
  class space    used 14433K, committed 14784K, reserved 1048576K
}
Event: 64869.336 GC heap before
{Heap before GC invocations=98 (full 5):
 garbage-first heap   total 196608K, used 148209K [0x0000000583000000, 0x0000000800000000)
  region size 8192K, 10 young (81920K), 1 survivors (8192K)
 Metaspace       used 115078K, committed 115840K, reserved 1179648K
  class space    used 14433K, committed 14784K, reserved 1048576K
}
Event: 64869.342 GC heap after
{Heap after GC invocations=99 (full 5):
 garbage-first heap   total 196608K, used 74818K [0x0000000583000000, 0x0000000800000000)
  region size 8192K, 1 young (8192K), 1 survivors (8192K)
 Metaspace       used 115078K, committed 115840K, reserved 1179648K
  class space    used 14433K, committed 14784K, reserved 1048576K
}
Event: 65033.226 GC heap before
{Heap before GC invocations=100 (full 5):
 garbage-first heap   total 196608K, used 148546K [0x0000000583000000, 0x0000000800000000)
  region size 8192K, 10 young (81920K), 1 survivors (8192K)
 Metaspace       used 115158K, committed 115968K, reserved 1179648K
  class space    used 14433K, committed 14784K, reserved 1048576K
}
Event: 65033.229 GC heap after
{Heap after GC invocations=101 (full 5):
 garbage-first heap   total 196608K, used 74442K [0x0000000583000000, 0x0000000800000000)
  region size 8192K, 1 young (8192K), 1 survivors (8192K)
 Metaspace       used 115158K, committed 115968K, reserved 1179648K
  class space    used 14433K, committed 14784K, reserved 1048576K
}
Event: 65192.557 GC heap before
{Heap before GC invocations=101 (full 5):
 garbage-first heap   total 196608K, used 148170K [0x0000000583000000, 0x0000000800000000)
  region size 8192K, 10 young (81920K), 1 survivors (8192K)
 Metaspace       used 115188K, committed 115968K, reserved 1179648K
  class space    used 14433K, committed 14784K, reserved 1048576K
}
Event: 65192.560 GC heap after
{Heap after GC invocations=102 (full 5):
 garbage-first heap   total 196608K, used 74342K [0x0000000583000000, 0x0000000800000000)
  region size 8192K, 1 young (8192K), 1 survivors (8192K)
 Metaspace       used 115188K, committed 115968K, reserved 1179648K
  class space    used 14433K, committed 14784K, reserved 1048576K
}

