# JRE version: Java(TM) SE Runtime Environment (17.0.15+9) (build 17.0.15+9-LTS-241)
# Java VM: Java HotSpot(TM) 64-Bit Server VM (17.0.15+9-LTS-241, mixed mode, sharing, tiered, compressed oops, compressed class ptrs, g1 gc, windows-amd64)
GC Precious Log:
 CPUs: 8 total, 8 available
 Memory: 40743M
 Large Page Support: Disabled
 NUMA Support: Disabled
 Compressed Oops: Enabled (Zero based)
 Heap Region Size: 8M
 Heap Min Capacity: 8M
 Heap Initial Capacity: 640M
 Heap Max Capacity: 10192M
 Pre-touch: Disabled
 Parallel Workers: 8
 Concurrent Workers: 2
 Concurrent Refinement Workers: 8
 Periodic GC: Disabled
Heap:
 garbage-first heap   total 114688K, used 72626K [0x0000000583000000, 0x0000000800000000)
  region size 8192K, 7 young (57344K), 1 survivors (8192K)
 Metaspace       used 63383K, committed 63936K, reserved 1114112K
  class space    used 7927K, committed 8192K, reserved 1048576K
GC Heap History (20 events):
Event: 11582.055 GC heap before
{Heap before GC invocations=22 (full 0):
 garbage-first heap   total 114688K, used 84511K [0x0000000583000000, 0x0000000800000000)
  region size 8192K, 7 young (57344K), 1 survivors (8192K)
 Metaspace       used 61444K, committed 62080K, reserved 1114112K
  class space    used 7841K, committed 8128K, reserved 1048576K
}
Event: 11582.064 GC heap after
{Heap after GC invocations=23 (full 0):
 garbage-first heap   total 114688K, used 35082K [0x0000000583000000, 0x0000000800000000)
  region size 8192K, 1 young (8192K), 1 survivors (8192K)
 Metaspace       used 61444K, committed 62080K, reserved 1114112K
  class space    used 7841K, committed 8128K, reserved 1048576K
}
Event: 13201.423 GC heap before
{Heap before GC invocations=23 (full 0):
 garbage-first heap   total 114688K, used 84234K [0x0000000583000000, 0x0000000800000000)
  region size 8192K, 7 young (57344K), 1 survivors (8192K)
 Metaspace       used 61473K, committed 62080K, reserved 1114112K
  class space    used 7841K, committed 8128K, reserved 1048576K
}
Event: 13201.436 GC heap after
{Heap after GC invocations=24 (full 0):
 garbage-first heap   total 114688K, used 35100K [0x0000000583000000, 0x0000000800000000)
  region size 8192K, 1 young (8192K), 1 survivors (8192K)
 Metaspace       used 61473K, committed 62080K, reserved 1114112K
  class space    used 7841K, committed 8128K, reserved 1048576K
}
Event: 14673.267 GC heap before
{Heap before GC invocations=24 (full 0):
 garbage-first heap   total 114688K, used 84252K [0x0000000583000000, 0x0000000800000000)
  region size 8192K, 7 young (57344K), 1 survivors (8192K)
 Metaspace       used 61557K, committed 62144K, reserved 1114112K
  class space    used 7844K, committed 8128K, reserved 1048576K
}
Event: 14673.278 GC heap after
{Heap after GC invocations=25 (full 0):
 garbage-first heap   total 114688K, used 35164K [0x0000000583000000, 0x0000000800000000)
  region size 8192K, 1 young (8192K), 1 survivors (8192K)
 Metaspace       used 61557K, committed 62144K, reserved 1114112K
  class space    used 7844K, committed 8128K, reserved 1048576K
}
Event: 15641.933 GC heap before
{Heap before GC invocations=25 (full 0):
 garbage-first heap   total 114688K, used 59740K [0x0000000583000000, 0x0000000800000000)
  region size 8192K, 5 young (40960K), 1 survivors (8192K)
 Metaspace       used 61866K, committed 62528K, reserved 1114112K
  class space    used 7875K, committed 8192K, reserved 1048576K
}
Event: 15643.122 GC heap after
{Heap after GC invocations=26 (full 1):
 garbage-first heap   total 114688K, used 24626K [0x0000000583000000, 0x0000000800000000)
  region size 8192K, 0 young (0K), 0 survivors (0K)
 Metaspace       used 61534K, committed 62528K, reserved 1114112K
  class space    used 7808K, committed 8192K, reserved 1048576K
}
Event: 15663.365 GC heap before
{Heap before GC invocations=26 (full 1):
 garbage-first heap   total 114688K, used 81970K [0x0000000583000000, 0x0000000800000000)
  region size 8192K, 7 young (57344K), 0 survivors (0K)
 Metaspace       used 62007K, committed 62656K, reserved 1114112K
  class space    used 7859K, committed 8192K, reserved 1048576K
}
Event: 15663.372 GC heap after
{Heap after GC invocations=27 (full 1):
 garbage-first heap   total 114688K, used 28348K [0x0000000583000000, 0x0000000800000000)
  region size 8192K, 1 young (8192K), 1 survivors (8192K)
 Metaspace       used 62007K, committed 62656K, reserved 1114112K
  class space    used 7859K, committed 8192K, reserved 1048576K
}
Event: 15679.591 GC heap before
{Heap before GC invocations=27 (full 1):
 garbage-first heap   total 114688K, used 77500K [0x0000000583000000, 0x0000000800000000)
  region size 8192K, 7 young (57344K), 1 survivors (8192K)
 Metaspace       used 62427K, committed 63040K, reserved 1114112K
  class space    used 7875K, committed 8192K, reserved 1048576K
}
Event: 15679.605 GC heap after
{Heap after GC invocations=28 (full 1):
 garbage-first heap   total 114688K, used 32597K [0x0000000583000000, 0x0000000800000000)
  region size 8192K, 1 young (8192K), 1 survivors (8192K)
 Metaspace       used 62427K, committed 63040K, reserved 1114112K
  class space    used 7875K, committed 8192K, reserved 1048576K
}
Event: 15955.832 GC heap before
{Heap before GC invocations=28 (full 1):
 garbage-first heap   total 114688K, used 81749K [0x0000000583000000, 0x0000000800000000)
  region size 8192K, 7 young (57344K), 1 survivors (8192K)
 Metaspace       used 62803K, committed 63424K, reserved 1114112K
  class space    used 7897K, committed 8192K, reserved 1048576K
}
Event: 15955.840 GC heap after
{Heap after GC invocations=29 (full 1):
 garbage-first heap   total 114688K, used 33377K [0x0000000583000000, 0x0000000800000000)
  region size 8192K, 1 young (8192K), 1 survivors (8192K)
 Metaspace       used 62803K, committed 63424K, reserved 1114112K
  class space    used 7897K, committed 8192K, reserved 1048576K
}
Event: 16041.893 GC heap before
{Heap before GC invocations=29 (full 1):
 garbage-first heap   total 114688K, used 41569K [0x0000000583000000, 0x0000000800000000)
  region size 8192K, 3 young (24576K), 1 survivors (8192K)
 Metaspace       used 62866K, committed 63424K, reserved 1114112K
  class space    used 7897K, committed 8192K, reserved 1048576K
}
Event: 16042.112 GC heap after
{Heap after GC invocations=30 (full 2):
 garbage-first heap   total 114688K, used 25947K [0x0000000583000000, 0x0000000800000000)
  region size 8192K, 0 young (0K), 0 survivors (0K)
 Metaspace       used 62834K, committed 63424K, reserved 1114112K
  class space    used 7889K, committed 8192K, reserved 1048576K
}
Event: 16071.081 GC heap before
{Heap before GC invocations=30 (full 2):
 garbage-first heap   total 114688K, used 75099K [0x0000000583000000, 0x0000000800000000)
  region size 8192K, 6 young (49152K), 0 survivors (0K)
 Metaspace       used 62901K, committed 63488K, reserved 1114112K
  class space    used 7895K, committed 8192K, reserved 1048576K
}
Event: 16071.084 GC heap after
{Heap after GC invocations=31 (full 2):
 garbage-first heap   total 114688K, used 29100K [0x0000000583000000, 0x0000000800000000)
  region size 8192K, 1 young (8192K), 1 survivors (8192K)
 Metaspace       used 62901K, committed 63488K, reserved 1114112K
  class space    used 7895K, committed 8192K, reserved 1048576K
}
Event: 16080.483 GC heap before
{Heap before GC invocations=31 (full 2):
 garbage-first heap   total 114688K, used 78252K [0x0000000583000000, 0x0000000800000000)
  region size 8192K, 7 young (57344K), 1 survivors (8192K)
 Metaspace       used 63126K, committed 63744K, reserved 1114112K
  class space    used 7906K, committed 8192K, reserved 1048576K
}
Event: 16080.500 GC heap after
{Heap after GC invocations=32 (full 2):
 garbage-first heap   total 114688K, used 31666K [0x0000000583000000, 0x0000000800000000)
  region size 8192K, 1 young (8192K), 1 survivors (8192K)
 Metaspace       used 63126K, committed 63744K, reserved 1114112K
  class space    used 7906K, committed 8192K, reserved 1048576K
}

