# JRE version: Java(TM) SE Runtime Environment (17.0.15+9) (build 17.0.15+9-LTS-241)
# Java VM: Java HotSpot(TM) 64-Bit Server VM (17.0.15+9-LTS-241, mixed mode, sharing, tiered, compressed oops, compressed class ptrs, g1 gc, windows-amd64)
GC Precious Log:
 CPUs: 8 total, 8 available
 Memory: 40743M
 Large Page Support: Disabled
 NUMA Support: Disabled
 Compressed Oops: Enabled (Zero based)
 Heap Region Size: 8M
 Heap Min Capacity: 8M
 Heap Initial Capacity: 640M
 Heap Max Capacity: 10192M
 Pre-touch: Disabled
 Parallel Workers: 8
 Concurrent Workers: 2
 Concurrent Refinement Workers: 8
 Periodic GC: Disabled
Heap:
 garbage-first heap   total 81920K, used 44919K [0x0000000583000000, 0x0000000800000000)
  region size 8192K, 4 young (32768K), 1 survivors (8192K)
 Metaspace       used 46376K, committed 46848K, reserved 1114112K
  class space    used 5573K, committed 5824K, reserved 1048576K
GC Heap History (20 events):
Event: 21101.598 GC heap before
{Heap before GC invocations=36 (full 0):
 garbage-first heap   total 81920K, used 55903K [0x0000000583000000, 0x0000000800000000)
  region size 8192K, 4 young (32768K), 1 survivors (8192K)
 Metaspace       used 44976K, committed 45504K, reserved 1114112K
  class space    used 5546K, committed 5824K, reserved 1048576K
}
Event: 21101.599 GC heap after
{Heap after GC invocations=37 (full 0):
 garbage-first heap   total 81920K, used 31335K [0x0000000583000000, 0x0000000800000000)
  region size 8192K, 1 young (8192K), 1 survivors (8192K)
 Metaspace       used 44976K, committed 45504K, reserved 1114112K
  class space    used 5546K, committed 5824K, reserved 1048576K
}
Event: 22049.875 GC heap before
{Heap before GC invocations=37 (full 0):
 garbage-first heap   total 81920K, used 55911K [0x0000000583000000, 0x0000000800000000)
  region size 8192K, 4 young (32768K), 1 survivors (8192K)
 Metaspace       used 44976K, committed 45504K, reserved 1114112K
  class space    used 5546K, committed 5824K, reserved 1048576K
}
Event: 22049.878 GC heap after
{Heap after GC invocations=38 (full 0):
 garbage-first heap   total 81920K, used 31373K [0x0000000583000000, 0x0000000800000000)
  region size 8192K, 1 young (8192K), 1 survivors (8192K)
 Metaspace       used 44976K, committed 45504K, reserved 1114112K
  class space    used 5546K, committed 5824K, reserved 1048576K
}
Event: 22948.408 GC heap before
{Heap before GC invocations=38 (full 0):
 garbage-first heap   total 81920K, used 55949K [0x0000000583000000, 0x0000000800000000)
  region size 8192K, 4 young (32768K), 1 survivors (8192K)
 Metaspace       used 44990K, committed 45568K, reserved 1114112K
  class space    used 5546K, committed 5824K, reserved 1048576K
}
Event: 22948.410 GC heap after
{Heap after GC invocations=39 (full 0):
 garbage-first heap   total 81920K, used 31371K [0x0000000583000000, 0x0000000800000000)
  region size 8192K, 1 young (8192K), 1 survivors (8192K)
 Metaspace       used 44990K, committed 45568K, reserved 1114112K
  class space    used 5546K, committed 5824K, reserved 1048576K
}
Event: 23400.305 GC heap before
{Heap before GC invocations=39 (full 0):
 garbage-first heap   total 81920K, used 39563K [0x0000000583000000, 0x0000000800000000)
  region size 8192K, 3 young (24576K), 1 survivors (8192K)
 Metaspace       used 45218K, committed 45760K, reserved 1114112K
  class space    used 5577K, committed 5824K, reserved 1048576K
}
Event: 23401.080 GC heap after
{Heap after GC invocations=40 (full 1):
 garbage-first heap   total 81920K, used 21630K [0x0000000583000000, 0x0000000800000000)
  region size 8192K, 0 young (0K), 0 survivors (0K)
 Metaspace       used 45016K, committed 45760K, reserved 1114112K
  class space    used 5532K, committed 5824K, reserved 1048576K
}
Event: 23403.903 GC heap before
{Heap before GC invocations=40 (full 1):
 garbage-first heap   total 81920K, used 62590K [0x0000000583000000, 0x0000000800000000)
  region size 8192K, 5 young (40960K), 0 survivors (0K)
 Metaspace       used 45253K, committed 45824K, reserved 1114112K
  class space    used 5540K, committed 5824K, reserved 1048576K
}
Event: 23404.050 GC heap after
{Heap after GC invocations=41 (full 1):
 garbage-first heap   total 81920K, used 24975K [0x0000000583000000, 0x0000000800000000)
  region size 8192K, 1 young (8192K), 1 survivors (8192K)
 Metaspace       used 45253K, committed 45824K, reserved 1114112K
  class space    used 5540K, committed 5824K, reserved 1048576K
}
Event: 23407.352 GC heap before
{Heap before GC invocations=41 (full 1):
 garbage-first heap   total 81920K, used 57743K [0x0000000583000000, 0x0000000800000000)
  region size 8192K, 5 young (40960K), 1 survivors (8192K)
 Metaspace       used 45654K, committed 46144K, reserved 1114112K
  class space    used 5554K, committed 5824K, reserved 1048576K
}
Event: 23407.357 GC heap after
{Heap after GC invocations=42 (full 1):
 garbage-first heap   total 81920K, used 28052K [0x0000000583000000, 0x0000000800000000)
  region size 8192K, 1 young (8192K), 1 survivors (8192K)
 Metaspace       used 45654K, committed 46144K, reserved 1114112K
  class space    used 5554K, committed 5824K, reserved 1048576K
}
Event: 23413.063 GC heap before
{Heap before GC invocations=42 (full 1):
 garbage-first heap   total 81920K, used 44436K [0x0000000583000000, 0x0000000800000000)
  region size 8192K, 4 young (32768K), 1 survivors (8192K)
 Metaspace       used 45774K, committed 46272K, reserved 1114112K
  class space    used 5559K, committed 5824K, reserved 1048576K
}
Event: 23413.432 GC heap after
{Heap after GC invocations=43 (full 2):
 garbage-first heap   total 81920K, used 23988K [0x0000000583000000, 0x0000000800000000)
  region size 8192K, 0 young (0K), 0 survivors (0K)
 Metaspace       used 45771K, committed 46272K, reserved 1114112K
  class space    used 5559K, committed 5824K, reserved 1048576K
}
Event: 23415.531 GC heap before
{Heap before GC invocations=43 (full 2):
 garbage-first heap   total 81920K, used 56756K [0x0000000583000000, 0x0000000800000000)
  region size 8192K, 4 young (32768K), 0 survivors (0K)
 Metaspace       used 45857K, committed 46336K, reserved 1114112K
  class space    used 5563K, committed 5824K, reserved 1048576K
}
Event: 23415.540 GC heap after
{Heap after GC invocations=44 (full 2):
 garbage-first heap   total 81920K, used 26791K [0x0000000583000000, 0x0000000800000000)
  region size 8192K, 1 young (8192K), 1 survivors (8192K)
 Metaspace       used 45857K, committed 46336K, reserved 1114112K
  class space    used 5563K, committed 5824K, reserved 1048576K
}
Event: 23416.931 GC heap before
{Heap before GC invocations=44 (full 2):
 garbage-first heap   total 81920K, used 59559K [0x0000000583000000, 0x0000000800000000)
  region size 8192K, 5 young (40960K), 1 survivors (8192K)
 Metaspace       used 46069K, committed 46528K, reserved 1114112K
  class space    used 5571K, committed 5824K, reserved 1048576K
}
Event: 23416.937 GC heap after
{Heap after GC invocations=45 (full 2):
 garbage-first heap   total 81920K, used 28725K [0x0000000583000000, 0x0000000800000000)
  region size 8192K, 1 young (8192K), 1 survivors (8192K)
 Metaspace       used 46069K, committed 46528K, reserved 1114112K
  class space    used 5571K, committed 5824K, reserved 1048576K
}
Event: 23538.270 GC heap before
{Heap before GC invocations=45 (full 2):
 garbage-first heap   total 81920K, used 61493K [0x0000000583000000, 0x0000000800000000)
  region size 8192K, 5 young (40960K), 1 survivors (8192K)
 Metaspace       used 46233K, committed 46720K, reserved 1114112K
  class space    used 5572K, committed 5824K, reserved 1048576K
}
Event: 23538.283 GC heap after
{Heap after GC invocations=46 (full 2):
 garbage-first heap   total 81920K, used 28535K [0x0000000583000000, 0x0000000800000000)
  region size 8192K, 1 young (8192K), 1 survivors (8192K)
 Metaspace       used 46233K, committed 46720K, reserved 1114112K
  class space    used 5572K, committed 5824K, reserved 1048576K
}

