# JRE version: Java(TM) SE Runtime Environment (17.0.15+9) (build 17.0.15+9-LTS-241)
# Java VM: Java HotSpot(TM) 64-Bit Server VM (17.0.15+9-LTS-241, mixed mode, sharing, tiered, compressed oops, compressed class ptrs, g1 gc, windows-amd64)
GC Precious Log:
 CPUs: 8 total, 8 available
 Memory: 40743M
 Large Page Support: Disabled
 NUMA Support: Disabled
 Compressed Oops: Enabled (Zero based)
 Heap Region Size: 8M
 Heap Min Capacity: 8M
 Heap Initial Capacity: 640M
 Heap Max Capacity: 10192M
 Pre-touch: Disabled
 Parallel Workers: 8
 Concurrent Workers: 2
 Concurrent Refinement Workers: 8
 Periodic GC: Disabled
Heap:
 garbage-first heap   total 81920K, used 47929K [0x0000000583000000, 0x0000000800000000)
  region size 8192K, 4 young (32768K), 1 survivors (8192K)
 Metaspace       used 47626K, committed 48128K, reserved 1114112K
  class space    used 5858K, committed 6080K, reserved 1048576K
GC Heap History (20 events):
Event: 24366.864 GC heap before
{Heap before GC invocations=40 (full 0):
 garbage-first heap   total 81920K, used 56052K [0x0000000583000000, 0x0000000800000000)
  region size 8192K, 4 young (32768K), 1 survivors (8192K)
 Metaspace       used 47524K, committed 48000K, reserved 1114112K
  class space    used 5856K, committed 6080K, reserved 1048576K
}
Event: 24366.865 GC heap after
{Heap after GC invocations=41 (full 0):
 garbage-first heap   total 81920K, used 31450K [0x0000000583000000, 0x0000000800000000)
  region size 8192K, 1 young (8192K), 1 survivors (8192K)
 Metaspace       used 47524K, committed 48000K, reserved 1114112K
  class space    used 5856K, committed 6080K, reserved 1048576K
}
Event: 25281.204 GC heap before
{Heap before GC invocations=41 (full 0):
 garbage-first heap   total 81920K, used 56026K [0x0000000583000000, 0x0000000800000000)
  region size 8192K, 4 young (32768K), 1 survivors (8192K)
 Metaspace       used 47529K, committed 48000K, reserved 1114112K
  class space    used 5856K, committed 6080K, reserved 1048576K
}
Event: 25281.207 GC heap after
{Heap after GC invocations=42 (full 0):
 garbage-first heap   total 81920K, used 31474K [0x0000000583000000, 0x0000000800000000)
  region size 8192K, 1 young (8192K), 1 survivors (8192K)
 Metaspace       used 47529K, committed 48000K, reserved 1114112K
  class space    used 5856K, committed 6080K, reserved 1048576K
}
Event: 26176.500 GC heap before
{Heap before GC invocations=42 (full 0):
 garbage-first heap   total 81920K, used 56050K [0x0000000583000000, 0x0000000800000000)
  region size 8192K, 4 young (32768K), 1 survivors (8192K)
 Metaspace       used 47533K, committed 48064K, reserved 1114112K
  class space    used 5856K, committed 6080K, reserved 1048576K
}
Event: 26176.502 GC heap after
{Heap after GC invocations=43 (full 0):
 garbage-first heap   total 81920K, used 31485K [0x0000000583000000, 0x0000000800000000)
  region size 8192K, 1 young (8192K), 1 survivors (8192K)
 Metaspace       used 47533K, committed 48064K, reserved 1114112K
  class space    used 5856K, committed 6080K, reserved 1048576K
}
Event: 27124.099 GC heap before
{Heap before GC invocations=43 (full 0):
 garbage-first heap   total 81920K, used 56061K [0x0000000583000000, 0x0000000800000000)
  region size 8192K, 4 young (32768K), 1 survivors (8192K)
 Metaspace       used 47534K, committed 48064K, reserved 1114112K
  class space    used 5856K, committed 6080K, reserved 1048576K
}
Event: 27124.102 GC heap after
{Heap after GC invocations=44 (full 0):
 garbage-first heap   total 81920K, used 31121K [0x0000000583000000, 0x0000000800000000)
  region size 8192K, 1 young (8192K), 1 survivors (8192K)
 Metaspace       used 47534K, committed 48064K, reserved 1114112K
  class space    used 5856K, committed 6080K, reserved 1048576K
}
Event: 27978.819 GC heap before
{Heap before GC invocations=44 (full 0):
 garbage-first heap   total 81920K, used 55697K [0x0000000583000000, 0x0000000800000000)
  region size 8192K, 4 young (32768K), 1 survivors (8192K)
 Metaspace       used 47560K, committed 48064K, reserved 1114112K
  class space    used 5856K, committed 6080K, reserved 1048576K
}
Event: 27978.820 GC heap after
{Heap after GC invocations=45 (full 0):
 garbage-first heap   total 81920K, used 31480K [0x0000000583000000, 0x0000000800000000)
  region size 8192K, 1 young (8192K), 1 survivors (8192K)
 Metaspace       used 47560K, committed 48064K, reserved 1114112K
  class space    used 5856K, committed 6080K, reserved 1048576K
}
Event: 28906.836 GC heap before
{Heap before GC invocations=45 (full 0):
 garbage-first heap   total 81920K, used 56056K [0x0000000583000000, 0x0000000800000000)
  region size 8192K, 4 young (32768K), 1 survivors (8192K)
 Metaspace       used 47567K, committed 48064K, reserved 1114112K
  class space    used 5856K, committed 6080K, reserved 1048576K
}
Event: 28906.838 GC heap after
{Heap after GC invocations=46 (full 0):
 garbage-first heap   total 81920K, used 31522K [0x0000000583000000, 0x0000000800000000)
  region size 8192K, 1 young (8192K), 1 survivors (8192K)
 Metaspace       used 47567K, committed 48064K, reserved 1114112K
  class space    used 5856K, committed 6080K, reserved 1048576K
}
Event: 29836.308 GC heap before
{Heap before GC invocations=46 (full 0):
 garbage-first heap   total 81920K, used 56098K [0x0000000583000000, 0x0000000800000000)
  region size 8192K, 4 young (32768K), 1 survivors (8192K)
 Metaspace       used 47570K, committed 48064K, reserved 1114112K
  class space    used 5856K, committed 6080K, reserved 1048576K
}
Event: 29836.310 GC heap after
{Heap after GC invocations=47 (full 0):
 garbage-first heap   total 81920K, used 31527K [0x0000000583000000, 0x0000000800000000)
  region size 8192K, 1 young (8192K), 1 survivors (8192K)
 Metaspace       used 47570K, committed 48064K, reserved 1114112K
  class space    used 5856K, committed 6080K, reserved 1048576K
}
Event: 30727.126 GC heap before
{Heap before GC invocations=47 (full 0):
 garbage-first heap   total 81920K, used 56103K [0x0000000583000000, 0x0000000800000000)
  region size 8192K, 4 young (32768K), 1 survivors (8192K)
 Metaspace       used 47584K, committed 48128K, reserved 1114112K
  class space    used 5856K, committed 6080K, reserved 1048576K
}
Event: 30727.132 GC heap after
{Heap after GC invocations=48 (full 0):
 garbage-first heap   total 81920K, used 31536K [0x0000000583000000, 0x0000000800000000)
  region size 8192K, 1 young (8192K), 1 survivors (8192K)
 Metaspace       used 47584K, committed 48128K, reserved 1114112K
  class space    used 5856K, committed 6080K, reserved 1048576K
}
Event: 31623.412 GC heap before
{Heap before GC invocations=48 (full 0):
 garbage-first heap   total 81920K, used 56112K [0x0000000583000000, 0x0000000800000000)
  region size 8192K, 4 young (32768K), 1 survivors (8192K)
 Metaspace       used 47608K, committed 48128K, reserved 1114112K
  class space    used 5856K, committed 6080K, reserved 1048576K
}
Event: 31623.414 GC heap after
{Heap after GC invocations=49 (full 0):
 garbage-first heap   total 81920K, used 31558K [0x0000000583000000, 0x0000000800000000)
  region size 8192K, 1 young (8192K), 1 survivors (8192K)
 Metaspace       used 47608K, committed 48128K, reserved 1114112K
  class space    used 5856K, committed 6080K, reserved 1048576K
}
Event: 32536.509 GC heap before
{Heap before GC invocations=49 (full 0):
 garbage-first heap   total 81920K, used 56134K [0x0000000583000000, 0x0000000800000000)
  region size 8192K, 4 young (32768K), 1 survivors (8192K)
 Metaspace       used 47614K, committed 48128K, reserved 1114112K
  class space    used 5857K, committed 6080K, reserved 1048576K
}
Event: 32536.511 GC heap after
{Heap after GC invocations=50 (full 0):
 garbage-first heap   total 81920K, used 31545K [0x0000000583000000, 0x0000000800000000)
  region size 8192K, 1 young (8192K), 1 survivors (8192K)
 Metaspace       used 47614K, committed 48128K, reserved 1114112K
  class space    used 5857K, committed 6080K, reserved 1048576K
}

