# JRE version: Java(TM) SE Runtime Environment (17.0+35) (build 17+35-LTS-2724)
# Java VM: Java HotSpot(TM) 64-Bit Server VM (17+35-LTS-2724, mixed mode, sharing, tiered, compressed oops, compressed class ptrs, g1 gc, windows-amd64)
GC Precious Log:
 CPUs: 8 total, 8 available
 Memory: 7959M
 Large Page Support: Disabled
 NUMA Support: Disabled
 Compressed Oops: Enabled (32-bit)
 Heap Region Size: 1M
 Heap Min Capacity: 8M
 Heap Initial Capacity: 126M
 Heap Max Capacity: 1990M
 Pre-touch: Disabled
 Parallel Workers: 8
 Concurrent Workers: 2
 Concurrent Refinement Workers: 8
 Periodic GC: Disabled
Heap:
 garbage-first heap   total 96256K, used 80536K [0x0000000083a00000, 0x0000000100000000)
  region size 1024K, 52 young (53248K), 1 survivors (1024K)
 Metaspace       used 47720K, committed 48320K, reserved 1097728K
  class space    used 5870K, committed 6144K, reserved 1048576K
GC Heap History (20 events):
Event: 8847.420 GC heap before
{Heap before GC invocations=17 (full 0):
 garbage-first heap   total 96256K, used 77728K [0x0000000083a00000, 0x0000000100000000)
  region size 1024K, 48 young (49152K), 1 survivors (1024K)
 Metaspace       used 46608K, committed 47168K, reserved 1097728K
  class space    used 5853K, committed 6144K, reserved 1048576K
}
Event: 8847.538 GC heap after
{Heap after GC invocations=18 (full 0):
 garbage-first heap   total 96256K, used 29574K [0x0000000083a00000, 0x0000000100000000)
  region size 1024K, 1 young (1024K), 1 survivors (1024K)
 Metaspace       used 46608K, committed 47168K, reserved 1097728K
  class space    used 5853K, committed 6144K, reserved 1048576K
}
Event: 10778.071 GC heap before
{Heap before GC invocations=18 (full 0):
 garbage-first heap   total 96256K, used 78726K [0x0000000083a00000, 0x0000000100000000)
  region size 1024K, 49 young (50176K), 1 survivors (1024K)
 Metaspace       used 46779K, committed 47360K, reserved 1097728K
  class space    used 5853K, committed 6144K, reserved 1048576K
}
Event: 10778.139 GC heap after
{Heap after GC invocations=19 (full 0):
 garbage-first heap   total 96256K, used 29630K [0x0000000083a00000, 0x0000000100000000)
  region size 1024K, 1 young (1024K), 1 survivors (1024K)
 Metaspace       used 46779K, committed 47360K, reserved 1097728K
  class space    used 5853K, committed 6144K, reserved 1048576K
}
Event: 12735.839 GC heap before
{Heap before GC invocations=19 (full 0):
 garbage-first heap   total 96256K, used 79806K [0x0000000083a00000, 0x0000000100000000)
  region size 1024K, 50 young (51200K), 1 survivors (1024K)
 Metaspace       used 46933K, committed 47488K, reserved 1097728K
  class space    used 5854K, committed 6144K, reserved 1048576K
}
Event: 12735.928 GC heap after
{Heap after GC invocations=20 (full 0):
 garbage-first heap   total 96256K, used 29598K [0x0000000083a00000, 0x0000000100000000)
  region size 1024K, 1 young (1024K), 1 survivors (1024K)
 Metaspace       used 46933K, committed 47488K, reserved 1097728K
  class space    used 5854K, committed 6144K, reserved 1048576K
}
Event: 14754.067 GC heap before
{Heap before GC invocations=20 (full 0):
 garbage-first heap   total 96256K, used 79774K [0x0000000083a00000, 0x0000000100000000)
  region size 1024K, 50 young (51200K), 1 survivors (1024K)
 Metaspace       used 46979K, committed 47488K, reserved 1097728K
  class space    used 5854K, committed 6144K, reserved 1048576K
}
Event: 14754.107 GC heap after
{Heap after GC invocations=21 (full 0):
 garbage-first heap   total 96256K, used 29527K [0x0000000083a00000, 0x0000000100000000)
  region size 1024K, 1 young (1024K), 1 survivors (1024K)
 Metaspace       used 46979K, committed 47488K, reserved 1097728K
  class space    used 5854K, committed 6144K, reserved 1048576K
}
Event: 16705.222 GC heap before
{Heap before GC invocations=21 (full 0):
 garbage-first heap   total 96256K, used 80727K [0x0000000083a00000, 0x0000000100000000)
  region size 1024K, 51 young (52224K), 1 survivors (1024K)
 Metaspace       used 47079K, committed 47680K, reserved 1097728K
  class space    used 5855K, committed 6144K, reserved 1048576K
}
Event: 16705.263 GC heap after
{Heap after GC invocations=22 (full 0):
 garbage-first heap   total 96256K, used 29645K [0x0000000083a00000, 0x0000000100000000)
  region size 1024K, 1 young (1024K), 1 survivors (1024K)
 Metaspace       used 47079K, committed 47680K, reserved 1097728K
  class space    used 5855K, committed 6144K, reserved 1048576K
}
Event: 18693.431 GC heap before
{Heap before GC invocations=22 (full 0):
 garbage-first heap   total 96256K, used 80845K [0x0000000083a00000, 0x0000000100000000)
  region size 1024K, 51 young (52224K), 1 survivors (1024K)
 Metaspace       used 47115K, committed 47680K, reserved 1097728K
  class space    used 5855K, committed 6144K, reserved 1048576K
}
Event: 18693.531 GC heap after
{Heap after GC invocations=23 (full 0):
 garbage-first heap   total 96256K, used 29659K [0x0000000083a00000, 0x0000000100000000)
  region size 1024K, 1 young (1024K), 1 survivors (1024K)
 Metaspace       used 47115K, committed 47680K, reserved 1097728K
  class space    used 5855K, committed 6144K, reserved 1048576K
}
Event: 75922.534 GC heap before
{Heap before GC invocations=23 (full 0):
 garbage-first heap   total 96256K, used 80859K [0x0000000083a00000, 0x0000000100000000)
  region size 1024K, 51 young (52224K), 1 survivors (1024K)
 Metaspace       used 47254K, committed 47808K, reserved 1097728K
  class space    used 5855K, committed 6144K, reserved 1048576K
}
Event: 75922.607 GC heap after
{Heap after GC invocations=24 (full 0):
 garbage-first heap   total 96256K, used 29653K [0x0000000083a00000, 0x0000000100000000)
  region size 1024K, 1 young (1024K), 1 survivors (1024K)
 Metaspace       used 47254K, committed 47808K, reserved 1097728K
  class space    used 5855K, committed 6144K, reserved 1048576K
}
Event: 77964.128 GC heap before
{Heap before GC invocations=24 (full 0):
 garbage-first heap   total 96256K, used 81877K [0x0000000083a00000, 0x0000000100000000)
  region size 1024K, 52 young (53248K), 1 survivors (1024K)
 Metaspace       used 47290K, committed 47808K, reserved 1097728K
  class space    used 5855K, committed 6144K, reserved 1048576K
}
Event: 77964.183 GC heap after
{Heap after GC invocations=25 (full 0):
 garbage-first heap   total 96256K, used 29634K [0x0000000083a00000, 0x0000000100000000)
  region size 1024K, 1 young (1024K), 1 survivors (1024K)
 Metaspace       used 47290K, committed 47808K, reserved 1097728K
  class space    used 5855K, committed 6144K, reserved 1048576K
}
Event: 79995.997 GC heap before
{Heap before GC invocations=25 (full 0):
 garbage-first heap   total 96256K, used 81858K [0x0000000083a00000, 0x0000000100000000)
  region size 1024K, 52 young (53248K), 1 survivors (1024K)
 Metaspace       used 47358K, committed 47872K, reserved 1097728K
  class space    used 5855K, committed 6144K, reserved 1048576K
}
Event: 79996.055 GC heap after
{Heap after GC invocations=26 (full 0):
 garbage-first heap   total 96256K, used 29649K [0x0000000083a00000, 0x0000000100000000)
  region size 1024K, 1 young (1024K), 1 survivors (1024K)
 Metaspace       used 47358K, committed 47872K, reserved 1097728K
  class space    used 5855K, committed 6144K, reserved 1048576K
}
Event: 81839.871 GC heap before
{Heap before GC invocations=26 (full 0):
 garbage-first heap   total 96256K, used 81873K [0x0000000083a00000, 0x0000000100000000)
  region size 1024K, 52 young (53248K), 1 survivors (1024K)
 Metaspace       used 47519K, committed 48064K, reserved 1097728K
  class space    used 5870K, committed 6144K, reserved 1048576K
}
Event: 81839.913 GC heap after
{Heap after GC invocations=27 (full 0):
 garbage-first heap   total 96256K, used 29336K [0x0000000083a00000, 0x0000000100000000)
  region size 1024K, 1 young (1024K), 1 survivors (1024K)
 Metaspace       used 47519K, committed 48064K, reserved 1097728K
  class space    used 5870K, committed 6144K, reserved 1048576K
}

