# JRE version: OpenJDK Runtime Environment Temurin-21.0.6+7 (21.0.6+7) (build 21.0.6+7-LTS)
# Java VM: OpenJDK 64-Bit Server VM Temurin-21.0.6+7 (21.0.6+7-LTS, mixed mode, sharing, tiered, compressed oops, compressed class ptrs, parallel gc, windows-amd64)
GC Precious Log:
 CardTable entry size: 512
 CPUs: 8 total, 8 available
 Memory: 7959M
 Large Page Support: Disabled
 NUMA Support: Disabled
 Compressed Oops: Enabled (32-bit)
 Alignments: Space 512K, Generation 512K, Heap 2M
 Heap Min Capacity: 100M
 Heap Initial Capacity: 100M
 Heap Max Capacity: 1G
 Pre-touch: Disabled
 Parallel Workers: 8
Heap:
 PSYoungGen      total 9216K, used 9209K [0x00000000eab00000, 0x00000000eb700000, 0x0000000100000000)
  eden space 6144K, 100% used [0x00000000eab00000,0x00000000eb100000,0x00000000eb100000)
  from space 3072K, 99% used [0x00000000eb400000,0x00000000eb6fe528,0x00000000eb700000)
  to   space 1536K, 0% used [0x00000000eb100000,0x00000000eb100000,0x00000000eb280000)
 ParOldGen       total 295936K, used 291257K [0x00000000c0000000, 0x00000000d2100000, 0x00000000eab00000)
  object space 295936K, 98% used [0x00000000c0000000,0x00000000d1c6e470,0x00000000d2100000)
 Metaspace       used 76494K, committed 78208K, reserved 1179648K
  class space    used 7663K, committed 8448K, reserved 1048576K
GC Heap History (20 events):
Event: 560.353 GC heap before
{Heap before GC invocations=1872 (full 6):
 PSYoungGen      total 12288K, used 11799K [0x00000000eab00000, 0x00000000ebc00000, 0x0000000100000000)
  eden space 8192K, 99% used [0x00000000eab00000,0x00000000eb2fb510,0x00000000eb300000)
  from space 4096K, 88% used [0x00000000eb300000,0x00000000eb68a9d8,0x00000000eb700000)
  to   space 4608K, 0% used [0x00000000eb780000,0x00000000eb780000,0x00000000ebc00000)
 ParOldGen       total 286208K, used 286058K [0x00000000c0000000, 0x00000000d1780000, 0x00000000eab00000)
  object space 286208K, 99% used [0x00000000c0000000,0x00000000d175a898,0x00000000d1780000)
 Metaspace       used 75631K, committed 77312K, reserved 1179648K
  class space    used 7586K, committed 8320K, reserved 1048576K
}
Event: 560.384 GC heap after
{Heap after GC invocations=1872 (full 6):
 PSYoungGen      total 12288K, used 4470K [0x00000000eab00000, 0x00000000ebd00000, 0x0000000100000000)
  eden space 7680K, 0% used [0x00000000eab00000,0x00000000eab00000,0x00000000eb280000)
  from space 4608K, 97% used [0x00000000eb780000,0x00000000ebbdd880,0x00000000ebc00000)
  to   space 5120K, 0% used [0x00000000eb280000,0x00000000eb280000,0x00000000eb780000)
 ParOldGen       total 289792K, used 289529K [0x00000000c0000000, 0x00000000d1b00000, 0x00000000eab00000)
  object space 289792K, 99% used [0x00000000c0000000,0x00000000d1abe560,0x00000000d1b00000)
 Metaspace       used 75631K, committed 77312K, reserved 1179648K
  class space    used 7586K, committed 8320K, reserved 1048576K
}
Event: 560.831 GC heap before
{Heap before GC invocations=1873 (full 6):
 PSYoungGen      total 12288K, used 12150K [0x00000000eab00000, 0x00000000ebd00000, 0x0000000100000000)
  eden space 7680K, 100% used [0x00000000eab00000,0x00000000eb280000,0x00000000eb280000)
  from space 4608K, 97% used [0x00000000eb780000,0x00000000ebbdd880,0x00000000ebc00000)
  to   space 5120K, 0% used [0x00000000eb280000,0x00000000eb280000,0x00000000eb780000)
 ParOldGen       total 289792K, used 289529K [0x00000000c0000000, 0x00000000d1b00000, 0x00000000eab00000)
  object space 289792K, 99% used [0x00000000c0000000,0x00000000d1abe560,0x00000000d1b00000)
 Metaspace       used 75678K, committed 77376K, reserved 1179648K
  class space    used 7589K, committed 8320K, reserved 1048576K
}
Event: 560.849 GC heap after
{Heap after GC invocations=1873 (full 6):
 PSYoungGen      total 10240K, used 2191K [0x00000000eab00000, 0x00000000eb880000, 0x0000000100000000)
  eden space 7680K, 0% used [0x00000000eab00000,0x00000000eab00000,0x00000000eb280000)
  from space 2560K, 85% used [0x00000000eb280000,0x00000000eb4a3c28,0x00000000eb500000)
  to   space 3072K, 0% used [0x00000000eb580000,0x00000000eb580000,0x00000000eb880000)
 ParOldGen       total 293888K, used 293719K [0x00000000c0000000, 0x00000000d1f00000, 0x00000000eab00000)
  object space 293888K, 99% used [0x00000000c0000000,0x00000000d1ed5d70,0x00000000d1f00000)
 Metaspace       used 75678K, committed 77376K, reserved 1179648K
  class space    used 7589K, committed 8320K, reserved 1048576K
}
Event: 561.178 GC heap before
{Heap before GC invocations=1874 (full 6):
 PSYoungGen      total 10240K, used 9871K [0x00000000eab00000, 0x00000000eb880000, 0x0000000100000000)
  eden space 7680K, 100% used [0x00000000eab00000,0x00000000eb280000,0x00000000eb280000)
  from space 2560K, 85% used [0x00000000eb280000,0x00000000eb4a3c28,0x00000000eb500000)
  to   space 3072K, 0% used [0x00000000eb580000,0x00000000eb580000,0x00000000eb880000)
 ParOldGen       total 293888K, used 293719K [0x00000000c0000000, 0x00000000d1f00000, 0x00000000eab00000)
  object space 293888K, 99% used [0x00000000c0000000,0x00000000d1ed5d70,0x00000000d1f00000)
 Metaspace       used 75995K, committed 77696K, reserved 1179648K
  class space    used 7614K, committed 8384K, reserved 1048576K
}
Event: 561.201 GC heap after
{Heap after GC invocations=1874 (full 6):
 PSYoungGen      total 10240K, used 2420K [0x00000000eab00000, 0x00000000eb800000, 0x0000000100000000)
  eden space 7680K, 0% used [0x00000000eab00000,0x00000000eab00000,0x00000000eb280000)
  from space 2560K, 94% used [0x00000000eb580000,0x00000000eb7dd200,0x00000000eb800000)
  to   space 2560K, 0% used [0x00000000eb280000,0x00000000eb280000,0x00000000eb500000)
 ParOldGen       total 294912K, used 294471K [0x00000000c0000000, 0x00000000d2000000, 0x00000000eab00000)
  object space 294912K, 99% used [0x00000000c0000000,0x00000000d1f91d70,0x00000000d2000000)
 Metaspace       used 75995K, committed 77696K, reserved 1179648K
  class space    used 7614K, committed 8384K, reserved 1048576K
}
Event: 562.014 GC heap before
{Heap before GC invocations=1875 (full 6):
 PSYoungGen      total 10240K, used 10088K [0x00000000eab00000, 0x00000000eb800000, 0x0000000100000000)
  eden space 7680K, 99% used [0x00000000eab00000,0x00000000eb27d0f0,0x00000000eb280000)
  from space 2560K, 94% used [0x00000000eb580000,0x00000000eb7dd200,0x00000000eb800000)
  to   space 2560K, 0% used [0x00000000eb280000,0x00000000eb280000,0x00000000eb500000)
 ParOldGen       total 294912K, used 294471K [0x00000000c0000000, 0x00000000d2000000, 0x00000000eab00000)
  object space 294912K, 99% used [0x00000000c0000000,0x00000000d1f91d70,0x00000000d2000000)
 Metaspace       used 76214K, committed 77888K, reserved 1179648K
  class space    used 7640K, committed 8384K, reserved 1048576K
}
Event: 567.053 GC heap after
{Heap after GC invocations=1875 (full 6):
 PSYoungGen      total 10240K, used 10088K [0x00000000eab00000, 0x00000000eb800000, 0x0000000100000000)
  eden space 7680K, 99% used [0x00000000eab00000,0x00000000eb27d0f0,0x00000000eb280000)
  from space 2560K, 94% used [0x00000000eb580000,0x00000000eb7dd200,0x00000000eb800000)
  to   space 2560K, 99% used [0x00000000eb280000,0x00000000eb4fb4b8,0x00000000eb500000)
 ParOldGen       total 295936K, used 295499K [0x00000000c0000000, 0x00000000d2100000, 0x00000000eab00000)
  object space 295936K, 99% used [0x00000000c0000000,0x00000000d2092ff0,0x00000000d2100000)
 Metaspace       used 76214K, committed 77888K, reserved 1179648K
  class space    used 7640K, committed 8384K, reserved 1048576K
}
Event: 567.053 GC heap before
{Heap before GC invocations=1876 (full 7):
 PSYoungGen      total 10240K, used 10088K [0x00000000eab00000, 0x00000000eb800000, 0x0000000100000000)
  eden space 7680K, 99% used [0x00000000eab00000,0x00000000eb27d0f0,0x00000000eb280000)
  from space 2560K, 94% used [0x00000000eb580000,0x00000000eb7dd200,0x00000000eb800000)
  to   space 2560K, 99% used [0x00000000eb280000,0x00000000eb4fb4b8,0x00000000eb500000)
 ParOldGen       total 295936K, used 295499K [0x00000000c0000000, 0x00000000d2100000, 0x00000000eab00000)
  object space 295936K, 99% used [0x00000000c0000000,0x00000000d2092ff0,0x00000000d2100000)
 Metaspace       used 76214K, committed 77888K, reserved 1179648K
  class space    used 7640K, committed 8384K, reserved 1048576K
}
Event: 573.449 GC heap after
{Heap after GC invocations=1876 (full 7):
 PSYoungGen      total 10240K, used 0K [0x00000000eab00000, 0x00000000eb900000, 0x0000000100000000)
  eden space 7680K, 0% used [0x00000000eab00000,0x00000000eab00000,0x00000000eb280000)
  from space 2560K, 0% used [0x00000000eb280000,0x00000000eb280000,0x00000000eb500000)
  to   space 2560K, 0% used [0x00000000eb680000,0x00000000eb680000,0x00000000eb900000)
 ParOldGen       total 295936K, used 281776K [0x00000000c0000000, 0x00000000d2100000, 0x00000000eab00000)
  object space 295936K, 95% used [0x00000000c0000000,0x00000000d132c0d0,0x00000000d2100000)
 Metaspace       used 76214K, committed 77888K, reserved 1179648K
  class space    used 7640K, committed 8384K, reserved 1048576K
}
Event: 573.582 GC heap before
{Heap before GC invocations=1877 (full 7):
 PSYoungGen      total 10240K, used 7680K [0x00000000eab00000, 0x00000000eb900000, 0x0000000100000000)
  eden space 7680K, 100% used [0x00000000eab00000,0x00000000eb280000,0x00000000eb280000)
  from space 2560K, 0% used [0x00000000eb280000,0x00000000eb280000,0x00000000eb500000)
  to   space 2560K, 0% used [0x00000000eb680000,0x00000000eb680000,0x00000000eb900000)
 ParOldGen       total 295936K, used 281776K [0x00000000c0000000, 0x00000000d2100000, 0x00000000eab00000)
  object space 295936K, 95% used [0x00000000c0000000,0x00000000d132c0d0,0x00000000d2100000)
 Metaspace       used 76253K, committed 77952K, reserved 1179648K
  class space    used 7644K, committed 8384K, reserved 1048576K
}
Event: 573.615 GC heap after
{Heap after GC invocations=1877 (full 7):
 PSYoungGen      total 10240K, used 2545K [0x00000000eab00000, 0x00000000ebc00000, 0x0000000100000000)
  eden space 7680K, 0% used [0x00000000eab00000,0x00000000eab00000,0x00000000eb280000)
  from space 2560K, 99% used [0x00000000eb680000,0x00000000eb8fc720,0x00000000eb900000)
  to   space 4096K, 0% used [0x00000000eb280000,0x00000000eb280000,0x00000000eb680000)
 ParOldGen       total 295936K, used 282705K [0x00000000c0000000, 0x00000000d2100000, 0x00000000eab00000)
  object space 295936K, 95% used [0x00000000c0000000,0x00000000d1414480,0x00000000d2100000)
 Metaspace       used 76253K, committed 77952K, reserved 1179648K
  class space    used 7644K, committed 8384K, reserved 1048576K
}
Event: 573.926 GC heap before
{Heap before GC invocations=1878 (full 7):
 PSYoungGen      total 10240K, used 10225K [0x00000000eab00000, 0x00000000ebc00000, 0x0000000100000000)
  eden space 7680K, 100% used [0x00000000eab00000,0x00000000eb280000,0x00000000eb280000)
  from space 2560K, 99% used [0x00000000eb680000,0x00000000eb8fc720,0x00000000eb900000)
  to   space 4096K, 0% used [0x00000000eb280000,0x00000000eb280000,0x00000000eb680000)
 ParOldGen       total 295936K, used 282705K [0x00000000c0000000, 0x00000000d2100000, 0x00000000eab00000)
  object space 295936K, 95% used [0x00000000c0000000,0x00000000d1414480,0x00000000d2100000)
 Metaspace       used 76457K, committed 78208K, reserved 1179648K
  class space    used 7660K, committed 8448K, reserved 1048576K
}
Event: 573.945 GC heap after
{Heap after GC invocations=1878 (full 7):
 PSYoungGen      total 11776K, used 1305K [0x00000000eab00000, 0x00000000eb900000, 0x0000000100000000)
  eden space 7680K, 0% used [0x00000000eab00000,0x00000000eab00000,0x00000000eb280000)
  from space 4096K, 31% used [0x00000000eb280000,0x00000000eb3c6538,0x00000000eb680000)
  to   space 2560K, 0% used [0x00000000eb680000,0x00000000eb680000,0x00000000eb900000)
 ParOldGen       total 295936K, used 285162K [0x00000000c0000000, 0x00000000d2100000, 0x00000000eab00000)
  object space 295936K, 96% used [0x00000000c0000000,0x00000000d167a810,0x00000000d2100000)
 Metaspace       used 76457K, committed 78208K, reserved 1179648K
  class space    used 7660K, committed 8448K, reserved 1048576K
}
Event: 574.072 GC heap before
{Heap before GC invocations=1879 (full 7):
 PSYoungGen      total 11776K, used 8985K [0x00000000eab00000, 0x00000000eb900000, 0x0000000100000000)
  eden space 7680K, 100% used [0x00000000eab00000,0x00000000eb280000,0x00000000eb280000)
  from space 4096K, 31% used [0x00000000eb280000,0x00000000eb3c6538,0x00000000eb680000)
  to   space 2560K, 0% used [0x00000000eb680000,0x00000000eb680000,0x00000000eb900000)
 ParOldGen       total 295936K, used 285162K [0x00000000c0000000, 0x00000000d2100000, 0x00000000eab00000)
  object space 295936K, 96% used [0x00000000c0000000,0x00000000d167a810,0x00000000d2100000)
 Metaspace       used 76472K, committed 78208K, reserved 1179648K
  class space    used 7660K, committed 8448K, reserved 1048576K
}
Event: 574.079 GC heap after
{Heap after GC invocations=1879 (full 7):
 PSYoungGen      total 8704K, used 2560K [0x00000000eab00000, 0x00000000ebd80000, 0x0000000100000000)
  eden space 6144K, 0% used [0x00000000eab00000,0x00000000eab00000,0x00000000eb100000)
  from space 2560K, 100% used [0x00000000eb680000,0x00000000eb900000,0x00000000eb900000)
  to   space 5632K, 0% used [0x00000000eb100000,0x00000000eb100000,0x00000000eb680000)
 ParOldGen       total 295936K, used 287323K [0x00000000c0000000, 0x00000000d2100000, 0x00000000eab00000)
  object space 295936K, 97% used [0x00000000c0000000,0x00000000d1896cc0,0x00000000d2100000)
 Metaspace       used 76472K, committed 78208K, reserved 1179648K
  class space    used 7660K, committed 8448K, reserved 1048576K
}
Event: 574.354 GC heap before
{Heap before GC invocations=1880 (full 7):
 PSYoungGen      total 8704K, used 8704K [0x00000000eab00000, 0x00000000ebd80000, 0x0000000100000000)
  eden space 6144K, 100% used [0x00000000eab00000,0x00000000eb100000,0x00000000eb100000)
  from space 2560K, 100% used [0x00000000eb680000,0x00000000eb900000,0x00000000eb900000)
  to   space 5632K, 0% used [0x00000000eb100000,0x00000000eb100000,0x00000000eb680000)
 ParOldGen       total 295936K, used 287323K [0x00000000c0000000, 0x00000000d2100000, 0x00000000eab00000)
  object space 295936K, 97% used [0x00000000c0000000,0x00000000d1896cc0,0x00000000d2100000)
 Metaspace       used 76472K, committed 78208K, reserved 1179648K
  class space    used 7660K, committed 8448K, reserved 1048576K
}
Event: 574.365 GC heap after
{Heap after GC invocations=1880 (full 7):
 PSYoungGen      total 7680K, used 1376K [0x00000000eab00000, 0x00000000eb700000, 0x0000000100000000)
  eden space 6144K, 0% used [0x00000000eab00000,0x00000000eab00000,0x00000000eb100000)
  from space 1536K, 89% used [0x00000000eb100000,0x00000000eb258010,0x00000000eb280000)
  to   space 3072K, 0% used [0x00000000eb400000,0x00000000eb400000,0x00000000eb700000)
 ParOldGen       total 295936K, used 289919K [0x00000000c0000000, 0x00000000d2100000, 0x00000000eab00000)
  object space 295936K, 97% used [0x00000000c0000000,0x00000000d1b1fcf0,0x00000000d2100000)
 Metaspace       used 76472K, committed 78208K, reserved 1179648K
  class space    used 7660K, committed 8448K, reserved 1048576K
}
Event: 574.385 GC heap before
{Heap before GC invocations=1881 (full 7):
 PSYoungGen      total 7680K, used 7520K [0x00000000eab00000, 0x00000000eb700000, 0x0000000100000000)
  eden space 6144K, 100% used [0x00000000eab00000,0x00000000eb100000,0x00000000eb100000)
  from space 1536K, 89% used [0x00000000eb100000,0x00000000eb258010,0x00000000eb280000)
  to   space 3072K, 0% used [0x00000000eb400000,0x00000000eb400000,0x00000000eb700000)
 ParOldGen       total 295936K, used 289919K [0x00000000c0000000, 0x00000000d2100000, 0x00000000eab00000)
  object space 295936K, 97% used [0x00000000c0000000,0x00000000d1b1fcf0,0x00000000d2100000)
 Metaspace       used 76483K, committed 78208K, reserved 1179648K
  class space    used 7661K, committed 8448K, reserved 1048576K
}
Event: 576.425 GC heap after
{Heap after GC invocations=1881 (full 7):
 PSYoungGen      total 9216K, used 3065K [0x00000000eab00000, 0x00000000eb700000, 0x0000000100000000)
  eden space 6144K, 0% used [0x00000000eab00000,0x00000000eab00000,0x00000000eb100000)
  from space 3072K, 99% used [0x00000000eb400000,0x00000000eb6fe528,0x00000000eb700000)
  to   space 1536K, 0% used [0x00000000eb100000,0x00000000eb100000,0x00000000eb280000)
 ParOldGen       total 295936K, used 291253K [0x00000000c0000000, 0x00000000d2100000, 0x00000000eab00000)
  object space 295936K, 98% used [0x00000000c0000000,0x00000000d1c6d738,0x00000000d2100000)
 Metaspace       used 76483K, committed 78208K, reserved 1179648K
  class space    used 7661K, committed 8448K, reserved 1048576K
}

