# JRE version: Java(TM) SE Runtime Environment (17.0.15+9) (build 17.0.15+9-LTS-241)
# Java VM: Java HotSpot(TM) 64-Bit Server VM (17.0.15+9-LTS-241, mixed mode, sharing, tiered, compressed oops, compressed class ptrs, g1 gc, windows-amd64)
GC Precious Log:
 CPUs: 8 total, 8 available
 Memory: 40743M
 Large Page Support: Disabled
 NUMA Support: Disabled
 Compressed Oops: Enabled (Zero based)
 Heap Region Size: 8M
 Heap Min Capacity: 8M
 Heap Initial Capacity: 640M
 Heap Max Capacity: 10192M
 Pre-touch: Disabled
 Parallel Workers: 8
 Concurrent Workers: 2
 Concurrent Refinement Workers: 8
 Periodic GC: Disabled
Heap:
 garbage-first heap   total 81920K, used 30785K [0x0000000583000000, 0x0000000800000000)
  region size 8192K, 2 young (16384K), 1 survivors (8192K)
 Metaspace       used 62278K, committed 62848K, reserved 1114112K
  class space    used 7894K, committed 8192K, reserved 1048576K
GC Heap History (20 events):
Event: 18575.203 GC heap before
{Heap before GC invocations=31 (full 0):
 garbage-first heap   total 114688K, used 81981K [0x0000000583000000, 0x0000000800000000)
  region size 8192K, 7 young (57344K), 1 survivors (8192K)
 Metaspace       used 60662K, committed 61504K, reserved 1114112K
  class space    used 7758K, committed 8192K, reserved 1048576K
}
Event: 18575.236 GC heap after
{Heap after GC invocations=32 (full 0):
 garbage-first heap   total 114688K, used 32806K [0x0000000583000000, 0x0000000800000000)
  region size 8192K, 1 young (8192K), 1 survivors (8192K)
 Metaspace       used 60662K, committed 61504K, reserved 1114112K
  class space    used 7758K, committed 8192K, reserved 1048576K
}
Event: 20099.572 GC heap before
{Heap before GC invocations=33 (full 0):
 garbage-first heap   total 114688K, used 81958K [0x0000000583000000, 0x0000000800000000)
  region size 8192K, 7 young (57344K), 1 survivors (8192K)
 Metaspace       used 60844K, committed 61568K, reserved 1114112K
  class space    used 7794K, committed 8192K, reserved 1048576K
}
Event: 20099.594 GC heap after
{Heap after GC invocations=34 (full 0):
 garbage-first heap   total 114688K, used 33045K [0x0000000583000000, 0x0000000800000000)
  region size 8192K, 1 young (8192K), 1 survivors (8192K)
 Metaspace       used 60844K, committed 61568K, reserved 1114112K
  class space    used 7794K, committed 8192K, reserved 1048576K
}
Event: 20099.944 GC heap before
{Heap before GC invocations=34 (full 0):
 garbage-first heap   total 114688K, used 33045K [0x0000000583000000, 0x0000000800000000)
  region size 8192K, 2 young (16384K), 1 survivors (8192K)
 Metaspace       used 60905K, committed 61632K, reserved 1114112K
  class space    used 7799K, committed 8192K, reserved 1048576K
}
Event: 20100.377 GC heap after
{Heap after GC invocations=35 (full 1):
 garbage-first heap   total 81920K, used 24573K [0x0000000583000000, 0x0000000800000000)
  region size 8192K, 0 young (0K), 0 survivors (0K)
 Metaspace       used 60905K, committed 61632K, reserved 1114112K
  class space    used 7799K, committed 8192K, reserved 1048576K
}
Event: 20116.900 GC heap before
{Heap before GC invocations=35 (full 1):
 garbage-first heap   total 81920K, used 65533K [0x0000000583000000, 0x0000000800000000)
  region size 8192K, 5 young (40960K), 0 survivors (0K)
 Metaspace       used 61298K, committed 61952K, reserved 1114112K
  class space    used 7845K, committed 8192K, reserved 1048576K
}
Event: 20116.906 GC heap after
{Heap after GC invocations=36 (full 1):
 garbage-first heap   total 81920K, used 27828K [0x0000000583000000, 0x0000000800000000)
  region size 8192K, 1 young (8192K), 1 survivors (8192K)
 Metaspace       used 61298K, committed 61952K, reserved 1114112K
  class space    used 7845K, committed 8192K, reserved 1048576K
}
Event: 20119.842 GC heap before
{Heap before GC invocations=37 (full 1):
 garbage-first heap   total 81920K, used 60596K [0x0000000583000000, 0x0000000800000000)
  region size 8192K, 5 young (40960K), 1 survivors (8192K)
 Metaspace       used 61580K, committed 62144K, reserved 1114112K
  class space    used 7858K, committed 8192K, reserved 1048576K
}
Event: 20119.847 GC heap after
{Heap after GC invocations=38 (full 1):
 garbage-first heap   total 81920K, used 29877K [0x0000000583000000, 0x0000000800000000)
  region size 8192K, 1 young (8192K), 1 survivors (8192K)
 Metaspace       used 61580K, committed 62144K, reserved 1114112K
  class space    used 7858K, committed 8192K, reserved 1048576K
}
Event: 20123.790 GC heap before
{Heap before GC invocations=38 (full 1):
 garbage-first heap   total 81920K, used 62645K [0x0000000583000000, 0x0000000800000000)
  region size 8192K, 5 young (40960K), 1 survivors (8192K)
 Metaspace       used 61795K, committed 62400K, reserved 1114112K
  class space    used 7865K, committed 8192K, reserved 1048576K
}
Event: 20123.808 GC heap after
{Heap after GC invocations=39 (full 1):
 garbage-first heap   total 81920K, used 32720K [0x0000000583000000, 0x0000000800000000)
  region size 8192K, 1 young (8192K), 1 survivors (8192K)
 Metaspace       used 61795K, committed 62400K, reserved 1114112K
  class space    used 7865K, committed 8192K, reserved 1048576K
}
Event: 20207.392 GC heap before
{Heap before GC invocations=40 (full 1):
 garbage-first heap   total 81920K, used 57296K [0x0000000583000000, 0x0000000800000000)
  region size 8192K, 4 young (32768K), 1 survivors (8192K)
 Metaspace       used 62037K, committed 62656K, reserved 1114112K
  class space    used 7885K, committed 8192K, reserved 1048576K
}
Event: 20207.404 GC heap after
{Heap after GC invocations=41 (full 1):
 garbage-first heap   total 81920K, used 33256K [0x0000000583000000, 0x0000000800000000)
  region size 8192K, 1 young (8192K), 1 survivors (8192K)
 Metaspace       used 62037K, committed 62656K, reserved 1114112K
  class space    used 7885K, committed 8192K, reserved 1048576K
}
Event: 20365.962 GC heap before
{Heap before GC invocations=41 (full 1):
 garbage-first heap   total 81920K, used 57832K [0x0000000583000000, 0x0000000800000000)
  region size 8192K, 4 young (32768K), 1 survivors (8192K)
 Metaspace       used 62140K, committed 62720K, reserved 1114112K
  class space    used 7886K, committed 8192K, reserved 1048576K
}
Event: 20365.971 GC heap after
{Heap after GC invocations=42 (full 1):
 garbage-first heap   total 81920K, used 33228K [0x0000000583000000, 0x0000000800000000)
  region size 8192K, 1 young (8192K), 1 survivors (8192K)
 Metaspace       used 62140K, committed 62720K, reserved 1114112K
  class space    used 7886K, committed 8192K, reserved 1048576K
}
Event: 20520.184 GC heap before
{Heap before GC invocations=43 (full 1):
 garbage-first heap   total 81920K, used 57804K [0x0000000583000000, 0x0000000800000000)
  region size 8192K, 4 young (32768K), 1 survivors (8192K)
 Metaspace       used 62252K, committed 62848K, reserved 1114112K
  class space    used 7894K, committed 8192K, reserved 1048576K
}
Event: 20520.190 GC heap after
{Heap after GC invocations=44 (full 1):
 garbage-first heap   total 81920K, used 32931K [0x0000000583000000, 0x0000000800000000)
  region size 8192K, 1 young (8192K), 1 survivors (8192K)
 Metaspace       used 62252K, committed 62848K, reserved 1114112K
  class space    used 7894K, committed 8192K, reserved 1048576K
}
Event: 20577.281 GC heap before
{Heap before GC invocations=44 (full 1):
 garbage-first heap   total 81920K, used 32931K [0x0000000583000000, 0x0000000800000000)
  region size 8192K, 2 young (16384K), 1 survivors (8192K)
 Metaspace       used 62273K, committed 62848K, reserved 1114112K
  class space    used 7894K, committed 8192K, reserved 1048576K
}
Event: 20577.324 GC heap after
{Heap after GC invocations=45 (full 1):
 garbage-first heap   total 81920K, used 30785K [0x0000000583000000, 0x0000000800000000)
  region size 8192K, 1 young (8192K), 1 survivors (8192K)
 Metaspace       used 62273K, committed 62848K, reserved 1114112K
  class space    used 7894K, committed 8192K, reserved 1048576K
}

