# JRE version: Java(TM) SE Runtime Environment (17.0.11+7) (build 17.0.11+7-LTS-207)
# Java VM: Java HotSpot(TM) 64-Bit Server VM (17.0.11+7-LTS-207, mixed mode, sharing, tiered, compressed oops, compressed class ptrs, g1 gc, windows-amd64)
GC Precious Log:
 CPUs: 8 total, 8 available
 Memory: 32494M
 Large Page Support: Disabled
 NUMA Support: Disabled
 Compressed Oops: Enabled (Zero based)
 Heap Region Size: 4M
 Heap Min Capacity: 8M
 Heap Initial Capacity: 508M
 Heap Max Capacity: 8124M
 Pre-touch: Disabled
 Parallel Workers: 8
 Concurrent Workers: 2
 Concurrent Refinement Workers: 8
 Periodic GC: Disabled
Heap:
 garbage-first heap   total 98304K, used 42348K [0x0000000604400000, 0x0000000800000000)
  region size 4096K, 3 young (12288K), 1 survivors (4096K)
 Metaspace       used 60675K, committed 61440K, reserved 1114112K
  class space    used 7636K, committed 8000K, reserved 1048576K
GC Heap History (20 events):
Event: 31596.740 GC heap before
{Heap before GC invocations=539 (full 0):
 garbage-first heap   total 98304K, used 70978K [0x0000000604400000, 0x0000000800000000)
  region size 4096K, 10 young (40960K), 1 survivors (4096K)
 Metaspace       used 60644K, committed 61440K, reserved 1114112K
  class space    used 7627K, committed 8000K, reserved 1048576K
}
Event: 31596.741 GC heap after
{Heap after GC invocations=540 (full 0):
 garbage-first heap   total 98304K, used 38218K [0x0000000604400000, 0x0000000800000000)
  region size 4096K, 1 young (4096K), 1 survivors (4096K)
 Metaspace       used 60644K, committed 61440K, reserved 1114112K
  class space    used 7627K, committed 8000K, reserved 1048576K
}
Event: 31667.572 GC heap before
{Heap before GC invocations=540 (full 0):
 garbage-first heap   total 98304K, used 70986K [0x0000000604400000, 0x0000000800000000)
  region size 4096K, 10 young (40960K), 1 survivors (4096K)
 Metaspace       used 60644K, committed 61440K, reserved 1114112K
  class space    used 7627K, committed 8000K, reserved 1048576K
}
Event: 31667.574 GC heap after
{Heap after GC invocations=541 (full 0):
 garbage-first heap   total 98304K, used 38208K [0x0000000604400000, 0x0000000800000000)
  region size 4096K, 1 young (4096K), 1 survivors (4096K)
 Metaspace       used 60644K, committed 61440K, reserved 1114112K
  class space    used 7627K, committed 8000K, reserved 1048576K
}
Event: 31737.863 GC heap before
{Heap before GC invocations=541 (full 0):
 garbage-first heap   total 98304K, used 70976K [0x0000000604400000, 0x0000000800000000)
  region size 4096K, 10 young (40960K), 1 survivors (4096K)
 Metaspace       used 60644K, committed 61440K, reserved 1114112K
  class space    used 7627K, committed 8000K, reserved 1048576K
}
Event: 31737.864 GC heap after
{Heap after GC invocations=542 (full 0):
 garbage-first heap   total 98304K, used 38215K [0x0000000604400000, 0x0000000800000000)
  region size 4096K, 1 young (4096K), 1 survivors (4096K)
 Metaspace       used 60644K, committed 61440K, reserved 1114112K
  class space    used 7627K, committed 8000K, reserved 1048576K
}
Event: 31807.333 GC heap before
{Heap before GC invocations=542 (full 0):
 garbage-first heap   total 98304K, used 70983K [0x0000000604400000, 0x0000000800000000)
  region size 4096K, 10 young (40960K), 1 survivors (4096K)
 Metaspace       used 60644K, committed 61440K, reserved 1114112K
  class space    used 7627K, committed 8000K, reserved 1048576K
}
Event: 31807.334 GC heap after
{Heap after GC invocations=543 (full 0):
 garbage-first heap   total 98304K, used 38231K [0x0000000604400000, 0x0000000800000000)
  region size 4096K, 1 young (4096K), 1 survivors (4096K)
 Metaspace       used 60644K, committed 61440K, reserved 1114112K
  class space    used 7627K, committed 8000K, reserved 1048576K
}
Event: 31877.920 GC heap before
{Heap before GC invocations=543 (full 0):
 garbage-first heap   total 98304K, used 70999K [0x0000000604400000, 0x0000000800000000)
  region size 4096K, 10 young (40960K), 1 survivors (4096K)
 Metaspace       used 60644K, committed 61440K, reserved 1114112K
  class space    used 7627K, committed 8000K, reserved 1048576K
}
Event: 31877.921 GC heap after
{Heap after GC invocations=544 (full 0):
 garbage-first heap   total 98304K, used 38239K [0x0000000604400000, 0x0000000800000000)
  region size 4096K, 1 young (4096K), 1 survivors (4096K)
 Metaspace       used 60644K, committed 61440K, reserved 1114112K
  class space    used 7627K, committed 8000K, reserved 1048576K
}
Event: 31947.870 GC heap before
{Heap before GC invocations=544 (full 0):
 garbage-first heap   total 98304K, used 71007K [0x0000000604400000, 0x0000000800000000)
  region size 4096K, 10 young (40960K), 1 survivors (4096K)
 Metaspace       used 60644K, committed 61440K, reserved 1114112K
  class space    used 7627K, committed 8000K, reserved 1048576K
}
Event: 31947.870 GC heap after
{Heap after GC invocations=545 (full 0):
 garbage-first heap   total 98304K, used 38245K [0x0000000604400000, 0x0000000800000000)
  region size 4096K, 1 young (4096K), 1 survivors (4096K)
 Metaspace       used 60644K, committed 61440K, reserved 1114112K
  class space    used 7627K, committed 8000K, reserved 1048576K
}
Event: 32018.303 GC heap before
{Heap before GC invocations=545 (full 0):
 garbage-first heap   total 98304K, used 71013K [0x0000000604400000, 0x0000000800000000)
  region size 4096K, 10 young (40960K), 1 survivors (4096K)
 Metaspace       used 60644K, committed 61440K, reserved 1114112K
  class space    used 7627K, committed 8000K, reserved 1048576K
}
Event: 32018.305 GC heap after
{Heap after GC invocations=546 (full 0):
 garbage-first heap   total 98304K, used 38232K [0x0000000604400000, 0x0000000800000000)
  region size 4096K, 1 young (4096K), 1 survivors (4096K)
 Metaspace       used 60644K, committed 61440K, reserved 1114112K
  class space    used 7627K, committed 8000K, reserved 1048576K
}
Event: 32092.975 GC heap before
{Heap before GC invocations=546 (full 0):
 garbage-first heap   total 98304K, used 71000K [0x0000000604400000, 0x0000000800000000)
  region size 4096K, 10 young (40960K), 1 survivors (4096K)
 Metaspace       used 60644K, committed 61440K, reserved 1114112K
  class space    used 7627K, committed 8000K, reserved 1048576K
}
Event: 32092.976 GC heap after
{Heap after GC invocations=547 (full 0):
 garbage-first heap   total 98304K, used 38244K [0x0000000604400000, 0x0000000800000000)
  region size 4096K, 1 young (4096K), 1 survivors (4096K)
 Metaspace       used 60644K, committed 61440K, reserved 1114112K
  class space    used 7627K, committed 8000K, reserved 1048576K
}
Event: 32162.831 GC heap before
{Heap before GC invocations=547 (full 0):
 garbage-first heap   total 98304K, used 71012K [0x0000000604400000, 0x0000000800000000)
  region size 4096K, 10 young (40960K), 1 survivors (4096K)
 Metaspace       used 60648K, committed 61440K, reserved 1114112K
  class space    used 7628K, committed 8000K, reserved 1048576K
}
Event: 32162.833 GC heap after
{Heap after GC invocations=548 (full 0):
 garbage-first heap   total 98304K, used 38269K [0x0000000604400000, 0x0000000800000000)
  region size 4096K, 1 young (4096K), 1 survivors (4096K)
 Metaspace       used 60648K, committed 61440K, reserved 1114112K
  class space    used 7628K, committed 8000K, reserved 1048576K
}
Event: 32237.778 GC heap before
{Heap before GC invocations=548 (full 0):
 garbage-first heap   total 98304K, used 75133K [0x0000000604400000, 0x0000000800000000)
  region size 4096K, 10 young (40960K), 1 survivors (4096K)
 Metaspace       used 60648K, committed 61440K, reserved 1114112K
  class space    used 7628K, committed 8000K, reserved 1048576K
}
Event: 32237.779 GC heap after
{Heap after GC invocations=549 (full 0):
 garbage-first heap   total 98304K, used 38252K [0x0000000604400000, 0x0000000800000000)
  region size 4096K, 1 young (4096K), 1 survivors (4096K)
 Metaspace       used 60648K, committed 61440K, reserved 1114112K
  class space    used 7628K, committed 8000K, reserved 1048576K
}

