# JRE version: Java(TM) SE Runtime Environment (17.0+35) (build 17+35-LTS-2724)
# Java VM: Java HotSpot(TM) 64-Bit Server VM (17+35-LTS-2724, mixed mode, sharing, tiered, compressed oops, compressed class ptrs, g1 gc, windows-amd64)
GC Precious Log:
 CPUs: 8 total, 8 available
 Memory: 7959M
 Large Page Support: Disabled
 NUMA Support: Disabled
 Compressed Oops: Enabled (32-bit)
 Heap Region Size: 1M
 Heap Min Capacity: 8M
 Heap Initial Capacity: 126M
 Heap Max Capacity: 1990M
 Pre-touch: Disabled
 Parallel Workers: 8
 Concurrent Workers: 2
 Concurrent Refinement Workers: 8
 Periodic GC: Disabled
Heap:
 garbage-first heap   total 58368K, used 35734K [0x0000000083a00000, 0x0000000100000000)
  region size 1024K, 6 young (6144K), 1 survivors (1024K)
 Metaspace       used 56343K, committed 56896K, reserved 1105920K
  class space    used 7548K, committed 7808K, reserved 1048576K
GC Heap History (20 events):
Event: 13.942 GC heap before
{Heap before GC invocations=14 (full 0):
 garbage-first heap   total 58368K, used 45406K [0x0000000083a00000, 0x0000000100000000)
  region size 1024K, 24 young (24576K), 2 survivors (2048K)
 Metaspace       used 40236K, committed 40704K, reserved 1089536K
  class space    used 5479K, committed 5696K, reserved 1048576K
}
Event: 13.946 GC heap after
{Heap after GC invocations=15 (full 0):
 garbage-first heap   total 58368K, used 24556K [0x0000000083a00000, 0x0000000100000000)
  region size 1024K, 3 young (3072K), 3 survivors (3072K)
 Metaspace       used 40236K, committed 40704K, reserved 1089536K
  class space    used 5479K, committed 5696K, reserved 1048576K
}
Event: 15.544 GC heap before
{Heap before GC invocations=15 (full 0):
 garbage-first heap   total 58368K, used 46060K [0x0000000083a00000, 0x0000000100000000)
  region size 1024K, 24 young (24576K), 3 survivors (3072K)
 Metaspace       used 45038K, committed 45504K, reserved 1089536K
  class space    used 6089K, committed 6336K, reserved 1048576K
}
Event: 15.553 GC heap after
{Heap after GC invocations=16 (full 0):
 garbage-first heap   total 58368K, used 27408K [0x0000000083a00000, 0x0000000100000000)
  region size 1024K, 3 young (3072K), 3 survivors (3072K)
 Metaspace       used 45038K, committed 45504K, reserved 1089536K
  class space    used 6089K, committed 6336K, reserved 1048576K
}
Event: 17.625 GC heap before
{Heap before GC invocations=16 (full 0):
 garbage-first heap   total 58368K, used 45840K [0x0000000083a00000, 0x0000000100000000)
  region size 1024K, 21 young (21504K), 3 survivors (3072K)
 Metaspace       used 49041K, committed 49600K, reserved 1097728K
  class space    used 6641K, committed 6912K, reserved 1048576K
}
Event: 17.630 GC heap after
{Heap after GC invocations=17 (full 0):
 garbage-first heap   total 58368K, used 29278K [0x0000000083a00000, 0x0000000100000000)
  region size 1024K, 2 young (2048K), 2 survivors (2048K)
 Metaspace       used 49041K, committed 49600K, reserved 1097728K
  class space    used 6641K, committed 6912K, reserved 1048576K
}
Event: 107.711 GC heap before
{Heap before GC invocations=17 (full 0):
 garbage-first heap   total 58368K, used 44638K [0x0000000083a00000, 0x0000000100000000)
  region size 1024K, 18 young (18432K), 2 survivors (2048K)
 Metaspace       used 52127K, committed 52608K, reserved 1097728K
  class space    used 7051K, committed 7296K, reserved 1048576K
}
Event: 107.773 GC heap after
{Heap after GC invocations=18 (full 0):
 garbage-first heap   total 58368K, used 31080K [0x0000000083a00000, 0x0000000100000000)
  region size 1024K, 2 young (2048K), 2 survivors (2048K)
 Metaspace       used 52127K, committed 52608K, reserved 1097728K
  class space    used 7051K, committed 7296K, reserved 1048576K
}
Event: 137.626 GC heap before
{Heap before GC invocations=19 (full 0):
 garbage-first heap   total 58368K, used 46440K [0x0000000083a00000, 0x0000000100000000)
  region size 1024K, 17 young (17408K), 2 survivors (2048K)
 Metaspace       used 55237K, committed 55744K, reserved 1097728K
  class space    used 7515K, committed 7744K, reserved 1048576K
}
Event: 137.658 GC heap after
{Heap after GC invocations=20 (full 0):
 garbage-first heap   total 58368K, used 32611K [0x0000000083a00000, 0x0000000100000000)
  region size 1024K, 2 young (2048K), 2 survivors (2048K)
 Metaspace       used 55237K, committed 55744K, reserved 1097728K
  class space    used 7515K, committed 7744K, reserved 1048576K
}
Event: 167.709 GC heap before
{Heap before GC invocations=20 (full 0):
 garbage-first heap   total 58368K, used 33635K [0x0000000083a00000, 0x0000000100000000)
  region size 1024K, 3 young (3072K), 2 survivors (2048K)
 Metaspace       used 55316K, committed 55808K, reserved 1097728K
  class space    used 7520K, committed 7744K, reserved 1048576K
}
Event: 167.727 GC heap after
{Heap after GC invocations=21 (full 0):
 garbage-first heap   total 58368K, used 32002K [0x0000000083a00000, 0x0000000100000000)
  region size 1024K, 1 young (1024K), 1 survivors (1024K)
 Metaspace       used 55316K, committed 55808K, reserved 1097728K
  class space    used 7520K, committed 7744K, reserved 1048576K
}
Event: 747.883 GC heap before
{Heap before GC invocations=21 (full 0):
 garbage-first heap   total 58368K, used 46338K [0x0000000083a00000, 0x0000000100000000)
  region size 1024K, 15 young (15360K), 1 survivors (1024K)
 Metaspace       used 55581K, committed 56064K, reserved 1097728K
  class space    used 7533K, committed 7744K, reserved 1048576K
}
Event: 747.975 GC heap after
{Heap after GC invocations=22 (full 0):
 garbage-first heap   total 58368K, used 32169K [0x0000000083a00000, 0x0000000100000000)
  region size 1024K, 1 young (1024K), 1 survivors (1024K)
 Metaspace       used 55581K, committed 56064K, reserved 1097728K
  class space    used 7533K, committed 7744K, reserved 1048576K
}
Event: 1041.132 GC heap before
{Heap before GC invocations=23 (full 0):
 garbage-first heap   total 58368K, used 47529K [0x0000000083a00000, 0x0000000100000000)
  region size 1024K, 16 young (16384K), 1 survivors (1024K)
 Metaspace       used 56032K, committed 56576K, reserved 1097728K
  class space    used 7547K, committed 7808K, reserved 1048576K
}
Event: 1041.172 GC heap after
{Heap after GC invocations=24 (full 0):
 garbage-first heap   total 58368K, used 32365K [0x0000000083a00000, 0x0000000100000000)
  region size 1024K, 1 young (1024K), 1 survivors (1024K)
 Metaspace       used 56032K, committed 56576K, reserved 1097728K
  class space    used 7547K, committed 7808K, reserved 1048576K
}
Event: 1043.493 GC heap before
{Heap before GC invocations=24 (full 0):
 garbage-first heap   total 58368K, used 33389K [0x0000000083a00000, 0x0000000100000000)
  region size 1024K, 2 young (2048K), 1 survivors (1024K)
 Metaspace       used 56055K, committed 56576K, reserved 1097728K
  class space    used 7547K, committed 7808K, reserved 1048576K
}
Event: 1043.550 GC heap after
{Heap after GC invocations=25 (full 0):
 garbage-first heap   total 58368K, used 31835K [0x0000000083a00000, 0x0000000100000000)
  region size 1024K, 1 young (1024K), 1 survivors (1024K)
 Metaspace       used 56055K, committed 56576K, reserved 1097728K
  class space    used 7547K, committed 7808K, reserved 1048576K
}
Event: 1227.863 GC heap before
{Heap before GC invocations=25 (full 0):
 garbage-first heap   total 58368K, used 47195K [0x0000000083a00000, 0x0000000100000000)
  region size 1024K, 16 young (16384K), 1 survivors (1024K)
 Metaspace       used 56291K, committed 56832K, reserved 1105920K
  class space    used 7548K, committed 7808K, reserved 1048576K
}
Event: 1227.916 GC heap after
{Heap after GC invocations=26 (full 0):
 garbage-first heap   total 58368K, used 31638K [0x0000000083a00000, 0x0000000100000000)
  region size 1024K, 1 young (1024K), 1 survivors (1024K)
 Metaspace       used 56291K, committed 56832K, reserved 1105920K
  class space    used 7548K, committed 7808K, reserved 1048576K
}

