# JRE version: Java(TM) SE Runtime Environment (17.0.15+9) (build 17.0.15+9-LTS-241)
# Java VM: Java HotSpot(TM) 64-Bit Server VM (17.0.15+9-LTS-241, mixed mode, sharing, tiered, compressed oops, compressed class ptrs, g1 gc, windows-amd64)
GC Precious Log:
 CPUs: 8 total, 8 available
 Memory: 40743M
 Large Page Support: Disabled
 NUMA Support: Disabled
 Compressed Oops: Enabled (Zero based)
 Heap Region Size: 8M
 Heap Min Capacity: 8M
 Heap Initial Capacity: 640M
 Heap Max Capacity: 10192M
 Pre-touch: Disabled
 Parallel Workers: 8
 Concurrent Workers: 2
 Concurrent Refinement Workers: 8
 Periodic GC: Disabled
Heap:
 garbage-first heap   total 81920K, used 31309K [0x0000000583000000, 0x0000000800000000)
  region size 8192K, 2 young (16384K), 1 survivors (8192K)
 Metaspace       used 50696K, committed 51264K, reserved 1114112K
  class space    used 6141K, committed 6464K, reserved 1048576K
GC Heap History (20 events):
Event: 12216.096 GC heap before
{Heap before GC invocations=34 (full 0):
 garbage-first heap   total 81920K, used 55208K [0x0000000583000000, 0x0000000800000000)
  region size 8192K, 4 young (32768K), 1 survivors (8192K)
 Metaspace       used 49508K, committed 50112K, reserved 1114112K
  class space    used 6106K, committed 6400K, reserved 1048576K
}
Event: 12216.098 GC heap after
{Heap after GC invocations=35 (full 0):
 garbage-first heap   total 81920K, used 30658K [0x0000000583000000, 0x0000000800000000)
  region size 8192K, 1 young (8192K), 1 survivors (8192K)
 Metaspace       used 49508K, committed 50112K, reserved 1114112K
  class space    used 6106K, committed 6400K, reserved 1048576K
}
Event: 12836.843 GC heap before
{Heap before GC invocations=35 (full 0):
 garbage-first heap   total 81920K, used 55234K [0x0000000583000000, 0x0000000800000000)
  region size 8192K, 4 young (32768K), 1 survivors (8192K)
 Metaspace       used 49518K, committed 50112K, reserved 1114112K
  class space    used 6106K, committed 6400K, reserved 1048576K
}
Event: 12836.847 GC heap after
{Heap after GC invocations=36 (full 0):
 garbage-first heap   total 81920K, used 30691K [0x0000000583000000, 0x0000000800000000)
  region size 8192K, 1 young (8192K), 1 survivors (8192K)
 Metaspace       used 49518K, committed 50112K, reserved 1114112K
  class space    used 6106K, committed 6400K, reserved 1048576K
}
Event: 13410.776 GC heap before
{Heap before GC invocations=36 (full 0):
 garbage-first heap   total 81920K, used 55267K [0x0000000583000000, 0x0000000800000000)
  region size 8192K, 4 young (32768K), 1 survivors (8192K)
 Metaspace       used 49546K, committed 50176K, reserved 1114112K
  class space    used 6106K, committed 6400K, reserved 1048576K
}
Event: 13410.785 GC heap after
{Heap after GC invocations=37 (full 0):
 garbage-first heap   total 81920K, used 30748K [0x0000000583000000, 0x0000000800000000)
  region size 8192K, 1 young (8192K), 1 survivors (8192K)
 Metaspace       used 49546K, committed 50176K, reserved 1114112K
  class space    used 6106K, committed 6400K, reserved 1048576K
}
Event: 14012.118 GC heap before
{Heap before GC invocations=37 (full 0):
 garbage-first heap   total 81920K, used 55324K [0x0000000583000000, 0x0000000800000000)
  region size 8192K, 4 young (32768K), 1 survivors (8192K)
 Metaspace       used 49559K, committed 50176K, reserved 1114112K
  class space    used 6107K, committed 6400K, reserved 1048576K
}
Event: 14012.123 GC heap after
{Heap after GC invocations=38 (full 0):
 garbage-first heap   total 81920K, used 30743K [0x0000000583000000, 0x0000000800000000)
  region size 8192K, 1 young (8192K), 1 survivors (8192K)
 Metaspace       used 49559K, committed 50176K, reserved 1114112K
  class space    used 6107K, committed 6400K, reserved 1048576K
}
Event: 14727.457 GC heap before
{Heap before GC invocations=38 (full 0):
 garbage-first heap   total 81920K, used 55319K [0x0000000583000000, 0x0000000800000000)
  region size 8192K, 4 young (32768K), 1 survivors (8192K)
 Metaspace       used 49567K, committed 50176K, reserved 1114112K
  class space    used 6108K, committed 6400K, reserved 1048576K
}
Event: 14727.460 GC heap after
{Heap after GC invocations=39 (full 0):
 garbage-first heap   total 81920K, used 30705K [0x0000000583000000, 0x0000000800000000)
  region size 8192K, 1 young (8192K), 1 survivors (8192K)
 Metaspace       used 49567K, committed 50176K, reserved 1114112K
  class space    used 6108K, committed 6400K, reserved 1048576K
}
Event: 15401.396 GC heap before
{Heap before GC invocations=39 (full 0):
 garbage-first heap   total 81920K, used 55281K [0x0000000583000000, 0x0000000800000000)
  region size 8192K, 4 young (32768K), 1 survivors (8192K)
 Metaspace       used 49654K, committed 50240K, reserved 1114112K
  class space    used 6108K, committed 6400K, reserved 1048576K
}
Event: 15401.399 GC heap after
{Heap after GC invocations=40 (full 0):
 garbage-first heap   total 81920K, used 30699K [0x0000000583000000, 0x0000000800000000)
  region size 8192K, 1 young (8192K), 1 survivors (8192K)
 Metaspace       used 49654K, committed 50240K, reserved 1114112K
  class space    used 6108K, committed 6400K, reserved 1048576K
}
Event: 15496.191 GC heap before
{Heap before GC invocations=40 (full 0):
 garbage-first heap   total 81920K, used 38891K [0x0000000583000000, 0x0000000800000000)
  region size 8192K, 3 young (24576K), 1 survivors (8192K)
 Metaspace       used 49915K, committed 50560K, reserved 1114112K
  class space    used 6141K, committed 6464K, reserved 1048576K
}
Event: 15496.992 GC heap after
{Heap after GC invocations=41 (full 1):
 garbage-first heap   total 81920K, used 23079K [0x0000000583000000, 0x0000000800000000)
  region size 8192K, 0 young (0K), 0 survivors (0K)
 Metaspace       used 49571K, committed 50560K, reserved 1114112K
  class space    used 6072K, committed 6464K, reserved 1048576K
}
Event: 15518.684 GC heap before
{Heap before GC invocations=41 (full 1):
 garbage-first heap   total 81920K, used 64039K [0x0000000583000000, 0x0000000800000000)
  region size 8192K, 5 young (40960K), 0 survivors (0K)
 Metaspace       used 49961K, committed 50624K, reserved 1114112K
  class space    used 6120K, committed 6464K, reserved 1048576K
}
Event: 15518.708 GC heap after
{Heap after GC invocations=42 (full 1):
 garbage-first heap   total 81920K, used 26564K [0x0000000583000000, 0x0000000800000000)
  region size 8192K, 1 young (8192K), 1 survivors (8192K)
 Metaspace       used 49961K, committed 50624K, reserved 1114112K
  class space    used 6120K, committed 6464K, reserved 1048576K
}
Event: 15521.367 GC heap before
{Heap before GC invocations=42 (full 1):
 garbage-first heap   total 81920K, used 59332K [0x0000000583000000, 0x0000000800000000)
  region size 8192K, 5 young (40960K), 1 survivors (8192K)
 Metaspace       used 50430K, committed 51008K, reserved 1114112K
  class space    used 6137K, committed 6464K, reserved 1048576K
}
Event: 15521.374 GC heap after
{Heap after GC invocations=43 (full 1):
 garbage-first heap   total 81920K, used 28503K [0x0000000583000000, 0x0000000800000000)
  region size 8192K, 1 young (8192K), 1 survivors (8192K)
 Metaspace       used 50430K, committed 51008K, reserved 1114112K
  class space    used 6137K, committed 6464K, reserved 1048576K
}
Event: 15529.611 GC heap before
{Heap before GC invocations=43 (full 1):
 garbage-first heap   total 81920K, used 61271K [0x0000000583000000, 0x0000000800000000)
  region size 8192K, 5 young (40960K), 1 survivors (8192K)
 Metaspace       used 50684K, committed 51264K, reserved 1114112K
  class space    used 6140K, committed 6464K, reserved 1048576K
}
Event: 15529.622 GC heap after
{Heap after GC invocations=44 (full 1):
 garbage-first heap   total 81920K, used 31309K [0x0000000583000000, 0x0000000800000000)
  region size 8192K, 1 young (8192K), 1 survivors (8192K)
 Metaspace       used 50684K, committed 51264K, reserved 1114112K
  class space    used 6140K, committed 6464K, reserved 1048576K
}

