# JRE version: OpenJDK Runtime Environment Temurin-21.0.6+7 (21.0.6+7) (build 21.0.6+7-LTS)
# Java VM: OpenJDK 64-Bit Server VM Temurin-21.0.6+7 (21.0.6+7-LTS, mixed mode, sharing, tiered, compressed oops, compressed class ptrs, parallel gc, windows-amd64)
GC Precious Log:
 CardTable entry size: 512
 CPUs: 8 total, 8 available
 Memory: 7959M
 Large Page Support: Disabled
 NUMA Support: Disabled
 Compressed Oops: Enabled (32-bit)
 Alignments: Space 512K, Generation 512K, Heap 2M
 Heap Min Capacity: 100M
 Heap Initial Capacity: 100M
 Heap Max Capacity: 1G
 Pre-touch: Disabled
 Parallel Workers: 8
Heap:
 PSYoungGen      total 3584K, used 3560K [0x00000000eab00000, 0x00000000eb000000, 0x0000000100000000)
  eden space 3072K, 99% used [0x00000000eab00000,0x00000000eadfb888,0x00000000eae00000)
  from space 512K, 98% used [0x00000000eae00000,0x00000000eae7e900,0x00000000eae80000)
  to   space 1024K, 26% used [0x00000000eaf00000,0x00000000eaf44920,0x00000000eb000000)
 ParOldGen       total 455168K, used 455165K [0x00000000c0000000, 0x00000000dbc80000, 0x00000000eab00000)
  object space 455168K, 99% used [0x00000000c0000000,0x00000000dbc7f510,0x00000000dbc80000)
 Metaspace       used 78911K, committed 80640K, reserved 1179648K
  class space    used 7925K, committed 8704K, reserved 1048576K
GC Heap History (20 events):
Event: 479.809 GC heap before
{Heap before GC invocations=977 (full 3):
 PSYoungGen      total 3584K, used 3232K [0x00000000eab00000, 0x00000000eaf00000, 0x0000000100000000)
  eden space 3072K, 100% used [0x00000000eab00000,0x00000000eae00000,0x00000000eae00000)
  from space 512K, 31% used [0x00000000eae00000,0x00000000eae28000,0x00000000eae80000)
  to   space 512K, 0% used [0x00000000eae80000,0x00000000eae80000,0x00000000eaf00000)
 ParOldGen       total 453120K, used 453024K [0x00000000c0000000, 0x00000000dba80000, 0x00000000eab00000)
  object space 453120K, 99% used [0x00000000c0000000,0x00000000dba68240,0x00000000dba80000)
 Metaspace       used 78878K, committed 80640K, reserved 1179648K
  class space    used 7925K, committed 8704K, reserved 1048576K
}
Event: 479.812 GC heap after
{Heap after GC invocations=977 (full 3):
 PSYoungGen      total 3584K, used 192K [0x00000000eab00000, 0x00000000eb000000, 0x0000000100000000)
  eden space 3072K, 0% used [0x00000000eab00000,0x00000000eab00000,0x00000000eae00000)
  from space 512K, 37% used [0x00000000eae80000,0x00000000eaeb0000,0x00000000eaf00000)
  to   space 512K, 0% used [0x00000000eae00000,0x00000000eae00000,0x00000000eae80000)
 ParOldGen       total 453120K, used 453112K [0x00000000c0000000, 0x00000000dba80000, 0x00000000eab00000)
  object space 453120K, 99% used [0x00000000c0000000,0x00000000dba7e240,0x00000000dba80000)
 Metaspace       used 78878K, committed 80640K, reserved 1179648K
  class space    used 7925K, committed 8704K, reserved 1048576K
}
Event: 479.824 GC heap before
{Heap before GC invocations=978 (full 3):
 PSYoungGen      total 3584K, used 3264K [0x00000000eab00000, 0x00000000eb000000, 0x0000000100000000)
  eden space 3072K, 100% used [0x00000000eab00000,0x00000000eae00000,0x00000000eae00000)
  from space 512K, 37% used [0x00000000eae80000,0x00000000eaeb0000,0x00000000eaf00000)
  to   space 512K, 0% used [0x00000000eae00000,0x00000000eae00000,0x00000000eae80000)
 ParOldGen       total 453120K, used 453112K [0x00000000c0000000, 0x00000000dba80000, 0x00000000eab00000)
  object space 453120K, 99% used [0x00000000c0000000,0x00000000dba7e240,0x00000000dba80000)
 Metaspace       used 78878K, committed 80640K, reserved 1179648K
  class space    used 7925K, committed 8704K, reserved 1048576K
}
Event: 479.828 GC heap after
{Heap after GC invocations=978 (full 3):
 PSYoungGen      total 3584K, used 384K [0x00000000eab00000, 0x00000000eb000000, 0x0000000100000000)
  eden space 3072K, 0% used [0x00000000eab00000,0x00000000eab00000,0x00000000eae00000)
  from space 512K, 75% used [0x00000000eae00000,0x00000000eae60000,0x00000000eae80000)
  to   space 512K, 0% used [0x00000000eaf80000,0x00000000eaf80000,0x00000000eb000000)
 ParOldGen       total 453632K, used 453192K [0x00000000c0000000, 0x00000000dbb00000, 0x00000000eab00000)
  object space 453632K, 99% used [0x00000000c0000000,0x00000000dba92240,0x00000000dbb00000)
 Metaspace       used 78878K, committed 80640K, reserved 1179648K
  class space    used 7925K, committed 8704K, reserved 1048576K
}
Event: 479.856 GC heap before
{Heap before GC invocations=979 (full 3):
 PSYoungGen      total 3584K, used 3456K [0x00000000eab00000, 0x00000000eb000000, 0x0000000100000000)
  eden space 3072K, 100% used [0x00000000eab00000,0x00000000eae00000,0x00000000eae00000)
  from space 512K, 75% used [0x00000000eae00000,0x00000000eae60000,0x00000000eae80000)
  to   space 512K, 0% used [0x00000000eaf80000,0x00000000eaf80000,0x00000000eb000000)
 ParOldGen       total 453632K, used 453192K [0x00000000c0000000, 0x00000000dbb00000, 0x00000000eab00000)
  object space 453632K, 99% used [0x00000000c0000000,0x00000000dba92240,0x00000000dbb00000)
 Metaspace       used 78878K, committed 80640K, reserved 1179648K
  class space    used 7925K, committed 8704K, reserved 1048576K
}
Event: 479.860 GC heap after
{Heap after GC invocations=979 (full 3):
 PSYoungGen      total 3584K, used 256K [0x00000000eab00000, 0x00000000eb000000, 0x0000000100000000)
  eden space 3072K, 0% used [0x00000000eab00000,0x00000000eab00000,0x00000000eae00000)
  from space 512K, 50% used [0x00000000eaf80000,0x00000000eafc0000,0x00000000eb000000)
  to   space 512K, 0% used [0x00000000eae00000,0x00000000eae00000,0x00000000eae80000)
 ParOldGen       total 453632K, used 453344K [0x00000000c0000000, 0x00000000dbb00000, 0x00000000eab00000)
  object space 453632K, 99% used [0x00000000c0000000,0x00000000dbab8240,0x00000000dbb00000)
 Metaspace       used 78878K, committed 80640K, reserved 1179648K
  class space    used 7925K, committed 8704K, reserved 1048576K
}
Event: 479.881 GC heap before
{Heap before GC invocations=980 (full 3):
 PSYoungGen      total 3584K, used 3328K [0x00000000eab00000, 0x00000000eb000000, 0x0000000100000000)
  eden space 3072K, 100% used [0x00000000eab00000,0x00000000eae00000,0x00000000eae00000)
  from space 512K, 50% used [0x00000000eaf80000,0x00000000eafc0000,0x00000000eb000000)
  to   space 512K, 0% used [0x00000000eae00000,0x00000000eae00000,0x00000000eae80000)
 ParOldGen       total 453632K, used 453344K [0x00000000c0000000, 0x00000000dbb00000, 0x00000000eab00000)
  object space 453632K, 99% used [0x00000000c0000000,0x00000000dbab8240,0x00000000dbb00000)
 Metaspace       used 78882K, committed 80640K, reserved 1179648K
  class space    used 7925K, committed 8704K, reserved 1048576K
}
Event: 479.885 GC heap after
{Heap after GC invocations=980 (full 3):
 PSYoungGen      total 3584K, used 490K [0x00000000eab00000, 0x00000000eb000000, 0x0000000100000000)
  eden space 3072K, 0% used [0x00000000eab00000,0x00000000eab00000,0x00000000eae00000)
  from space 512K, 95% used [0x00000000eae00000,0x00000000eae7a910,0x00000000eae80000)
  to   space 1024K, 0% used [0x00000000eaf00000,0x00000000eaf00000,0x00000000eb000000)
 ParOldGen       total 453632K, used 453482K [0x00000000c0000000, 0x00000000dbb00000, 0x00000000eab00000)
  object space 453632K, 99% used [0x00000000c0000000,0x00000000dbada8c0,0x00000000dbb00000)
 Metaspace       used 78882K, committed 80640K, reserved 1179648K
  class space    used 7925K, committed 8704K, reserved 1048576K
}
Event: 479.908 GC heap before
{Heap before GC invocations=981 (full 3):
 PSYoungGen      total 3584K, used 3562K [0x00000000eab00000, 0x00000000eb000000, 0x0000000100000000)
  eden space 3072K, 100% used [0x00000000eab00000,0x00000000eae00000,0x00000000eae00000)
  from space 512K, 95% used [0x00000000eae00000,0x00000000eae7a910,0x00000000eae80000)
  to   space 1024K, 0% used [0x00000000eaf00000,0x00000000eaf00000,0x00000000eb000000)
 ParOldGen       total 453632K, used 453482K [0x00000000c0000000, 0x00000000dbb00000, 0x00000000eab00000)
  object space 453632K, 99% used [0x00000000c0000000,0x00000000dbada8c0,0x00000000dbb00000)
 Metaspace       used 78883K, committed 80640K, reserved 1179648K
  class space    used 7925K, committed 8704K, reserved 1048576K
}
Event: 479.913 GC heap after
{Heap after GC invocations=981 (full 3):
 PSYoungGen      total 3584K, used 448K [0x00000000eab00000, 0x00000000eaf80000, 0x0000000100000000)
  eden space 3072K, 0% used [0x00000000eab00000,0x00000000eab00000,0x00000000eae00000)
  from space 512K, 87% used [0x00000000eaf00000,0x00000000eaf70000,0x00000000eaf80000)
  to   space 512K, 0% used [0x00000000eae00000,0x00000000eae00000,0x00000000eae80000)
 ParOldGen       total 454144K, used 453915K [0x00000000c0000000, 0x00000000dbb80000, 0x00000000eab00000)
  object space 454144K, 99% used [0x00000000c0000000,0x00000000dbb46ef0,0x00000000dbb80000)
 Metaspace       used 78883K, committed 80640K, reserved 1179648K
  class space    used 7925K, committed 8704K, reserved 1048576K
}
Event: 479.924 GC heap before
{Heap before GC invocations=982 (full 3):
 PSYoungGen      total 3584K, used 3520K [0x00000000eab00000, 0x00000000eaf80000, 0x0000000100000000)
  eden space 3072K, 100% used [0x00000000eab00000,0x00000000eae00000,0x00000000eae00000)
  from space 512K, 87% used [0x00000000eaf00000,0x00000000eaf70000,0x00000000eaf80000)
  to   space 512K, 0% used [0x00000000eae00000,0x00000000eae00000,0x00000000eae80000)
 ParOldGen       total 454144K, used 453915K [0x00000000c0000000, 0x00000000dbb80000, 0x00000000eab00000)
  object space 454144K, 99% used [0x00000000c0000000,0x00000000dbb46ef0,0x00000000dbb80000)
 Metaspace       used 78883K, committed 80640K, reserved 1179648K
  class space    used 7925K, committed 8704K, reserved 1048576K
}
Event: 479.927 GC heap after
{Heap after GC invocations=982 (full 3):
 PSYoungGen      total 3584K, used 320K [0x00000000eab00000, 0x00000000eaf80000, 0x0000000100000000)
  eden space 3072K, 0% used [0x00000000eab00000,0x00000000eab00000,0x00000000eae00000)
  from space 512K, 62% used [0x00000000eae00000,0x00000000eae50000,0x00000000eae80000)
  to   space 512K, 0% used [0x00000000eaf00000,0x00000000eaf00000,0x00000000eaf80000)
 ParOldGen       total 454656K, used 454251K [0x00000000c0000000, 0x00000000dbc00000, 0x00000000eab00000)
  object space 454656K, 99% used [0x00000000c0000000,0x00000000dbb9aef0,0x00000000dbc00000)
 Metaspace       used 78883K, committed 80640K, reserved 1179648K
  class space    used 7925K, committed 8704K, reserved 1048576K
}
Event: 479.946 GC heap before
{Heap before GC invocations=983 (full 3):
 PSYoungGen      total 3584K, used 3392K [0x00000000eab00000, 0x00000000eaf80000, 0x0000000100000000)
  eden space 3072K, 100% used [0x00000000eab00000,0x00000000eae00000,0x00000000eae00000)
  from space 512K, 62% used [0x00000000eae00000,0x00000000eae50000,0x00000000eae80000)
  to   space 512K, 0% used [0x00000000eaf00000,0x00000000eaf00000,0x00000000eaf80000)
 ParOldGen       total 454656K, used 454251K [0x00000000c0000000, 0x00000000dbc00000, 0x00000000eab00000)
  object space 454656K, 99% used [0x00000000c0000000,0x00000000dbb9aef0,0x00000000dbc00000)
 Metaspace       used 78891K, committed 80640K, reserved 1179648K
  class space    used 7925K, committed 8704K, reserved 1048576K
}
Event: 479.950 GC heap after
{Heap after GC invocations=983 (full 3):
 PSYoungGen      total 3584K, used 474K [0x00000000eab00000, 0x00000000eaf80000, 0x0000000100000000)
  eden space 3072K, 0% used [0x00000000eab00000,0x00000000eab00000,0x00000000eae00000)
  from space 512K, 92% used [0x00000000eaf00000,0x00000000eaf76900,0x00000000eaf80000)
  to   space 512K, 0% used [0x00000000eae00000,0x00000000eae00000,0x00000000eae80000)
 ParOldGen       total 454656K, used 454459K [0x00000000c0000000, 0x00000000dbc00000, 0x00000000eab00000)
  object space 454656K, 99% used [0x00000000c0000000,0x00000000dbbceef0,0x00000000dbc00000)
 Metaspace       used 78891K, committed 80640K, reserved 1179648K
  class space    used 7925K, committed 8704K, reserved 1048576K
}
Event: 479.977 GC heap before
{Heap before GC invocations=984 (full 3):
 PSYoungGen      total 3584K, used 3546K [0x00000000eab00000, 0x00000000eaf80000, 0x0000000100000000)
  eden space 3072K, 100% used [0x00000000eab00000,0x00000000eae00000,0x00000000eae00000)
  from space 512K, 92% used [0x00000000eaf00000,0x00000000eaf76900,0x00000000eaf80000)
  to   space 512K, 0% used [0x00000000eae00000,0x00000000eae00000,0x00000000eae80000)
 ParOldGen       total 454656K, used 454459K [0x00000000c0000000, 0x00000000dbc00000, 0x00000000eab00000)
  object space 454656K, 99% used [0x00000000c0000000,0x00000000dbbceef0,0x00000000dbc00000)
 Metaspace       used 78896K, committed 80640K, reserved 1179648K
  class space    used 7925K, committed 8704K, reserved 1048576K
}
Event: 479.980 GC heap after
{Heap after GC invocations=984 (full 3):
 PSYoungGen      total 3584K, used 480K [0x00000000eab00000, 0x00000000eaf80000, 0x0000000100000000)
  eden space 3072K, 0% used [0x00000000eab00000,0x00000000eab00000,0x00000000eae00000)
  from space 512K, 93% used [0x00000000eae00000,0x00000000eae78000,0x00000000eae80000)
  to   space 512K, 0% used [0x00000000eaf00000,0x00000000eaf00000,0x00000000eaf80000)
 ParOldGen       total 455168K, used 454804K [0x00000000c0000000, 0x00000000dbc80000, 0x00000000eab00000)
  object space 455168K, 99% used [0x00000000c0000000,0x00000000dbc25100,0x00000000dbc80000)
 Metaspace       used 78896K, committed 80640K, reserved 1179648K
  class space    used 7925K, committed 8704K, reserved 1048576K
}
Event: 480.140 GC heap before
{Heap before GC invocations=985 (full 3):
 PSYoungGen      total 3584K, used 3552K [0x00000000eab00000, 0x00000000eaf80000, 0x0000000100000000)
  eden space 3072K, 100% used [0x00000000eab00000,0x00000000eae00000,0x00000000eae00000)
  from space 512K, 93% used [0x00000000eae00000,0x00000000eae78000,0x00000000eae80000)
  to   space 512K, 0% used [0x00000000eaf00000,0x00000000eaf00000,0x00000000eaf80000)
 ParOldGen       total 455168K, used 454804K [0x00000000c0000000, 0x00000000dbc80000, 0x00000000eab00000)
  object space 455168K, 99% used [0x00000000c0000000,0x00000000dbc25100,0x00000000dbc80000)
 Metaspace       used 78899K, committed 80640K, reserved 1179648K
  class space    used 7925K, committed 8704K, reserved 1048576K
}
Event: 480.143 GC heap after
{Heap after GC invocations=985 (full 3):
 PSYoungGen      total 3584K, used 218K [0x00000000eab00000, 0x00000000eaf80000, 0x0000000100000000)
  eden space 3072K, 0% used [0x00000000eab00000,0x00000000eab00000,0x00000000eae00000)
  from space 512K, 42% used [0x00000000eaf00000,0x00000000eaf36900,0x00000000eaf80000)
  to   space 512K, 0% used [0x00000000eae00000,0x00000000eae00000,0x00000000eae80000)
 ParOldGen       total 455168K, used 454868K [0x00000000c0000000, 0x00000000dbc80000, 0x00000000eab00000)
  object space 455168K, 99% used [0x00000000c0000000,0x00000000dbc35100,0x00000000dbc80000)
 Metaspace       used 78899K, committed 80640K, reserved 1179648K
  class space    used 7925K, committed 8704K, reserved 1048576K
}
Event: 481.176 GC heap before
{Heap before GC invocations=986 (full 3):
 PSYoungGen      total 3584K, used 3290K [0x00000000eab00000, 0x00000000eaf80000, 0x0000000100000000)
  eden space 3072K, 100% used [0x00000000eab00000,0x00000000eae00000,0x00000000eae00000)
  from space 512K, 42% used [0x00000000eaf00000,0x00000000eaf36900,0x00000000eaf80000)
  to   space 512K, 0% used [0x00000000eae00000,0x00000000eae00000,0x00000000eae80000)
 ParOldGen       total 455168K, used 454868K [0x00000000c0000000, 0x00000000dbc80000, 0x00000000eab00000)
  object space 455168K, 99% used [0x00000000c0000000,0x00000000dbc35100,0x00000000dbc80000)
 Metaspace       used 78911K, committed 80640K, reserved 1179648K
  class space    used 7925K, committed 8704K, reserved 1048576K
}
Event: 481.178 GC heap after
{Heap after GC invocations=986 (full 3):
 PSYoungGen      total 3584K, used 506K [0x00000000eab00000, 0x00000000eb000000, 0x0000000100000000)
  eden space 3072K, 0% used [0x00000000eab00000,0x00000000eab00000,0x00000000eae00000)
  from space 512K, 98% used [0x00000000eae00000,0x00000000eae7e900,0x00000000eae80000)
  to   space 1024K, 0% used [0x00000000eaf00000,0x00000000eaf00000,0x00000000eb000000)
 ParOldGen       total 455168K, used 454956K [0x00000000c0000000, 0x00000000dbc80000, 0x00000000eab00000)
  object space 455168K, 99% used [0x00000000c0000000,0x00000000dbc4b100,0x00000000dbc80000)
 Metaspace       used 78911K, committed 80640K, reserved 1179648K
  class space    used 7925K, committed 8704K, reserved 1048576K
}

