GC Precious Log:
 CPUs: 8 total, 8 available
 Memory: 40743M
 Large Page Support: Disabled
 NUMA Support: Disabled
 Compressed Oops: Enabled (Zero based)
 Heap Region Size: 8M
 Heap Min Capacity: 8M
 Heap Initial Capacity: 640M
 Heap Max Capacity: 10192M
 Pre-touch: Disabled
 Parallel Workers: 8
 Concurrent Workers: 2
 Concurrent Refinement Workers: 8
 Periodic GC: Disabled
Heap:
 garbage-first heap   total 81920K, used 38957K [0x0000000583000000, 0x0000000800000000)
  region size 8192K, 3 young (24576K), 1 survivors (8192K)
 Metaspace       used 48118K, committed 48576K, reserved 1114112K
  class space    used 5869K, committed 6080K, reserved 1048576K
GC Heap History (20 events):
Event: 9922.952 GC heap before
{Heap before GC invocations=23 (full 0):
 garbage-first heap   total 81920K, used 55429K [0x0000000583000000, 0x0000000800000000)
  region size 8192K, 4 young (32768K), 1 survivors (8192K)
 Metaspace       used 47552K, committed 48000K, reserved 1114112K
  class space    used 5854K, committed 6080K, reserved 1048576K
}
Event: 9922.955 GC heap after
{Heap after GC invocations=24 (full 0):
 garbage-first heap   total 81920K, used 30882K [0x0000000583000000, 0x0000000800000000)
  region size 8192K, 1 young (8192K), 1 survivors (8192K)
 Metaspace       used 47552K, committed 48000K, reserved 1114112K
  class space    used 5854K, committed 6080K, reserved 1048576K
}
Event: 10793.760 GC heap before
{Heap before GC invocations=24 (full 0):
 garbage-first heap   total 81920K, used 55458K [0x0000000583000000, 0x0000000800000000)
  region size 8192K, 4 young (32768K), 1 survivors (8192K)
 Metaspace       used 47574K, committed 48064K, reserved 1114112K
  class space    used 5855K, committed 6080K, reserved 1048576K
}
Event: 10793.767 GC heap after
{Heap after GC invocations=25 (full 0):
 garbage-first heap   total 81920K, used 30819K [0x0000000583000000, 0x0000000800000000)
  region size 8192K, 1 young (8192K), 1 survivors (8192K)
 Metaspace       used 47574K, committed 48064K, reserved 1114112K
  class space    used 5855K, committed 6080K, reserved 1048576K
}
Event: 11753.791 GC heap before
{Heap before GC invocations=25 (full 0):
 garbage-first heap   total 81920K, used 55395K [0x0000000583000000, 0x0000000800000000)
  region size 8192K, 4 young (32768K), 1 survivors (8192K)
 Metaspace       used 47643K, committed 48128K, reserved 1114112K
  class space    used 5856K, committed 6080K, reserved 1048576K
}
Event: 11753.794 GC heap after
{Heap after GC invocations=26 (full 0):
 garbage-first heap   total 81920K, used 30681K [0x0000000583000000, 0x0000000800000000)
  region size 8192K, 1 young (8192K), 1 survivors (8192K)
 Metaspace       used 47643K, committed 48128K, reserved 1114112K
  class space    used 5856K, committed 6080K, reserved 1048576K
}
Event: 12648.361 GC heap before
{Heap before GC invocations=26 (full 0):
 garbage-first heap   total 81920K, used 55257K [0x0000000583000000, 0x0000000800000000)
  region size 8192K, 4 young (32768K), 1 survivors (8192K)
 Metaspace       used 47673K, committed 48192K, reserved 1114112K
  class space    used 5856K, committed 6080K, reserved 1048576K
}
Event: 12648.372 GC heap after
{Heap after GC invocations=27 (full 0):
 garbage-first heap   total 81920K, used 30628K [0x0000000583000000, 0x0000000800000000)
  region size 8192K, 1 young (8192K), 1 survivors (8192K)
 Metaspace       used 47673K, committed 48192K, reserved 1114112K
  class space    used 5856K, committed 6080K, reserved 1048576K
}
Event: 13550.279 GC heap before
{Heap before GC invocations=27 (full 0):
 garbage-first heap   total 81920K, used 55204K [0x0000000583000000, 0x0000000800000000)
  region size 8192K, 4 young (32768K), 1 survivors (8192K)
 Metaspace       used 47719K, committed 48192K, reserved 1114112K
  class space    used 5857K, committed 6080K, reserved 1048576K
}
Event: 13550.287 GC heap after
{Heap after GC invocations=28 (full 0):
 garbage-first heap   total 81920K, used 30715K [0x0000000583000000, 0x0000000800000000)
  region size 8192K, 1 young (8192K), 1 survivors (8192K)
 Metaspace       used 47719K, committed 48192K, reserved 1114112K
  class space    used 5857K, committed 6080K, reserved 1048576K
}
Event: 14443.814 GC heap before
{Heap before GC invocations=28 (full 0):
 garbage-first heap   total 81920K, used 55291K [0x0000000583000000, 0x0000000800000000)
  region size 8192K, 4 young (32768K), 1 survivors (8192K)
 Metaspace       used 47784K, committed 48256K, reserved 1114112K
  class space    used 5857K, committed 6080K, reserved 1048576K
}
Event: 14443.823 GC heap after
{Heap after GC invocations=29 (full 0):
 garbage-first heap   total 81920K, used 30701K [0x0000000583000000, 0x0000000800000000)
  region size 8192K, 1 young (8192K), 1 survivors (8192K)
 Metaspace       used 47784K, committed 48256K, reserved 1114112K
  class space    used 5857K, committed 6080K, reserved 1048576K
}
Event: 15379.824 GC heap before
{Heap before GC invocations=29 (full 0):
 garbage-first heap   total 81920K, used 55277K [0x0000000583000000, 0x0000000800000000)
  region size 8192K, 4 young (32768K), 1 survivors (8192K)
 Metaspace       used 47867K, committed 48320K, reserved 1114112K
  class space    used 5857K, committed 6080K, reserved 1048576K
}
Event: 15379.827 GC heap after
{Heap after GC invocations=30 (full 0):
 garbage-first heap   total 81920K, used 30701K [0x0000000583000000, 0x0000000800000000)
  region size 8192K, 1 young (8192K), 1 survivors (8192K)
 Metaspace       used 47867K, committed 48320K, reserved 1114112K
  class space    used 5857K, committed 6080K, reserved 1048576K
}
Event: 16304.192 GC heap before
{Heap before GC invocations=30 (full 0):
 garbage-first heap   total 81920K, used 55277K [0x0000000583000000, 0x0000000800000000)
  region size 8192K, 4 young (32768K), 1 survivors (8192K)
 Metaspace       used 47879K, committed 48320K, reserved 1114112K
  class space    used 5857K, committed 6080K, reserved 1048576K
}
Event: 16304.196 GC heap after
{Heap after GC invocations=31 (full 0):
 garbage-first heap   total 81920K, used 30734K [0x0000000583000000, 0x0000000800000000)
  region size 8192K, 1 young (8192K), 1 survivors (8192K)
 Metaspace       used 47879K, committed 48320K, reserved 1114112K
  class space    used 5857K, committed 6080K, reserved 1048576K
}
Event: 17201.723 GC heap before
{Heap before GC invocations=31 (full 0):
 garbage-first heap   total 81920K, used 55310K [0x0000000583000000, 0x0000000800000000)
  region size 8192K, 4 young (32768K), 1 survivors (8192K)
 Metaspace       used 47901K, committed 48384K, reserved 1114112K
  class space    used 5857K, committed 6080K, reserved 1048576K
}
Event: 17201.726 GC heap after
{Heap after GC invocations=32 (full 0):
 garbage-first heap   total 81920K, used 30718K [0x0000000583000000, 0x0000000800000000)
  region size 8192K, 1 young (8192K), 1 survivors (8192K)
 Metaspace       used 47901K, committed 48384K, reserved 1114112K
  class space    used 5857K, committed 6080K, reserved 1048576K
}
Event: 18137.823 GC heap before
{Heap before GC invocations=32 (full 0):
 garbage-first heap   total 81920K, used 55294K [0x0000000583000000, 0x0000000800000000)
  region size 8192K, 4 young (32768K), 1 survivors (8192K)
 Metaspace       used 47931K, committed 48384K, reserved 1114112K
  class space    used 5857K, committed 6080K, reserved 1048576K
}
Event: 18137.826 GC heap after
{Heap after GC invocations=33 (full 0):
 garbage-first heap   total 81920K, used 30765K [0x0000000583000000, 0x0000000800000000)
  region size 8192K, 1 young (8192K), 1 survivors (8192K)
 Metaspace       used 47931K, committed 48384K, reserved 1114112K
  class space    used 5857K, committed 6080K, reserved 1048576K
}

