# JRE version: Java(TM) SE Runtime Environment (17.0.15+9) (build 17.0.15+9-LTS-241)
# Java VM: Java HotSpot(TM) 64-Bit Server VM (17.0.15+9-LTS-241, mixed mode, sharing, tiered, compressed oops, compressed class ptrs, g1 gc, windows-amd64)
GC Precious Log:
 CPUs: 8 total, 8 available
 Memory: 40743M
 Large Page Support: Disabled
 NUMA Support: Disabled
 Compressed Oops: Enabled (Zero based)
 Heap Region Size: 8M
 Heap Min Capacity: 8M
 Heap Initial Capacity: 640M
 Heap Max Capacity: 10192M
 Pre-touch: Disabled
 Parallel Workers: 8
 Concurrent Workers: 2
 Concurrent Refinement Workers: 8
 Periodic GC: Disabled
Heap:
 garbage-first heap   total 3776512K, used 1321070K [0x0000000583000000, 0x0000000800000000)
  region size 8192K, 3 young (24576K), 3 survivors (24576K)
 Metaspace       used 117282K, committed 118400K, reserved 1179648K
  class space    used 14349K, committed 14912K, reserved 1048576K
GC Heap History (20 events):
Event: 5276.839 GC heap after
{Heap after GC invocations=180 (full 13):
 garbage-first heap   total 1286144K, used 668618K [0x0000000583000000, 0x0000000800000000)
  region size 8192K, 1 young (8192K), 1 survivors (8192K)
 Metaspace       used 115687K, committed 116736K, reserved 1179648K
  class space    used 14189K, committed 14720K, reserved 1048576K
}
Event: 5276.907 GC heap before
{Heap before GC invocations=180 (full 13):
 garbage-first heap   total 1286144K, used 668618K [0x0000000583000000, 0x0000000800000000)
  region size 8192K, 3 young (24576K), 1 survivors (8192K)
 Metaspace       used 115688K, committed 116736K, reserved 1179648K
  class space    used 14189K, committed 14720K, reserved 1048576K
}
Event: 5276.938 GC heap after
{Heap after GC invocations=181 (full 13):
 garbage-first heap   total 1286144K, used 672856K [0x0000000583000000, 0x0000000800000000)
  region size 8192K, 2 young (16384K), 2 survivors (16384K)
 Metaspace       used 115688K, committed 116736K, reserved 1179648K
  class space    used 14189K, committed 14720K, reserved 1048576K
}
Event: 5278.972 GC heap before
{Heap before GC invocations=182 (full 13):
 garbage-first heap   total 1302528K, used 820312K [0x0000000583000000, 0x0000000800000000)
  region size 8192K, 20 young (163840K), 2 survivors (16384K)
 Metaspace       used 115688K, committed 116736K, reserved 1179648K
  class space    used 14189K, committed 14720K, reserved 1048576K
}
Event: 5279.108 GC heap after
{Heap after GC invocations=183 (full 13):
 garbage-first heap   total 1302528K, used 711798K [0x0000000583000000, 0x0000000800000000)
  region size 8192K, 3 young (24576K), 3 survivors (24576K)
 Metaspace       used 115688K, committed 116736K, reserved 1179648K
  class space    used 14189K, committed 14720K, reserved 1048576K
}
Event: 5279.356 GC heap before
{Heap before GC invocations=183 (full 13):
 garbage-first heap   total 1302528K, used 744566K [0x0000000583000000, 0x0000000800000000)
  region size 8192K, 7 young (57344K), 3 survivors (24576K)
 Metaspace       used 115688K, committed 116736K, reserved 1179648K
  class space    used 14189K, committed 14720K, reserved 1048576K
}
Event: 5279.489 GC heap after
{Heap after GC invocations=184 (full 13):
 garbage-first heap   total 3776512K, used 729164K [0x0000000583000000, 0x0000000800000000)
  region size 8192K, 1 young (8192K), 1 survivors (8192K)
 Metaspace       used 115688K, committed 116736K, reserved 1179648K
  class space    used 14189K, committed 14720K, reserved 1048576K
}
Event: 5281.133 GC heap before
{Heap before GC invocations=184 (full 13):
 garbage-first heap   total 3776512K, used 909388K [0x0000000583000000, 0x0000000800000000)
  region size 8192K, 23 young (188416K), 1 survivors (8192K)
 Metaspace       used 115688K, committed 116736K, reserved 1179648K
  class space    used 14189K, committed 14720K, reserved 1048576K
}
Event: 5281.374 GC heap after
{Heap after GC invocations=185 (full 13):
 garbage-first heap   total 3776512K, used 812964K [0x0000000583000000, 0x0000000800000000)
  region size 8192K, 3 young (24576K), 3 survivors (24576K)
 Metaspace       used 115688K, committed 116736K, reserved 1179648K
  class space    used 14189K, committed 14720K, reserved 1048576K
}
Event: 5283.952 GC heap before
{Heap before GC invocations=186 (full 13):
 garbage-first heap   total 2981888K, used 927652K [0x0000000583000000, 0x0000000800000000)
  region size 8192K, 18 young (147456K), 3 survivors (24576K)
 Metaspace       used 115688K, committed 116736K, reserved 1179648K
  class space    used 14189K, committed 14720K, reserved 1048576K
}
Event: 5284.173 GC heap after
{Heap after GC invocations=187 (full 13):
 garbage-first heap   total 2981888K, used 869032K [0x0000000583000000, 0x0000000800000000)
  region size 8192K, 3 young (24576K), 3 survivors (24576K)
 Metaspace       used 115688K, committed 116736K, reserved 1179648K
  class space    used 14189K, committed 14720K, reserved 1048576K
}
Event: 5569.710 GC heap before
{Heap before GC invocations=187 (full 13):
 garbage-first heap   total 2981888K, used 1090216K [0x0000000583000000, 0x0000000800000000)
  region size 8192K, 18 young (147456K), 3 survivors (24576K)
 Metaspace       used 117282K, committed 118400K, reserved 1179648K
  class space    used 14349K, committed 14912K, reserved 1048576K
}
Event: 5569.971 GC heap after
{Heap after GC invocations=188 (full 13):
 garbage-first heap   total 2981888K, used 972245K [0x0000000583000000, 0x0000000800000000)
  region size 8192K, 3 young (24576K), 3 survivors (24576K)
 Metaspace       used 117282K, committed 118400K, reserved 1179648K
  class space    used 14349K, committed 14912K, reserved 1048576K
}
Event: 5571.570 GC heap before
{Heap before GC invocations=188 (full 13):
 garbage-first heap   total 2981888K, used 1095125K [0x0000000583000000, 0x0000000800000000)
  region size 8192K, 18 young (147456K), 3 survivors (24576K)
 Metaspace       used 117282K, committed 118400K, reserved 1179648K
  class space    used 14349K, committed 14912K, reserved 1048576K
}
Event: 5571.809 GC heap after
{Heap after GC invocations=189 (full 13):
 garbage-first heap   total 2981888K, used 1073285K [0x0000000583000000, 0x0000000800000000)
  region size 8192K, 3 young (24576K), 3 survivors (24576K)
 Metaspace       used 117282K, committed 118400K, reserved 1179648K
  class space    used 14349K, committed 14912K, reserved 1048576K
}
Event: 5576.545 GC heap before
{Heap before GC invocations=190 (full 13):
 garbage-first heap   total 2981888K, used 1147013K [0x0000000583000000, 0x0000000800000000)
  region size 8192K, 18 young (147456K), 3 survivors (24576K)
 Metaspace       used 117282K, committed 118400K, reserved 1179648K
  class space    used 14349K, committed 14912K, reserved 1048576K
}
Event: 5576.817 GC heap after
{Heap after GC invocations=191 (full 13):
 garbage-first heap   total 2981888K, used 1125284K [0x0000000583000000, 0x0000000800000000)
  region size 8192K, 3 young (24576K), 3 survivors (24576K)
 Metaspace       used 117282K, committed 118400K, reserved 1179648K
  class space    used 14349K, committed 14912K, reserved 1048576K
}
Event: 5578.367 GC heap before
{Heap before GC invocations=191 (full 13):
 garbage-first heap   total 2981888K, used 1248164K [0x0000000583000000, 0x0000000800000000)
  region size 8192K, 18 young (147456K), 3 survivors (24576K)
 Metaspace       used 117282K, committed 118400K, reserved 1179648K
  class space    used 14349K, committed 14912K, reserved 1048576K
}
Event: 5578.621 GC heap after
{Heap after GC invocations=192 (full 13):
 garbage-first heap   total 2981888K, used 1222766K [0x0000000583000000, 0x0000000800000000)
  region size 8192K, 3 young (24576K), 3 survivors (24576K)
 Metaspace       used 117282K, committed 118400K, reserved 1179648K
  class space    used 14349K, committed 14912K, reserved 1048576K
}
Event: 5579.990 GC heap before
{Heap before GC invocations=192 (full 13):
 garbage-first heap   total 2981888K, used 1345646K [0x0000000583000000, 0x0000000800000000)
  region size 8192K, 18 young (147456K), 3 survivors (24576K)
 Metaspace       used 117282K, committed 118400K, reserved 1179648K
  class space    used 14349K, committed 14912K, reserved 1048576K
}

