# JRE version: OpenJDK Runtime Environment Temurin-21.0.6+7 (21.0.6+7) (build 21.0.6+7-LTS)
# Java VM: OpenJDK 64-Bit Server VM Temurin-21.0.6+7 (21.0.6+7-LTS, mixed mode, sharing, tiered, compressed oops, compressed class ptrs, parallel gc, windows-amd64)
GC Precious Log:
 CardTable entry size: 512
 CPUs: 8 total, 8 available
 Memory: 7959M
 Large Page Support: Disabled
 NUMA Support: Disabled
 Compressed Oops: Enabled (32-bit)
 Alignments: Space 512K, Generation 512K, Heap 2M
 Heap Min Capacity: 100M
 Heap Initial Capacity: 100M
 Heap Max Capacity: 1G
 Pre-touch: Disabled
 Parallel Workers: 8
Heap:
 PSYoungGen      total 7680K, used 5262K [0x00000000eab00000, 0x00000000eb980000, 0x0000000100000000)
  eden space 6144K, 70% used [0x00000000eab00000,0x00000000eaf392b8,0x00000000eb100000)
  from space 1536K, 61% used [0x00000000eb680000,0x00000000eb76a8e0,0x00000000eb800000)
  to   space 1024K, 0% used [0x00000000eb880000,0x00000000eb880000,0x00000000eb980000)
 ParOldGen       total 398848K, used 394476K [0x00000000c0000000, 0x00000000d8580000, 0x00000000eab00000)
  object space 398848K, 98% used [0x00000000c0000000,0x00000000d813b078,0x00000000d8580000)
 Metaspace       used 24551K, committed 25280K, reserved 1114112K
  class space    used 2300K, committed 2624K, reserved 1048576K
GC Heap History (20 events):
Event: 6.714 GC heap before
{Heap before GC invocations=87 (full 0):
 PSYoungGen      total 6656K, used 6655K [0x00000000eab00000, 0x00000000eba00000, 0x0000000100000000)
  eden space 6144K, 100% used [0x00000000eab00000,0x00000000eb100000,0x00000000eb100000)
  from space 512K, 99% used [0x00000000eb980000,0x00000000eb9fff30,0x00000000eba00000)
  to   space 2048K, 0% used [0x00000000eb600000,0x00000000eb600000,0x00000000eb800000)
 ParOldGen       total 397824K, used 397528K [0x00000000c0000000, 0x00000000d8480000, 0x00000000eab00000)
  object space 397824K, 99% used [0x00000000c0000000,0x00000000d84363f0,0x00000000d8480000)
 Metaspace       used 17799K, committed 18432K, reserved 1114112K
  class space    used 1735K, committed 1984K, reserved 1048576K
}
Event: 6.716 GC heap after
{Heap after GC invocations=87 (full 0):
 PSYoungGen      total 8192K, used 586K [0x00000000eab00000, 0x00000000eba00000, 0x0000000100000000)
  eden space 6144K, 0% used [0x00000000eab00000,0x00000000eab00000,0x00000000eb100000)
  from space 2048K, 28% used [0x00000000eb600000,0x00000000eb6928f8,0x00000000eb800000)
  to   space 1024K, 0% used [0x00000000eb900000,0x00000000eb900000,0x00000000eba00000)
 ParOldGen       total 397824K, used 397786K [0x00000000c0000000, 0x00000000d8480000, 0x00000000eab00000)
  object space 397824K, 99% used [0x00000000c0000000,0x00000000d8476a80,0x00000000d8480000)
 Metaspace       used 17799K, committed 18432K, reserved 1114112K
  class space    used 1735K, committed 1984K, reserved 1048576K
}
Event: 6.844 GC heap before
{Heap before GC invocations=88 (full 0):
 PSYoungGen      total 8192K, used 6730K [0x00000000eab00000, 0x00000000eba00000, 0x0000000100000000)
  eden space 6144K, 100% used [0x00000000eab00000,0x00000000eb100000,0x00000000eb100000)
  from space 2048K, 28% used [0x00000000eb600000,0x00000000eb6928f8,0x00000000eb800000)
  to   space 1024K, 0% used [0x00000000eb900000,0x00000000eb900000,0x00000000eba00000)
 ParOldGen       total 397824K, used 397786K [0x00000000c0000000, 0x00000000d8480000, 0x00000000eab00000)
  object space 397824K, 99% used [0x00000000c0000000,0x00000000d8476a80,0x00000000d8480000)
 Metaspace       used 19021K, committed 19712K, reserved 1114112K
  class space    used 1816K, committed 2112K, reserved 1048576K
}
Event: 6.846 GC heap after
{Heap after GC invocations=88 (full 0):
 PSYoungGen      total 6656K, used 256K [0x00000000eab00000, 0x00000000eb980000, 0x0000000100000000)
  eden space 6144K, 0% used [0x00000000eab00000,0x00000000eab00000,0x00000000eb100000)
  from space 512K, 50% used [0x00000000eb900000,0x00000000eb940000,0x00000000eb980000)
  to   space 512K, 0% used [0x00000000eb880000,0x00000000eb880000,0x00000000eb900000)
 ParOldGen       total 398336K, used 398204K [0x00000000c0000000, 0x00000000d8500000, 0x00000000eab00000)
  object space 398336K, 99% used [0x00000000c0000000,0x00000000d84df378,0x00000000d8500000)
 Metaspace       used 19021K, committed 19712K, reserved 1114112K
  class space    used 1816K, committed 2112K, reserved 1048576K
}
Event: 6.951 GC heap before
{Heap before GC invocations=89 (full 0):
 PSYoungGen      total 6656K, used 6400K [0x00000000eab00000, 0x00000000eb980000, 0x0000000100000000)
  eden space 6144K, 100% used [0x00000000eab00000,0x00000000eb100000,0x00000000eb100000)
  from space 512K, 50% used [0x00000000eb900000,0x00000000eb940000,0x00000000eb980000)
  to   space 512K, 0% used [0x00000000eb880000,0x00000000eb880000,0x00000000eb900000)
 ParOldGen       total 398336K, used 398204K [0x00000000c0000000, 0x00000000d8500000, 0x00000000eab00000)
  object space 398336K, 99% used [0x00000000c0000000,0x00000000d84df378,0x00000000d8500000)
 Metaspace       used 20240K, committed 20928K, reserved 1114112K
  class space    used 1934K, committed 2240K, reserved 1048576K
}
Event: 6.953 GC heap after
{Heap after GC invocations=89 (full 0):
 PSYoungGen      total 6656K, used 256K [0x00000000eab00000, 0x00000000eb980000, 0x0000000100000000)
  eden space 6144K, 0% used [0x00000000eab00000,0x00000000eab00000,0x00000000eb100000)
  from space 512K, 50% used [0x00000000eb880000,0x00000000eb8c0000,0x00000000eb900000)
  to   space 512K, 0% used [0x00000000eb900000,0x00000000eb900000,0x00000000eb980000)
 ParOldGen       total 398336K, used 398273K [0x00000000c0000000, 0x00000000d8500000, 0x00000000eab00000)
  object space 398336K, 99% used [0x00000000c0000000,0x00000000d84f0430,0x00000000d8500000)
 Metaspace       used 20240K, committed 20928K, reserved 1114112K
  class space    used 1934K, committed 2240K, reserved 1048576K
}
Event: 7.016 GC heap before
{Heap before GC invocations=90 (full 0):
 PSYoungGen      total 6656K, used 6121K [0x00000000eab00000, 0x00000000eb980000, 0x0000000100000000)
  eden space 6144K, 95% used [0x00000000eab00000,0x00000000eb0ba548,0x00000000eb100000)
  from space 512K, 50% used [0x00000000eb880000,0x00000000eb8c0000,0x00000000eb900000)
  to   space 512K, 0% used [0x00000000eb900000,0x00000000eb900000,0x00000000eb980000)
 ParOldGen       total 398336K, used 398273K [0x00000000c0000000, 0x00000000d8500000, 0x00000000eab00000)
  object space 398336K, 99% used [0x00000000c0000000,0x00000000d84f0430,0x00000000d8500000)
 Metaspace       used 20899K, committed 21504K, reserved 1114112K
  class space    used 1982K, committed 2240K, reserved 1048576K
}
Event: 7.018 GC heap after
{Heap after GC invocations=90 (full 0):
 PSYoungGen      total 6656K, used 312K [0x00000000eab00000, 0x00000000eb980000, 0x0000000100000000)
  eden space 6144K, 0% used [0x00000000eab00000,0x00000000eab00000,0x00000000eb100000)
  from space 512K, 61% used [0x00000000eb900000,0x00000000eb94e288,0x00000000eb980000)
  to   space 512K, 0% used [0x00000000eb880000,0x00000000eb880000,0x00000000eb900000)
 ParOldGen       total 398848K, used 398415K [0x00000000c0000000, 0x00000000d8580000, 0x00000000eab00000)
  object space 398848K, 99% used [0x00000000c0000000,0x00000000d8513ce8,0x00000000d8580000)
 Metaspace       used 20899K, committed 21504K, reserved 1114112K
  class space    used 1982K, committed 2240K, reserved 1048576K
}
Event: 7.018 GC heap before
{Heap before GC invocations=91 (full 1):
 PSYoungGen      total 6656K, used 312K [0x00000000eab00000, 0x00000000eb980000, 0x0000000100000000)
  eden space 6144K, 0% used [0x00000000eab00000,0x00000000eab00000,0x00000000eb100000)
  from space 512K, 61% used [0x00000000eb900000,0x00000000eb94e288,0x00000000eb980000)
  to   space 512K, 0% used [0x00000000eb880000,0x00000000eb880000,0x00000000eb900000)
 ParOldGen       total 398848K, used 398415K [0x00000000c0000000, 0x00000000d8580000, 0x00000000eab00000)
  object space 398848K, 99% used [0x00000000c0000000,0x00000000d8513ce8,0x00000000d8580000)
 Metaspace       used 20899K, committed 21504K, reserved 1114112K
  class space    used 1982K, committed 2240K, reserved 1048576K
}
Event: 7.582 GC heap after
{Heap after GC invocations=91 (full 1):
 PSYoungGen      total 6656K, used 0K [0x00000000eab00000, 0x00000000eb980000, 0x0000000100000000)
  eden space 6144K, 0% used [0x00000000eab00000,0x00000000eab00000,0x00000000eb100000)
  from space 512K, 0% used [0x00000000eb900000,0x00000000eb900000,0x00000000eb980000)
  to   space 512K, 0% used [0x00000000eb880000,0x00000000eb880000,0x00000000eb900000)
 ParOldGen       total 398848K, used 391499K [0x00000000c0000000, 0x00000000d8580000, 0x00000000eab00000)
  object space 398848K, 98% used [0x00000000c0000000,0x00000000d7e52f10,0x00000000d8580000)
 Metaspace       used 20886K, committed 21504K, reserved 1114112K
  class space    used 1979K, committed 2240K, reserved 1048576K
}
Event: 7.642 GC heap before
{Heap before GC invocations=92 (full 1):
 PSYoungGen      total 6656K, used 6144K [0x00000000eab00000, 0x00000000eb980000, 0x0000000100000000)
  eden space 6144K, 100% used [0x00000000eab00000,0x00000000eb100000,0x00000000eb100000)
  from space 512K, 0% used [0x00000000eb900000,0x00000000eb900000,0x00000000eb980000)
  to   space 512K, 0% used [0x00000000eb880000,0x00000000eb880000,0x00000000eb900000)
 ParOldGen       total 398848K, used 391499K [0x00000000c0000000, 0x00000000d8580000, 0x00000000eab00000)
  object space 398848K, 98% used [0x00000000c0000000,0x00000000d7e52f10,0x00000000d8580000)
 Metaspace       used 21311K, committed 21888K, reserved 1114112K
  class space    used 1995K, committed 2240K, reserved 1048576K
}
Event: 7.646 GC heap after
{Heap after GC invocations=92 (full 1):
 PSYoungGen      total 6656K, used 366K [0x00000000eab00000, 0x00000000eb980000, 0x0000000100000000)
  eden space 6144K, 0% used [0x00000000eab00000,0x00000000eab00000,0x00000000eb100000)
  from space 512K, 71% used [0x00000000eb880000,0x00000000eb8db890,0x00000000eb900000)
  to   space 512K, 0% used [0x00000000eb900000,0x00000000eb900000,0x00000000eb980000)
 ParOldGen       total 398848K, used 393070K [0x00000000c0000000, 0x00000000d8580000, 0x00000000eab00000)
  object space 398848K, 98% used [0x00000000c0000000,0x00000000d7fdb930,0x00000000d8580000)
 Metaspace       used 21311K, committed 21888K, reserved 1114112K
  class space    used 1995K, committed 2240K, reserved 1048576K
}
Event: 7.650 GC heap before
{Heap before GC invocations=93 (full 1):
 PSYoungGen      total 6656K, used 6506K [0x00000000eab00000, 0x00000000eb980000, 0x0000000100000000)
  eden space 6144K, 99% used [0x00000000eab00000,0x00000000eb0ff108,0x00000000eb100000)
  from space 512K, 71% used [0x00000000eb880000,0x00000000eb8db890,0x00000000eb900000)
  to   space 512K, 0% used [0x00000000eb900000,0x00000000eb900000,0x00000000eb980000)
 ParOldGen       total 398848K, used 393070K [0x00000000c0000000, 0x00000000d8580000, 0x00000000eab00000)
  object space 398848K, 98% used [0x00000000c0000000,0x00000000d7fdb930,0x00000000d8580000)
 Metaspace       used 21323K, committed 21952K, reserved 1114112K
  class space    used 1995K, committed 2240K, reserved 1048576K
}
Event: 7.653 GC heap after
{Heap after GC invocations=93 (full 1):
 PSYoungGen      total 6656K, used 128K [0x00000000eab00000, 0x00000000eb980000, 0x0000000100000000)
  eden space 6144K, 0% used [0x00000000eab00000,0x00000000eab00000,0x00000000eb100000)
  from space 512K, 25% used [0x00000000eb900000,0x00000000eb920000,0x00000000eb980000)
  to   space 512K, 0% used [0x00000000eb880000,0x00000000eb880000,0x00000000eb900000)
 ParOldGen       total 398848K, used 393332K [0x00000000c0000000, 0x00000000d8580000, 0x00000000eab00000)
  object space 398848K, 98% used [0x00000000c0000000,0x00000000d801d130,0x00000000d8580000)
 Metaspace       used 21323K, committed 21952K, reserved 1114112K
  class space    used 1995K, committed 2240K, reserved 1048576K
}
Event: 7.796 GC heap before
{Heap before GC invocations=94 (full 1):
 PSYoungGen      total 6656K, used 6272K [0x00000000eab00000, 0x00000000eb980000, 0x0000000100000000)
  eden space 6144K, 100% used [0x00000000eab00000,0x00000000eb100000,0x00000000eb100000)
  from space 512K, 25% used [0x00000000eb900000,0x00000000eb920000,0x00000000eb980000)
  to   space 512K, 0% used [0x00000000eb880000,0x00000000eb880000,0x00000000eb900000)
 ParOldGen       total 398848K, used 393332K [0x00000000c0000000, 0x00000000d8580000, 0x00000000eab00000)
  object space 398848K, 98% used [0x00000000c0000000,0x00000000d801d130,0x00000000d8580000)
 Metaspace       used 21796K, committed 22464K, reserved 1114112K
  class space    used 2028K, committed 2304K, reserved 1048576K
}
Event: 7.802 GC heap after
{Heap after GC invocations=94 (full 1):
 PSYoungGen      total 6656K, used 374K [0x00000000eab00000, 0x00000000eb980000, 0x0000000100000000)
  eden space 6144K, 0% used [0x00000000eab00000,0x00000000eab00000,0x00000000eb100000)
  from space 512K, 73% used [0x00000000eb880000,0x00000000eb8dd9e0,0x00000000eb900000)
  to   space 512K, 0% used [0x00000000eb900000,0x00000000eb900000,0x00000000eb980000)
 ParOldGen       total 398848K, used 393372K [0x00000000c0000000, 0x00000000d8580000, 0x00000000eab00000)
  object space 398848K, 98% used [0x00000000c0000000,0x00000000d8027140,0x00000000d8580000)
 Metaspace       used 21796K, committed 22464K, reserved 1114112K
  class space    used 2028K, committed 2304K, reserved 1048576K
}
Event: 7.987 GC heap before
{Heap before GC invocations=95 (full 1):
 PSYoungGen      total 6656K, used 6518K [0x00000000eab00000, 0x00000000eb980000, 0x0000000100000000)
  eden space 6144K, 100% used [0x00000000eab00000,0x00000000eb100000,0x00000000eb100000)
  from space 512K, 73% used [0x00000000eb880000,0x00000000eb8dd9e0,0x00000000eb900000)
  to   space 512K, 0% used [0x00000000eb900000,0x00000000eb900000,0x00000000eb980000)
 ParOldGen       total 398848K, used 393372K [0x00000000c0000000, 0x00000000d8580000, 0x00000000eab00000)
  object space 398848K, 98% used [0x00000000c0000000,0x00000000d8027140,0x00000000d8580000)
 Metaspace       used 22737K, committed 23488K, reserved 1114112K
  class space    used 2115K, committed 2432K, reserved 1048576K
}
Event: 7.993 GC heap after
{Heap after GC invocations=95 (full 1):
 PSYoungGen      total 6656K, used 510K [0x00000000eab00000, 0x00000000eb980000, 0x0000000100000000)
  eden space 6144K, 0% used [0x00000000eab00000,0x00000000eab00000,0x00000000eb100000)
  from space 512K, 99% used [0x00000000eb900000,0x00000000eb97f920,0x00000000eb980000)
  to   space 1536K, 0% used [0x00000000eb680000,0x00000000eb680000,0x00000000eb800000)
 ParOldGen       total 398848K, used 393944K [0x00000000c0000000, 0x00000000d8580000, 0x00000000eab00000)
  object space 398848K, 98% used [0x00000000c0000000,0x00000000d80b6058,0x00000000d8580000)
 Metaspace       used 22737K, committed 23488K, reserved 1114112K
  class space    used 2115K, committed 2432K, reserved 1048576K
}
Event: 9.490 GC heap before
{Heap before GC invocations=96 (full 1):
 PSYoungGen      total 6656K, used 6654K [0x00000000eab00000, 0x00000000eb980000, 0x0000000100000000)
  eden space 6144K, 100% used [0x00000000eab00000,0x00000000eb100000,0x00000000eb100000)
  from space 512K, 99% used [0x00000000eb900000,0x00000000eb97f920,0x00000000eb980000)
  to   space 1536K, 0% used [0x00000000eb680000,0x00000000eb680000,0x00000000eb800000)
 ParOldGen       total 398848K, used 393944K [0x00000000c0000000, 0x00000000d8580000, 0x00000000eab00000)
  object space 398848K, 98% used [0x00000000c0000000,0x00000000d80b6058,0x00000000d8580000)
 Metaspace       used 23726K, committed 24512K, reserved 1114112K
  class space    used 2204K, committed 2560K, reserved 1048576K
}
Event: 9.494 GC heap after
{Heap after GC invocations=96 (full 1):
 PSYoungGen      total 7680K, used 938K [0x00000000eab00000, 0x00000000eb980000, 0x0000000100000000)
  eden space 6144K, 0% used [0x00000000eab00000,0x00000000eab00000,0x00000000eb100000)
  from space 1536K, 61% used [0x00000000eb680000,0x00000000eb76a8e0,0x00000000eb800000)
  to   space 1024K, 0% used [0x00000000eb880000,0x00000000eb880000,0x00000000eb980000)
 ParOldGen       total 398848K, used 394476K [0x00000000c0000000, 0x00000000d8580000, 0x00000000eab00000)
  object space 398848K, 98% used [0x00000000c0000000,0x00000000d813b078,0x00000000d8580000)
 Metaspace       used 23726K, committed 24512K, reserved 1114112K
  class space    used 2204K, committed 2560K, reserved 1048576K
}

