# JRE version: OpenJDK Runtime Environment Temurin-21.0.6+7 (21.0.6+7) (build 21.0.6+7-LTS)
# Java VM: OpenJDK 64-Bit Server VM Temurin-21.0.6+7 (21.0.6+7-LTS, mixed mode, sharing, tiered, compressed oops, compressed class ptrs, parallel gc, windows-amd64)
GC Precious Log:
 CardTable entry size: 512
 CPUs: 8 total, 8 available
 Memory: 7959M
 Large Page Support: Disabled
 NUMA Support: Disabled
 Compressed Oops: Enabled (32-bit)
 Alignments: Space 512K, Generation 512K, Heap 2M
 Heap Min Capacity: 100M
 Heap Initial Capacity: 100M
 Heap Max Capacity: 1G
 Pre-touch: Disabled
 Parallel Workers: 8
Heap:
 PSYoungGen      total 24576K, used 2693K [0x00000000eab00000, 0x00000000ec600000, 0x0000000100000000)
  eden space 22016K, 5% used [0x00000000eab00000,0x00000000eac20f60,0x00000000ec080000)
  from space 2560K, 60% used [0x00000000ec180000,0x00000000ec300508,0x00000000ec400000)
  to   space 2048K, 0% used [0x00000000ec400000,0x00000000ec400000,0x00000000ec600000)
 ParOldGen       total 68608K, used 21387K [0x00000000c0000000, 0x00000000c4300000, 0x00000000eab00000)
  object space 68608K, 31% used [0x00000000c0000000,0x00000000c14e2e20,0x00000000c4300000)
 Metaspace       used 38124K, committed 39360K, reserved 1114112K
  class space    used 3893K, committed 4416K, reserved 1048576K
GC Heap History (20 events):
Event: 17.091 GC heap before
{Heap before GC invocations=7 (full 0):
 PSYoungGen      total 29184K, used 19528K [0x00000000eab00000, 0x00000000ece00000, 0x0000000100000000)
  eden space 24576K, 62% used [0x00000000eab00000,0x00000000eba050c8,0x00000000ec300000)
  from space 4608K, 90% used [0x00000000ec980000,0x00000000ecd8d170,0x00000000ece00000)
  to   space 5120K, 0% used [0x00000000ec400000,0x00000000ec400000,0x00000000ec900000)
 ParOldGen       total 68608K, used 8140K [0x00000000c0000000, 0x00000000c4300000, 0x00000000eab00000)
  object space 68608K, 11% used [0x00000000c0000000,0x00000000c07f3028,0x00000000c4300000)
 Metaspace       used 20623K, committed 21504K, reserved 1114112K
  class space    used 2097K, committed 2496K, reserved 1048576K
}
Event: 17.098 GC heap after
{Heap after GC invocations=7 (full 0):
 PSYoungGen      total 29184K, used 4345K [0x00000000eab00000, 0x00000000ecc00000, 0x0000000100000000)
  eden space 24576K, 0% used [0x00000000eab00000,0x00000000eab00000,0x00000000ec300000)
  from space 4608K, 94% used [0x00000000ec400000,0x00000000ec83e790,0x00000000ec880000)
  to   space 3584K, 0% used [0x00000000ec880000,0x00000000ec880000,0x00000000ecc00000)
 ParOldGen       total 68608K, used 9574K [0x00000000c0000000, 0x00000000c4300000, 0x00000000eab00000)
  object space 68608K, 13% used [0x00000000c0000000,0x00000000c0959928,0x00000000c4300000)
 Metaspace       used 20623K, committed 21504K, reserved 1114112K
  class space    used 2097K, committed 2496K, reserved 1048576K
}
Event: 17.098 GC heap before
{Heap before GC invocations=8 (full 1):
 PSYoungGen      total 29184K, used 4345K [0x00000000eab00000, 0x00000000ecc00000, 0x0000000100000000)
  eden space 24576K, 0% used [0x00000000eab00000,0x00000000eab00000,0x00000000ec300000)
  from space 4608K, 94% used [0x00000000ec400000,0x00000000ec83e790,0x00000000ec880000)
  to   space 3584K, 0% used [0x00000000ec880000,0x00000000ec880000,0x00000000ecc00000)
 ParOldGen       total 68608K, used 9574K [0x00000000c0000000, 0x00000000c4300000, 0x00000000eab00000)
  object space 68608K, 13% used [0x00000000c0000000,0x00000000c0959928,0x00000000c4300000)
 Metaspace       used 20623K, committed 21504K, reserved 1114112K
  class space    used 2097K, committed 2496K, reserved 1048576K
}
Event: 17.159 GC heap after
{Heap after GC invocations=8 (full 1):
 PSYoungGen      total 29184K, used 0K [0x00000000eab00000, 0x00000000ecc00000, 0x0000000100000000)
  eden space 24576K, 0% used [0x00000000eab00000,0x00000000eab00000,0x00000000ec300000)
  from space 4608K, 0% used [0x00000000ec400000,0x00000000ec400000,0x00000000ec880000)
  to   space 3584K, 0% used [0x00000000ec880000,0x00000000ec880000,0x00000000ecc00000)
 ParOldGen       total 68608K, used 13318K [0x00000000c0000000, 0x00000000c4300000, 0x00000000eab00000)
  object space 68608K, 19% used [0x00000000c0000000,0x00000000c0d01bb0,0x00000000c4300000)
 Metaspace       used 20610K, committed 21504K, reserved 1114112K
  class space    used 2094K, committed 2496K, reserved 1048576K
}
Event: 18.061 GC heap before
{Heap before GC invocations=9 (full 1):
 PSYoungGen      total 29184K, used 24341K [0x00000000eab00000, 0x00000000ecc00000, 0x0000000100000000)
  eden space 24576K, 99% used [0x00000000eab00000,0x00000000ec2c5640,0x00000000ec300000)
  from space 4608K, 0% used [0x00000000ec400000,0x00000000ec400000,0x00000000ec880000)
  to   space 3584K, 0% used [0x00000000ec880000,0x00000000ec880000,0x00000000ecc00000)
 ParOldGen       total 68608K, used 13318K [0x00000000c0000000, 0x00000000c4300000, 0x00000000eab00000)
  object space 68608K, 19% used [0x00000000c0000000,0x00000000c0d01bb0,0x00000000c4300000)
 Metaspace       used 22686K, committed 23680K, reserved 1114112K
  class space    used 2266K, committed 2752K, reserved 1048576K
}
Event: 18.063 GC heap after
{Heap after GC invocations=9 (full 1):
 PSYoungGen      total 25600K, used 1319K [0x00000000eab00000, 0x00000000eca00000, 0x0000000100000000)
  eden space 24064K, 0% used [0x00000000eab00000,0x00000000eab00000,0x00000000ec280000)
  from space 1536K, 85% used [0x00000000ec880000,0x00000000ec9c9dc0,0x00000000eca00000)
  to   space 2560K, 0% used [0x00000000ec500000,0x00000000ec500000,0x00000000ec780000)
 ParOldGen       total 68608K, used 13318K [0x00000000c0000000, 0x00000000c4300000, 0x00000000eab00000)
  object space 68608K, 19% used [0x00000000c0000000,0x00000000c0d01bb0,0x00000000c4300000)
 Metaspace       used 22686K, committed 23680K, reserved 1114112K
  class space    used 2266K, committed 2752K, reserved 1048576K
}
Event: 18.786 GC heap before
{Heap before GC invocations=10 (full 1):
 PSYoungGen      total 25600K, used 25383K [0x00000000eab00000, 0x00000000eca00000, 0x0000000100000000)
  eden space 24064K, 100% used [0x00000000eab00000,0x00000000ec280000,0x00000000ec280000)
  from space 1536K, 85% used [0x00000000ec880000,0x00000000ec9c9dc0,0x00000000eca00000)
  to   space 2560K, 0% used [0x00000000ec500000,0x00000000ec500000,0x00000000ec780000)
 ParOldGen       total 68608K, used 13318K [0x00000000c0000000, 0x00000000c4300000, 0x00000000eab00000)
  object space 68608K, 19% used [0x00000000c0000000,0x00000000c0d01bb0,0x00000000c4300000)
 Metaspace       used 26205K, committed 27200K, reserved 1114112K
  class space    used 2570K, committed 3008K, reserved 1048576K
}
Event: 18.789 GC heap after
{Heap after GC invocations=10 (full 1):
 PSYoungGen      total 26112K, used 2555K [0x00000000eab00000, 0x00000000eca00000, 0x0000000100000000)
  eden space 23552K, 0% used [0x00000000eab00000,0x00000000eab00000,0x00000000ec200000)
  from space 2560K, 99% used [0x00000000ec500000,0x00000000ec77ee10,0x00000000ec780000)
  to   space 2560K, 0% used [0x00000000ec780000,0x00000000ec780000,0x00000000eca00000)
 ParOldGen       total 68608K, used 14053K [0x00000000c0000000, 0x00000000c4300000, 0x00000000eab00000)
  object space 68608K, 20% used [0x00000000c0000000,0x00000000c0db9760,0x00000000c4300000)
 Metaspace       used 26205K, committed 27200K, reserved 1114112K
  class space    used 2570K, committed 3008K, reserved 1048576K
}
Event: 20.145 GC heap before
{Heap before GC invocations=11 (full 1):
 PSYoungGen      total 26112K, used 26107K [0x00000000eab00000, 0x00000000eca00000, 0x0000000100000000)
  eden space 23552K, 100% used [0x00000000eab00000,0x00000000ec200000,0x00000000ec200000)
  from space 2560K, 99% used [0x00000000ec500000,0x00000000ec77ee10,0x00000000ec780000)
  to   space 2560K, 0% used [0x00000000ec780000,0x00000000ec780000,0x00000000eca00000)
 ParOldGen       total 68608K, used 14053K [0x00000000c0000000, 0x00000000c4300000, 0x00000000eab00000)
  object space 68608K, 20% used [0x00000000c0000000,0x00000000c0db9760,0x00000000c4300000)
 Metaspace       used 27809K, committed 28864K, reserved 1114112K
  class space    used 2674K, committed 3136K, reserved 1048576K
}
Event: 20.147 GC heap after
{Heap after GC invocations=11 (full 1):
 PSYoungGen      total 25600K, used 2333K [0x00000000eab00000, 0x00000000eca00000, 0x0000000100000000)
  eden space 23040K, 0% used [0x00000000eab00000,0x00000000eab00000,0x00000000ec180000)
  from space 2560K, 91% used [0x00000000ec780000,0x00000000ec9c7770,0x00000000eca00000)
  to   space 3072K, 0% used [0x00000000ec400000,0x00000000ec400000,0x00000000ec700000)
 ParOldGen       total 68608K, used 15630K [0x00000000c0000000, 0x00000000c4300000, 0x00000000eab00000)
  object space 68608K, 22% used [0x00000000c0000000,0x00000000c0f43870,0x00000000c4300000)
 Metaspace       used 27809K, committed 28864K, reserved 1114112K
  class space    used 2674K, committed 3136K, reserved 1048576K
}
Event: 21.976 GC heap before
{Heap before GC invocations=12 (full 1):
 PSYoungGen      total 25600K, used 25373K [0x00000000eab00000, 0x00000000eca00000, 0x0000000100000000)
  eden space 23040K, 100% used [0x00000000eab00000,0x00000000ec180000,0x00000000ec180000)
  from space 2560K, 91% used [0x00000000ec780000,0x00000000ec9c7770,0x00000000eca00000)
  to   space 3072K, 0% used [0x00000000ec400000,0x00000000ec400000,0x00000000ec700000)
 ParOldGen       total 68608K, used 15630K [0x00000000c0000000, 0x00000000c4300000, 0x00000000eab00000)
  object space 68608K, 22% used [0x00000000c0000000,0x00000000c0f43870,0x00000000c4300000)
 Metaspace       used 31123K, committed 32128K, reserved 1114112K
  class space    used 3034K, committed 3520K, reserved 1048576K
}
Event: 21.981 GC heap after
{Heap after GC invocations=12 (full 1):
 PSYoungGen      total 24576K, used 1976K [0x00000000eab00000, 0x00000000ec800000, 0x0000000100000000)
  eden space 22528K, 0% used [0x00000000eab00000,0x00000000eab00000,0x00000000ec100000)
  from space 2048K, 96% used [0x00000000ec400000,0x00000000ec5ee0d8,0x00000000ec600000)
  to   space 2048K, 0% used [0x00000000ec600000,0x00000000ec600000,0x00000000ec800000)
 ParOldGen       total 68608K, used 17886K [0x00000000c0000000, 0x00000000c4300000, 0x00000000eab00000)
  object space 68608K, 26% used [0x00000000c0000000,0x00000000c1177b60,0x00000000c4300000)
 Metaspace       used 31123K, committed 32128K, reserved 1114112K
  class space    used 3034K, committed 3520K, reserved 1048576K
}
Event: 24.237 GC heap before
{Heap before GC invocations=13 (full 1):
 PSYoungGen      total 24576K, used 24504K [0x00000000eab00000, 0x00000000ec800000, 0x0000000100000000)
  eden space 22528K, 100% used [0x00000000eab00000,0x00000000ec100000,0x00000000ec100000)
  from space 2048K, 96% used [0x00000000ec400000,0x00000000ec5ee0d8,0x00000000ec600000)
  to   space 2048K, 0% used [0x00000000ec600000,0x00000000ec600000,0x00000000ec800000)
 ParOldGen       total 68608K, used 17886K [0x00000000c0000000, 0x00000000c4300000, 0x00000000eab00000)
  object space 68608K, 26% used [0x00000000c0000000,0x00000000c1177b60,0x00000000c4300000)
 Metaspace       used 33777K, committed 35008K, reserved 1114112K
  class space    used 3365K, committed 3904K, reserved 1048576K
}
Event: 24.240 GC heap after
{Heap after GC invocations=13 (full 1):
 PSYoungGen      total 24064K, used 1609K [0x00000000eab00000, 0x00000000ec800000, 0x0000000100000000)
  eden space 22016K, 0% used [0x00000000eab00000,0x00000000eab00000,0x00000000ec080000)
  from space 2048K, 78% used [0x00000000ec600000,0x00000000ec792780,0x00000000ec800000)
  to   space 2048K, 0% used [0x00000000ec400000,0x00000000ec400000,0x00000000ec600000)
 ParOldGen       total 68608K, used 19648K [0x00000000c0000000, 0x00000000c4300000, 0x00000000eab00000)
  object space 68608K, 28% used [0x00000000c0000000,0x00000000c1330060,0x00000000c4300000)
 Metaspace       used 33777K, committed 35008K, reserved 1114112K
  class space    used 3365K, committed 3904K, reserved 1048576K
}
Event: 25.343 GC heap before
{Heap before GC invocations=14 (full 1):
 PSYoungGen      total 24064K, used 10390K [0x00000000eab00000, 0x00000000ec800000, 0x0000000100000000)
  eden space 22016K, 39% used [0x00000000eab00000,0x00000000eb3933a0,0x00000000ec080000)
  from space 2048K, 78% used [0x00000000ec600000,0x00000000ec792780,0x00000000ec800000)
  to   space 2048K, 0% used [0x00000000ec400000,0x00000000ec400000,0x00000000ec600000)
 ParOldGen       total 68608K, used 19648K [0x00000000c0000000, 0x00000000c4300000, 0x00000000eab00000)
  object space 68608K, 28% used [0x00000000c0000000,0x00000000c1330060,0x00000000c4300000)
 Metaspace       used 34668K, committed 35840K, reserved 1114112K
  class space    used 3488K, committed 4032K, reserved 1048576K
}
Event: 25.347 GC heap after
{Heap after GC invocations=14 (full 1):
 PSYoungGen      total 23040K, used 625K [0x00000000eab00000, 0x00000000ec680000, 0x0000000100000000)
  eden space 22016K, 0% used [0x00000000eab00000,0x00000000eab00000,0x00000000ec080000)
  from space 1024K, 61% used [0x00000000ec400000,0x00000000ec49c708,0x00000000ec500000)
  to   space 1024K, 0% used [0x00000000ec580000,0x00000000ec580000,0x00000000ec680000)
 ParOldGen       total 68608K, used 21025K [0x00000000c0000000, 0x00000000c4300000, 0x00000000eab00000)
  object space 68608K, 30% used [0x00000000c0000000,0x00000000c1488648,0x00000000c4300000)
 Metaspace       used 34668K, committed 35840K, reserved 1114112K
  class space    used 3488K, committed 4032K, reserved 1048576K
}
Event: 25.347 GC heap before
{Heap before GC invocations=15 (full 2):
 PSYoungGen      total 23040K, used 625K [0x00000000eab00000, 0x00000000ec680000, 0x0000000100000000)
  eden space 22016K, 0% used [0x00000000eab00000,0x00000000eab00000,0x00000000ec080000)
  from space 1024K, 61% used [0x00000000ec400000,0x00000000ec49c708,0x00000000ec500000)
  to   space 1024K, 0% used [0x00000000ec580000,0x00000000ec580000,0x00000000ec680000)
 ParOldGen       total 68608K, used 21025K [0x00000000c0000000, 0x00000000c4300000, 0x00000000eab00000)
  object space 68608K, 30% used [0x00000000c0000000,0x00000000c1488648,0x00000000c4300000)
 Metaspace       used 34668K, committed 35840K, reserved 1114112K
  class space    used 3488K, committed 4032K, reserved 1048576K
}
Event: 25.419 GC heap after
{Heap after GC invocations=15 (full 2):
 PSYoungGen      total 23040K, used 0K [0x00000000eab00000, 0x00000000ec680000, 0x0000000100000000)
  eden space 22016K, 0% used [0x00000000eab00000,0x00000000eab00000,0x00000000ec080000)
  from space 1024K, 0% used [0x00000000ec400000,0x00000000ec400000,0x00000000ec500000)
  to   space 1024K, 0% used [0x00000000ec580000,0x00000000ec580000,0x00000000ec680000)
 ParOldGen       total 68608K, used 19468K [0x00000000c0000000, 0x00000000c4300000, 0x00000000eab00000)
  object space 68608K, 28% used [0x00000000c0000000,0x00000000c1303168,0x00000000c4300000)
 Metaspace       used 34668K, committed 35840K, reserved 1114112K
  class space    used 3488K, committed 4032K, reserved 1048576K
}
Event: 27.633 GC heap before
{Heap before GC invocations=16 (full 2):
 PSYoungGen      total 23040K, used 22016K [0x00000000eab00000, 0x00000000ec680000, 0x0000000100000000)
  eden space 22016K, 100% used [0x00000000eab00000,0x00000000ec080000,0x00000000ec080000)
  from space 1024K, 0% used [0x00000000ec400000,0x00000000ec400000,0x00000000ec500000)
  to   space 1024K, 0% used [0x00000000ec580000,0x00000000ec580000,0x00000000ec680000)
 ParOldGen       total 68608K, used 19468K [0x00000000c0000000, 0x00000000c4300000, 0x00000000eab00000)
  object space 68608K, 28% used [0x00000000c0000000,0x00000000c1303168,0x00000000c4300000)
 Metaspace       used 36714K, committed 37952K, reserved 1114112K
  class space    used 3745K, committed 4288K, reserved 1048576K
}
Event: 27.636 GC heap after
{Heap after GC invocations=16 (full 2):
 PSYoungGen      total 23040K, used 1008K [0x00000000eab00000, 0x00000000ec680000, 0x0000000100000000)
  eden space 22016K, 0% used [0x00000000eab00000,0x00000000eab00000,0x00000000ec080000)
  from space 1024K, 98% used [0x00000000ec580000,0x00000000ec67c010,0x00000000ec680000)
  to   space 2560K, 0% used [0x00000000ec180000,0x00000000ec180000,0x00000000ec400000)
 ParOldGen       total 68608K, used 20420K [0x00000000c0000000, 0x00000000c4300000, 0x00000000eab00000)
  object space 68608K, 29% used [0x00000000c0000000,0x00000000c13f1188,0x00000000c4300000)
 Metaspace       used 36714K, committed 37952K, reserved 1114112K
  class space    used 3745K, committed 4288K, reserved 1048576K
}

