# JRE version: OpenJDK Runtime Environment Temurin-21.0.8+9 (21.0.8+9) (build 21.0.8+9-LTS)
# Java VM: OpenJDK 64-Bit Server VM Temurin-21.0.8+9 (21.0.8+9-LTS, mixed mode, sharing, tiered, compressed oops, compressed class ptrs, parallel gc, windows-amd64)
GC Precious Log:
 CardTable entry size: 512
 CPUs: 8 total, 8 available
 Memory: 40743M
 Large Page Support: Disabled
 NUMA Support: Disabled
 Compressed Oops: Enabled (32-bit)
 Alignments: Space 512K, Generation 512K, Heap 2M
 Heap Min Capacity: 100M
 Heap Initial Capacity: 100M
 Heap Max Capacity: 2G
 Pre-touch: Disabled
 Parallel Workers: 8
Heap:
 PSYoungGen      total 7680K, used 7433K [0x00000000d5580000, 0x00000000d5e80000, 0x0000000100000000)
  eden space 6144K, 100% used [0x00000000d5580000,0x00000000d5b80000,0x00000000d5b80000)
  from space 1536K, 83% used [0x00000000d5b80000,0x00000000d5cc2780,0x00000000d5d00000)
  to   space 1536K, 66% used [0x00000000d5d00000,0x00000000d5dff568,0x00000000d5e80000)
 ParOldGen       total 132096K, used 132088K [0x0000000080000000, 0x0000000088100000, 0x00000000d5580000)
  object space 132096K, 99% used [0x0000000080000000,0x00000000880fe1b8,0x0000000088100000)
 Metaspace       used 64612K, committed 66048K, reserved 1114112K
  class space    used 6504K, committed 7168K, reserved 1048576K
GC Heap History (20 events):
Event: 249.356 GC heap before
{Heap before GC invocations=113 (full 3):
 PSYoungGen      total 8192K, used 7583K [0x00000000d5580000, 0x00000000d5f00000, 0x0000000100000000)
  eden space 6656K, 99% used [0x00000000d5580000,0x00000000d5bffff8,0x00000000d5c00000)
  from space 1536K, 60% used [0x00000000d5c80000,0x00000000d5d68000,0x00000000d5e00000)
  to   space 1024K, 0% used [0x00000000d5e00000,0x00000000d5e00000,0x00000000d5f00000)
 ParOldGen       total 124928K, used 124478K [0x0000000080000000, 0x0000000087a00000, 0x00000000d5580000)
  object space 124928K, 99% used [0x0000000080000000,0x000000008798fbe0,0x0000000087a00000)
 Metaspace       used 64549K, committed 65984K, reserved 1114112K
  class space    used 6500K, committed 7168K, reserved 1048576K
}
Event: 249.358 GC heap after
{Heap after GC invocations=113 (full 3):
 PSYoungGen      total 7680K, used 784K [0x00000000d5580000, 0x00000000d5f00000, 0x0000000100000000)
  eden space 6656K, 0% used [0x00000000d5580000,0x00000000d5580000,0x00000000d5c00000)
  from space 1024K, 76% used [0x00000000d5e00000,0x00000000d5ec4010,0x00000000d5f00000)
  to   space 1024K, 0% used [0x00000000d5d00000,0x00000000d5d00000,0x00000000d5e00000)
 ParOldGen       total 125440K, used 125177K [0x0000000080000000, 0x0000000087a80000, 0x00000000d5580000)
  object space 125440K, 99% used [0x0000000080000000,0x0000000087a3e550,0x0000000087a80000)
 Metaspace       used 64549K, committed 65984K, reserved 1114112K
  class space    used 6500K, committed 7168K, reserved 1048576K
}
Event: 255.154 GC heap before
{Heap before GC invocations=114 (full 3):
 PSYoungGen      total 7680K, used 7440K [0x00000000d5580000, 0x00000000d5f00000, 0x0000000100000000)
  eden space 6656K, 100% used [0x00000000d5580000,0x00000000d5c00000,0x00000000d5c00000)
  from space 1024K, 76% used [0x00000000d5e00000,0x00000000d5ec4010,0x00000000d5f00000)
  to   space 1024K, 0% used [0x00000000d5d00000,0x00000000d5d00000,0x00000000d5e00000)
 ParOldGen       total 125440K, used 125177K [0x0000000080000000, 0x0000000087a80000, 0x00000000d5580000)
  object space 125440K, 99% used [0x0000000080000000,0x0000000087a3e550,0x0000000087a80000)
 Metaspace       used 64549K, committed 65984K, reserved 1114112K
  class space    used 6500K, committed 7168K, reserved 1048576K
}
Event: 255.157 GC heap after
{Heap after GC invocations=114 (full 3):
 PSYoungGen      total 7680K, used 688K [0x00000000d5580000, 0x00000000d5e80000, 0x0000000100000000)
  eden space 6656K, 0% used [0x00000000d5580000,0x00000000d5580000,0x00000000d5c00000)
  from space 1024K, 67% used [0x00000000d5d00000,0x00000000d5dac208,0x00000000d5e00000)
  to   space 512K, 0% used [0x00000000d5e00000,0x00000000d5e00000,0x00000000d5e80000)
 ParOldGen       total 125952K, used 125487K [0x0000000080000000, 0x0000000087b00000, 0x00000000d5580000)
  object space 125952K, 99% used [0x0000000080000000,0x0000000087a8bd08,0x0000000087b00000)
 Metaspace       used 64549K, committed 65984K, reserved 1114112K
  class space    used 6500K, committed 7168K, reserved 1048576K
}
Event: 255.750 GC heap before
{Heap before GC invocations=115 (full 3):
 PSYoungGen      total 7680K, used 7344K [0x00000000d5580000, 0x00000000d5e80000, 0x0000000100000000)
  eden space 6656K, 100% used [0x00000000d5580000,0x00000000d5c00000,0x00000000d5c00000)
  from space 1024K, 67% used [0x00000000d5d00000,0x00000000d5dac208,0x00000000d5e00000)
  to   space 512K, 0% used [0x00000000d5e00000,0x00000000d5e00000,0x00000000d5e80000)
 ParOldGen       total 125952K, used 125487K [0x0000000080000000, 0x0000000087b00000, 0x00000000d5580000)
  object space 125952K, 99% used [0x0000000080000000,0x0000000087a8bd08,0x0000000087b00000)
 Metaspace       used 64554K, committed 65984K, reserved 1114112K
  class space    used 6500K, committed 7168K, reserved 1048576K
}
Event: 255.753 GC heap after
{Heap after GC invocations=115 (full 3):
 PSYoungGen      total 7168K, used 512K [0x00000000d5580000, 0x00000000d5f00000, 0x0000000100000000)
  eden space 6656K, 0% used [0x00000000d5580000,0x00000000d5580000,0x00000000d5c00000)
  from space 512K, 100% used [0x00000000d5e00000,0x00000000d5e80000,0x00000000d5e80000)
  to   space 1536K, 0% used [0x00000000d5c00000,0x00000000d5c00000,0x00000000d5d80000)
 ParOldGen       total 126464K, used 126208K [0x0000000080000000, 0x0000000087b80000, 0x00000000d5580000)
  object space 126464K, 99% used [0x0000000080000000,0x0000000087b402b0,0x0000000087b80000)
 Metaspace       used 64554K, committed 65984K, reserved 1114112K
  class space    used 6500K, committed 7168K, reserved 1048576K
}
Event: 256.247 GC heap before
{Heap before GC invocations=116 (full 3):
 PSYoungGen      total 7168K, used 7168K [0x00000000d5580000, 0x00000000d5f00000, 0x0000000100000000)
  eden space 6656K, 100% used [0x00000000d5580000,0x00000000d5c00000,0x00000000d5c00000)
  from space 512K, 100% used [0x00000000d5e00000,0x00000000d5e80000,0x00000000d5e80000)
  to   space 1536K, 0% used [0x00000000d5c00000,0x00000000d5c00000,0x00000000d5d80000)
 ParOldGen       total 126464K, used 126208K [0x0000000080000000, 0x0000000087b80000, 0x00000000d5580000)
  object space 126464K, 99% used [0x0000000080000000,0x0000000087b402b0,0x0000000087b80000)
 Metaspace       used 64557K, committed 65984K, reserved 1114112K
  class space    used 6500K, committed 7168K, reserved 1048576K
}
Event: 256.249 GC heap after
{Heap after GC invocations=116 (full 3):
 PSYoungGen      total 8192K, used 736K [0x00000000d5580000, 0x00000000d5e80000, 0x0000000100000000)
  eden space 6656K, 0% used [0x00000000d5580000,0x00000000d5580000,0x00000000d5c00000)
  from space 1536K, 47% used [0x00000000d5c00000,0x00000000d5cb8000,0x00000000d5d80000)
  to   space 1024K, 0% used [0x00000000d5d80000,0x00000000d5d80000,0x00000000d5e80000)
 ParOldGen       total 126976K, used 126552K [0x0000000080000000, 0x0000000087c00000, 0x00000000d5580000)
  object space 126976K, 99% used [0x0000000080000000,0x0000000087b96160,0x0000000087c00000)
 Metaspace       used 64557K, committed 65984K, reserved 1114112K
  class space    used 6500K, committed 7168K, reserved 1048576K
}
Event: 256.764 GC heap before
{Heap before GC invocations=117 (full 3):
 PSYoungGen      total 8192K, used 7391K [0x00000000d5580000, 0x00000000d5e80000, 0x0000000100000000)
  eden space 6656K, 99% used [0x00000000d5580000,0x00000000d5bffff0,0x00000000d5c00000)
  from space 1536K, 47% used [0x00000000d5c00000,0x00000000d5cb8000,0x00000000d5d80000)
  to   space 1024K, 0% used [0x00000000d5d80000,0x00000000d5d80000,0x00000000d5e80000)
 ParOldGen       total 126976K, used 126552K [0x0000000080000000, 0x0000000087c00000, 0x00000000d5580000)
  object space 126976K, 99% used [0x0000000080000000,0x0000000087b96160,0x0000000087c00000)
 Metaspace       used 64557K, committed 65984K, reserved 1114112K
  class space    used 6500K, committed 7168K, reserved 1048576K
}
Event: 256.767 GC heap after
{Heap after GC invocations=117 (full 3):
 PSYoungGen      total 7168K, used 1019K [0x00000000d5580000, 0x00000000d6000000, 0x0000000100000000)
  eden space 6144K, 0% used [0x00000000d5580000,0x00000000d5580000,0x00000000d5b80000)
  from space 1024K, 99% used [0x00000000d5d80000,0x00000000d5e7edc0,0x00000000d5e80000)
  to   space 2048K, 0% used [0x00000000d5b80000,0x00000000d5b80000,0x00000000d5d80000)
 ParOldGen       total 127488K, used 127067K [0x0000000080000000, 0x0000000087c80000, 0x00000000d5580000)
  object space 127488K, 99% used [0x0000000080000000,0x0000000087c16e48,0x0000000087c80000)
 Metaspace       used 64557K, committed 65984K, reserved 1114112K
  class space    used 6500K, committed 7168K, reserved 1048576K
}
Event: 257.610 GC heap before
{Heap before GC invocations=118 (full 3):
 PSYoungGen      total 7168K, used 7163K [0x00000000d5580000, 0x00000000d6000000, 0x0000000100000000)
  eden space 6144K, 100% used [0x00000000d5580000,0x00000000d5b80000,0x00000000d5b80000)
  from space 1024K, 99% used [0x00000000d5d80000,0x00000000d5e7edc0,0x00000000d5e80000)
  to   space 2048K, 0% used [0x00000000d5b80000,0x00000000d5b80000,0x00000000d5d80000)
 ParOldGen       total 127488K, used 127067K [0x0000000080000000, 0x0000000087c80000, 0x00000000d5580000)
  object space 127488K, 99% used [0x0000000080000000,0x0000000087c16e48,0x0000000087c80000)
 Metaspace       used 64565K, committed 65984K, reserved 1114112K
  class space    used 6500K, committed 7168K, reserved 1048576K
}
Event: 257.613 GC heap after
{Heap after GC invocations=118 (full 3):
 PSYoungGen      total 7168K, used 768K [0x00000000d5580000, 0x00000000d5e80000, 0x0000000100000000)
  eden space 6144K, 0% used [0x00000000d5580000,0x00000000d5580000,0x00000000d5b80000)
  from space 1024K, 75% used [0x00000000d5b80000,0x00000000d5c40000,0x00000000d5c80000)
  to   space 1536K, 0% used [0x00000000d5d00000,0x00000000d5d00000,0x00000000d5e80000)
 ParOldGen       total 128000K, used 127670K [0x0000000080000000, 0x0000000087d00000, 0x00000000d5580000)
  object space 128000K, 99% used [0x0000000080000000,0x0000000087cadbc8,0x0000000087d00000)
 Metaspace       used 64565K, committed 65984K, reserved 1114112K
  class space    used 6500K, committed 7168K, reserved 1048576K
}
Event: 258.272 GC heap before
{Heap before GC invocations=119 (full 3):
 PSYoungGen      total 7168K, used 6912K [0x00000000d5580000, 0x00000000d5e80000, 0x0000000100000000)
  eden space 6144K, 100% used [0x00000000d5580000,0x00000000d5b80000,0x00000000d5b80000)
  from space 1024K, 75% used [0x00000000d5b80000,0x00000000d5c40000,0x00000000d5c80000)
  to   space 1536K, 0% used [0x00000000d5d00000,0x00000000d5d00000,0x00000000d5e80000)
 ParOldGen       total 128000K, used 127670K [0x0000000080000000, 0x0000000087d00000, 0x00000000d5580000)
  object space 128000K, 99% used [0x0000000080000000,0x0000000087cadbc8,0x0000000087d00000)
 Metaspace       used 64590K, committed 66048K, reserved 1114112K
  class space    used 6504K, committed 7168K, reserved 1048576K
}
Event: 258.276 GC heap after
{Heap after GC invocations=119 (full 3):
 PSYoungGen      total 7168K, used 700K [0x00000000d5580000, 0x00000000d5e00000, 0x0000000100000000)
  eden space 6144K, 0% used [0x00000000d5580000,0x00000000d5580000,0x00000000d5b80000)
  from space 1024K, 68% used [0x00000000d5d00000,0x00000000d5daf3a8,0x00000000d5e00000)
  to   space 1024K, 0% used [0x00000000d5b80000,0x00000000d5b80000,0x00000000d5c80000)
 ParOldGen       total 128512K, used 128086K [0x0000000080000000, 0x0000000087d80000, 0x00000000d5580000)
  object space 128512K, 99% used [0x0000000080000000,0x0000000087d15bc8,0x0000000087d80000)
 Metaspace       used 64590K, committed 66048K, reserved 1114112K
  class space    used 6504K, committed 7168K, reserved 1048576K
}
Event: 263.316 GC heap before
{Heap before GC invocations=120 (full 3):
 PSYoungGen      total 7168K, used 6844K [0x00000000d5580000, 0x00000000d5e00000, 0x0000000100000000)
  eden space 6144K, 100% used [0x00000000d5580000,0x00000000d5b80000,0x00000000d5b80000)
  from space 1024K, 68% used [0x00000000d5d00000,0x00000000d5daf3a8,0x00000000d5e00000)
  to   space 1024K, 0% used [0x00000000d5b80000,0x00000000d5b80000,0x00000000d5c80000)
 ParOldGen       total 128512K, used 128086K [0x0000000080000000, 0x0000000087d80000, 0x00000000d5580000)
  object space 128512K, 99% used [0x0000000080000000,0x0000000087d15bc8,0x0000000087d80000)
 Metaspace       used 64605K, committed 66048K, reserved 1114112K
  class space    used 6504K, committed 7168K, reserved 1048576K
}
Event: 263.319 GC heap after
{Heap after GC invocations=120 (full 3):
 PSYoungGen      total 7168K, used 1001K [0x00000000d5580000, 0x00000000d5f80000, 0x0000000100000000)
  eden space 6144K, 0% used [0x00000000d5580000,0x00000000d5580000,0x00000000d5b80000)
  from space 1024K, 97% used [0x00000000d5b80000,0x00000000d5c7a540,0x00000000d5c80000)
  to   space 2048K, 0% used [0x00000000d5d80000,0x00000000d5d80000,0x00000000d5f80000)
 ParOldGen       total 129024K, used 128785K [0x0000000080000000, 0x0000000087e00000, 0x00000000d5580000)
  object space 129024K, 99% used [0x0000000080000000,0x0000000087dc44a8,0x0000000087e00000)
 Metaspace       used 64605K, committed 66048K, reserved 1114112K
  class space    used 6504K, committed 7168K, reserved 1048576K
}
Event: 263.781 GC heap before
{Heap before GC invocations=121 (full 3):
 PSYoungGen      total 7168K, used 7145K [0x00000000d5580000, 0x00000000d5f80000, 0x0000000100000000)
  eden space 6144K, 100% used [0x00000000d5580000,0x00000000d5b80000,0x00000000d5b80000)
  from space 1024K, 97% used [0x00000000d5b80000,0x00000000d5c7a540,0x00000000d5c80000)
  to   space 2048K, 0% used [0x00000000d5d80000,0x00000000d5d80000,0x00000000d5f80000)
 ParOldGen       total 129024K, used 128785K [0x0000000080000000, 0x0000000087e00000, 0x00000000d5580000)
  object space 129024K, 99% used [0x0000000080000000,0x0000000087dc44a8,0x0000000087e00000)
 Metaspace       used 64605K, committed 66048K, reserved 1114112K
  class space    used 6504K, committed 7168K, reserved 1048576K
}
Event: 263.784 GC heap after
{Heap after GC invocations=121 (full 3):
 PSYoungGen      total 8192K, used 1606K [0x00000000d5580000, 0x00000000d5f80000, 0x0000000100000000)
  eden space 6144K, 0% used [0x00000000d5580000,0x00000000d5580000,0x00000000d5b80000)
  from space 2048K, 78% used [0x00000000d5d80000,0x00000000d5f11870,0x00000000d5f80000)
  to   space 2048K, 0% used [0x00000000d5b80000,0x00000000d5b80000,0x00000000d5d80000)
 ParOldGen       total 130048K, used 129784K [0x0000000080000000, 0x0000000087f00000, 0x00000000d5580000)
  object space 130048K, 99% used [0x0000000080000000,0x0000000087ebe2f8,0x0000000087f00000)
 Metaspace       used 64605K, committed 66048K, reserved 1114112K
  class space    used 6504K, committed 7168K, reserved 1048576K
}
Event: 266.978 GC heap before
{Heap before GC invocations=122 (full 3):
 PSYoungGen      total 8192K, used 7750K [0x00000000d5580000, 0x00000000d5f80000, 0x0000000100000000)
  eden space 6144K, 100% used [0x00000000d5580000,0x00000000d5b80000,0x00000000d5b80000)
  from space 2048K, 78% used [0x00000000d5d80000,0x00000000d5f11870,0x00000000d5f80000)
  to   space 2048K, 0% used [0x00000000d5b80000,0x00000000d5b80000,0x00000000d5d80000)
 ParOldGen       total 130048K, used 129784K [0x0000000080000000, 0x0000000087f00000, 0x00000000d5580000)
  object space 130048K, 99% used [0x0000000080000000,0x0000000087ebe2f8,0x0000000087f00000)
 Metaspace       used 64605K, committed 66048K, reserved 1114112K
  class space    used 6504K, committed 7168K, reserved 1048576K
}
Event: 266.981 GC heap after
{Heap after GC invocations=122 (full 3):
 PSYoungGen      total 7680K, used 1289K [0x00000000d5580000, 0x00000000d5e80000, 0x0000000100000000)
  eden space 6144K, 0% used [0x00000000d5580000,0x00000000d5580000,0x00000000d5b80000)
  from space 1536K, 83% used [0x00000000d5b80000,0x00000000d5cc2780,0x00000000d5d00000)
  to   space 1536K, 0% used [0x00000000d5d00000,0x00000000d5d00000,0x00000000d5e80000)
 ParOldGen       total 131584K, used 131276K [0x0000000080000000, 0x0000000088080000, 0x00000000d5580000)
  object space 131584K, 99% used [0x0000000080000000,0x0000000088033290,0x0000000088080000)
 Metaspace       used 64605K, committed 66048K, reserved 1114112K
  class space    used 6504K, committed 7168K, reserved 1048576K
}

