# JRE version: Java(TM) SE Runtime Environment (17.0.15+9) (build 17.0.15+9-LTS-241)
# Java VM: Java HotSpot(TM) 64-Bit Server VM (17.0.15+9-LTS-241, mixed mode, sharing, tiered, compressed oops, compressed class ptrs, g1 gc, windows-amd64)
GC Precious Log:
 CPUs: 8 total, 8 available
 Memory: 40743M
 Large Page Support: Disabled
 NUMA Support: Disabled
 Compressed Oops: Enabled (Zero based)
 Heap Region Size: 8M
 Heap Min Capacity: 8M
 Heap Initial Capacity: 640M
 Heap Max Capacity: 10192M
 Pre-touch: Disabled
 Parallel Workers: 8
 Concurrent Workers: 2
 Concurrent Refinement Workers: 8
 Periodic GC: Disabled
Heap:
 garbage-first heap   total 98304K, used 42651K [0x0000000583000000, 0x0000000800000000)
  region size 8192K, 3 young (24576K), 1 survivors (8192K)
 Metaspace       used 51804K, committed 52480K, reserved 1114112K
  class space    used 6271K, committed 6592K, reserved 1048576K
GC Heap History (20 events):
Event: 10371.087 GC heap before
{Heap before GC invocations=39 (full 2):
 garbage-first heap   total 98304K, used 67211K [0x0000000583000000, 0x0000000800000000)
  region size 8192K, 5 young (40960K), 1 survivors (8192K)
 Metaspace       used 51520K, committed 52160K, reserved 1114112K
  class space    used 6268K, committed 6592K, reserved 1048576K
}
Event: 10371.096 GC heap after
{Heap after GC invocations=40 (full 2):
 garbage-first heap   total 98304K, used 34331K [0x0000000583000000, 0x0000000800000000)
  region size 8192K, 1 young (8192K), 1 survivors (8192K)
 Metaspace       used 51520K, committed 52160K, reserved 1114112K
  class space    used 6268K, committed 6592K, reserved 1048576K
}
Event: 11141.505 GC heap before
{Heap before GC invocations=40 (full 2):
 garbage-first heap   total 98304K, used 67099K [0x0000000583000000, 0x0000000800000000)
  region size 8192K, 5 young (40960K), 1 survivors (8192K)
 Metaspace       used 51553K, committed 52224K, reserved 1114112K
  class space    used 6268K, committed 6592K, reserved 1048576K
}
Event: 11141.512 GC heap after
{Heap after GC invocations=41 (full 2):
 garbage-first heap   total 98304K, used 34365K [0x0000000583000000, 0x0000000800000000)
  region size 8192K, 1 young (8192K), 1 survivors (8192K)
 Metaspace       used 51553K, committed 52224K, reserved 1114112K
  class space    used 6268K, committed 6592K, reserved 1048576K
}
Event: 11745.548 GC heap before
{Heap before GC invocations=41 (full 2):
 garbage-first heap   total 98304K, used 58941K [0x0000000583000000, 0x0000000800000000)
  region size 8192K, 4 young (32768K), 1 survivors (8192K)
 Metaspace       used 51582K, committed 52224K, reserved 1114112K
  class space    used 6268K, committed 6592K, reserved 1048576K
}
Event: 11745.551 GC heap after
{Heap after GC invocations=42 (full 2):
 garbage-first heap   total 98304K, used 34408K [0x0000000583000000, 0x0000000800000000)
  region size 8192K, 1 young (8192K), 1 survivors (8192K)
 Metaspace       used 51582K, committed 52224K, reserved 1114112K
  class space    used 6268K, committed 6592K, reserved 1048576K
}
Event: 12309.399 GC heap before
{Heap before GC invocations=42 (full 2):
 garbage-first heap   total 98304K, used 58984K [0x0000000583000000, 0x0000000800000000)
  region size 8192K, 4 young (32768K), 1 survivors (8192K)
 Metaspace       used 51616K, committed 52288K, reserved 1114112K
  class space    used 6268K, committed 6592K, reserved 1048576K
}
Event: 12309.403 GC heap after
{Heap after GC invocations=43 (full 2):
 garbage-first heap   total 98304K, used 34386K [0x0000000583000000, 0x0000000800000000)
  region size 8192K, 1 young (8192K), 1 survivors (8192K)
 Metaspace       used 51616K, committed 52288K, reserved 1114112K
  class space    used 6268K, committed 6592K, reserved 1048576K
}
Event: 12912.702 GC heap before
{Heap before GC invocations=43 (full 2):
 garbage-first heap   total 98304K, used 58962K [0x0000000583000000, 0x0000000800000000)
  region size 8192K, 4 young (32768K), 1 survivors (8192K)
 Metaspace       used 51620K, committed 52288K, reserved 1114112K
  class space    used 6268K, committed 6592K, reserved 1048576K
}
Event: 12912.705 GC heap after
{Heap after GC invocations=44 (full 2):
 garbage-first heap   total 98304K, used 34400K [0x0000000583000000, 0x0000000800000000)
  region size 8192K, 1 young (8192K), 1 survivors (8192K)
 Metaspace       used 51620K, committed 52288K, reserved 1114112K
  class space    used 6268K, committed 6592K, reserved 1048576K
}
Event: 13481.280 GC heap before
{Heap before GC invocations=44 (full 2):
 garbage-first heap   total 98304K, used 58976K [0x0000000583000000, 0x0000000800000000)
  region size 8192K, 4 young (32768K), 1 survivors (8192K)
 Metaspace       used 51664K, committed 52288K, reserved 1114112K
  class space    used 6268K, committed 6592K, reserved 1048576K
}
Event: 13481.286 GC heap after
{Heap after GC invocations=45 (full 2):
 garbage-first heap   total 98304K, used 34382K [0x0000000583000000, 0x0000000800000000)
  region size 8192K, 1 young (8192K), 1 survivors (8192K)
 Metaspace       used 51664K, committed 52288K, reserved 1114112K
  class space    used 6268K, committed 6592K, reserved 1048576K
}
Event: 14087.908 GC heap before
{Heap before GC invocations=45 (full 2):
 garbage-first heap   total 98304K, used 58958K [0x0000000583000000, 0x0000000800000000)
  region size 8192K, 4 young (32768K), 1 survivors (8192K)
 Metaspace       used 51689K, committed 52352K, reserved 1114112K
  class space    used 6268K, committed 6592K, reserved 1048576K
}
Event: 14087.913 GC heap after
{Heap after GC invocations=46 (full 2):
 garbage-first heap   total 98304K, used 34403K [0x0000000583000000, 0x0000000800000000)
  region size 8192K, 1 young (8192K), 1 survivors (8192K)
 Metaspace       used 51689K, committed 52352K, reserved 1114112K
  class space    used 6268K, committed 6592K, reserved 1048576K
}
Event: 14658.445 GC heap before
{Heap before GC invocations=46 (full 2):
 garbage-first heap   total 98304K, used 58979K [0x0000000583000000, 0x0000000800000000)
  region size 8192K, 4 young (32768K), 1 survivors (8192K)
 Metaspace       used 51699K, committed 52352K, reserved 1114112K
  class space    used 6268K, committed 6592K, reserved 1048576K
}
Event: 14658.449 GC heap after
{Heap after GC invocations=47 (full 2):
 garbage-first heap   total 98304K, used 34409K [0x0000000583000000, 0x0000000800000000)
  region size 8192K, 1 young (8192K), 1 survivors (8192K)
 Metaspace       used 51699K, committed 52352K, reserved 1114112K
  class space    used 6268K, committed 6592K, reserved 1048576K
}
Event: 15314.259 GC heap before
{Heap before GC invocations=47 (full 2):
 garbage-first heap   total 98304K, used 58985K [0x0000000583000000, 0x0000000800000000)
  region size 8192K, 4 young (32768K), 1 survivors (8192K)
 Metaspace       used 51737K, committed 52352K, reserved 1114112K
  class space    used 6270K, committed 6592K, reserved 1048576K
}
Event: 15314.263 GC heap after
{Heap after GC invocations=48 (full 2):
 garbage-first heap   total 98304K, used 34437K [0x0000000583000000, 0x0000000800000000)
  region size 8192K, 1 young (8192K), 1 survivors (8192K)
 Metaspace       used 51737K, committed 52352K, reserved 1114112K
  class space    used 6270K, committed 6592K, reserved 1048576K
}
Event: 15974.678 GC heap before
{Heap before GC invocations=48 (full 2):
 garbage-first heap   total 98304K, used 59013K [0x0000000583000000, 0x0000000800000000)
  region size 8192K, 4 young (32768K), 1 survivors (8192K)
 Metaspace       used 51778K, committed 52480K, reserved 1114112K
  class space    used 6270K, committed 6592K, reserved 1048576K
}
Event: 15974.681 GC heap after
{Heap after GC invocations=49 (full 2):
 garbage-first heap   total 98304K, used 34459K [0x0000000583000000, 0x0000000800000000)
  region size 8192K, 1 young (8192K), 1 survivors (8192K)
 Metaspace       used 51778K, committed 52480K, reserved 1114112K
  class space    used 6270K, committed 6592K, reserved 1048576K
}

