# JRE version: Java(TM) SE Runtime Environment (17.0.15+9) (build 17.0.15+9-LTS-241)
# Java VM: Java HotSpot(TM) 64-Bit Server VM (17.0.15+9-LTS-241, mixed mode, sharing, tiered, compressed oops, compressed class ptrs, g1 gc, windows-amd64)
GC Precious Log:
 CPUs: 8 total, 8 available
 Memory: 40743M
 Large Page Support: Disabled
 NUMA Support: Disabled
 Compressed Oops: Enabled (Zero based)
 Heap Region Size: 8M
 Heap Min Capacity: 8M
 Heap Initial Capacity: 640M
 Heap Max Capacity: 10192M
 Pre-touch: Disabled
 Parallel Workers: 8
 Concurrent Workers: 2
 Concurrent Refinement Workers: 8
 Periodic GC: Disabled
Heap:
 garbage-first heap   total 81920K, used 38723K [0x0000000583000000, 0x0000000800000000)
  region size 8192K, 3 young (24576K), 1 survivors (8192K)
 Metaspace       used 49850K, committed 50496K, reserved 1114112K
  class space    used 6118K, committed 6400K, reserved 1048576K
GC Heap History (20 events):
Event: 17010.782 GC heap before
{Heap before GC invocations=43 (full 0):
 garbage-first heap   total 81920K, used 55090K [0x0000000583000000, 0x0000000800000000)
  region size 8192K, 4 young (32768K), 1 survivors (8192K)
 Metaspace       used 49533K, committed 50112K, reserved 1114112K
  class space    used 6105K, committed 6400K, reserved 1048576K
}
Event: 17010.785 GC heap after
{Heap after GC invocations=44 (full 0):
 garbage-first heap   total 81920K, used 30532K [0x0000000583000000, 0x0000000800000000)
  region size 8192K, 1 young (8192K), 1 survivors (8192K)
 Metaspace       used 49533K, committed 50112K, reserved 1114112K
  class space    used 6105K, committed 6400K, reserved 1048576K
}
Event: 17602.579 GC heap before
{Heap before GC invocations=44 (full 0):
 garbage-first heap   total 81920K, used 55108K [0x0000000583000000, 0x0000000800000000)
  region size 8192K, 4 young (32768K), 1 survivors (8192K)
 Metaspace       used 49544K, committed 50112K, reserved 1114112K
  class space    used 6105K, committed 6400K, reserved 1048576K
}
Event: 17602.582 GC heap after
{Heap after GC invocations=45 (full 0):
 garbage-first heap   total 81920K, used 30558K [0x0000000583000000, 0x0000000800000000)
  region size 8192K, 1 young (8192K), 1 survivors (8192K)
 Metaspace       used 49544K, committed 50112K, reserved 1114112K
  class space    used 6105K, committed 6400K, reserved 1048576K
}
Event: 18188.577 GC heap before
{Heap before GC invocations=45 (full 0):
 garbage-first heap   total 81920K, used 55134K [0x0000000583000000, 0x0000000800000000)
  region size 8192K, 4 young (32768K), 1 survivors (8192K)
 Metaspace       used 49550K, committed 50176K, reserved 1114112K
  class space    used 6105K, committed 6400K, reserved 1048576K
}
Event: 18188.580 GC heap after
{Heap after GC invocations=46 (full 0):
 garbage-first heap   total 81920K, used 30542K [0x0000000583000000, 0x0000000800000000)
  region size 8192K, 1 young (8192K), 1 survivors (8192K)
 Metaspace       used 49550K, committed 50176K, reserved 1114112K
  class space    used 6105K, committed 6400K, reserved 1048576K
}
Event: 18776.237 GC heap before
{Heap before GC invocations=46 (full 0):
 garbage-first heap   total 81920K, used 55118K [0x0000000583000000, 0x0000000800000000)
  region size 8192K, 4 young (32768K), 1 survivors (8192K)
 Metaspace       used 49557K, committed 50176K, reserved 1114112K
  class space    used 6105K, committed 6400K, reserved 1048576K
}
Event: 18776.240 GC heap after
{Heap after GC invocations=47 (full 0):
 garbage-first heap   total 81920K, used 30538K [0x0000000583000000, 0x0000000800000000)
  region size 8192K, 1 young (8192K), 1 survivors (8192K)
 Metaspace       used 49557K, committed 50176K, reserved 1114112K
  class space    used 6105K, committed 6400K, reserved 1048576K
}
Event: 19365.054 GC heap before
{Heap before GC invocations=47 (full 0):
 garbage-first heap   total 81920K, used 55114K [0x0000000583000000, 0x0000000800000000)
  region size 8192K, 4 young (32768K), 1 survivors (8192K)
 Metaspace       used 49577K, committed 50176K, reserved 1114112K
  class space    used 6105K, committed 6400K, reserved 1048576K
}
Event: 19365.056 GC heap after
{Heap after GC invocations=48 (full 0):
 garbage-first heap   total 81920K, used 30566K [0x0000000583000000, 0x0000000800000000)
  region size 8192K, 1 young (8192K), 1 survivors (8192K)
 Metaspace       used 49577K, committed 50176K, reserved 1114112K
  class space    used 6105K, committed 6400K, reserved 1048576K
}
Event: 19948.869 GC heap before
{Heap before GC invocations=48 (full 0):
 garbage-first heap   total 81920K, used 55142K [0x0000000583000000, 0x0000000800000000)
  region size 8192K, 4 young (32768K), 1 survivors (8192K)
 Metaspace       used 49579K, committed 50176K, reserved 1114112K
  class space    used 6105K, committed 6400K, reserved 1048576K
}
Event: 19948.873 GC heap after
{Heap after GC invocations=49 (full 0):
 garbage-first heap   total 81920K, used 30587K [0x0000000583000000, 0x0000000800000000)
  region size 8192K, 1 young (8192K), 1 survivors (8192K)
 Metaspace       used 49579K, committed 50176K, reserved 1114112K
  class space    used 6105K, committed 6400K, reserved 1048576K
}
Event: 20536.035 GC heap before
{Heap before GC invocations=49 (full 0):
 garbage-first heap   total 81920K, used 55163K [0x0000000583000000, 0x0000000800000000)
  region size 8192K, 4 young (32768K), 1 survivors (8192K)
 Metaspace       used 49611K, committed 50240K, reserved 1114112K
  class space    used 6105K, committed 6400K, reserved 1048576K
}
Event: 20536.037 GC heap after
{Heap after GC invocations=50 (full 0):
 garbage-first heap   total 81920K, used 30600K [0x0000000583000000, 0x0000000800000000)
  region size 8192K, 1 young (8192K), 1 survivors (8192K)
 Metaspace       used 49611K, committed 50240K, reserved 1114112K
  class space    used 6105K, committed 6400K, reserved 1048576K
}
Event: 21122.373 GC heap before
{Heap before GC invocations=50 (full 0):
 garbage-first heap   total 81920K, used 55176K [0x0000000583000000, 0x0000000800000000)
  region size 8192K, 4 young (32768K), 1 survivors (8192K)
 Metaspace       used 49625K, committed 50240K, reserved 1114112K
  class space    used 6105K, committed 6400K, reserved 1048576K
}
Event: 21122.375 GC heap after
{Heap after GC invocations=51 (full 0):
 garbage-first heap   total 81920K, used 30598K [0x0000000583000000, 0x0000000800000000)
  region size 8192K, 1 young (8192K), 1 survivors (8192K)
 Metaspace       used 49625K, committed 50240K, reserved 1114112K
  class space    used 6105K, committed 6400K, reserved 1048576K
}
Event: 21725.862 GC heap before
{Heap before GC invocations=51 (full 0):
 garbage-first heap   total 81920K, used 55174K [0x0000000583000000, 0x0000000800000000)
  region size 8192K, 4 young (32768K), 1 survivors (8192K)
 Metaspace       used 49633K, committed 50240K, reserved 1114112K
  class space    used 6105K, committed 6400K, reserved 1048576K
}
Event: 21725.864 GC heap after
{Heap after GC invocations=52 (full 0):
 garbage-first heap   total 81920K, used 30619K [0x0000000583000000, 0x0000000800000000)
  region size 8192K, 1 young (8192K), 1 survivors (8192K)
 Metaspace       used 49633K, committed 50240K, reserved 1114112K
  class space    used 6105K, committed 6400K, reserved 1048576K
}
Event: 22234.228 GC heap before
{Heap before GC invocations=52 (full 0):
 garbage-first heap   total 81920K, used 47003K [0x0000000583000000, 0x0000000800000000)
  region size 8192K, 4 young (32768K), 1 survivors (8192K)
 Metaspace       used 49798K, committed 50368K, reserved 1114112K
  class space    used 6117K, committed 6400K, reserved 1048576K
}
Event: 22234.232 GC heap after
{Heap after GC invocations=53 (full 0):
 garbage-first heap   total 81920K, used 30531K [0x0000000583000000, 0x0000000800000000)
  region size 8192K, 1 young (8192K), 1 survivors (8192K)
 Metaspace       used 49798K, committed 50368K, reserved 1114112K
  class space    used 6117K, committed 6400K, reserved 1048576K
}

