# JRE version: OpenJDK Runtime Environment Temurin-21.0.8+9 (21.0.8+9) (build 21.0.8+9-LTS)
# Java VM: OpenJDK 64-Bit Server VM Temurin-21.0.8+9 (21.0.8+9-LTS, mixed mode, sharing, tiered, compressed oops, compressed class ptrs, parallel gc, windows-amd64)
GC Precious Log:
 CardTable entry size: 512
 CPUs: 8 total, 8 available
 Memory: 40743M
 Large Page Support: Disabled
 NUMA Support: Disabled
 Compressed Oops: Enabled (32-bit)
 Alignments: Space 512K, Generation 512K, Heap 2M
 Heap Min Capacity: 100M
 Heap Initial Capacity: 100M
 Heap Max Capacity: 2G
 Pre-touch: Disabled
 Parallel Workers: 8
Heap:
 PSYoungGen      total 1536K, used 747K [0x00000000d5580000, 0x00000000d5880000, 0x0000000100000000)
  eden space 1024K, 24% used [0x00000000d5580000,0x00000000d55be430,0x00000000d5680000)
  from space 512K, 97% used [0x00000000d5680000,0x00000000d56fcac8,0x00000000d5700000)
  to   space 1024K, 0% used [0x00000000d5780000,0x00000000d5780000,0x00000000d5880000)
 ParOldGen       total 257024K, used 256980K [0x0000000080000000, 0x000000008fb00000, 0x00000000d5580000)
  object space 257024K, 99% used [0x0000000080000000,0x000000008faf5310,0x000000008fb00000)
 Metaspace       used 67285K, committed 68864K, reserved 1114112K
  class space    used 6987K, committed 7680K, reserved 1048576K
GC Heap History (20 events):
Event: 100.426 GC heap before
{Heap before GC invocations=541 (full 3):
 PSYoungGen      total 1536K, used 1536K [0x00000000d5580000, 0x00000000d5780000, 0x0000000100000000)
  eden space 1024K, 100% used [0x00000000d5580000,0x00000000d5680000,0x00000000d5680000)
  from space 512K, 100% used [0x00000000d5680000,0x00000000d5700000,0x00000000d5700000)
  to   space 512K, 0% used [0x00000000d5700000,0x00000000d5700000,0x00000000d5780000)
 ParOldGen       total 253952K, used 253535K [0x0000000080000000, 0x000000008f800000, 0x00000000d5580000)
  object space 253952K, 99% used [0x0000000080000000,0x000000008f797cb8,0x000000008f800000)
 Metaspace       used 66786K, committed 68288K, reserved 1114112K
  class space    used 6924K, committed 7552K, reserved 1048576K
}
Event: 101.438 GC heap after
{Heap after GC invocations=541 (full 3):
 PSYoungGen      total 1024K, used 512K [0x00000000d5580000, 0x00000000d5a80000, 0x0000000100000000)
  eden space 512K, 0% used [0x00000000d5580000,0x00000000d5580000,0x00000000d5600000)
  from space 512K, 100% used [0x00000000d5700000,0x00000000d5780000,0x00000000d5780000)
  to   space 1024K, 0% used [0x00000000d5600000,0x00000000d5600000,0x00000000d5700000)
 ParOldGen       total 254976K, used 254551K [0x0000000080000000, 0x000000008f900000, 0x00000000d5580000)
  object space 254976K, 99% used [0x0000000080000000,0x000000008f895cb8,0x000000008f900000)
 Metaspace       used 66786K, committed 68288K, reserved 1114112K
  class space    used 6924K, committed 7552K, reserved 1048576K
}
Event: 101.444 GC heap before
{Heap before GC invocations=542 (full 3):
 PSYoungGen      total 1024K, used 1024K [0x00000000d5580000, 0x00000000d5a80000, 0x0000000100000000)
  eden space 512K, 100% used [0x00000000d5580000,0x00000000d5600000,0x00000000d5600000)
  from space 512K, 100% used [0x00000000d5700000,0x00000000d5780000,0x00000000d5780000)
  to   space 1024K, 0% used [0x00000000d5600000,0x00000000d5600000,0x00000000d5700000)
 ParOldGen       total 254976K, used 254551K [0x0000000080000000, 0x000000008f900000, 0x00000000d5580000)
  object space 254976K, 99% used [0x0000000080000000,0x000000008f895cb8,0x000000008f900000)
 Metaspace       used 66786K, committed 68288K, reserved 1114112K
  class space    used 6924K, committed 7552K, reserved 1048576K
}
Event: 101.446 GC heap after
{Heap after GC invocations=542 (full 3):
 PSYoungGen      total 1536K, used 608K [0x00000000d5580000, 0x00000000d5800000, 0x0000000100000000)
  eden space 512K, 0% used [0x00000000d5580000,0x00000000d5580000,0x00000000d5600000)
  from space 1024K, 59% used [0x00000000d5600000,0x00000000d5698000,0x00000000d5700000)
  to   space 1024K, 0% used [0x00000000d5700000,0x00000000d5700000,0x00000000d5800000)
 ParOldGen       total 255488K, used 255095K [0x0000000080000000, 0x000000008f980000, 0x00000000d5580000)
  object space 255488K, 99% used [0x0000000080000000,0x000000008f91dcb8,0x000000008f980000)
 Metaspace       used 66786K, committed 68288K, reserved 1114112K
  class space    used 6924K, committed 7552K, reserved 1048576K
}
Event: 101.687 GC heap before
{Heap before GC invocations=543 (full 3):
 PSYoungGen      total 1536K, used 1119K [0x00000000d5580000, 0x00000000d5800000, 0x0000000100000000)
  eden space 512K, 99% used [0x00000000d5580000,0x00000000d55fff60,0x00000000d5600000)
  from space 1024K, 59% used [0x00000000d5600000,0x00000000d5698000,0x00000000d5700000)
  to   space 1024K, 0% used [0x00000000d5700000,0x00000000d5700000,0x00000000d5800000)
 ParOldGen       total 255488K, used 255095K [0x0000000080000000, 0x000000008f980000, 0x00000000d5580000)
  object space 255488K, 99% used [0x0000000080000000,0x000000008f91dcb8,0x000000008f980000)
 Metaspace       used 66803K, committed 68288K, reserved 1114112K
  class space    used 6925K, committed 7552K, reserved 1048576K
}
Event: 101.688 GC heap after
{Heap after GC invocations=543 (full 3):
 PSYoungGen      total 1536K, used 192K [0x00000000d5580000, 0x00000000d5780000, 0x0000000100000000)
  eden space 1024K, 0% used [0x00000000d5580000,0x00000000d5580000,0x00000000d5680000)
  from space 512K, 37% used [0x00000000d5700000,0x00000000d5730000,0x00000000d5780000)
  to   space 512K, 0% used [0x00000000d5680000,0x00000000d5680000,0x00000000d5700000)
 ParOldGen       total 256000K, used 255583K [0x0000000080000000, 0x000000008fa00000, 0x00000000d5580000)
  object space 256000K, 99% used [0x0000000080000000,0x000000008f997cb8,0x000000008fa00000)
 Metaspace       used 66803K, committed 68288K, reserved 1114112K
  class space    used 6925K, committed 7552K, reserved 1048576K
}
Event: 102.008 GC heap before
{Heap before GC invocations=544 (full 3):
 PSYoungGen      total 1536K, used 1216K [0x00000000d5580000, 0x00000000d5780000, 0x0000000100000000)
  eden space 1024K, 100% used [0x00000000d5580000,0x00000000d5680000,0x00000000d5680000)
  from space 512K, 37% used [0x00000000d5700000,0x00000000d5730000,0x00000000d5780000)
  to   space 512K, 0% used [0x00000000d5680000,0x00000000d5680000,0x00000000d5700000)
 ParOldGen       total 256000K, used 255583K [0x0000000080000000, 0x000000008fa00000, 0x00000000d5580000)
  object space 256000K, 99% used [0x0000000080000000,0x000000008f997cb8,0x000000008fa00000)
 Metaspace       used 66849K, committed 68352K, reserved 1114112K
  class space    used 6930K, committed 7552K, reserved 1048576K
}
Event: 102.009 GC heap after
{Heap after GC invocations=544 (full 3):
 PSYoungGen      total 1536K, used 224K [0x00000000d5580000, 0x00000000d5780000, 0x0000000100000000)
  eden space 1024K, 0% used [0x00000000d5580000,0x00000000d5580000,0x00000000d5680000)
  from space 512K, 43% used [0x00000000d5680000,0x00000000d56b8000,0x00000000d5700000)
  to   space 512K, 0% used [0x00000000d5700000,0x00000000d5700000,0x00000000d5780000)
 ParOldGen       total 256000K, used 255623K [0x0000000080000000, 0x000000008fa00000, 0x00000000d5580000)
  object space 256000K, 99% used [0x0000000080000000,0x000000008f9a1cb8,0x000000008fa00000)
 Metaspace       used 66849K, committed 68352K, reserved 1114112K
  class space    used 6930K, committed 7552K, reserved 1048576K
}
Event: 102.053 GC heap before
{Heap before GC invocations=545 (full 3):
 PSYoungGen      total 1536K, used 1248K [0x00000000d5580000, 0x00000000d5780000, 0x0000000100000000)
  eden space 1024K, 100% used [0x00000000d5580000,0x00000000d5680000,0x00000000d5680000)
  from space 512K, 43% used [0x00000000d5680000,0x00000000d56b8000,0x00000000d5700000)
  to   space 512K, 0% used [0x00000000d5700000,0x00000000d5700000,0x00000000d5780000)
 ParOldGen       total 256000K, used 255623K [0x0000000080000000, 0x000000008fa00000, 0x00000000d5580000)
  object space 256000K, 99% used [0x0000000080000000,0x000000008f9a1cb8,0x000000008fa00000)
 Metaspace       used 66966K, committed 68416K, reserved 1114112K
  class space    used 6949K, committed 7552K, reserved 1048576K
}
Event: 102.054 GC heap after
{Heap after GC invocations=545 (full 3):
 PSYoungGen      total 1536K, used 390K [0x00000000d5580000, 0x00000000d5780000, 0x0000000100000000)
  eden space 1024K, 0% used [0x00000000d5580000,0x00000000d5580000,0x00000000d5680000)
  from space 512K, 76% used [0x00000000d5700000,0x00000000d5761920,0x00000000d5780000)
  to   space 512K, 0% used [0x00000000d5680000,0x00000000d5680000,0x00000000d5700000)
 ParOldGen       total 256000K, used 255695K [0x0000000080000000, 0x000000008fa00000, 0x00000000d5580000)
  object space 256000K, 99% used [0x0000000080000000,0x000000008f9b3cb8,0x000000008fa00000)
 Metaspace       used 66966K, committed 68416K, reserved 1114112K
  class space    used 6949K, committed 7552K, reserved 1048576K
}
Event: 102.101 GC heap before
{Heap before GC invocations=546 (full 3):
 PSYoungGen      total 1536K, used 1414K [0x00000000d5580000, 0x00000000d5780000, 0x0000000100000000)
  eden space 1024K, 100% used [0x00000000d5580000,0x00000000d5680000,0x00000000d5680000)
  from space 512K, 76% used [0x00000000d5700000,0x00000000d5761920,0x00000000d5780000)
  to   space 512K, 0% used [0x00000000d5680000,0x00000000d5680000,0x00000000d5700000)
 ParOldGen       total 256000K, used 255695K [0x0000000080000000, 0x000000008fa00000, 0x00000000d5580000)
  object space 256000K, 99% used [0x0000000080000000,0x000000008f9b3cb8,0x000000008fa00000)
 Metaspace       used 67128K, committed 68608K, reserved 1114112K
  class space    used 6961K, committed 7552K, reserved 1048576K
}
Event: 102.103 GC heap after
{Heap after GC invocations=546 (full 3):
 PSYoungGen      total 1536K, used 320K [0x00000000d5580000, 0x00000000d5780000, 0x0000000100000000)
  eden space 1024K, 0% used [0x00000000d5580000,0x00000000d5580000,0x00000000d5680000)
  from space 512K, 62% used [0x00000000d5680000,0x00000000d56d0000,0x00000000d5700000)
  to   space 512K, 0% used [0x00000000d5700000,0x00000000d5700000,0x00000000d5780000)
 ParOldGen       total 256512K, used 256024K [0x0000000080000000, 0x000000008fa80000, 0x00000000d5580000)
  object space 256512K, 99% used [0x0000000080000000,0x000000008fa06158,0x000000008fa80000)
 Metaspace       used 67128K, committed 68608K, reserved 1114112K
  class space    used 6961K, committed 7552K, reserved 1048576K
}
Event: 102.125 GC heap before
{Heap before GC invocations=547 (full 3):
 PSYoungGen      total 1536K, used 1344K [0x00000000d5580000, 0x00000000d5780000, 0x0000000100000000)
  eden space 1024K, 100% used [0x00000000d5580000,0x00000000d5680000,0x00000000d5680000)
  from space 512K, 62% used [0x00000000d5680000,0x00000000d56d0000,0x00000000d5700000)
  to   space 512K, 0% used [0x00000000d5700000,0x00000000d5700000,0x00000000d5780000)
 ParOldGen       total 256512K, used 256024K [0x0000000080000000, 0x000000008fa80000, 0x00000000d5580000)
  object space 256512K, 99% used [0x0000000080000000,0x000000008fa06158,0x000000008fa80000)
 Metaspace       used 67171K, committed 68672K, reserved 1114112K
  class space    used 6968K, committed 7616K, reserved 1048576K
}
Event: 102.127 GC heap after
{Heap after GC invocations=547 (full 3):
 PSYoungGen      total 1536K, used 368K [0x00000000d5580000, 0x00000000d5780000, 0x0000000100000000)
  eden space 1024K, 0% used [0x00000000d5580000,0x00000000d5580000,0x00000000d5680000)
  from space 512K, 71% used [0x00000000d5700000,0x00000000d575c010,0x00000000d5780000)
  to   space 512K, 0% used [0x00000000d5680000,0x00000000d5680000,0x00000000d5700000)
 ParOldGen       total 256512K, used 256232K [0x0000000080000000, 0x000000008fa80000, 0x00000000d5580000)
  object space 256512K, 99% used [0x0000000080000000,0x000000008fa3a158,0x000000008fa80000)
 Metaspace       used 67171K, committed 68672K, reserved 1114112K
  class space    used 6968K, committed 7616K, reserved 1048576K
}
Event: 102.137 GC heap before
{Heap before GC invocations=548 (full 3):
 PSYoungGen      total 1536K, used 1378K [0x00000000d5580000, 0x00000000d5780000, 0x0000000100000000)
  eden space 1024K, 98% used [0x00000000d5580000,0x00000000d567c808,0x00000000d5680000)
  from space 512K, 71% used [0x00000000d5700000,0x00000000d575c010,0x00000000d5780000)
  to   space 512K, 0% used [0x00000000d5680000,0x00000000d5680000,0x00000000d5700000)
 ParOldGen       total 256512K, used 256232K [0x0000000080000000, 0x000000008fa80000, 0x00000000d5580000)
  object space 256512K, 99% used [0x0000000080000000,0x000000008fa3a158,0x000000008fa80000)
 Metaspace       used 67188K, committed 68672K, reserved 1114112K
  class space    used 6969K, committed 7616K, reserved 1048576K
}
Event: 102.138 GC heap after
{Heap after GC invocations=548 (full 3):
 PSYoungGen      total 1536K, used 416K [0x00000000d5580000, 0x00000000d5780000, 0x0000000100000000)
  eden space 1024K, 0% used [0x00000000d5580000,0x00000000d5580000,0x00000000d5680000)
  from space 512K, 81% used [0x00000000d5680000,0x00000000d56e8020,0x00000000d5700000)
  to   space 512K, 0% used [0x00000000d5700000,0x00000000d5700000,0x00000000d5780000)
 ParOldGen       total 256512K, used 256424K [0x0000000080000000, 0x000000008fa80000, 0x00000000d5580000)
  object space 256512K, 99% used [0x0000000080000000,0x000000008fa6a158,0x000000008fa80000)
 Metaspace       used 67188K, committed 68672K, reserved 1114112K
  class space    used 6969K, committed 7616K, reserved 1048576K
}
Event: 102.172 GC heap before
{Heap before GC invocations=549 (full 3):
 PSYoungGen      total 1536K, used 1439K [0x00000000d5580000, 0x00000000d5780000, 0x0000000100000000)
  eden space 1024K, 99% used [0x00000000d5580000,0x00000000d567ffb8,0x00000000d5680000)
  from space 512K, 81% used [0x00000000d5680000,0x00000000d56e8020,0x00000000d5700000)
  to   space 512K, 0% used [0x00000000d5700000,0x00000000d5700000,0x00000000d5780000)
 ParOldGen       total 256512K, used 256424K [0x0000000080000000, 0x000000008fa80000, 0x00000000d5580000)
  object space 256512K, 99% used [0x0000000080000000,0x000000008fa6a158,0x000000008fa80000)
 Metaspace       used 67233K, committed 68800K, reserved 1114112K
  class space    used 6979K, committed 7680K, reserved 1048576K
}
Event: 105.213 GC heap after
{Heap after GC invocations=549 (full 3):
 PSYoungGen      total 1536K, used 192K [0x00000000d5580000, 0x00000000d5780000, 0x0000000100000000)
  eden space 1024K, 0% used [0x00000000d5580000,0x00000000d5580000,0x00000000d5680000)
  from space 512K, 37% used [0x00000000d5700000,0x00000000d5730000,0x00000000d5780000)
  to   space 512K, 0% used [0x00000000d5680000,0x00000000d5680000,0x00000000d5700000)
 ParOldGen       total 257024K, used 256704K [0x0000000080000000, 0x000000008fb00000, 0x00000000d5580000)
  object space 257024K, 99% used [0x0000000080000000,0x000000008fab0178,0x000000008fb00000)
 Metaspace       used 67233K, committed 68800K, reserved 1114112K
  class space    used 6979K, committed 7680K, reserved 1048576K
}
Event: 109.280 GC heap before
{Heap before GC invocations=550 (full 3):
 PSYoungGen      total 1536K, used 1216K [0x00000000d5580000, 0x00000000d5780000, 0x0000000100000000)
  eden space 1024K, 100% used [0x00000000d5580000,0x00000000d5680000,0x00000000d5680000)
  from space 512K, 37% used [0x00000000d5700000,0x00000000d5730000,0x00000000d5780000)
  to   space 512K, 0% used [0x00000000d5680000,0x00000000d5680000,0x00000000d5700000)
 ParOldGen       total 257024K, used 256704K [0x0000000080000000, 0x000000008fb00000, 0x00000000d5580000)
  object space 257024K, 99% used [0x0000000080000000,0x000000008fab0178,0x000000008fb00000)
 Metaspace       used 67251K, committed 68864K, reserved 1114112K
  class space    used 6981K, committed 7680K, reserved 1048576K
}
Event: 109.281 GC heap after
{Heap after GC invocations=550 (full 3):
 PSYoungGen      total 1536K, used 432K [0x00000000d5580000, 0x00000000d5800000, 0x0000000100000000)
  eden space 1024K, 0% used [0x00000000d5580000,0x00000000d5580000,0x00000000d5680000)
  from space 512K, 84% used [0x00000000d5680000,0x00000000d56ec010,0x00000000d5700000)
  to   space 512K, 0% used [0x00000000d5780000,0x00000000d5780000,0x00000000d5800000)
 ParOldGen       total 257024K, used 256816K [0x0000000080000000, 0x000000008fb00000, 0x00000000d5580000)
  object space 257024K, 99% used [0x0000000080000000,0x000000008facc188,0x000000008fb00000)
 Metaspace       used 67251K, committed 68864K, reserved 1114112K
  class space    used 6981K, committed 7680K, reserved 1048576K
}

