# JRE version: OpenJDK Runtime Environment Temurin-21.0.8+9 (21.0.8+9) (build 21.0.8+9-LTS)
# Java VM: OpenJDK 64-Bit Server VM Temurin-21.0.8+9 (21.0.8+9-LTS, mixed mode, sharing, tiered, compressed oops, compressed class ptrs, parallel gc, windows-amd64)
GC Precious Log:
 CardTable entry size: 512
 CPUs: 8 total, 8 available
 Memory: 40743M
 Large Page Support: Disabled
 NUMA Support: Disabled
 Compressed Oops: Enabled (32-bit)
 Alignments: Space 512K, Generation 512K, Heap 2M
 Heap Min Capacity: 100M
 Heap Initial Capacity: 100M
 Heap Max Capacity: 2G
 Pre-touch: Disabled
 Parallel Workers: 8
Heap:
 PSYoungGen      total 3072K, used 2620K [0x00000000d5580000, 0x00000000d5a00000, 0x0000000100000000)
  eden space 2560K, 96% used [0x00000000d5580000,0x00000000d57e7220,0x00000000d5800000)
  from space 512K, 31% used [0x00000000d5800000,0x00000000d5828000,0x00000000d5880000)
  to   space 512K, 0% used [0x00000000d5980000,0x00000000d5980000,0x00000000d5a00000)
 ParOldGen       total 916992K, used 289562K [0x0000000080000000, 0x00000000b7f80000, 0x00000000d5580000)
  object space 916992K, 31% used [0x0000000080000000,0x0000000091ac6b58,0x00000000b7f80000)
 Metaspace       used 85175K, committed 87040K, reserved 1179648K
  class space    used 8525K, committed 9472K, reserved 1048576K
GC Heap History (20 events):
Event: 6682.072 GC heap before
{Heap before GC invocations=3371 (full 5):
 PSYoungGen      total 4096K, used 4064K [0x00000000d5580000, 0x00000000d5b00000, 0x0000000100000000)
  eden space 3584K, 100% used [0x00000000d5580000,0x00000000d5900000,0x00000000d5900000)
  from space 512K, 93% used [0x00000000d5980000,0x00000000d59f8000,0x00000000d5a00000)
  to   space 1024K, 0% used [0x00000000d5a00000,0x00000000d5a00000,0x00000000d5b00000)
 ParOldGen       total 916992K, used 286841K [0x0000000080000000, 0x00000000b7f80000, 0x00000000d5580000)
  object space 916992K, 31% used [0x0000000080000000,0x000000009181e5d8,0x00000000b7f80000)
 Metaspace       used 85097K, committed 87040K, reserved 1179648K
  class space    used 8523K, committed 9472K, reserved 1048576K
}
Event: 6682.074 GC heap after
{Heap after GC invocations=3371 (full 5):
 PSYoungGen      total 4096K, used 384K [0x00000000d5580000, 0x00000000d5a80000, 0x0000000100000000)
  eden space 3584K, 0% used [0x00000000d5580000,0x00000000d5580000,0x00000000d5900000)
  from space 512K, 75% used [0x00000000d5a00000,0x00000000d5a60000,0x00000000d5a80000)
  to   space 512K, 0% used [0x00000000d5980000,0x00000000d5980000,0x00000000d5a00000)
 ParOldGen       total 916992K, used 287169K [0x0000000080000000, 0x00000000b7f80000, 0x00000000d5580000)
  object space 916992K, 31% used [0x0000000080000000,0x00000000918705f8,0x00000000b7f80000)
 Metaspace       used 85097K, committed 87040K, reserved 1179648K
  class space    used 8523K, committed 9472K, reserved 1048576K
}
Event: 6682.088 GC heap before
{Heap before GC invocations=3372 (full 5):
 PSYoungGen      total 4096K, used 3968K [0x00000000d5580000, 0x00000000d5a80000, 0x0000000100000000)
  eden space 3584K, 100% used [0x00000000d5580000,0x00000000d5900000,0x00000000d5900000)
  from space 512K, 75% used [0x00000000d5a00000,0x00000000d5a60000,0x00000000d5a80000)
  to   space 512K, 0% used [0x00000000d5980000,0x00000000d5980000,0x00000000d5a00000)
 ParOldGen       total 916992K, used 287169K [0x0000000080000000, 0x00000000b7f80000, 0x00000000d5580000)
  object space 916992K, 31% used [0x0000000080000000,0x00000000918705f8,0x00000000b7f80000)
 Metaspace       used 85097K, committed 87040K, reserved 1179648K
  class space    used 8523K, committed 9472K, reserved 1048576K
}
Event: 6682.090 GC heap after
{Heap after GC invocations=3372 (full 5):
 PSYoungGen      total 4096K, used 501K [0x00000000d5580000, 0x00000000d5b00000, 0x0000000100000000)
  eden space 3584K, 0% used [0x00000000d5580000,0x00000000d5580000,0x00000000d5900000)
  from space 512K, 97% used [0x00000000d5980000,0x00000000d59fd528,0x00000000d5a00000)
  to   space 1024K, 0% used [0x00000000d5a00000,0x00000000d5a00000,0x00000000d5b00000)
 ParOldGen       total 916992K, used 287577K [0x0000000080000000, 0x00000000b7f80000, 0x00000000d5580000)
  object space 916992K, 31% used [0x0000000080000000,0x00000000918d6608,0x00000000b7f80000)
 Metaspace       used 85097K, committed 87040K, reserved 1179648K
  class space    used 8523K, committed 9472K, reserved 1048576K
}
Event: 6682.118 GC heap before
{Heap before GC invocations=3373 (full 5):
 PSYoungGen      total 4096K, used 4085K [0x00000000d5580000, 0x00000000d5b00000, 0x0000000100000000)
  eden space 3584K, 100% used [0x00000000d5580000,0x00000000d5900000,0x00000000d5900000)
  from space 512K, 97% used [0x00000000d5980000,0x00000000d59fd528,0x00000000d5a00000)
  to   space 1024K, 0% used [0x00000000d5a00000,0x00000000d5a00000,0x00000000d5b00000)
 ParOldGen       total 916992K, used 287577K [0x0000000080000000, 0x00000000b7f80000, 0x00000000d5580000)
  object space 916992K, 31% used [0x0000000080000000,0x00000000918d6608,0x00000000b7f80000)
 Metaspace       used 85125K, committed 87040K, reserved 1179648K
  class space    used 8523K, committed 9472K, reserved 1048576K
}
Event: 6682.120 GC heap after
{Heap after GC invocations=3373 (full 5):
 PSYoungGen      total 3584K, used 1015K [0x00000000d5580000, 0x00000000d5d00000, 0x0000000100000000)
  eden space 2560K, 0% used [0x00000000d5580000,0x00000000d5580000,0x00000000d5800000)
  from space 1024K, 99% used [0x00000000d5a00000,0x00000000d5afddd0,0x00000000d5b00000)
  to   space 2048K, 0% used [0x00000000d5800000,0x00000000d5800000,0x00000000d5a00000)
 ParOldGen       total 916992K, used 288150K [0x0000000080000000, 0x00000000b7f80000, 0x00000000d5580000)
  object space 916992K, 31% used [0x0000000080000000,0x0000000091965b50,0x00000000b7f80000)
 Metaspace       used 85125K, committed 87040K, reserved 1179648K
  class space    used 8523K, committed 9472K, reserved 1048576K
}
Event: 6682.136 GC heap before
{Heap before GC invocations=3374 (full 5):
 PSYoungGen      total 3584K, used 3575K [0x00000000d5580000, 0x00000000d5d00000, 0x0000000100000000)
  eden space 2560K, 100% used [0x00000000d5580000,0x00000000d5800000,0x00000000d5800000)
  from space 1024K, 99% used [0x00000000d5a00000,0x00000000d5afddd0,0x00000000d5b00000)
  to   space 2048K, 0% used [0x00000000d5800000,0x00000000d5800000,0x00000000d5a00000)
 ParOldGen       total 916992K, used 288150K [0x0000000080000000, 0x00000000b7f80000, 0x00000000d5580000)
  object space 916992K, 31% used [0x0000000080000000,0x0000000091965b50,0x00000000b7f80000)
 Metaspace       used 85127K, committed 87040K, reserved 1179648K
  class space    used 8523K, committed 9472K, reserved 1048576K
}
Event: 6682.139 GC heap after
{Heap after GC invocations=3374 (full 5):
 PSYoungGen      total 3072K, used 342K [0x00000000d5580000, 0x00000000d5a80000, 0x0000000100000000)
  eden space 2560K, 0% used [0x00000000d5580000,0x00000000d5580000,0x00000000d5800000)
  from space 512K, 66% used [0x00000000d5800000,0x00000000d5855888,0x00000000d5880000)
  to   space 1024K, 0% used [0x00000000d5980000,0x00000000d5980000,0x00000000d5a80000)
 ParOldGen       total 916992K, used 289120K [0x0000000080000000, 0x00000000b7f80000, 0x00000000d5580000)
  object space 916992K, 31% used [0x0000000080000000,0x0000000091a58050,0x00000000b7f80000)
 Metaspace       used 85127K, committed 87040K, reserved 1179648K
  class space    used 8523K, committed 9472K, reserved 1048576K
}
Event: 6682.152 GC heap before
{Heap before GC invocations=3375 (full 5):
 PSYoungGen      total 3072K, used 2902K [0x00000000d5580000, 0x00000000d5a80000, 0x0000000100000000)
  eden space 2560K, 100% used [0x00000000d5580000,0x00000000d5800000,0x00000000d5800000)
  from space 512K, 66% used [0x00000000d5800000,0x00000000d5855888,0x00000000d5880000)
  to   space 1024K, 0% used [0x00000000d5980000,0x00000000d5980000,0x00000000d5a80000)
 ParOldGen       total 916992K, used 289120K [0x0000000080000000, 0x00000000b7f80000, 0x00000000d5580000)
  object space 916992K, 31% used [0x0000000080000000,0x0000000091a58050,0x00000000b7f80000)
 Metaspace       used 85130K, committed 87040K, reserved 1179648K
  class space    used 8523K, committed 9472K, reserved 1048576K
}
Event: 6682.155 GC heap after
{Heap after GC invocations=3375 (full 5):
 PSYoungGen      total 3072K, used 224K [0x00000000d5580000, 0x00000000d5a00000, 0x0000000100000000)
  eden space 2560K, 0% used [0x00000000d5580000,0x00000000d5580000,0x00000000d5800000)
  from space 512K, 43% used [0x00000000d5980000,0x00000000d59b8000,0x00000000d5a00000)
  to   space 512K, 0% used [0x00000000d5800000,0x00000000d5800000,0x00000000d5880000)
 ParOldGen       total 916992K, used 289346K [0x0000000080000000, 0x00000000b7f80000, 0x00000000d5580000)
  object space 916992K, 31% used [0x0000000080000000,0x0000000091a90b58,0x00000000b7f80000)
 Metaspace       used 85130K, committed 87040K, reserved 1179648K
  class space    used 8523K, committed 9472K, reserved 1048576K
}
Event: 6682.167 GC heap before
{Heap before GC invocations=3376 (full 5):
 PSYoungGen      total 3072K, used 2784K [0x00000000d5580000, 0x00000000d5a00000, 0x0000000100000000)
  eden space 2560K, 100% used [0x00000000d5580000,0x00000000d5800000,0x00000000d5800000)
  from space 512K, 43% used [0x00000000d5980000,0x00000000d59b8000,0x00000000d5a00000)
  to   space 512K, 0% used [0x00000000d5800000,0x00000000d5800000,0x00000000d5880000)
 ParOldGen       total 916992K, used 289346K [0x0000000080000000, 0x00000000b7f80000, 0x00000000d5580000)
  object space 916992K, 31% used [0x0000000080000000,0x0000000091a90b58,0x00000000b7f80000)
 Metaspace       used 85131K, committed 87040K, reserved 1179648K
  class space    used 8523K, committed 9472K, reserved 1048576K
}
Event: 6682.168 GC heap after
{Heap after GC invocations=3376 (full 5):
 PSYoungGen      total 3072K, used 192K [0x00000000d5580000, 0x00000000d5a00000, 0x0000000100000000)
  eden space 2560K, 0% used [0x00000000d5580000,0x00000000d5580000,0x00000000d5800000)
  from space 512K, 37% used [0x00000000d5800000,0x00000000d5830000,0x00000000d5880000)
  to   space 512K, 0% used [0x00000000d5980000,0x00000000d5980000,0x00000000d5a00000)
 ParOldGen       total 916992K, used 289402K [0x0000000080000000, 0x00000000b7f80000, 0x00000000d5580000)
  object space 916992K, 31% used [0x0000000080000000,0x0000000091a9eb58,0x00000000b7f80000)
 Metaspace       used 85131K, committed 87040K, reserved 1179648K
  class space    used 8523K, committed 9472K, reserved 1048576K
}
Event: 6682.181 GC heap before
{Heap before GC invocations=3377 (full 5):
 PSYoungGen      total 3072K, used 2752K [0x00000000d5580000, 0x00000000d5a00000, 0x0000000100000000)
  eden space 2560K, 100% used [0x00000000d5580000,0x00000000d5800000,0x00000000d5800000)
  from space 512K, 37% used [0x00000000d5800000,0x00000000d5830000,0x00000000d5880000)
  to   space 512K, 0% used [0x00000000d5980000,0x00000000d5980000,0x00000000d5a00000)
 ParOldGen       total 916992K, used 289402K [0x0000000080000000, 0x00000000b7f80000, 0x00000000d5580000)
  object space 916992K, 31% used [0x0000000080000000,0x0000000091a9eb58,0x00000000b7f80000)
 Metaspace       used 85133K, committed 87040K, reserved 1179648K
  class space    used 8523K, committed 9472K, reserved 1048576K
}
Event: 6682.182 GC heap after
{Heap after GC invocations=3377 (full 5):
 PSYoungGen      total 3072K, used 128K [0x00000000d5580000, 0x00000000d5a00000, 0x0000000100000000)
  eden space 2560K, 0% used [0x00000000d5580000,0x00000000d5580000,0x00000000d5800000)
  from space 512K, 25% used [0x00000000d5980000,0x00000000d59a0000,0x00000000d5a00000)
  to   space 512K, 0% used [0x00000000d5800000,0x00000000d5800000,0x00000000d5880000)
 ParOldGen       total 916992K, used 289434K [0x0000000080000000, 0x00000000b7f80000, 0x00000000d5580000)
  object space 916992K, 31% used [0x0000000080000000,0x0000000091aa6b58,0x00000000b7f80000)
 Metaspace       used 85133K, committed 87040K, reserved 1179648K
  class space    used 8523K, committed 9472K, reserved 1048576K
}
Event: 6979.236 GC heap before
{Heap before GC invocations=3378 (full 5):
 PSYoungGen      total 3072K, used 2687K [0x00000000d5580000, 0x00000000d5a00000, 0x0000000100000000)
  eden space 2560K, 99% used [0x00000000d5580000,0x00000000d57ffff0,0x00000000d5800000)
  from space 512K, 25% used [0x00000000d5980000,0x00000000d59a0000,0x00000000d5a00000)
  to   space 512K, 0% used [0x00000000d5800000,0x00000000d5800000,0x00000000d5880000)
 ParOldGen       total 916992K, used 289434K [0x0000000080000000, 0x00000000b7f80000, 0x00000000d5580000)
  object space 916992K, 31% used [0x0000000080000000,0x0000000091aa6b58,0x00000000b7f80000)
 Metaspace       used 85147K, committed 87040K, reserved 1179648K
  class space    used 8525K, committed 9472K, reserved 1048576K
}
Event: 6979.238 GC heap after
{Heap after GC invocations=3378 (full 5):
 PSYoungGen      total 3072K, used 224K [0x00000000d5580000, 0x00000000d5a00000, 0x0000000100000000)
  eden space 2560K, 0% used [0x00000000d5580000,0x00000000d5580000,0x00000000d5800000)
  from space 512K, 43% used [0x00000000d5800000,0x00000000d5838000,0x00000000d5880000)
  to   space 512K, 0% used [0x00000000d5980000,0x00000000d5980000,0x00000000d5a00000)
 ParOldGen       total 916992K, used 289490K [0x0000000080000000, 0x00000000b7f80000, 0x00000000d5580000)
  object space 916992K, 31% used [0x0000000080000000,0x0000000091ab4b58,0x00000000b7f80000)
 Metaspace       used 85147K, committed 87040K, reserved 1179648K
  class space    used 8525K, committed 9472K, reserved 1048576K
}
Event: 10000.623 GC heap before
{Heap before GC invocations=3379 (full 5):
 PSYoungGen      total 3072K, used 2783K [0x00000000d5580000, 0x00000000d5a00000, 0x0000000100000000)
  eden space 2560K, 99% used [0x00000000d5580000,0x00000000d57ffff8,0x00000000d5800000)
  from space 512K, 43% used [0x00000000d5800000,0x00000000d5838000,0x00000000d5880000)
  to   space 512K, 0% used [0x00000000d5980000,0x00000000d5980000,0x00000000d5a00000)
 ParOldGen       total 916992K, used 289490K [0x0000000080000000, 0x00000000b7f80000, 0x00000000d5580000)
  object space 916992K, 31% used [0x0000000080000000,0x0000000091ab4b58,0x00000000b7f80000)
 Metaspace       used 85170K, committed 87040K, reserved 1179648K
  class space    used 8525K, committed 9472K, reserved 1048576K
}
Event: 10000.640 GC heap after
{Heap after GC invocations=3379 (full 5):
 PSYoungGen      total 3072K, used 256K [0x00000000d5580000, 0x00000000d5a00000, 0x0000000100000000)
  eden space 2560K, 0% used [0x00000000d5580000,0x00000000d5580000,0x00000000d5800000)
  from space 512K, 50% used [0x00000000d5980000,0x00000000d59c0000,0x00000000d5a00000)
  to   space 512K, 0% used [0x00000000d5800000,0x00000000d5800000,0x00000000d5880000)
 ParOldGen       total 916992K, used 289538K [0x0000000080000000, 0x00000000b7f80000, 0x00000000d5580000)
  object space 916992K, 31% used [0x0000000080000000,0x0000000091ac0b58,0x00000000b7f80000)
 Metaspace       used 85170K, committed 87040K, reserved 1179648K
  class space    used 8525K, committed 9472K, reserved 1048576K
}
Event: 15753.630 GC heap before
{Heap before GC invocations=3380 (full 5):
 PSYoungGen      total 3072K, used 2815K [0x00000000d5580000, 0x00000000d5a00000, 0x0000000100000000)
  eden space 2560K, 99% used [0x00000000d5580000,0x00000000d57ffff0,0x00000000d5800000)
  from space 512K, 50% used [0x00000000d5980000,0x00000000d59c0000,0x00000000d5a00000)
  to   space 512K, 0% used [0x00000000d5800000,0x00000000d5800000,0x00000000d5880000)
 ParOldGen       total 916992K, used 289538K [0x0000000080000000, 0x00000000b7f80000, 0x00000000d5580000)
  object space 916992K, 31% used [0x0000000080000000,0x0000000091ac0b58,0x00000000b7f80000)
 Metaspace       used 85175K, committed 87040K, reserved 1179648K
  class space    used 8525K, committed 9472K, reserved 1048576K
}
Event: 15753.715 GC heap after
{Heap after GC invocations=3380 (full 5):
 PSYoungGen      total 3072K, used 160K [0x00000000d5580000, 0x00000000d5a00000, 0x0000000100000000)
  eden space 2560K, 0% used [0x00000000d5580000,0x00000000d5580000,0x00000000d5800000)
  from space 512K, 31% used [0x00000000d5800000,0x00000000d5828000,0x00000000d5880000)
  to   space 512K, 0% used [0x00000000d5980000,0x00000000d5980000,0x00000000d5a00000)
 ParOldGen       total 916992K, used 289562K [0x0000000080000000, 0x00000000b7f80000, 0x00000000d5580000)
  object space 916992K, 31% used [0x0000000080000000,0x0000000091ac6b58,0x00000000b7f80000)
 Metaspace       used 85175K, committed 87040K, reserved 1179648K
  class space    used 8525K, committed 9472K, reserved 1048576K
}

