GC Precious Log:
 CPUs: 8 total, 8 available
 Memory: 32494M
 Large Page Support: Disabled
 NUMA Support: Disabled
 Compressed Oops: Enabled (Zero based)
 Heap Region Size: 4M
 Heap Min Capacity: 8M
 Heap Initial Capacity: 508M
 Heap Max Capacity: 8124M
 Pre-touch: Disabled
 Parallel Workers: 8
 Concurrent Workers: 2
 Concurrent Refinement Workers: 8
 Periodic GC: Disabled
Heap:
 garbage-first heap   total 86016K, used 51037K [0x0000000604400000, 0x0000000800000000)
  region size 4096K, 7 young (28672K), 1 survivors (4096K)
 Metaspace       used 47645K, committed 48192K, reserved 1114112K
  class space    used 5865K, committed 6144K, reserved 1048576K
GC Heap History (20 events):
Event: 20247.732 GC heap before
{Heap before GC invocations=31 (full 0):
 garbage-first heap   total 86016K, used 63233K [0x0000000604400000, 0x0000000800000000)
  region size 4096K, 9 young (36864K), 1 survivors (4096K)
 Metaspace       used 47481K, committed 48064K, reserved 1114112K
  class space    used 5856K, committed 6144K, reserved 1048576K
}
Event: 20247.737 GC heap after
{Heap after GC invocations=32 (full 0):
 garbage-first heap   total 86016K, used 30500K [0x0000000604400000, 0x0000000800000000)
  region size 4096K, 1 young (4096K), 1 survivors (4096K)
 Metaspace       used 47481K, committed 48064K, reserved 1114112K
  class space    used 5856K, committed 6144K, reserved 1048576K
}
Event: 21458.747 GC heap before
{Heap before GC invocations=32 (full 0):
 garbage-first heap   total 86016K, used 63268K [0x0000000604400000, 0x0000000800000000)
  region size 4096K, 9 young (36864K), 1 survivors (4096K)
 Metaspace       used 47497K, committed 48064K, reserved 1114112K
  class space    used 5856K, committed 6144K, reserved 1048576K
}
Event: 21458.749 GC heap after
{Heap after GC invocations=33 (full 0):
 garbage-first heap   total 86016K, used 30516K [0x0000000604400000, 0x0000000800000000)
  region size 4096K, 1 young (4096K), 1 survivors (4096K)
 Metaspace       used 47497K, committed 48064K, reserved 1114112K
  class space    used 5856K, committed 6144K, reserved 1048576K
}
Event: 22662.733 GC heap before
{Heap before GC invocations=33 (full 0):
 garbage-first heap   total 86016K, used 63284K [0x0000000604400000, 0x0000000800000000)
  region size 4096K, 9 young (36864K), 1 survivors (4096K)
 Metaspace       used 47513K, committed 48064K, reserved 1114112K
  class space    used 5856K, committed 6144K, reserved 1048576K
}
Event: 22662.736 GC heap after
{Heap after GC invocations=34 (full 0):
 garbage-first heap   total 86016K, used 30483K [0x0000000604400000, 0x0000000800000000)
  region size 4096K, 1 young (4096K), 1 survivors (4096K)
 Metaspace       used 47513K, committed 48064K, reserved 1114112K
  class space    used 5856K, committed 6144K, reserved 1048576K
}
Event: 23870.605 GC heap before
{Heap before GC invocations=34 (full 0):
 garbage-first heap   total 86016K, used 63251K [0x0000000604400000, 0x0000000800000000)
  region size 4096K, 9 young (36864K), 1 survivors (4096K)
 Metaspace       used 47537K, committed 48064K, reserved 1114112K
  class space    used 5856K, committed 6144K, reserved 1048576K
}
Event: 23870.610 GC heap after
{Heap after GC invocations=35 (full 0):
 garbage-first heap   total 86016K, used 30509K [0x0000000604400000, 0x0000000800000000)
  region size 4096K, 1 young (4096K), 1 survivors (4096K)
 Metaspace       used 47537K, committed 48064K, reserved 1114112K
  class space    used 5856K, committed 6144K, reserved 1048576K
}
Event: 25143.280 GC heap before
{Heap before GC invocations=35 (full 0):
 garbage-first heap   total 86016K, used 63277K [0x0000000604400000, 0x0000000800000000)
  region size 4096K, 9 young (36864K), 1 survivors (4096K)
 Metaspace       used 47537K, committed 48064K, reserved 1114112K
  class space    used 5856K, committed 6144K, reserved 1048576K
}
Event: 25143.290 GC heap after
{Heap after GC invocations=36 (full 0):
 garbage-first heap   total 86016K, used 30549K [0x0000000604400000, 0x0000000800000000)
  region size 4096K, 1 young (4096K), 1 survivors (4096K)
 Metaspace       used 47537K, committed 48064K, reserved 1114112K
  class space    used 5856K, committed 6144K, reserved 1048576K
}
Event: 26321.727 GC heap before
{Heap before GC invocations=36 (full 0):
 garbage-first heap   total 86016K, used 63317K [0x0000000604400000, 0x0000000800000000)
  region size 4096K, 9 young (36864K), 1 survivors (4096K)
 Metaspace       used 47544K, committed 48064K, reserved 1114112K
  class space    used 5856K, committed 6144K, reserved 1048576K
}
Event: 26321.730 GC heap after
{Heap after GC invocations=37 (full 0):
 garbage-first heap   total 86016K, used 30497K [0x0000000604400000, 0x0000000800000000)
  region size 4096K, 1 young (4096K), 1 survivors (4096K)
 Metaspace       used 47544K, committed 48064K, reserved 1114112K
  class space    used 5856K, committed 6144K, reserved 1048576K
}
Event: 27543.730 GC heap before
{Heap before GC invocations=37 (full 0):
 garbage-first heap   total 86016K, used 63265K [0x0000000604400000, 0x0000000800000000)
  region size 4096K, 9 young (36864K), 1 survivors (4096K)
 Metaspace       used 47553K, committed 48064K, reserved 1114112K
  class space    used 5857K, committed 6144K, reserved 1048576K
}
Event: 27543.734 GC heap after
{Heap after GC invocations=38 (full 0):
 garbage-first heap   total 86016K, used 30514K [0x0000000604400000, 0x0000000800000000)
  region size 4096K, 1 young (4096K), 1 survivors (4096K)
 Metaspace       used 47553K, committed 48064K, reserved 1114112K
  class space    used 5857K, committed 6144K, reserved 1048576K
}
Event: 28776.981 GC heap before
{Heap before GC invocations=38 (full 0):
 garbage-first heap   total 86016K, used 63282K [0x0000000604400000, 0x0000000800000000)
  region size 4096K, 9 young (36864K), 1 survivors (4096K)
 Metaspace       used 47568K, committed 48128K, reserved 1114112K
  class space    used 5857K, committed 6144K, reserved 1048576K
}
Event: 28776.995 GC heap after
{Heap after GC invocations=39 (full 0):
 garbage-first heap   total 86016K, used 30560K [0x0000000604400000, 0x0000000800000000)
  region size 4096K, 1 young (4096K), 1 survivors (4096K)
 Metaspace       used 47568K, committed 48128K, reserved 1114112K
  class space    used 5857K, committed 6144K, reserved 1048576K
}
Event: 29997.853 GC heap before
{Heap before GC invocations=39 (full 0):
 garbage-first heap   total 86016K, used 63328K [0x0000000604400000, 0x0000000800000000)
  region size 4096K, 9 young (36864K), 1 survivors (4096K)
 Metaspace       used 47581K, committed 48128K, reserved 1114112K
  class space    used 5857K, committed 6144K, reserved 1048576K
}
Event: 29997.857 GC heap after
{Heap after GC invocations=40 (full 0):
 garbage-first heap   total 86016K, used 30567K [0x0000000604400000, 0x0000000800000000)
  region size 4096K, 1 young (4096K), 1 survivors (4096K)
 Metaspace       used 47581K, committed 48128K, reserved 1114112K
  class space    used 5857K, committed 6144K, reserved 1048576K
}
Event: 31207.864 GC heap before
{Heap before GC invocations=40 (full 0):
 garbage-first heap   total 86016K, used 63335K [0x0000000604400000, 0x0000000800000000)
  region size 4096K, 9 young (36864K), 1 survivors (4096K)
 Metaspace       used 47594K, committed 48128K, reserved 1114112K
  class space    used 5857K, committed 6144K, reserved 1048576K
}
Event: 31207.867 GC heap after
{Heap after GC invocations=41 (full 0):
 garbage-first heap   total 86016K, used 30557K [0x0000000604400000, 0x0000000800000000)
  region size 4096K, 1 young (4096K), 1 survivors (4096K)
 Metaspace       used 47594K, committed 48128K, reserved 1114112K
  class space    used 5857K, committed 6144K, reserved 1048576K
}

