# JRE version: Java(TM) SE Runtime Environment (17.0.15+9) (build 17.0.15+9-LTS-241)
# Java VM: Java HotSpot(TM) 64-Bit Server VM (17.0.15+9-LTS-241, mixed mode, sharing, tiered, compressed oops, compressed class ptrs, g1 gc, windows-amd64)
GC Precious Log:
 CPUs: 8 total, 8 available
 Memory: 40743M
 Large Page Support: Disabled
 NUMA Support: Disabled
 Compressed Oops: Enabled (Zero based)
 Heap Region Size: 8M
 Heap Min Capacity: 8M
 Heap Initial Capacity: 640M
 Heap Max Capacity: 10192M
 Pre-touch: Disabled
 Parallel Workers: 8
 Concurrent Workers: 2
 Concurrent Refinement Workers: 8
 Periodic GC: Disabled
Heap:
 garbage-first heap   total 98304K, used 33014K [0x0000000583000000, 0x0000000800000000)
  region size 8192K, 2 young (16384K), 1 survivors (8192K)
 Metaspace       used 63191K, committed 63744K, reserved 1114112K
  class space    used 7951K, committed 8192K, reserved 1048576K
GC Heap History (20 events):
Event: 78522.575 GC heap before
{Heap before GC invocations=47 (full 0):
 garbage-first heap   total 81920K, used 57542K [0x0000000583000000, 0x0000000800000000)
  region size 8192K, 4 young (32768K), 1 survivors (8192K)
 Metaspace       used 62322K, committed 62912K, reserved 1114112K
  class space    used 7917K, committed 8192K, reserved 1048576K
}
Event: 78522.581 GC heap after
{Heap after GC invocations=48 (full 0):
 garbage-first heap   total 81920K, used 33008K [0x0000000583000000, 0x0000000800000000)
  region size 8192K, 1 young (8192K), 1 survivors (8192K)
 Metaspace       used 62322K, committed 62912K, reserved 1114112K
  class space    used 7917K, committed 8192K, reserved 1048576K
}
Event: 79448.988 GC heap before
{Heap before GC invocations=48 (full 0):
 garbage-first heap   total 81920K, used 57584K [0x0000000583000000, 0x0000000800000000)
  region size 8192K, 4 young (32768K), 1 survivors (8192K)
 Metaspace       used 62338K, committed 62912K, reserved 1114112K
  class space    used 7917K, committed 8192K, reserved 1048576K
}
Event: 79448.993 GC heap after
{Heap after GC invocations=49 (full 0):
 garbage-first heap   total 81920K, used 33004K [0x0000000583000000, 0x0000000800000000)
  region size 8192K, 1 young (8192K), 1 survivors (8192K)
 Metaspace       used 62338K, committed 62912K, reserved 1114112K
  class space    used 7917K, committed 8192K, reserved 1048576K
}
Event: 81546.568 GC heap before
{Heap before GC invocations=49 (full 0):
 garbage-first heap   total 81920K, used 57580K [0x0000000583000000, 0x0000000800000000)
  region size 8192K, 4 young (32768K), 1 survivors (8192K)
 Metaspace       used 62347K, committed 62912K, reserved 1114112K
  class space    used 7917K, committed 8192K, reserved 1048576K
}
Event: 81546.573 GC heap after
{Heap after GC invocations=50 (full 0):
 garbage-first heap   total 81920K, used 33082K [0x0000000583000000, 0x0000000800000000)
  region size 8192K, 1 young (8192K), 1 survivors (8192K)
 Metaspace       used 62347K, committed 62912K, reserved 1114112K
  class space    used 7917K, committed 8192K, reserved 1048576K
}
Event: 81831.105 GC heap before
{Heap before GC invocations=50 (full 0):
 garbage-first heap   total 81920K, used 41274K [0x0000000583000000, 0x0000000800000000)
  region size 8192K, 3 young (24576K), 1 survivors (8192K)
 Metaspace       used 62490K, committed 63040K, reserved 1114112K
  class space    used 7943K, committed 8192K, reserved 1048576K
}
Event: 81832.301 GC heap after
{Heap after GC invocations=51 (full 1):
 garbage-first heap   total 81920K, used 24772K [0x0000000583000000, 0x0000000800000000)
  region size 8192K, 0 young (0K), 0 survivors (0K)
 Metaspace       used 62141K, committed 63040K, reserved 1114112K
  class space    used 7873K, committed 8192K, reserved 1048576K
}
Event: 81843.257 GC heap before
{Heap before GC invocations=51 (full 1):
 garbage-first heap   total 81920K, used 57540K [0x0000000583000000, 0x0000000800000000)
  region size 8192K, 4 young (32768K), 0 survivors (0K)
 Metaspace       used 62499K, committed 63104K, reserved 1114112K
  class space    used 7917K, committed 8192K, reserved 1048576K
}
Event: 81843.263 GC heap after
{Heap after GC invocations=52 (full 1):
 garbage-first heap   total 81920K, used 27527K [0x0000000583000000, 0x0000000800000000)
  region size 8192K, 1 young (8192K), 1 survivors (8192K)
 Metaspace       used 62499K, committed 63104K, reserved 1114112K
  class space    used 7917K, committed 8192K, reserved 1048576K
}
Event: 81843.899 GC heap before
{Heap before GC invocations=52 (full 1):
 garbage-first heap   total 81920K, used 52103K [0x0000000583000000, 0x0000000800000000)
  region size 8192K, 4 young (32768K), 1 survivors (8192K)
 Metaspace       used 62592K, committed 63168K, reserved 1114112K
  class space    used 7922K, committed 8192K, reserved 1048576K
}
Event: 81843.903 GC heap after
{Heap after GC invocations=53 (full 1):
 garbage-first heap   total 81920K, used 28535K [0x0000000583000000, 0x0000000800000000)
  region size 8192K, 1 young (8192K), 1 survivors (8192K)
 Metaspace       used 62592K, committed 63168K, reserved 1114112K
  class space    used 7922K, committed 8192K, reserved 1048576K
}
Event: 81846.316 GC heap before
{Heap before GC invocations=53 (full 1):
 garbage-first heap   total 81920K, used 53111K [0x0000000583000000, 0x0000000800000000)
  region size 8192K, 4 young (32768K), 1 survivors (8192K)
 Metaspace       used 62862K, committed 63424K, reserved 1114112K
  class space    used 7936K, committed 8192K, reserved 1048576K
}
Event: 81846.325 GC heap after
{Heap after GC invocations=54 (full 1):
 garbage-first heap   total 81920K, used 30949K [0x0000000583000000, 0x0000000800000000)
  region size 8192K, 1 young (8192K), 1 survivors (8192K)
 Metaspace       used 62862K, committed 63424K, reserved 1114112K
  class space    used 7936K, committed 8192K, reserved 1048576K
}
Event: 81849.314 GC heap before
{Heap before GC invocations=54 (full 1):
 garbage-first heap   total 81920K, used 55525K [0x0000000583000000, 0x0000000800000000)
  region size 8192K, 4 young (32768K), 1 survivors (8192K)
 Metaspace       used 62984K, committed 63552K, reserved 1114112K
  class space    used 7938K, committed 8192K, reserved 1048576K
}
Event: 81849.319 GC heap after
{Heap after GC invocations=55 (full 1):
 garbage-first heap   total 81920K, used 32885K [0x0000000583000000, 0x0000000800000000)
  region size 8192K, 1 young (8192K), 1 survivors (8192K)
 Metaspace       used 62984K, committed 63552K, reserved 1114112K
  class space    used 7938K, committed 8192K, reserved 1048576K
}
Event: 81879.878 GC heap before
{Heap before GC invocations=55 (full 1):
 garbage-first heap   total 81920K, used 41077K [0x0000000583000000, 0x0000000800000000)
  region size 8192K, 3 young (24576K), 1 survivors (8192K)
 Metaspace       used 63152K, committed 63680K, reserved 1114112K
  class space    used 7958K, committed 8192K, reserved 1048576K
}
Event: 81879.887 GC heap after
{Heap after GC invocations=56 (full 1):
 garbage-first heap   total 81920K, used 33186K [0x0000000583000000, 0x0000000800000000)
  region size 8192K, 1 young (8192K), 1 survivors (8192K)
 Metaspace       used 63152K, committed 63680K, reserved 1114112K
  class space    used 7958K, committed 8192K, reserved 1048576K
}
Event: 81935.740 GC heap before
{Heap before GC invocations=57 (full 1):
 garbage-first heap   total 98304K, used 41378K [0x0000000583000000, 0x0000000800000000)
  region size 8192K, 2 young (16384K), 1 survivors (8192K)
 Metaspace       used 63149K, committed 63680K, reserved 1114112K
  class space    used 7951K, committed 8192K, reserved 1048576K
}
Event: 81935.745 GC heap after
{Heap after GC invocations=58 (full 1):
 garbage-first heap   total 98304K, used 33014K [0x0000000583000000, 0x0000000800000000)
  region size 8192K, 1 young (8192K), 1 survivors (8192K)
 Metaspace       used 63149K, committed 63680K, reserved 1114112K
  class space    used 7951K, committed 8192K, reserved 1048576K
}

