# JRE version: Java(TM) SE Runtime Environment (17.0.15+9) (build 17.0.15+9-LTS-241)
# Java VM: Java HotSpot(TM) 64-Bit Server VM (17.0.15+9-LTS-241, mixed mode, sharing, tiered, compressed oops, compressed class ptrs, g1 gc, windows-amd64)
GC Precious Log:
 CPUs: 8 total, 8 available
 Memory: 40743M
 Large Page Support: Disabled
 NUMA Support: Disabled
 Compressed Oops: Enabled (Zero based)
 Heap Region Size: 8M
 Heap Min Capacity: 8M
 Heap Initial Capacity: 640M
 Heap Max Capacity: 10192M
 Pre-touch: Disabled
 Parallel Workers: 8
 Concurrent Workers: 2
 Concurrent Refinement Workers: 8
 Periodic GC: Disabled
Heap:
 garbage-first heap   total 114688K, used 45541K [0x0000000583000000, 0x0000000800000000)
  region size 8192K, 3 young (24576K), 1 survivors (8192K)
 Metaspace       used 60613K, committed 61376K, reserved 1114112K
  class space    used 7661K, committed 8000K, reserved 1048576K
GC Heap History (20 events):
Event: 17867.600 GC heap before
{Heap before GC invocations=219 (full 0):
 garbage-first heap   total 114688K, used 70055K [0x0000000583000000, 0x0000000800000000)
  region size 8192K, 6 young (49152K), 1 survivors (8192K)
 Metaspace       used 60577K, committed 61376K, reserved 1114112K
  class space    used 7654K, committed 8000K, reserved 1048576K
}
Event: 17867.602 GC heap after
{Heap after GC invocations=220 (full 0):
 garbage-first heap   total 114688K, used 37300K [0x0000000583000000, 0x0000000800000000)
  region size 8192K, 1 young (8192K), 1 survivors (8192K)
 Metaspace       used 60577K, committed 61376K, reserved 1114112K
  class space    used 7654K, committed 8000K, reserved 1048576K
}
Event: 17982.117 GC heap before
{Heap before GC invocations=220 (full 0):
 garbage-first heap   total 114688K, used 70068K [0x0000000583000000, 0x0000000800000000)
  region size 8192K, 6 young (49152K), 1 survivors (8192K)
 Metaspace       used 60577K, committed 61376K, reserved 1114112K
  class space    used 7654K, committed 8000K, reserved 1048576K
}
Event: 17982.118 GC heap after
{Heap after GC invocations=221 (full 0):
 garbage-first heap   total 114688K, used 37292K [0x0000000583000000, 0x0000000800000000)
  region size 8192K, 1 young (8192K), 1 survivors (8192K)
 Metaspace       used 60577K, committed 61376K, reserved 1114112K
  class space    used 7654K, committed 8000K, reserved 1048576K
}
Event: 18095.006 GC heap before
{Heap before GC invocations=221 (full 0):
 garbage-first heap   total 114688K, used 78252K [0x0000000583000000, 0x0000000800000000)
  region size 8192K, 6 young (49152K), 1 survivors (8192K)
 Metaspace       used 60581K, committed 61376K, reserved 1114112K
  class space    used 7654K, committed 8000K, reserved 1048576K
}
Event: 18095.008 GC heap after
{Heap after GC invocations=222 (full 0):
 garbage-first heap   total 114688K, used 37295K [0x0000000583000000, 0x0000000800000000)
  region size 8192K, 1 young (8192K), 1 survivors (8192K)
 Metaspace       used 60581K, committed 61376K, reserved 1114112K
  class space    used 7654K, committed 8000K, reserved 1048576K
}
Event: 18207.448 GC heap before
{Heap before GC invocations=222 (full 0):
 garbage-first heap   total 114688K, used 70063K [0x0000000583000000, 0x0000000800000000)
  region size 8192K, 6 young (49152K), 1 survivors (8192K)
 Metaspace       used 60581K, committed 61376K, reserved 1114112K
  class space    used 7654K, committed 8000K, reserved 1048576K
}
Event: 18207.449 GC heap after
{Heap after GC invocations=223 (full 0):
 garbage-first heap   total 114688K, used 37314K [0x0000000583000000, 0x0000000800000000)
  region size 8192K, 1 young (8192K), 1 survivors (8192K)
 Metaspace       used 60581K, committed 61376K, reserved 1114112K
  class space    used 7654K, committed 8000K, reserved 1048576K
}
Event: 18322.554 GC heap before
{Heap before GC invocations=223 (full 0):
 garbage-first heap   total 114688K, used 78274K [0x0000000583000000, 0x0000000800000000)
  region size 8192K, 6 young (49152K), 1 survivors (8192K)
 Metaspace       used 60581K, committed 61376K, reserved 1114112K
  class space    used 7654K, committed 8000K, reserved 1048576K
}
Event: 18322.555 GC heap after
{Heap after GC invocations=224 (full 0):
 garbage-first heap   total 114688K, used 37295K [0x0000000583000000, 0x0000000800000000)
  region size 8192K, 1 young (8192K), 1 survivors (8192K)
 Metaspace       used 60581K, committed 61376K, reserved 1114112K
  class space    used 7654K, committed 8000K, reserved 1048576K
}
Event: 18436.571 GC heap before
{Heap before GC invocations=224 (full 0):
 garbage-first heap   total 114688K, used 78255K [0x0000000583000000, 0x0000000800000000)
  region size 8192K, 6 young (49152K), 1 survivors (8192K)
 Metaspace       used 60582K, committed 61376K, reserved 1114112K
  class space    used 7654K, committed 8000K, reserved 1048576K
}
Event: 18436.573 GC heap after
{Heap after GC invocations=225 (full 0):
 garbage-first heap   total 114688K, used 37318K [0x0000000583000000, 0x0000000800000000)
  region size 8192K, 1 young (8192K), 1 survivors (8192K)
 Metaspace       used 60582K, committed 61376K, reserved 1114112K
  class space    used 7654K, committed 8000K, reserved 1048576K
}
Event: 18551.469 GC heap before
{Heap before GC invocations=225 (full 0):
 garbage-first heap   total 114688K, used 78278K [0x0000000583000000, 0x0000000800000000)
  region size 8192K, 6 young (49152K), 1 survivors (8192K)
 Metaspace       used 60582K, committed 61376K, reserved 1114112K
  class space    used 7654K, committed 8000K, reserved 1048576K
}
Event: 18551.472 GC heap after
{Heap after GC invocations=226 (full 0):
 garbage-first heap   total 114688K, used 37320K [0x0000000583000000, 0x0000000800000000)
  region size 8192K, 1 young (8192K), 1 survivors (8192K)
 Metaspace       used 60582K, committed 61376K, reserved 1114112K
  class space    used 7654K, committed 8000K, reserved 1048576K
}
Event: 18664.407 GC heap before
{Heap before GC invocations=226 (full 0):
 garbage-first heap   total 114688K, used 78280K [0x0000000583000000, 0x0000000800000000)
  region size 8192K, 6 young (49152K), 1 survivors (8192K)
 Metaspace       used 60582K, committed 61376K, reserved 1114112K
  class space    used 7654K, committed 8000K, reserved 1048576K
}
Event: 18664.408 GC heap after
{Heap after GC invocations=227 (full 0):
 garbage-first heap   total 114688K, used 37341K [0x0000000583000000, 0x0000000800000000)
  region size 8192K, 1 young (8192K), 1 survivors (8192K)
 Metaspace       used 60582K, committed 61376K, reserved 1114112K
  class space    used 7654K, committed 8000K, reserved 1048576K
}
Event: 18777.822 GC heap before
{Heap before GC invocations=227 (full 0):
 garbage-first heap   total 114688K, used 78301K [0x0000000583000000, 0x0000000800000000)
  region size 8192K, 6 young (49152K), 1 survivors (8192K)
 Metaspace       used 60582K, committed 61376K, reserved 1114112K
  class space    used 7654K, committed 8000K, reserved 1048576K
}
Event: 18777.823 GC heap after
{Heap after GC invocations=228 (full 0):
 garbage-first heap   total 114688K, used 37327K [0x0000000583000000, 0x0000000800000000)
  region size 8192K, 1 young (8192K), 1 survivors (8192K)
 Metaspace       used 60582K, committed 61376K, reserved 1114112K
  class space    used 7654K, committed 8000K, reserved 1048576K
}
Event: 18896.838 GC heap before
{Heap before GC invocations=228 (full 0):
 garbage-first heap   total 114688K, used 78287K [0x0000000583000000, 0x0000000800000000)
  region size 8192K, 6 young (49152K), 1 survivors (8192K)
 Metaspace       used 60582K, committed 61376K, reserved 1114112K
  class space    used 7654K, committed 8000K, reserved 1048576K
}
Event: 18896.839 GC heap after
{Heap after GC invocations=229 (full 0):
 garbage-first heap   total 114688K, used 37349K [0x0000000583000000, 0x0000000800000000)
  region size 8192K, 1 young (8192K), 1 survivors (8192K)
 Metaspace       used 60582K, committed 61376K, reserved 1114112K
  class space    used 7654K, committed 8000K, reserved 1048576K
}

