# JRE version: Java(TM) SE Runtime Environment (17.0.15+9) (build 17.0.15+9-LTS-241)
# Java VM: Java HotSpot(TM) 64-Bit Server VM (17.0.15+9-LTS-241, mixed mode, sharing, tiered, compressed oops, compressed class ptrs, g1 gc, windows-amd64)
GC Precious Log:
 CPUs: 8 total, 8 available
 Memory: 40743M
 Large Page Support: Disabled
 NUMA Support: Disabled
 Compressed Oops: Enabled (Zero based)
 Heap Region Size: 8M
 Heap Min Capacity: 8M
 Heap Initial Capacity: 640M
 Heap Max Capacity: 10192M
 Pre-touch: Disabled
 Parallel Workers: 8
 Concurrent Workers: 2
 Concurrent Refinement Workers: 8
 Periodic GC: Disabled
Heap:
 garbage-first heap   total 196608K, used 103704K [0x0000000583000000, 0x0000000800000000)
  region size 8192K, 7 young (57344K), 1 survivors (8192K)
 Metaspace       used 96330K, committed 97152K, reserved 1179648K
  class space    used 12785K, committed 13184K, reserved 1048576K
GC Heap History (20 events):
Event: 944.417 GC heap before
{Heap before GC invocations=19 (full 0):
 garbage-first heap   total 196608K, used 141171K [0x0000000583000000, 0x0000000800000000)
  region size 8192K, 12 young (98304K), 2 survivors (16384K)
 Metaspace       used 94072K, committed 94848K, reserved 1179648K
  class space    used 12769K, committed 13184K, reserved 1048576K
}
Event: 944.435 GC heap after
{Heap after GC invocations=20 (full 0):
 garbage-first heap   total 196608K, used 61820K [0x0000000583000000, 0x0000000800000000)
  region size 8192K, 2 young (16384K), 2 survivors (16384K)
 Metaspace       used 94072K, committed 94848K, reserved 1179648K
  class space    used 12769K, committed 13184K, reserved 1048576K
}
Event: 2351.155 GC heap before
{Heap before GC invocations=20 (full 0):
 garbage-first heap   total 196608K, used 135548K [0x0000000583000000, 0x0000000800000000)
  region size 8192K, 12 young (98304K), 2 survivors (16384K)
 Metaspace       used 94536K, committed 95360K, reserved 1179648K
  class space    used 12781K, committed 13184K, reserved 1048576K
}
Event: 2351.163 GC heap after
{Heap after GC invocations=21 (full 0):
 garbage-first heap   total 196608K, used 62955K [0x0000000583000000, 0x0000000800000000)
  region size 8192K, 1 young (8192K), 1 survivors (8192K)
 Metaspace       used 94536K, committed 95360K, reserved 1179648K
  class space    used 12781K, committed 13184K, reserved 1048576K
}
Event: 3795.240 GC heap before
{Heap before GC invocations=21 (full 0):
 garbage-first heap   total 196608K, used 144875K [0x0000000583000000, 0x0000000800000000)
  region size 8192K, 11 young (90112K), 1 survivors (8192K)
 Metaspace       used 94900K, committed 95680K, reserved 1179648K
  class space    used 12781K, committed 13184K, reserved 1048576K
}
Event: 3795.243 GC heap after
{Heap after GC invocations=22 (full 0):
 garbage-first heap   total 196608K, used 62866K [0x0000000583000000, 0x0000000800000000)
  region size 8192K, 1 young (8192K), 1 survivors (8192K)
 Metaspace       used 94900K, committed 95680K, reserved 1179648K
  class space    used 12781K, committed 13184K, reserved 1048576K
}
Event: 5304.512 GC heap before
{Heap before GC invocations=22 (full 0):
 garbage-first heap   total 196608K, used 144786K [0x0000000583000000, 0x0000000800000000)
  region size 8192K, 11 young (90112K), 1 survivors (8192K)
 Metaspace       used 95308K, committed 96128K, reserved 1179648K
  class space    used 12782K, committed 13184K, reserved 1048576K
}
Event: 5304.516 GC heap after
{Heap after GC invocations=23 (full 0):
 garbage-first heap   total 196608K, used 62288K [0x0000000583000000, 0x0000000800000000)
  region size 8192K, 1 young (8192K), 1 survivors (8192K)
 Metaspace       used 95308K, committed 96128K, reserved 1179648K
  class space    used 12782K, committed 13184K, reserved 1048576K
}
Event: 6761.765 GC heap before
{Heap before GC invocations=23 (full 0):
 garbage-first heap   total 196608K, used 144208K [0x0000000583000000, 0x0000000800000000)
  region size 8192K, 11 young (90112K), 1 survivors (8192K)
 Metaspace       used 95593K, committed 96384K, reserved 1179648K
  class space    used 12783K, committed 13184K, reserved 1048576K
}
Event: 6761.769 GC heap after
{Heap after GC invocations=24 (full 0):
 garbage-first heap   total 196608K, used 62851K [0x0000000583000000, 0x0000000800000000)
  region size 8192K, 1 young (8192K), 1 survivors (8192K)
 Metaspace       used 95593K, committed 96384K, reserved 1179648K
  class space    used 12783K, committed 13184K, reserved 1048576K
}
Event: 8247.128 GC heap before
{Heap before GC invocations=24 (full 0):
 garbage-first heap   total 196608K, used 144771K [0x0000000583000000, 0x0000000800000000)
  region size 8192K, 11 young (90112K), 1 survivors (8192K)
 Metaspace       used 95829K, committed 96576K, reserved 1179648K
  class space    used 12783K, committed 13184K, reserved 1048576K
}
Event: 8247.135 GC heap after
{Heap after GC invocations=25 (full 0):
 garbage-first heap   total 196608K, used 63108K [0x0000000583000000, 0x0000000800000000)
  region size 8192K, 1 young (8192K), 1 survivors (8192K)
 Metaspace       used 95829K, committed 96576K, reserved 1179648K
  class space    used 12783K, committed 13184K, reserved 1048576K
}
Event: 9693.860 GC heap before
{Heap before GC invocations=25 (full 0):
 garbage-first heap   total 196608K, used 145028K [0x0000000583000000, 0x0000000800000000)
  region size 8192K, 11 young (90112K), 1 survivors (8192K)
 Metaspace       used 95919K, committed 96704K, reserved 1179648K
  class space    used 12783K, committed 13184K, reserved 1048576K
}
Event: 9693.868 GC heap after
{Heap after GC invocations=26 (full 0):
 garbage-first heap   total 196608K, used 63059K [0x0000000583000000, 0x0000000800000000)
  region size 8192K, 1 young (8192K), 1 survivors (8192K)
 Metaspace       used 95919K, committed 96704K, reserved 1179648K
  class space    used 12783K, committed 13184K, reserved 1048576K
}
Event: 11163.313 GC heap before
{Heap before GC invocations=26 (full 0):
 garbage-first heap   total 196608K, used 144979K [0x0000000583000000, 0x0000000800000000)
  region size 8192K, 11 young (90112K), 1 survivors (8192K)
 Metaspace       used 96032K, committed 96832K, reserved 1179648K
  class space    used 12783K, committed 13184K, reserved 1048576K
}
Event: 11163.324 GC heap after
{Heap after GC invocations=27 (full 0):
 garbage-first heap   total 196608K, used 63002K [0x0000000583000000, 0x0000000800000000)
  region size 8192K, 1 young (8192K), 1 survivors (8192K)
 Metaspace       used 96032K, committed 96832K, reserved 1179648K
  class space    used 12783K, committed 13184K, reserved 1048576K
}
Event: 12780.303 GC heap before
{Heap before GC invocations=27 (full 0):
 garbage-first heap   total 196608K, used 153114K [0x0000000583000000, 0x0000000800000000)
  region size 8192K, 12 young (98304K), 1 survivors (8192K)
 Metaspace       used 96167K, committed 96960K, reserved 1179648K
  class space    used 12783K, committed 13184K, reserved 1048576K
}
Event: 12780.311 GC heap after
{Heap after GC invocations=28 (full 0):
 garbage-first heap   total 196608K, used 63009K [0x0000000583000000, 0x0000000800000000)
  region size 8192K, 1 young (8192K), 1 survivors (8192K)
 Metaspace       used 96167K, committed 96960K, reserved 1179648K
  class space    used 12783K, committed 13184K, reserved 1048576K
}
Event: 14439.126 GC heap before
{Heap before GC invocations=28 (full 0):
 garbage-first heap   total 196608K, used 153121K [0x0000000583000000, 0x0000000800000000)
  region size 8192K, 12 young (98304K), 1 survivors (8192K)
 Metaspace       used 96217K, committed 97024K, reserved 1179648K
  class space    used 12784K, committed 13184K, reserved 1048576K
}
Event: 14439.138 GC heap after
{Heap after GC invocations=29 (full 0):
 garbage-first heap   total 196608K, used 62744K [0x0000000583000000, 0x0000000800000000)
  region size 8192K, 1 young (8192K), 1 survivors (8192K)
 Metaspace       used 96217K, committed 97024K, reserved 1179648K
  class space    used 12784K, committed 13184K, reserved 1048576K
}

