# JRE version: OpenJDK Runtime Environment Temurin-21.0.6+7 (21.0.6+7) (build 21.0.6+7-LTS)
# Java VM: OpenJDK 64-Bit Server VM Temurin-21.0.6+7 (21.0.6+7-LTS, mixed mode, sharing, tiered, compressed oops, compressed class ptrs, parallel gc, windows-amd64)
GC Precious Log:
 CardTable entry size: 512
 CPUs: 8 total, 8 available
 Memory: 7959M
 Large Page Support: Disabled
 NUMA Support: Disabled
 Compressed Oops: Enabled (32-bit)
 Alignments: Space 512K, Generation 512K, Heap 2M
 Heap Min Capacity: 100M
 Heap Initial Capacity: 100M
 Heap Max Capacity: 1G
 Pre-touch: Disabled
 Parallel Workers: 8
Heap:
 PSYoungGen      total 7168K, used 1697K [0x00000000eab00000, 0x00000000eb300000, 0x0000000100000000)
  eden space 6656K, 21% used [0x00000000eab00000,0x00000000eac63460,0x00000000eb180000)
  from space 512K, 54% used [0x00000000eb280000,0x00000000eb2c52c0,0x00000000eb300000)
  to   space 512K, 0% used [0x00000000eb200000,0x00000000eb200000,0x00000000eb280000)
 ParOldGen       total 415744K, used 410777K [0x00000000c0000000, 0x00000000d9600000, 0x00000000eab00000)
  object space 415744K, 98% used [0x00000000c0000000,0x00000000d9126758,0x00000000d9600000)
 Metaspace       used 35396K, committed 36352K, reserved 1114112K
  class space    used 3490K, committed 3904K, reserved 1048576K
GC Heap History (20 events):
Event: 37.316 GC heap before
{Heap before GC invocations=496 (full 1):
 PSYoungGen      total 7168K, used 7168K [0x00000000eab00000, 0x00000000eb600000, 0x0000000100000000)
  eden space 6656K, 100% used [0x00000000eab00000,0x00000000eb180000,0x00000000eb180000)
  from space 512K, 100% used [0x00000000eb380000,0x00000000eb400000,0x00000000eb400000)
  to   space 2048K, 0% used [0x00000000eb180000,0x00000000eb180000,0x00000000eb380000)
 ParOldGen       total 411648K, used 411319K [0x00000000c0000000, 0x00000000d9200000, 0x00000000eab00000)
  object space 411648K, 99% used [0x00000000c0000000,0x00000000d91adf78,0x00000000d9200000)
 Metaspace       used 31621K, committed 32512K, reserved 1114112K
  class space    used 3077K, committed 3520K, reserved 1048576K
}
Event: 37.318 GC heap after
{Heap after GC invocations=496 (full 1):
 PSYoungGen      total 7680K, used 704K [0x00000000eab00000, 0x00000000eb480000, 0x0000000100000000)
  eden space 6656K, 0% used [0x00000000eab00000,0x00000000eab00000,0x00000000eb180000)
  from space 1024K, 68% used [0x00000000eb180000,0x00000000eb230000,0x00000000eb280000)
  to   space 1536K, 0% used [0x00000000eb300000,0x00000000eb300000,0x00000000eb480000)
 ParOldGen       total 412160K, used 411839K [0x00000000c0000000, 0x00000000d9280000, 0x00000000eab00000)
  object space 412160K, 99% used [0x00000000c0000000,0x00000000d922ff78,0x00000000d9280000)
 Metaspace       used 31621K, committed 32512K, reserved 1114112K
  class space    used 3077K, committed 3520K, reserved 1048576K
}
Event: 37.399 GC heap before
{Heap before GC invocations=497 (full 1):
 PSYoungGen      total 7680K, used 7360K [0x00000000eab00000, 0x00000000eb480000, 0x0000000100000000)
  eden space 6656K, 100% used [0x00000000eab00000,0x00000000eb180000,0x00000000eb180000)
  from space 1024K, 68% used [0x00000000eb180000,0x00000000eb230000,0x00000000eb280000)
  to   space 1536K, 0% used [0x00000000eb300000,0x00000000eb300000,0x00000000eb480000)
 ParOldGen       total 412160K, used 411839K [0x00000000c0000000, 0x00000000d9280000, 0x00000000eab00000)
  object space 412160K, 99% used [0x00000000c0000000,0x00000000d922ff78,0x00000000d9280000)
 Metaspace       used 31627K, committed 32512K, reserved 1114112K
  class space    used 3077K, committed 3520K, reserved 1048576K
}
Event: 37.403 GC heap after
{Heap after GC invocations=497 (full 1):
 PSYoungGen      total 7680K, used 760K [0x00000000eab00000, 0x00000000eb400000, 0x0000000100000000)
  eden space 6656K, 0% used [0x00000000eab00000,0x00000000eab00000,0x00000000eb180000)
  from space 1024K, 74% used [0x00000000eb300000,0x00000000eb3be200,0x00000000eb400000)
  to   space 1024K, 0% used [0x00000000eb180000,0x00000000eb180000,0x00000000eb280000)
 ParOldGen       total 412672K, used 412479K [0x00000000c0000000, 0x00000000d9300000, 0x00000000eab00000)
  object space 412672K, 99% used [0x00000000c0000000,0x00000000d92cff78,0x00000000d9300000)
 Metaspace       used 31627K, committed 32512K, reserved 1114112K
  class space    used 3077K, committed 3520K, reserved 1048576K
}
Event: 37.481 GC heap before
{Heap before GC invocations=498 (full 1):
 PSYoungGen      total 7680K, used 7416K [0x00000000eab00000, 0x00000000eb400000, 0x0000000100000000)
  eden space 6656K, 100% used [0x00000000eab00000,0x00000000eb180000,0x00000000eb180000)
  from space 1024K, 74% used [0x00000000eb300000,0x00000000eb3be200,0x00000000eb400000)
  to   space 1024K, 0% used [0x00000000eb180000,0x00000000eb180000,0x00000000eb280000)
 ParOldGen       total 412672K, used 412479K [0x00000000c0000000, 0x00000000d9300000, 0x00000000eab00000)
  object space 412672K, 99% used [0x00000000c0000000,0x00000000d92cff78,0x00000000d9300000)
 Metaspace       used 31632K, committed 32512K, reserved 1114112K
  class space    used 3077K, committed 3520K, reserved 1048576K
}
Event: 37.483 GC heap after
{Heap after GC invocations=498 (full 1):
 PSYoungGen      total 7680K, used 800K [0x00000000eab00000, 0x00000000eb380000, 0x0000000100000000)
  eden space 6656K, 0% used [0x00000000eab00000,0x00000000eab00000,0x00000000eb180000)
  from space 1024K, 78% used [0x00000000eb180000,0x00000000eb248000,0x00000000eb280000)
  to   space 1024K, 0% used [0x00000000eb280000,0x00000000eb280000,0x00000000eb380000)
 ParOldGen       total 413184K, used 413168K [0x00000000c0000000, 0x00000000d9380000, 0x00000000eab00000)
  object space 413184K, 99% used [0x00000000c0000000,0x00000000d937c178,0x00000000d9380000)
 Metaspace       used 31632K, committed 32512K, reserved 1114112K
  class space    used 3077K, committed 3520K, reserved 1048576K
}
Event: 39.719 GC heap before
{Heap before GC invocations=499 (full 1):
 PSYoungGen      total 7680K, used 7455K [0x00000000eab00000, 0x00000000eb380000, 0x0000000100000000)
  eden space 6656K, 99% used [0x00000000eab00000,0x00000000eb17fd48,0x00000000eb180000)
  from space 1024K, 78% used [0x00000000eb180000,0x00000000eb248000,0x00000000eb280000)
  to   space 1024K, 0% used [0x00000000eb280000,0x00000000eb280000,0x00000000eb380000)
 ParOldGen       total 413184K, used 413168K [0x00000000c0000000, 0x00000000d9380000, 0x00000000eab00000)
  object space 413184K, 99% used [0x00000000c0000000,0x00000000d937c178,0x00000000d9380000)
 Metaspace       used 31942K, committed 32896K, reserved 1114112K
  class space    used 3106K, committed 3520K, reserved 1048576K
}
Event: 39.722 GC heap after
{Heap after GC invocations=499 (full 1):
 PSYoungGen      total 7680K, used 784K [0x00000000eab00000, 0x00000000eb380000, 0x0000000100000000)
  eden space 6656K, 0% used [0x00000000eab00000,0x00000000eab00000,0x00000000eb180000)
  from space 1024K, 76% used [0x00000000eb280000,0x00000000eb3441c0,0x00000000eb380000)
  to   space 1024K, 0% used [0x00000000eb180000,0x00000000eb180000,0x00000000eb280000)
 ParOldGen       total 414208K, used 413808K [0x00000000c0000000, 0x00000000d9480000, 0x00000000eab00000)
  object space 414208K, 99% used [0x00000000c0000000,0x00000000d941c178,0x00000000d9480000)
 Metaspace       used 31942K, committed 32896K, reserved 1114112K
  class space    used 3106K, committed 3520K, reserved 1048576K
}
Event: 39.933 GC heap before
{Heap before GC invocations=500 (full 1):
 PSYoungGen      total 7680K, used 7433K [0x00000000eab00000, 0x00000000eb380000, 0x0000000100000000)
  eden space 6656K, 99% used [0x00000000eab00000,0x00000000eb17e4e8,0x00000000eb180000)
  from space 1024K, 76% used [0x00000000eb280000,0x00000000eb3441c0,0x00000000eb380000)
  to   space 1024K, 0% used [0x00000000eb180000,0x00000000eb180000,0x00000000eb280000)
 ParOldGen       total 414208K, used 413808K [0x00000000c0000000, 0x00000000d9480000, 0x00000000eab00000)
  object space 414208K, 99% used [0x00000000c0000000,0x00000000d941c178,0x00000000d9480000)
 Metaspace       used 33193K, committed 34112K, reserved 1114112K
  class space    used 3232K, committed 3648K, reserved 1048576K
}
Event: 39.935 GC heap after
{Heap after GC invocations=500 (full 1):
 PSYoungGen      total 7680K, used 480K [0x00000000eab00000, 0x00000000eb380000, 0x0000000100000000)
  eden space 6656K, 0% used [0x00000000eab00000,0x00000000eab00000,0x00000000eb180000)
  from space 1024K, 46% used [0x00000000eb180000,0x00000000eb1f8000,0x00000000eb280000)
  to   space 1024K, 0% used [0x00000000eb280000,0x00000000eb280000,0x00000000eb380000)
 ParOldGen       total 414720K, used 414429K [0x00000000c0000000, 0x00000000d9500000, 0x00000000eab00000)
  object space 414720K, 99% used [0x00000000c0000000,0x00000000d94b74d0,0x00000000d9500000)
 Metaspace       used 33193K, committed 34112K, reserved 1114112K
  class space    used 3232K, committed 3648K, reserved 1048576K
}
Event: 41.605 GC heap before
{Heap before GC invocations=501 (full 1):
 PSYoungGen      total 7680K, used 7136K [0x00000000eab00000, 0x00000000eb380000, 0x0000000100000000)
  eden space 6656K, 100% used [0x00000000eab00000,0x00000000eb180000,0x00000000eb180000)
  from space 1024K, 46% used [0x00000000eb180000,0x00000000eb1f8000,0x00000000eb280000)
  to   space 1024K, 0% used [0x00000000eb280000,0x00000000eb280000,0x00000000eb380000)
 ParOldGen       total 414720K, used 414429K [0x00000000c0000000, 0x00000000d9500000, 0x00000000eab00000)
  object space 414720K, 99% used [0x00000000c0000000,0x00000000d94b74d0,0x00000000d9500000)
 Metaspace       used 33863K, committed 34752K, reserved 1114112K
  class space    used 3301K, committed 3712K, reserved 1048576K
}
Event: 41.608 GC heap after
{Heap after GC invocations=501 (full 1):
 PSYoungGen      total 7680K, used 712K [0x00000000eab00000, 0x00000000eb380000, 0x0000000100000000)
  eden space 6656K, 0% used [0x00000000eab00000,0x00000000eab00000,0x00000000eb180000)
  from space 1024K, 69% used [0x00000000eb280000,0x00000000eb3320a0,0x00000000eb380000)
  to   space 1024K, 0% used [0x00000000eb180000,0x00000000eb180000,0x00000000eb280000)
 ParOldGen       total 414720K, used 414704K [0x00000000c0000000, 0x00000000d9500000, 0x00000000eab00000)
  object space 414720K, 99% used [0x00000000c0000000,0x00000000d94fc1b0,0x00000000d9500000)
 Metaspace       used 33863K, committed 34752K, reserved 1114112K
  class space    used 3301K, committed 3712K, reserved 1048576K
}
Event: 42.885 GC heap before
{Heap before GC invocations=502 (full 1):
 PSYoungGen      total 7680K, used 7368K [0x00000000eab00000, 0x00000000eb380000, 0x0000000100000000)
  eden space 6656K, 100% used [0x00000000eab00000,0x00000000eb180000,0x00000000eb180000)
  from space 1024K, 69% used [0x00000000eb280000,0x00000000eb3320a0,0x00000000eb380000)
  to   space 1024K, 0% used [0x00000000eb180000,0x00000000eb180000,0x00000000eb280000)
 ParOldGen       total 414720K, used 414704K [0x00000000c0000000, 0x00000000d9500000, 0x00000000eab00000)
  object space 414720K, 99% used [0x00000000c0000000,0x00000000d94fc1b0,0x00000000d9500000)
 Metaspace       used 34538K, committed 35520K, reserved 1114112K
  class space    used 3384K, committed 3776K, reserved 1048576K
}
Event: 42.887 GC heap after
{Heap after GC invocations=502 (full 1):
 PSYoungGen      total 7680K, used 410K [0x00000000eab00000, 0x00000000eb380000, 0x0000000100000000)
  eden space 6656K, 0% used [0x00000000eab00000,0x00000000eab00000,0x00000000eb180000)
  from space 1024K, 40% used [0x00000000eb180000,0x00000000eb1e6b28,0x00000000eb280000)
  to   space 1024K, 0% used [0x00000000eb280000,0x00000000eb280000,0x00000000eb380000)
 ParOldGen       total 415744K, used 415256K [0x00000000c0000000, 0x00000000d9600000, 0x00000000eab00000)
  object space 415744K, 99% used [0x00000000c0000000,0x00000000d95860f8,0x00000000d9600000)
 Metaspace       used 34538K, committed 35520K, reserved 1114112K
  class space    used 3384K, committed 3776K, reserved 1048576K
}
Event: 43.937 GC heap before
{Heap before GC invocations=503 (full 1):
 PSYoungGen      total 7680K, used 7066K [0x00000000eab00000, 0x00000000eb380000, 0x0000000100000000)
  eden space 6656K, 100% used [0x00000000eab00000,0x00000000eb180000,0x00000000eb180000)
  from space 1024K, 40% used [0x00000000eb180000,0x00000000eb1e6b28,0x00000000eb280000)
  to   space 1024K, 0% used [0x00000000eb280000,0x00000000eb280000,0x00000000eb380000)
 ParOldGen       total 415744K, used 415256K [0x00000000c0000000, 0x00000000d9600000, 0x00000000eab00000)
  object space 415744K, 99% used [0x00000000c0000000,0x00000000d95860f8,0x00000000d9600000)
 Metaspace       used 34635K, committed 35648K, reserved 1114112K
  class space    used 3421K, committed 3840K, reserved 1048576K
}
Event: 43.939 GC heap after
{Heap after GC invocations=503 (full 1):
 PSYoungGen      total 7168K, used 256K [0x00000000eab00000, 0x00000000eb300000, 0x0000000100000000)
  eden space 6656K, 0% used [0x00000000eab00000,0x00000000eab00000,0x00000000eb180000)
  from space 512K, 50% used [0x00000000eb280000,0x00000000eb2c0010,0x00000000eb300000)
  to   space 512K, 0% used [0x00000000eb200000,0x00000000eb200000,0x00000000eb280000)
 ParOldGen       total 415744K, used 415544K [0x00000000c0000000, 0x00000000d9600000, 0x00000000eab00000)
  object space 415744K, 99% used [0x00000000c0000000,0x00000000d95ce3a8,0x00000000d9600000)
 Metaspace       used 34635K, committed 35648K, reserved 1114112K
  class space    used 3421K, committed 3840K, reserved 1048576K
}
Event: 45.144 GC heap before
{Heap before GC invocations=504 (full 1):
 PSYoungGen      total 7168K, used 5633K [0x00000000eab00000, 0x00000000eb300000, 0x0000000100000000)
  eden space 6656K, 80% used [0x00000000eab00000,0x00000000eb040648,0x00000000eb180000)
  from space 512K, 50% used [0x00000000eb280000,0x00000000eb2c0010,0x00000000eb300000)
  to   space 512K, 0% used [0x00000000eb200000,0x00000000eb200000,0x00000000eb280000)
 ParOldGen       total 415744K, used 415544K [0x00000000c0000000, 0x00000000d9600000, 0x00000000eab00000)
  object space 415744K, 99% used [0x00000000c0000000,0x00000000d95ce3a8,0x00000000d9600000)
 Metaspace       used 34952K, committed 35840K, reserved 1114112K
  class space    used 3448K, committed 3840K, reserved 1048576K
}
Event: 45.145 GC heap after
{Heap after GC invocations=504 (full 1):
 PSYoungGen      total 7168K, used 352K [0x00000000eab00000, 0x00000000eb300000, 0x0000000100000000)
  eden space 6656K, 0% used [0x00000000eab00000,0x00000000eab00000,0x00000000eb180000)
  from space 512K, 68% used [0x00000000eb200000,0x00000000eb258010,0x00000000eb280000)
  to   space 512K, 0% used [0x00000000eb280000,0x00000000eb280000,0x00000000eb300000)
 ParOldGen       total 415744K, used 415592K [0x00000000c0000000, 0x00000000d9600000, 0x00000000eab00000)
  object space 415744K, 99% used [0x00000000c0000000,0x00000000d95da3a8,0x00000000d9600000)
 Metaspace       used 34952K, committed 35840K, reserved 1114112K
  class space    used 3448K, committed 3840K, reserved 1048576K
}
Event: 45.145 GC heap before
{Heap before GC invocations=505 (full 2):
 PSYoungGen      total 7168K, used 352K [0x00000000eab00000, 0x00000000eb300000, 0x0000000100000000)
  eden space 6656K, 0% used [0x00000000eab00000,0x00000000eab00000,0x00000000eb180000)
  from space 512K, 68% used [0x00000000eb200000,0x00000000eb258010,0x00000000eb280000)
  to   space 512K, 0% used [0x00000000eb280000,0x00000000eb280000,0x00000000eb300000)
 ParOldGen       total 415744K, used 415592K [0x00000000c0000000, 0x00000000d9600000, 0x00000000eab00000)
  object space 415744K, 99% used [0x00000000c0000000,0x00000000d95da3a8,0x00000000d9600000)
 Metaspace       used 34952K, committed 35840K, reserved 1114112K
  class space    used 3448K, committed 3840K, reserved 1048576K
}
Event: 45.364 GC heap after
{Heap after GC invocations=505 (full 2):
 PSYoungGen      total 7168K, used 0K [0x00000000eab00000, 0x00000000eb300000, 0x0000000100000000)
  eden space 6656K, 0% used [0x00000000eab00000,0x00000000eab00000,0x00000000eb180000)
  from space 512K, 0% used [0x00000000eb200000,0x00000000eb200000,0x00000000eb280000)
  to   space 512K, 0% used [0x00000000eb280000,0x00000000eb280000,0x00000000eb300000)
 ParOldGen       total 415744K, used 410769K [0x00000000c0000000, 0x00000000d9600000, 0x00000000eab00000)
  object space 415744K, 98% used [0x00000000c0000000,0x00000000d9124758,0x00000000d9600000)
 Metaspace       used 34952K, committed 35840K, reserved 1114112K
  class space    used 3448K, committed 3840K, reserved 1048576K
}

