# JRE version: OpenJDK Runtime Environment Temurin-21.0.6+7 (21.0.6+7) (build 21.0.6+7-LTS)
# Java VM: OpenJDK 64-Bit Server VM Temurin-21.0.6+7 (21.0.6+7-LTS, mixed mode, sharing, tiered, compressed oops, compressed class ptrs, parallel gc, windows-amd64)
GC Precious Log:
 CardTable entry size: 512
 CPUs: 8 total, 8 available
 Memory: 32494M
 Large Page Support: Disabled
 NUMA Support: Disabled
 Compressed Oops: Enabled (32-bit)
 Alignments: Space 512K, Generation 512K, Heap 2M
 Heap Min Capacity: 100M
 Heap Initial Capacity: 100M
 Heap Max Capacity: 1G
 Pre-touch: Disabled
 Parallel Workers: 8
Heap:
 PSYoungGen      total 19968K, used 5910K [0x00000000eab00000, 0x00000000ec100000, 0x0000000100000000)
  eden space 17408K, 22% used [0x00000000eab00000,0x00000000eaebe618,0x00000000ebc00000)
  from space 2560K, 81% used [0x00000000ebc00000,0x00000000ebe07370,0x00000000ebe80000)
  to   space 2560K, 0% used [0x00000000ebe80000,0x00000000ebe80000,0x00000000ec100000)
 ParOldGen       total 68608K, used 46615K [0x00000000c0000000, 0x00000000c4300000, 0x00000000eab00000)
  object space 68608K, 67% used [0x00000000c0000000,0x00000000c2d85c48,0x00000000c4300000)
 Metaspace       used 45192K, committed 46336K, reserved 1114112K
  class space    used 4355K, committed 4864K, reserved 1048576K
GC Heap History (20 events):
Event: 22.234 GC heap before
{Heap before GC invocations=24 (full 2):
 PSYoungGen      total 22016K, used 21984K [0x00000000eab00000, 0x00000000ec780000, 0x0000000100000000)
  eden space 20992K, 100% used [0x00000000eab00000,0x00000000ebf80000,0x00000000ebf80000)
  from space 1024K, 96% used [0x00000000ebf80000,0x00000000ec078040,0x00000000ec080000)
  to   space 4096K, 0% used [0x00000000ec380000,0x00000000ec380000,0x00000000ec780000)
 ParOldGen       total 68608K, used 31536K [0x00000000c0000000, 0x00000000c4300000, 0x00000000eab00000)
  object space 68608K, 45% used [0x00000000c0000000,0x00000000c1ecc130,0x00000000c4300000)
 Metaspace       used 39232K, committed 40192K, reserved 1114112K
  class space    used 3848K, committed 4224K, reserved 1048576K
}
Event: 22.241 GC heap after
{Heap after GC invocations=24 (full 2):
 PSYoungGen      total 23040K, used 4071K [0x00000000eab00000, 0x00000000ecb80000, 0x0000000100000000)
  eden space 18944K, 0% used [0x00000000eab00000,0x00000000eab00000,0x00000000ebd80000)
  from space 4096K, 99% used [0x00000000ec380000,0x00000000ec779fe8,0x00000000ec780000)
  to   space 6144K, 0% used [0x00000000ebd80000,0x00000000ebd80000,0x00000000ec380000)
 ParOldGen       total 68608K, used 32816K [0x00000000c0000000, 0x00000000c4300000, 0x00000000eab00000)
  object space 68608K, 47% used [0x00000000c0000000,0x00000000c200c1b0,0x00000000c4300000)
 Metaspace       used 39232K, committed 40192K, reserved 1114112K
  class space    used 3848K, committed 4224K, reserved 1048576K
}
Event: 22.358 GC heap before
{Heap before GC invocations=25 (full 2):
 PSYoungGen      total 23040K, used 23015K [0x00000000eab00000, 0x00000000ecb80000, 0x0000000100000000)
  eden space 18944K, 100% used [0x00000000eab00000,0x00000000ebd80000,0x00000000ebd80000)
  from space 4096K, 99% used [0x00000000ec380000,0x00000000ec779fe8,0x00000000ec780000)
  to   space 6144K, 0% used [0x00000000ebd80000,0x00000000ebd80000,0x00000000ec380000)
 ParOldGen       total 68608K, used 32816K [0x00000000c0000000, 0x00000000c4300000, 0x00000000eab00000)
  object space 68608K, 47% used [0x00000000c0000000,0x00000000c200c1b0,0x00000000c4300000)
 Metaspace       used 39520K, committed 40448K, reserved 1114112K
  class space    used 3882K, committed 4288K, reserved 1048576K
}
Event: 22.363 GC heap after
{Heap after GC invocations=25 (full 2):
 PSYoungGen      total 19968K, used 679K [0x00000000eab00000, 0x00000000ec400000, 0x0000000100000000)
  eden space 18944K, 0% used [0x00000000eab00000,0x00000000eab00000,0x00000000ebd80000)
  from space 1024K, 66% used [0x00000000ebd80000,0x00000000ebe29f70,0x00000000ebe80000)
  to   space 2560K, 0% used [0x00000000ec180000,0x00000000ec180000,0x00000000ec400000)
 ParOldGen       total 68608K, used 35307K [0x00000000c0000000, 0x00000000c4300000, 0x00000000eab00000)
  object space 68608K, 51% used [0x00000000c0000000,0x00000000c227acf0,0x00000000c4300000)
 Metaspace       used 39520K, committed 40448K, reserved 1114112K
  class space    used 3882K, committed 4288K, reserved 1048576K
}
Event: 22.423 GC heap before
{Heap before GC invocations=26 (full 2):
 PSYoungGen      total 19968K, used 19623K [0x00000000eab00000, 0x00000000ec400000, 0x0000000100000000)
  eden space 18944K, 100% used [0x00000000eab00000,0x00000000ebd80000,0x00000000ebd80000)
  from space 1024K, 66% used [0x00000000ebd80000,0x00000000ebe29f70,0x00000000ebe80000)
  to   space 2560K, 0% used [0x00000000ec180000,0x00000000ec180000,0x00000000ec400000)
 ParOldGen       total 68608K, used 35307K [0x00000000c0000000, 0x00000000c4300000, 0x00000000eab00000)
  object space 68608K, 51% used [0x00000000c0000000,0x00000000c227acf0,0x00000000c4300000)
 Metaspace       used 39637K, committed 40640K, reserved 1114112K
  class space    used 3889K, committed 4288K, reserved 1048576K
}
Event: 22.425 GC heap after
{Heap after GC invocations=26 (full 2):
 PSYoungGen      total 19456K, used 192K [0x00000000eab00000, 0x00000000ec200000, 0x0000000100000000)
  eden space 18944K, 0% used [0x00000000eab00000,0x00000000eab00000,0x00000000ebd80000)
  from space 512K, 37% used [0x00000000ec180000,0x00000000ec1b0000,0x00000000ec200000)
  to   space 1024K, 0% used [0x00000000ec000000,0x00000000ec000000,0x00000000ec100000)
 ParOldGen       total 68608K, used 35779K [0x00000000c0000000, 0x00000000c4300000, 0x00000000eab00000)
  object space 68608K, 52% used [0x00000000c0000000,0x00000000c22f0cf0,0x00000000c4300000)
 Metaspace       used 39637K, committed 40640K, reserved 1114112K
  class space    used 3889K, committed 4288K, reserved 1048576K
}
Event: 22.803 GC heap before
{Heap before GC invocations=27 (full 2):
 PSYoungGen      total 19456K, used 19136K [0x00000000eab00000, 0x00000000ec200000, 0x0000000100000000)
  eden space 18944K, 100% used [0x00000000eab00000,0x00000000ebd80000,0x00000000ebd80000)
  from space 512K, 37% used [0x00000000ec180000,0x00000000ec1b0000,0x00000000ec200000)
  to   space 1024K, 0% used [0x00000000ec000000,0x00000000ec000000,0x00000000ec100000)
 ParOldGen       total 68608K, used 35779K [0x00000000c0000000, 0x00000000c4300000, 0x00000000eab00000)
  object space 68608K, 52% used [0x00000000c0000000,0x00000000c22f0cf0,0x00000000c4300000)
 Metaspace       used 40340K, committed 41344K, reserved 1114112K
  class space    used 3934K, committed 4352K, reserved 1048576K
}
Event: 22.804 GC heap after
{Heap after GC invocations=27 (full 2):
 PSYoungGen      total 19968K, used 919K [0x00000000eab00000, 0x00000000ec200000, 0x0000000100000000)
  eden space 18944K, 0% used [0x00000000eab00000,0x00000000eab00000,0x00000000ebd80000)
  from space 1024K, 89% used [0x00000000ec000000,0x00000000ec0e5f68,0x00000000ec100000)
  to   space 1024K, 0% used [0x00000000ec100000,0x00000000ec100000,0x00000000ec200000)
 ParOldGen       total 68608K, used 35907K [0x00000000c0000000, 0x00000000c4300000, 0x00000000eab00000)
  object space 68608K, 52% used [0x00000000c0000000,0x00000000c2310cf0,0x00000000c4300000)
 Metaspace       used 40340K, committed 41344K, reserved 1114112K
  class space    used 3934K, committed 4352K, reserved 1048576K
}
Event: 23.278 GC heap before
{Heap before GC invocations=28 (full 2):
 PSYoungGen      total 19968K, used 19863K [0x00000000eab00000, 0x00000000ec200000, 0x0000000100000000)
  eden space 18944K, 100% used [0x00000000eab00000,0x00000000ebd80000,0x00000000ebd80000)
  from space 1024K, 89% used [0x00000000ec000000,0x00000000ec0e5f68,0x00000000ec100000)
  to   space 1024K, 0% used [0x00000000ec100000,0x00000000ec100000,0x00000000ec200000)
 ParOldGen       total 68608K, used 35907K [0x00000000c0000000, 0x00000000c4300000, 0x00000000eab00000)
  object space 68608K, 52% used [0x00000000c0000000,0x00000000c2310cf0,0x00000000c4300000)
 Metaspace       used 41791K, committed 42944K, reserved 1114112K
  class space    used 4089K, committed 4608K, reserved 1048576K
}
Event: 23.283 GC heap after
{Heap after GC invocations=28 (full 2):
 PSYoungGen      total 19968K, used 1022K [0x00000000eab00000, 0x00000000ec200000, 0x0000000100000000)
  eden space 18944K, 0% used [0x00000000eab00000,0x00000000eab00000,0x00000000ebd80000)
  from space 1024K, 99% used [0x00000000ec100000,0x00000000ec1ffa50,0x00000000ec200000)
  to   space 2048K, 0% used [0x00000000ebe00000,0x00000000ebe00000,0x00000000ec000000)
 ParOldGen       total 68608K, used 36620K [0x00000000c0000000, 0x00000000c4300000, 0x00000000eab00000)
  object space 68608K, 53% used [0x00000000c0000000,0x00000000c23c3078,0x00000000c4300000)
 Metaspace       used 41791K, committed 42944K, reserved 1114112K
  class space    used 4089K, committed 4608K, reserved 1048576K
}
Event: 23.392 GC heap before
{Heap before GC invocations=29 (full 2):
 PSYoungGen      total 19968K, used 19966K [0x00000000eab00000, 0x00000000ec200000, 0x0000000100000000)
  eden space 18944K, 100% used [0x00000000eab00000,0x00000000ebd80000,0x00000000ebd80000)
  from space 1024K, 99% used [0x00000000ec100000,0x00000000ec1ffa50,0x00000000ec200000)
  to   space 2048K, 0% used [0x00000000ebe00000,0x00000000ebe00000,0x00000000ec000000)
 ParOldGen       total 68608K, used 36620K [0x00000000c0000000, 0x00000000c4300000, 0x00000000eab00000)
  object space 68608K, 53% used [0x00000000c0000000,0x00000000c23c3078,0x00000000c4300000)
 Metaspace       used 42009K, committed 43136K, reserved 1114112K
  class space    used 4102K, committed 4608K, reserved 1048576K
}
Event: 23.395 GC heap after
{Heap after GC invocations=29 (full 2):
 PSYoungGen      total 20992K, used 1552K [0x00000000eab00000, 0x00000000ec180000, 0x0000000100000000)
  eden space 18944K, 0% used [0x00000000eab00000,0x00000000eab00000,0x00000000ebd80000)
  from space 2048K, 75% used [0x00000000ebe00000,0x00000000ebf84030,0x00000000ec000000)
  to   space 1536K, 0% used [0x00000000ec000000,0x00000000ec000000,0x00000000ec180000)
 ParOldGen       total 68608K, used 37587K [0x00000000c0000000, 0x00000000c4300000, 0x00000000eab00000)
  object space 68608K, 54% used [0x00000000c0000000,0x00000000c24b4f50,0x00000000c4300000)
 Metaspace       used 42009K, committed 43136K, reserved 1114112K
  class space    used 4102K, committed 4608K, reserved 1048576K
}
Event: 23.585 GC heap before
{Heap before GC invocations=30 (full 2):
 PSYoungGen      total 20992K, used 20481K [0x00000000eab00000, 0x00000000ec180000, 0x0000000100000000)
  eden space 18944K, 99% used [0x00000000eab00000,0x00000000ebd7c4b8,0x00000000ebd80000)
  from space 2048K, 75% used [0x00000000ebe00000,0x00000000ebf84030,0x00000000ec000000)
  to   space 1536K, 0% used [0x00000000ec000000,0x00000000ec000000,0x00000000ec180000)
 ParOldGen       total 68608K, used 37587K [0x00000000c0000000, 0x00000000c4300000, 0x00000000eab00000)
  object space 68608K, 54% used [0x00000000c0000000,0x00000000c24b4f50,0x00000000c4300000)
 Metaspace       used 42265K, committed 43328K, reserved 1114112K
  class space    used 4106K, committed 4608K, reserved 1048576K
}
Event: 23.588 GC heap after
{Heap after GC invocations=30 (full 2):
 PSYoungGen      total 18944K, used 1521K [0x00000000eab00000, 0x00000000ec580000, 0x0000000100000000)
  eden space 17408K, 0% used [0x00000000eab00000,0x00000000eab00000,0x00000000ebc00000)
  from space 1536K, 99% used [0x00000000ec000000,0x00000000ec17c7e0,0x00000000ec180000)
  to   space 4096K, 0% used [0x00000000ebc00000,0x00000000ebc00000,0x00000000ec000000)
 ParOldGen       total 68608K, used 39354K [0x00000000c0000000, 0x00000000c4300000, 0x00000000eab00000)
  object space 68608K, 57% used [0x00000000c0000000,0x00000000c266ebe0,0x00000000c4300000)
 Metaspace       used 42265K, committed 43328K, reserved 1114112K
  class space    used 4106K, committed 4608K, reserved 1048576K
}
Event: 23.989 GC heap before
{Heap before GC invocations=31 (full 2):
 PSYoungGen      total 18944K, used 18929K [0x00000000eab00000, 0x00000000ec580000, 0x0000000100000000)
  eden space 17408K, 100% used [0x00000000eab00000,0x00000000ebc00000,0x00000000ebc00000)
  from space 1536K, 99% used [0x00000000ec000000,0x00000000ec17c7e0,0x00000000ec180000)
  to   space 4096K, 0% used [0x00000000ebc00000,0x00000000ebc00000,0x00000000ec000000)
 ParOldGen       total 68608K, used 39354K [0x00000000c0000000, 0x00000000c4300000, 0x00000000eab00000)
  object space 68608K, 57% used [0x00000000c0000000,0x00000000c266ebe0,0x00000000c4300000)
 Metaspace       used 43744K, committed 44800K, reserved 1114112K
  class space    used 4242K, committed 4736K, reserved 1048576K
}
Event: 23.996 GC heap after
{Heap after GC invocations=31 (full 2):
 PSYoungGen      total 20992K, used 3418K [0x00000000eab00000, 0x00000000ec300000, 0x0000000100000000)
  eden space 17408K, 0% used [0x00000000eab00000,0x00000000eab00000,0x00000000ebc00000)
  from space 3584K, 95% used [0x00000000ebc00000,0x00000000ebf56ab8,0x00000000ebf80000)
  to   space 3584K, 0% used [0x00000000ebf80000,0x00000000ebf80000,0x00000000ec300000)
 ParOldGen       total 68608K, used 40813K [0x00000000c0000000, 0x00000000c4300000, 0x00000000eab00000)
  object space 68608K, 59% used [0x00000000c0000000,0x00000000c27db6d8,0x00000000c4300000)
 Metaspace       used 43744K, committed 44800K, reserved 1114112K
  class space    used 4242K, committed 4736K, reserved 1048576K
}
Event: 24.169 GC heap before
{Heap before GC invocations=32 (full 2):
 PSYoungGen      total 20992K, used 20826K [0x00000000eab00000, 0x00000000ec300000, 0x0000000100000000)
  eden space 17408K, 100% used [0x00000000eab00000,0x00000000ebc00000,0x00000000ebc00000)
  from space 3584K, 95% used [0x00000000ebc00000,0x00000000ebf56ab8,0x00000000ebf80000)
  to   space 3584K, 0% used [0x00000000ebf80000,0x00000000ebf80000,0x00000000ec300000)
 ParOldGen       total 68608K, used 40813K [0x00000000c0000000, 0x00000000c4300000, 0x00000000eab00000)
  object space 68608K, 59% used [0x00000000c0000000,0x00000000c27db6d8,0x00000000c4300000)
 Metaspace       used 44624K, committed 45760K, reserved 1114112K
  class space    used 4300K, committed 4800K, reserved 1048576K
}
Event: 24.175 GC heap after
{Heap after GC invocations=32 (full 2):
 PSYoungGen      total 20992K, used 2887K [0x00000000eab00000, 0x00000000ec300000, 0x0000000100000000)
  eden space 17408K, 0% used [0x00000000eab00000,0x00000000eab00000,0x00000000ebc00000)
  from space 3584K, 80% used [0x00000000ebf80000,0x00000000ec251f88,0x00000000ec300000)
  to   space 3584K, 0% used [0x00000000ebc00000,0x00000000ebc00000,0x00000000ebf80000)
 ParOldGen       total 68608K, used 44006K [0x00000000c0000000, 0x00000000c4300000, 0x00000000eab00000)
  object space 68608K, 64% used [0x00000000c0000000,0x00000000c2af9b98,0x00000000c4300000)
 Metaspace       used 44624K, committed 45760K, reserved 1114112K
  class space    used 4300K, committed 4800K, reserved 1048576K
}
Event: 126.797 GC heap before
{Heap before GC invocations=33 (full 2):
 PSYoungGen      total 20992K, used 20295K [0x00000000eab00000, 0x00000000ec300000, 0x0000000100000000)
  eden space 17408K, 100% used [0x00000000eab00000,0x00000000ebc00000,0x00000000ebc00000)
  from space 3584K, 80% used [0x00000000ebf80000,0x00000000ec251f88,0x00000000ec300000)
  to   space 3584K, 0% used [0x00000000ebc00000,0x00000000ebc00000,0x00000000ebf80000)
 ParOldGen       total 68608K, used 44006K [0x00000000c0000000, 0x00000000c4300000, 0x00000000eab00000)
  object space 68608K, 64% used [0x00000000c0000000,0x00000000c2af9b98,0x00000000c4300000)
 Metaspace       used 45162K, committed 46272K, reserved 1114112K
  class space    used 4353K, committed 4864K, reserved 1048576K
}
Event: 126.804 GC heap after
{Heap after GC invocations=33 (full 2):
 PSYoungGen      total 19968K, used 2076K [0x00000000eab00000, 0x00000000ec100000, 0x0000000100000000)
  eden space 17408K, 0% used [0x00000000eab00000,0x00000000eab00000,0x00000000ebc00000)
  from space 2560K, 81% used [0x00000000ebc00000,0x00000000ebe07370,0x00000000ebe80000)
  to   space 2560K, 0% used [0x00000000ebe80000,0x00000000ebe80000,0x00000000ec100000)
 ParOldGen       total 68608K, used 46615K [0x00000000c0000000, 0x00000000c4300000, 0x00000000eab00000)
  object space 68608K, 67% used [0x00000000c0000000,0x00000000c2d85c48,0x00000000c4300000)
 Metaspace       used 45162K, committed 46272K, reserved 1114112K
  class space    used 4353K, committed 4864K, reserved 1048576K
}

