# JRE version: Java(TM) SE Runtime Environment (17.0+35) (build 17+35-LTS-2724)
# Java VM: Java HotSpot(TM) 64-Bit Server VM (17+35-LTS-2724, mixed mode, sharing, tiered, compressed oops, compressed class ptrs, g1 gc, windows-amd64)
GC Precious Log:
 CPUs: 8 total, 8 available
 Memory: 7959M
 Large Page Support: Disabled
 NUMA Support: Disabled
 Compressed Oops: Enabled (32-bit)
 Heap Region Size: 1M
 Heap Min Capacity: 8M
 Heap Initial Capacity: 126M
 Heap Max Capacity: 1990M
 Pre-touch: Disabled
 Parallel Workers: 8
 Concurrent Workers: 2
 Concurrent Refinement Workers: 8
 Periodic GC: Disabled
Heap:
 garbage-first heap   total 102400K, used 77394K [0x0000000083a00000, 0x0000000100000000)
  region size 1024K, 46 young (47104K), 3 survivors (3072K)
 Metaspace       used 59098K, committed 59712K, reserved 1105920K
  class space    used 7699K, committed 8000K, reserved 1048576K
GC Heap History (20 events):
Event: 68.529 GC heap before
{Heap before GC invocations=19 (full 0):
 garbage-first heap   total 102400K, used 77660K [0x0000000083a00000, 0x0000000100000000)
  region size 1024K, 51 young (52224K), 8 survivors (8192K)
 Metaspace       used 57725K, committed 58304K, reserved 1105920K
  class space    used 7675K, committed 8000K, reserved 1048576K
}
Event: 68.561 GC heap after
{Heap after GC invocations=20 (full 0):
 garbage-first heap   total 102400K, used 35495K [0x0000000083a00000, 0x0000000100000000)
  region size 1024K, 3 young (3072K), 3 survivors (3072K)
 Metaspace       used 57725K, committed 58304K, reserved 1105920K
  class space    used 7675K, committed 8000K, reserved 1048576K
}
Event: 135.990 GC heap before
{Heap before GC invocations=20 (full 0):
 garbage-first heap   total 102400K, used 78503K [0x0000000083a00000, 0x0000000100000000)
  region size 1024K, 46 young (47104K), 3 survivors (3072K)
 Metaspace       used 58313K, committed 58944K, reserved 1105920K
  class space    used 7688K, committed 8000K, reserved 1048576K
}
Event: 136.004 GC heap after
{Heap after GC invocations=21 (full 0):
 garbage-first heap   total 102400K, used 35632K [0x0000000083a00000, 0x0000000100000000)
  region size 1024K, 3 young (3072K), 3 survivors (3072K)
 Metaspace       used 58313K, committed 58944K, reserved 1105920K
  class space    used 7688K, committed 8000K, reserved 1048576K
}
Event: 214.605 GC heap before
{Heap before GC invocations=21 (full 0):
 garbage-first heap   total 102400K, used 79664K [0x0000000083a00000, 0x0000000100000000)
  region size 1024K, 47 young (48128K), 3 survivors (3072K)
 Metaspace       used 58505K, committed 59136K, reserved 1105920K
  class space    used 7689K, committed 8000K, reserved 1048576K
}
Event: 214.617 GC heap after
{Heap after GC invocations=22 (full 0):
 garbage-first heap   total 102400K, used 35528K [0x0000000083a00000, 0x0000000100000000)
  region size 1024K, 3 young (3072K), 3 survivors (3072K)
 Metaspace       used 58505K, committed 59136K, reserved 1105920K
  class space    used 7689K, committed 8000K, reserved 1048576K
}
Event: 300.720 GC heap before
{Heap before GC invocations=22 (full 0):
 garbage-first heap   total 102400K, used 81608K [0x0000000083a00000, 0x0000000100000000)
  region size 1024K, 49 young (50176K), 3 survivors (3072K)
 Metaspace       used 58642K, committed 59264K, reserved 1105920K
  class space    used 7691K, committed 8000K, reserved 1048576K
}
Event: 300.759 GC heap after
{Heap after GC invocations=23 (full 0):
 garbage-first heap   total 102400K, used 35448K [0x0000000083a00000, 0x0000000100000000)
  region size 1024K, 3 young (3072K), 3 survivors (3072K)
 Metaspace       used 58642K, committed 59264K, reserved 1105920K
  class space    used 7691K, committed 8000K, reserved 1048576K
}
Event: 390.085 GC heap before
{Heap before GC invocations=23 (full 0):
 garbage-first heap   total 102400K, used 84600K [0x0000000083a00000, 0x0000000100000000)
  region size 1024K, 51 young (52224K), 3 survivors (3072K)
 Metaspace       used 58713K, committed 59328K, reserved 1105920K
  class space    used 7691K, committed 8000K, reserved 1048576K
}
Event: 390.127 GC heap after
{Heap after GC invocations=24 (full 0):
 garbage-first heap   total 102400K, used 35452K [0x0000000083a00000, 0x0000000100000000)
  region size 1024K, 3 young (3072K), 3 survivors (3072K)
 Metaspace       used 58713K, committed 59328K, reserved 1105920K
  class space    used 7691K, committed 8000K, reserved 1048576K
}
Event: 479.082 GC heap before
{Heap before GC invocations=24 (full 0):
 garbage-first heap   total 102400K, used 84604K [0x0000000083a00000, 0x0000000100000000)
  region size 1024K, 52 young (53248K), 3 survivors (3072K)
 Metaspace       used 58820K, committed 59392K, reserved 1105920K
  class space    used 7691K, committed 8000K, reserved 1048576K
}
Event: 479.093 GC heap after
{Heap after GC invocations=25 (full 0):
 garbage-first heap   total 102400K, used 35510K [0x0000000083a00000, 0x0000000100000000)
  region size 1024K, 3 young (3072K), 3 survivors (3072K)
 Metaspace       used 58820K, committed 59392K, reserved 1105920K
  class space    used 7691K, committed 8000K, reserved 1048576K
}
Event: 572.532 GC heap before
{Heap before GC invocations=25 (full 0):
 garbage-first heap   total 102400K, used 85686K [0x0000000083a00000, 0x0000000100000000)
  region size 1024K, 53 young (54272K), 3 survivors (3072K)
 Metaspace       used 58893K, committed 59456K, reserved 1105920K
  class space    used 7695K, committed 8000K, reserved 1048576K
}
Event: 572.630 GC heap after
{Heap after GC invocations=26 (full 0):
 garbage-first heap   total 102400K, used 35375K [0x0000000083a00000, 0x0000000100000000)
  region size 1024K, 3 young (3072K), 3 survivors (3072K)
 Metaspace       used 58893K, committed 59456K, reserved 1105920K
  class space    used 7695K, committed 8000K, reserved 1048576K
}
Event: 663.755 GC heap before
{Heap before GC invocations=26 (full 0):
 garbage-first heap   total 102400K, used 86575K [0x0000000083a00000, 0x0000000100000000)
  region size 1024K, 53 young (54272K), 3 survivors (3072K)
 Metaspace       used 58955K, committed 59584K, reserved 1105920K
  class space    used 7695K, committed 8000K, reserved 1048576K
}
Event: 663.768 GC heap after
{Heap after GC invocations=27 (full 0):
 garbage-first heap   total 102400K, used 35456K [0x0000000083a00000, 0x0000000100000000)
  region size 1024K, 3 young (3072K), 3 survivors (3072K)
 Metaspace       used 58955K, committed 59584K, reserved 1105920K
  class space    used 7695K, committed 8000K, reserved 1048576K
}
Event: 757.218 GC heap before
{Heap before GC invocations=27 (full 0):
 garbage-first heap   total 102400K, used 86656K [0x0000000083a00000, 0x0000000100000000)
  region size 1024K, 54 young (55296K), 3 survivors (3072K)
 Metaspace       used 58996K, committed 59584K, reserved 1105920K
  class space    used 7695K, committed 8000K, reserved 1048576K
}
Event: 757.434 GC heap after
{Heap after GC invocations=28 (full 0):
 garbage-first heap   total 102400K, used 35489K [0x0000000083a00000, 0x0000000100000000)
  region size 1024K, 3 young (3072K), 3 survivors (3072K)
 Metaspace       used 58996K, committed 59584K, reserved 1105920K
  class space    used 7695K, committed 8000K, reserved 1048576K
}
Event: 849.963 GC heap before
{Heap before GC invocations=28 (full 0):
 garbage-first heap   total 102400K, used 86689K [0x0000000083a00000, 0x0000000100000000)
  region size 1024K, 54 young (55296K), 3 survivors (3072K)
 Metaspace       used 59059K, committed 59648K, reserved 1105920K
  class space    used 7697K, committed 8000K, reserved 1048576K
}
Event: 850.007 GC heap after
{Heap after GC invocations=29 (full 0):
 garbage-first heap   total 102400K, used 35410K [0x0000000083a00000, 0x0000000100000000)
  region size 1024K, 3 young (3072K), 3 survivors (3072K)
 Metaspace       used 59059K, committed 59648K, reserved 1105920K
  class space    used 7697K, committed 8000K, reserved 1048576K
}

