# JRE version: OpenJDK Runtime Environment Temurin-21.0.8+9 (21.0.8+9) (build 21.0.8+9-LTS)
# Java VM: OpenJDK 64-Bit Server VM Temurin-21.0.8+9 (21.0.8+9-LTS, mixed mode, sharing, tiered, compressed oops, compressed class ptrs, parallel gc, windows-amd64)
GC Precious Log:
 CardTable entry size: 512
 CPUs: 8 total, 8 available
 Memory: 40743M
 Large Page Support: Disabled
 NUMA Support: Disabled
 Compressed Oops: Enabled (32-bit)
 Alignments: Space 512K, Generation 512K, Heap 2M
 Heap Min Capacity: 100M
 Heap Initial Capacity: 100M
 Heap Max Capacity: 2G
 Pre-touch: Disabled
 Parallel Workers: 8
Heap:
 PSYoungGen      total 3072K, used 1663K [0x00000000d5580000, 0x00000000d5980000, 0x0000000100000000)
  eden space 2048K, 54% used [0x00000000d5580000,0x00000000d5699230,0x00000000d5780000)
  from space 1024K, 52% used [0x00000000d5880000,0x00000000d5906aa0,0x00000000d5980000)
  to   space 1024K, 0% used [0x00000000d5780000,0x00000000d5780000,0x00000000d5880000)
 ParOldGen       total 936960K, used 936953K [0x0000000080000000, 0x00000000b9300000, 0x00000000d5580000)
  object space 936960K, 99% used [0x0000000080000000,0x00000000b92fe560,0x00000000b9300000)
 Metaspace       used 75514K, committed 77184K, reserved 1179648K
  class space    used 7481K, committed 8256K, reserved 1048576K
GC Heap History (20 events):
Event: 161.332 GC heap before
{Heap before GC invocations=3408 (full 4):
 PSYoungGen      total 5120K, used 4928K [0x00000000d5580000, 0x00000000d5d00000, 0x0000000100000000)
  eden space 2560K, 100% used [0x00000000d5580000,0x00000000d5800000,0x00000000d5800000)
  from space 2560K, 92% used [0x00000000d5800000,0x00000000d5a50000,0x00000000d5a80000)
  to   space 2560K, 0% used [0x00000000d5a80000,0x00000000d5a80000,0x00000000d5d00000)
 ParOldGen       total 929792K, used 929613K [0x0000000080000000, 0x00000000b8c00000, 0x00000000d5580000)
  object space 929792K, 99% used [0x0000000080000000,0x00000000b8bd3598,0x00000000b8c00000)
 Metaspace       used 73978K, committed 75712K, reserved 1179648K
  class space    used 7362K, committed 8128K, reserved 1048576K
}
Event: 161.336 GC heap after
{Heap after GC invocations=3408 (full 4):
 PSYoungGen      total 5120K, used 2016K [0x00000000d5580000, 0x00000000d5d00000, 0x0000000100000000)
  eden space 2560K, 0% used [0x00000000d5580000,0x00000000d5580000,0x00000000d5800000)
  from space 2560K, 78% used [0x00000000d5a80000,0x00000000d5c78000,0x00000000d5d00000)
  to   space 2560K, 0% used [0x00000000d5800000,0x00000000d5800000,0x00000000d5a80000)
 ParOldGen       total 932352K, used 931872K [0x0000000080000000, 0x00000000b8e80000, 0x00000000d5580000)
  object space 932352K, 99% used [0x0000000080000000,0x00000000b8e08050,0x00000000b8e80000)
 Metaspace       used 73978K, committed 75712K, reserved 1179648K
  class space    used 7362K, committed 8128K, reserved 1048576K
}
Event: 161.495 GC heap before
{Heap before GC invocations=3409 (full 4):
 PSYoungGen      total 5120K, used 4557K [0x00000000d5580000, 0x00000000d5d00000, 0x0000000100000000)
  eden space 2560K, 99% used [0x00000000d5580000,0x00000000d57fb4a0,0x00000000d5800000)
  from space 2560K, 78% used [0x00000000d5a80000,0x00000000d5c78000,0x00000000d5d00000)
  to   space 2560K, 0% used [0x00000000d5800000,0x00000000d5800000,0x00000000d5a80000)
 ParOldGen       total 932352K, used 931872K [0x0000000080000000, 0x00000000b8e80000, 0x00000000d5580000)
  object space 932352K, 99% used [0x0000000080000000,0x00000000b8e08050,0x00000000b8e80000)
 Metaspace       used 73982K, committed 75712K, reserved 1179648K
  class space    used 7362K, committed 8128K, reserved 1048576K
}
Event: 161.500 GC heap after
{Heap after GC invocations=3409 (full 4):
 PSYoungGen      total 3584K, used 526K [0x00000000d5580000, 0x00000000d5b00000, 0x0000000100000000)
  eden space 2560K, 0% used [0x00000000d5580000,0x00000000d5580000,0x00000000d5800000)
  from space 1024K, 51% used [0x00000000d5800000,0x00000000d5883a40,0x00000000d5900000)
  to   space 1536K, 0% used [0x00000000d5980000,0x00000000d5980000,0x00000000d5b00000)
 ParOldGen       total 933888K, used 933795K [0x0000000080000000, 0x00000000b9000000, 0x00000000d5580000)
  object space 933888K, 99% used [0x0000000080000000,0x00000000b8fe8c90,0x00000000b9000000)
 Metaspace       used 73982K, committed 75712K, reserved 1179648K
  class space    used 7362K, committed 8128K, reserved 1048576K
}
Event: 161.513 GC heap before
{Heap before GC invocations=3410 (full 4):
 PSYoungGen      total 3584K, used 3034K [0x00000000d5580000, 0x00000000d5b00000, 0x0000000100000000)
  eden space 2560K, 97% used [0x00000000d5580000,0x00000000d57f2e78,0x00000000d5800000)
  from space 1024K, 51% used [0x00000000d5800000,0x00000000d5883a40,0x00000000d5900000)
  to   space 1536K, 0% used [0x00000000d5980000,0x00000000d5980000,0x00000000d5b00000)
 ParOldGen       total 933888K, used 933795K [0x0000000080000000, 0x00000000b9000000, 0x00000000d5580000)
  object space 933888K, 99% used [0x0000000080000000,0x00000000b8fe8c90,0x00000000b9000000)
 Metaspace       used 74082K, committed 75776K, reserved 1179648K
  class space    used 7364K, committed 8128K, reserved 1048576K
}
Event: 161.517 GC heap after
{Heap after GC invocations=3410 (full 4):
 PSYoungGen      total 4096K, used 1316K [0x00000000d5580000, 0x00000000d5b00000, 0x0000000100000000)
  eden space 2560K, 0% used [0x00000000d5580000,0x00000000d5580000,0x00000000d5800000)
  from space 1536K, 85% used [0x00000000d5980000,0x00000000d5ac9238,0x00000000d5b00000)
  to   space 1536K, 0% used [0x00000000d5800000,0x00000000d5800000,0x00000000d5980000)
 ParOldGen       total 934400K, used 934187K [0x0000000080000000, 0x00000000b9080000, 0x00000000d5580000)
  object space 934400K, 99% used [0x0000000080000000,0x00000000b904acd0,0x00000000b9080000)
 Metaspace       used 74082K, committed 75776K, reserved 1179648K
  class space    used 7364K, committed 8128K, reserved 1048576K
}
Event: 161.553 GC heap before
{Heap before GC invocations=3411 (full 4):
 PSYoungGen      total 4096K, used 3876K [0x00000000d5580000, 0x00000000d5b00000, 0x0000000100000000)
  eden space 2560K, 100% used [0x00000000d5580000,0x00000000d5800000,0x00000000d5800000)
  from space 1536K, 85% used [0x00000000d5980000,0x00000000d5ac9238,0x00000000d5b00000)
  to   space 1536K, 0% used [0x00000000d5800000,0x00000000d5800000,0x00000000d5980000)
 ParOldGen       total 934400K, used 934187K [0x0000000080000000, 0x00000000b9080000, 0x00000000d5580000)
  object space 934400K, 99% used [0x0000000080000000,0x00000000b904acd0,0x00000000b9080000)
 Metaspace       used 74326K, committed 75968K, reserved 1179648K
  class space    used 7391K, committed 8128K, reserved 1048576K
}
Event: 161.556 GC heap after
{Heap after GC invocations=3411 (full 4):
 PSYoungGen      total 3072K, used 304K [0x00000000d5580000, 0x00000000d5a00000, 0x0000000100000000)
  eden space 2560K, 0% used [0x00000000d5580000,0x00000000d5580000,0x00000000d5800000)
  from space 512K, 59% used [0x00000000d5800000,0x00000000d584c010,0x00000000d5880000)
  to   space 1024K, 0% used [0x00000000d5900000,0x00000000d5900000,0x00000000d5a00000)
 ParOldGen       total 934400K, used 934235K [0x0000000080000000, 0x00000000b9080000, 0x00000000d5580000)
  object space 934400K, 99% used [0x0000000080000000,0x00000000b9056cd0,0x00000000b9080000)
 Metaspace       used 74326K, committed 75968K, reserved 1179648K
  class space    used 7391K, committed 8128K, reserved 1048576K
}
Event: 161.571 GC heap before
{Heap before GC invocations=3412 (full 4):
 PSYoungGen      total 3072K, used 2864K [0x00000000d5580000, 0x00000000d5a00000, 0x0000000100000000)
  eden space 2560K, 100% used [0x00000000d5580000,0x00000000d5800000,0x00000000d5800000)
  from space 512K, 59% used [0x00000000d5800000,0x00000000d584c010,0x00000000d5880000)
  to   space 1024K, 0% used [0x00000000d5900000,0x00000000d5900000,0x00000000d5a00000)
 ParOldGen       total 934400K, used 934235K [0x0000000080000000, 0x00000000b9080000, 0x00000000d5580000)
  object space 934400K, 99% used [0x0000000080000000,0x00000000b9056cd0,0x00000000b9080000)
 Metaspace       used 74385K, committed 76032K, reserved 1179648K
  class space    used 7398K, committed 8128K, reserved 1048576K
}
Event: 161.574 GC heap after
{Heap after GC invocations=3412 (full 4):
 PSYoungGen      total 3072K, used 929K [0x00000000d5580000, 0x00000000d5b00000, 0x0000000100000000)
  eden space 2048K, 0% used [0x00000000d5580000,0x00000000d5580000,0x00000000d5780000)
  from space 1024K, 90% used [0x00000000d5900000,0x00000000d59e86b8,0x00000000d5a00000)
  to   space 1536K, 0% used [0x00000000d5780000,0x00000000d5780000,0x00000000d5900000)
 ParOldGen       total 934400K, used 934307K [0x0000000080000000, 0x00000000b9080000, 0x00000000d5580000)
  object space 934400K, 99% used [0x0000000080000000,0x00000000b9068cd0,0x00000000b9080000)
 Metaspace       used 74385K, committed 76032K, reserved 1179648K
  class space    used 7398K, committed 8128K, reserved 1048576K
}
Event: 161.603 GC heap before
{Heap before GC invocations=3413 (full 4):
 PSYoungGen      total 3072K, used 2977K [0x00000000d5580000, 0x00000000d5b00000, 0x0000000100000000)
  eden space 2048K, 100% used [0x00000000d5580000,0x00000000d5780000,0x00000000d5780000)
  from space 1024K, 90% used [0x00000000d5900000,0x00000000d59e86b8,0x00000000d5a00000)
  to   space 1536K, 0% used [0x00000000d5780000,0x00000000d5780000,0x00000000d5900000)
 ParOldGen       total 934400K, used 934307K [0x0000000080000000, 0x00000000b9080000, 0x00000000d5580000)
  object space 934400K, 99% used [0x0000000080000000,0x00000000b9068cd0,0x00000000b9080000)
 Metaspace       used 74386K, committed 76032K, reserved 1179648K
  class space    used 7398K, committed 8128K, reserved 1048576K
}
Event: 161.607 GC heap after
{Heap after GC invocations=3413 (full 4):
 PSYoungGen      total 2560K, used 448K [0x00000000d5580000, 0x00000000d5980000, 0x0000000100000000)
  eden space 2048K, 0% used [0x00000000d5580000,0x00000000d5580000,0x00000000d5780000)
  from space 512K, 87% used [0x00000000d5780000,0x00000000d57f0000,0x00000000d5800000)
  to   space 1024K, 0% used [0x00000000d5880000,0x00000000d5880000,0x00000000d5980000)
 ParOldGen       total 935424K, used 935207K [0x0000000080000000, 0x00000000b9180000, 0x00000000d5580000)
  object space 935424K, 99% used [0x0000000080000000,0x00000000b9149de0,0x00000000b9180000)
 Metaspace       used 74386K, committed 76032K, reserved 1179648K
  class space    used 7398K, committed 8128K, reserved 1048576K
}
Event: 161.617 GC heap before
{Heap before GC invocations=3414 (full 4):
 PSYoungGen      total 2560K, used 2496K [0x00000000d5580000, 0x00000000d5980000, 0x0000000100000000)
  eden space 2048K, 100% used [0x00000000d5580000,0x00000000d5780000,0x00000000d5780000)
  from space 512K, 87% used [0x00000000d5780000,0x00000000d57f0000,0x00000000d5800000)
  to   space 1024K, 0% used [0x00000000d5880000,0x00000000d5880000,0x00000000d5980000)
 ParOldGen       total 935424K, used 935207K [0x0000000080000000, 0x00000000b9180000, 0x00000000d5580000)
  object space 935424K, 99% used [0x0000000080000000,0x00000000b9149de0,0x00000000b9180000)
 Metaspace       used 74386K, committed 76032K, reserved 1179648K
  class space    used 7398K, committed 8128K, reserved 1048576K
}
Event: 161.620 GC heap after
{Heap after GC invocations=3414 (full 4):
 PSYoungGen      total 3072K, used 899K [0x00000000d5580000, 0x00000000d5980000, 0x0000000100000000)
  eden space 2048K, 0% used [0x00000000d5580000,0x00000000d5580000,0x00000000d5780000)
  from space 1024K, 87% used [0x00000000d5880000,0x00000000d5960ce0,0x00000000d5980000)
  to   space 1024K, 0% used [0x00000000d5780000,0x00000000d5780000,0x00000000d5880000)
 ParOldGen       total 935936K, used 935507K [0x0000000080000000, 0x00000000b9200000, 0x00000000d5580000)
  object space 935936K, 99% used [0x0000000080000000,0x00000000b9194cb0,0x00000000b9200000)
 Metaspace       used 74386K, committed 76032K, reserved 1179648K
  class space    used 7398K, committed 8128K, reserved 1048576K
}
Event: 161.693 GC heap before
{Heap before GC invocations=3415 (full 4):
 PSYoungGen      total 3072K, used 2947K [0x00000000d5580000, 0x00000000d5980000, 0x0000000100000000)
  eden space 2048K, 100% used [0x00000000d5580000,0x00000000d5780000,0x00000000d5780000)
  from space 1024K, 87% used [0x00000000d5880000,0x00000000d5960ce0,0x00000000d5980000)
  to   space 1024K, 0% used [0x00000000d5780000,0x00000000d5780000,0x00000000d5880000)
 ParOldGen       total 935936K, used 935507K [0x0000000080000000, 0x00000000b9200000, 0x00000000d5580000)
  object space 935936K, 99% used [0x0000000080000000,0x00000000b9194cb0,0x00000000b9200000)
 Metaspace       used 74651K, committed 76352K, reserved 1179648K
  class space    used 7420K, committed 8192K, reserved 1048576K
}
Event: 161.696 GC heap after
{Heap after GC invocations=3415 (full 4):
 PSYoungGen      total 3072K, used 224K [0x00000000d5580000, 0x00000000d5900000, 0x0000000100000000)
  eden space 2048K, 0% used [0x00000000d5580000,0x00000000d5580000,0x00000000d5780000)
  from space 1024K, 21% used [0x00000000d5780000,0x00000000d57b8000,0x00000000d5880000)
  to   space 512K, 0% used [0x00000000d5880000,0x00000000d5880000,0x00000000d5900000)
 ParOldGen       total 935936K, used 935634K [0x0000000080000000, 0x00000000b9200000, 0x00000000d5580000)
  object space 935936K, 99% used [0x0000000080000000,0x00000000b91b4bb0,0x00000000b9200000)
 Metaspace       used 74651K, committed 76352K, reserved 1179648K
  class space    used 7420K, committed 8192K, reserved 1048576K
}
Event: 161.739 GC heap before
{Heap before GC invocations=3416 (full 4):
 PSYoungGen      total 3072K, used 2270K [0x00000000d5580000, 0x00000000d5900000, 0x0000000100000000)
  eden space 2048K, 99% used [0x00000000d5580000,0x00000000d577f8d8,0x00000000d5780000)
  from space 1024K, 21% used [0x00000000d5780000,0x00000000d57b8000,0x00000000d5880000)
  to   space 512K, 0% used [0x00000000d5880000,0x00000000d5880000,0x00000000d5900000)
 ParOldGen       total 935936K, used 935634K [0x0000000080000000, 0x00000000b9200000, 0x00000000d5580000)
  object space 935936K, 99% used [0x0000000080000000,0x00000000b91b4bb0,0x00000000b9200000)
 Metaspace       used 74888K, committed 76544K, reserved 1179648K
  class space    used 7443K, committed 8192K, reserved 1048576K
}
Event: 161.742 GC heap after
{Heap after GC invocations=3416 (full 4):
 PSYoungGen      total 2560K, used 341K [0x00000000d5580000, 0x00000000d5900000, 0x0000000100000000)
  eden space 2048K, 0% used [0x00000000d5580000,0x00000000d5580000,0x00000000d5780000)
  from space 512K, 66% used [0x00000000d5880000,0x00000000d58d55f0,0x00000000d5900000)
  to   space 512K, 0% used [0x00000000d5800000,0x00000000d5800000,0x00000000d5880000)
 ParOldGen       total 935936K, used 935682K [0x0000000080000000, 0x00000000b9200000, 0x00000000d5580000)
  object space 935936K, 99% used [0x0000000080000000,0x00000000b91c0bb0,0x00000000b9200000)
 Metaspace       used 74888K, committed 76544K, reserved 1179648K
  class space    used 7443K, committed 8192K, reserved 1048576K
}
Event: 161.812 GC heap before
{Heap before GC invocations=3417 (full 4):
 PSYoungGen      total 2560K, used 2359K [0x00000000d5580000, 0x00000000d5900000, 0x0000000100000000)
  eden space 2048K, 98% used [0x00000000d5580000,0x00000000d5778850,0x00000000d5780000)
  from space 512K, 66% used [0x00000000d5880000,0x00000000d58d55f0,0x00000000d5900000)
  to   space 512K, 0% used [0x00000000d5800000,0x00000000d5800000,0x00000000d5880000)
 ParOldGen       total 935936K, used 935682K [0x0000000080000000, 0x00000000b9200000, 0x00000000d5580000)
  object space 935936K, 99% used [0x0000000080000000,0x00000000b91c0bb0,0x00000000b9200000)
 Metaspace       used 75097K, committed 76800K, reserved 1179648K
  class space    used 7457K, committed 8192K, reserved 1048576K
}
Event: 161.815 GC heap after
{Heap after GC invocations=3417 (full 4):
 PSYoungGen      total 2560K, used 352K [0x00000000d5580000, 0x00000000d5900000, 0x0000000100000000)
  eden space 2048K, 0% used [0x00000000d5580000,0x00000000d5580000,0x00000000d5780000)
  from space 512K, 68% used [0x00000000d5800000,0x00000000d5858020,0x00000000d5880000)
  to   space 512K, 0% used [0x00000000d5880000,0x00000000d5880000,0x00000000d5900000)
 ParOldGen       total 935936K, used 935730K [0x0000000080000000, 0x00000000b9200000, 0x00000000d5580000)
  object space 935936K, 99% used [0x0000000080000000,0x00000000b91ccbb0,0x00000000b9200000)
 Metaspace       used 75097K, committed 76800K, reserved 1179648K
  class space    used 7457K, committed 8192K, reserved 1048576K
}

