# JRE version: Java(TM) SE Runtime Environment (17.0+35) (build 17+35-LTS-2724)
# Java VM: Java HotSpot(TM) 64-Bit Server VM (17+35-LTS-2724, mixed mode, sharing, tiered, compressed oops, compressed class ptrs, g1 gc, windows-amd64)
GC Precious Log:
 CPUs: 8 total, 8 available
 Memory: 7959M
 Large Page Support: Disabled
 NUMA Support: Disabled
 Compressed Oops: Enabled (32-bit)
 Heap Region Size: 1M
 Heap Min Capacity: 8M
 Heap Initial Capacity: 126M
 Heap Max Capacity: 1990M
 Pre-touch: Disabled
 Parallel Workers: 8
 Concurrent Workers: 2
 Concurrent Refinement Workers: 8
 Periodic GC: Disabled
Heap:
 garbage-first heap   total 267264K, used 145083K [0x0000000083a00000, 0x0000000100000000)
  region size 1024K, 53 young (54272K), 12 survivors (12288K)
 Metaspace       used 125864K, committed 127616K, reserved 1163264K
  class space    used 15194K, committed 16064K, reserved 1048576K
GC Heap History (20 events):
Event: 14335.351 GC heap before
{Heap before GC invocations=134 (full 21):
 garbage-first heap   total 222208K, used 183892K [0x0000000083a00000, 0x0000000100000000)
  region size 1024K, 105 young (107520K), 6 survivors (6144K)
 Metaspace       used 123690K, committed 125440K, reserved 1163264K
  class space    used 15089K, committed 15936K, reserved 1048576K
}
Event: 14335.355 GC heap after
{Heap after GC invocations=135 (full 21):
 garbage-first heap   total 222208K, used 82711K [0x0000000083a00000, 0x0000000100000000)
  region size 1024K, 5 young (5120K), 5 survivors (5120K)
 Metaspace       used 123690K, committed 125440K, reserved 1163264K
  class space    used 15089K, committed 15936K, reserved 1048576K
}
Event: 14336.749 GC heap before
{Heap before GC invocations=135 (full 21):
 garbage-first heap   total 222208K, used 187159K [0x0000000083a00000, 0x0000000100000000)
  region size 1024K, 107 young (109568K), 5 survivors (5120K)
 Metaspace       used 124214K, committed 126016K, reserved 1163264K
  class space    used 15119K, committed 16000K, reserved 1048576K
}
Event: 14336.766 GC heap after
{Heap after GC invocations=136 (full 21):
 garbage-first heap   total 267264K, used 86938K [0x0000000083a00000, 0x0000000100000000)
  region size 1024K, 10 young (10240K), 10 survivors (10240K)
 Metaspace       used 124214K, committed 126016K, reserved 1163264K
  class space    used 15119K, committed 16000K, reserved 1048576K
}
Event: 14489.248 GC heap before
{Heap before GC invocations=136 (full 21):
 garbage-first heap   total 267264K, used 197530K [0x0000000083a00000, 0x0000000100000000)
  region size 1024K, 119 young (121856K), 10 survivors (10240K)
 Metaspace       used 124334K, committed 126144K, reserved 1163264K
  class space    used 15121K, committed 16000K, reserved 1048576K
}
Event: 14490.885 GC heap after
{Heap after GC invocations=137 (full 22):
 garbage-first heap   total 267264K, used 84641K [0x0000000083a00000, 0x0000000100000000)
  region size 1024K, 0 young (0K), 0 survivors (0K)
 Metaspace       used 124271K, committed 126144K, reserved 1163264K
  class space    used 15107K, committed 16000K, reserved 1048576K
}
Event: 14494.448 GC heap before
{Heap before GC invocations=137 (full 22):
 garbage-first heap   total 267264K, used 218785K [0x0000000083a00000, 0x0000000100000000)
  region size 1024K, 132 young (135168K), 0 survivors (0K)
 Metaspace       used 124429K, committed 126208K, reserved 1163264K
  class space    used 15119K, committed 16000K, reserved 1048576K
}
Event: 14494.464 GC heap after
{Heap after GC invocations=138 (full 22):
 garbage-first heap   total 267264K, used 90564K [0x0000000083a00000, 0x0000000100000000)
  region size 1024K, 6 young (6144K), 6 survivors (6144K)
 Metaspace       used 124429K, committed 126208K, reserved 1163264K
  class space    used 15119K, committed 16000K, reserved 1048576K
}
Event: 14495.629 GC heap before
{Heap before GC invocations=138 (full 22):
 garbage-first heap   total 267264K, used 219588K [0x0000000083a00000, 0x0000000100000000)
  region size 1024K, 132 young (135168K), 6 survivors (6144K)
 Metaspace       used 124665K, committed 126464K, reserved 1163264K
  class space    used 15134K, committed 16000K, reserved 1048576K
}
Event: 14495.640 GC heap after
{Heap after GC invocations=139 (full 22):
 garbage-first heap   total 267264K, used 91800K [0x0000000083a00000, 0x0000000100000000)
  region size 1024K, 7 young (7168K), 7 survivors (7168K)
 Metaspace       used 124665K, committed 126464K, reserved 1163264K
  class space    used 15134K, committed 16000K, reserved 1048576K
}
Event: 14496.814 GC heap before
{Heap before GC invocations=139 (full 22):
 garbage-first heap   total 267264K, used 221848K [0x0000000083a00000, 0x0000000100000000)
  region size 1024K, 134 young (137216K), 7 survivors (7168K)
 Metaspace       used 124990K, committed 126720K, reserved 1163264K
  class space    used 15151K, committed 16000K, reserved 1048576K
}
Event: 14496.834 GC heap after
{Heap after GC invocations=140 (full 22):
 garbage-first heap   total 267264K, used 96929K [0x0000000083a00000, 0x0000000100000000)
  region size 1024K, 12 young (12288K), 12 survivors (12288K)
 Metaspace       used 124990K, committed 126720K, reserved 1163264K
  class space    used 15151K, committed 16000K, reserved 1048576K
}
Event: 14842.306 GC heap before
{Heap before GC invocations=140 (full 22):
 garbage-first heap   total 267264K, used 130721K [0x0000000083a00000, 0x0000000100000000)
  region size 1024K, 47 young (48128K), 12 survivors (12288K)
 Metaspace       used 125092K, committed 126848K, reserved 1163264K
  class space    used 15152K, committed 16000K, reserved 1048576K
}
Event: 14844.111 GC heap after
{Heap after GC invocations=141 (full 23):
 garbage-first heap   total 267264K, used 92091K [0x0000000083a00000, 0x0000000100000000)
  region size 1024K, 0 young (0K), 0 survivors (0K)
 Metaspace       used 125089K, committed 126848K, reserved 1163264K
  class space    used 15151K, committed 16000K, reserved 1048576K
}
Event: 14847.510 GC heap before
{Heap before GC invocations=141 (full 23):
 garbage-first heap   total 267264K, used 221115K [0x0000000083a00000, 0x0000000100000000)
  region size 1024K, 127 young (130048K), 0 survivors (0K)
 Metaspace       used 125257K, committed 127040K, reserved 1163264K
  class space    used 15163K, committed 16000K, reserved 1048576K
}
Event: 14847.527 GC heap after
{Heap after GC invocations=142 (full 23):
 garbage-first heap   total 267264K, used 98235K [0x0000000083a00000, 0x0000000100000000)
  region size 1024K, 6 young (6144K), 6 survivors (6144K)
 Metaspace       used 125257K, committed 127040K, reserved 1163264K
  class space    used 15163K, committed 16000K, reserved 1048576K
}
Event: 14848.364 GC heap before
{Heap before GC invocations=142 (full 23):
 garbage-first heap   total 267264K, used 222139K [0x0000000083a00000, 0x0000000100000000)
  region size 1024K, 127 young (130048K), 6 survivors (6144K)
 Metaspace       used 125369K, committed 127168K, reserved 1163264K
  class space    used 15170K, committed 16064K, reserved 1048576K
}
Event: 14848.370 GC heap after
{Heap after GC invocations=143 (full 23):
 garbage-first heap   total 267264K, used 99189K [0x0000000083a00000, 0x0000000100000000)
  region size 1024K, 7 young (7168K), 7 survivors (7168K)
 Metaspace       used 125369K, committed 127168K, reserved 1163264K
  class space    used 15170K, committed 16064K, reserved 1048576K
}
Event: 14850.632 GC heap before
{Heap before GC invocations=143 (full 23):
 garbage-first heap   total 267264K, used 224117K [0x0000000083a00000, 0x0000000100000000)
  region size 1024K, 129 young (132096K), 7 survivors (7168K)
 Metaspace       used 125772K, committed 127552K, reserved 1163264K
  class space    used 15194K, committed 16064K, reserved 1048576K
}
Event: 14850.646 GC heap after
{Heap after GC invocations=144 (full 23):
 garbage-first heap   total 267264K, used 104123K [0x0000000083a00000, 0x0000000100000000)
  region size 1024K, 12 young (12288K), 12 survivors (12288K)
 Metaspace       used 125772K, committed 127552K, reserved 1163264K
  class space    used 15194K, committed 16064K, reserved 1048576K
}

