# JRE version: OpenJDK Runtime Environment Temurin-21.0.8+9 (21.0.8+9) (build 21.0.8+9-LTS)
# Java VM: OpenJDK 64-Bit Server VM Temurin-21.0.8+9 (21.0.8+9-LTS, mixed mode, sharing, tiered, compressed oops, compressed class ptrs, parallel gc, windows-amd64)
GC Precious Log:
 CardTable entry size: 512
 CPUs: 8 total, 8 available
 Memory: 40743M
 Large Page Support: Disabled
 NUMA Support: Disabled
 Compressed Oops: Enabled (32-bit)
 Alignments: Space 512K, Generation 512K, Heap 2M
 Heap Min Capacity: 100M
 Heap Initial Capacity: 100M
 Heap Max Capacity: 2G
 Pre-touch: Disabled
 Parallel Workers: 8
Heap:
 PSYoungGen      total 12288K, used 6315K [0x00000000d5580000, 0x00000000d6380000, 0x0000000100000000)
  eden space 11776K, 52% used [0x00000000d5580000,0x00000000d5b7ae80,0x00000000d6100000)
  from space 512K, 37% used [0x00000000d6300000,0x00000000d6330000,0x00000000d6380000)
  to   space 512K, 0% used [0x00000000d6280000,0x00000000d6280000,0x00000000d6300000)
 ParOldGen       total 188928K, used 131713K [0x0000000080000000, 0x000000008b880000, 0x00000000d5580000)
  object space 188928K, 69% used [0x0000000080000000,0x00000000880a0500,0x000000008b880000)
 Metaspace       used 71263K, committed 72832K, reserved 1114112K
  class space    used 7489K, committed 8192K, reserved 1048576K
GC Heap History (20 events):
Event: 534.725 GC heap before
{Heap before GC invocations=144 (full 3):
 PSYoungGen      total 12288K, used 12287K [0x00000000d5580000, 0x00000000d6500000, 0x0000000100000000)
  eden space 11776K, 99% used [0x00000000d5580000,0x00000000d60ffd90,0x00000000d6100000)
  from space 512K, 100% used [0x00000000d6400000,0x00000000d6480000,0x00000000d6480000)
  to   space 2048K, 0% used [0x00000000d6100000,0x00000000d6100000,0x00000000d6300000)
 ParOldGen       total 188928K, used 128542K [0x0000000080000000, 0x000000008b880000, 0x00000000d5580000)
  object space 188928K, 68% used [0x0000000080000000,0x0000000087d878b0,0x000000008b880000)
 Metaspace       used 70987K, committed 72640K, reserved 1114112K
  class space    used 7488K, committed 8192K, reserved 1048576K
}
Event: 534.726 GC heap after
{Heap after GC invocations=144 (full 3):
 PSYoungGen      total 13824K, used 410K [0x00000000d5580000, 0x00000000d6480000, 0x0000000100000000)
  eden space 11776K, 0% used [0x00000000d5580000,0x00000000d5580000,0x00000000d6100000)
  from space 2048K, 20% used [0x00000000d6100000,0x00000000d6166900,0x00000000d6300000)
  to   space 1024K, 0% used [0x00000000d6380000,0x00000000d6380000,0x00000000d6480000)
 ParOldGen       total 188928K, used 129070K [0x0000000080000000, 0x000000008b880000, 0x00000000d5580000)
  object space 188928K, 68% used [0x0000000080000000,0x0000000087e0b8c0,0x000000008b880000)
 Metaspace       used 70987K, committed 72640K, reserved 1114112K
  class space    used 7488K, committed 8192K, reserved 1048576K
}
Event: 553.844 GC heap before
{Heap before GC invocations=145 (full 3):
 PSYoungGen      total 13824K, used 12180K [0x00000000d5580000, 0x00000000d6480000, 0x0000000100000000)
  eden space 11776K, 99% used [0x00000000d5580000,0x00000000d60feae8,0x00000000d6100000)
  from space 2048K, 20% used [0x00000000d6100000,0x00000000d6166900,0x00000000d6300000)
  to   space 1024K, 0% used [0x00000000d6380000,0x00000000d6380000,0x00000000d6480000)
 ParOldGen       total 188928K, used 129070K [0x0000000080000000, 0x000000008b880000, 0x00000000d5580000)
  object space 188928K, 68% used [0x0000000080000000,0x0000000087e0b8c0,0x000000008b880000)
 Metaspace       used 71021K, committed 72640K, reserved 1114112K
  class space    used 7488K, committed 8192K, reserved 1048576K
}
Event: 553.845 GC heap after
{Heap after GC invocations=145 (full 3):
 PSYoungGen      total 12288K, used 320K [0x00000000d5580000, 0x00000000d6400000, 0x0000000100000000)
  eden space 11776K, 0% used [0x00000000d5580000,0x00000000d5580000,0x00000000d6100000)
  from space 512K, 62% used [0x00000000d6380000,0x00000000d63d0000,0x00000000d6400000)
  to   space 512K, 0% used [0x00000000d6300000,0x00000000d6300000,0x00000000d6380000)
 ParOldGen       total 188928K, used 129282K [0x0000000080000000, 0x000000008b880000, 0x00000000d5580000)
  object space 188928K, 68% used [0x0000000080000000,0x0000000087e40ac0,0x000000008b880000)
 Metaspace       used 71021K, committed 72640K, reserved 1114112K
  class space    used 7488K, committed 8192K, reserved 1048576K
}
Event: 554.011 GC heap before
{Heap before GC invocations=146 (full 3):
 PSYoungGen      total 12288K, used 12096K [0x00000000d5580000, 0x00000000d6400000, 0x0000000100000000)
  eden space 11776K, 100% used [0x00000000d5580000,0x00000000d6100000,0x00000000d6100000)
  from space 512K, 62% used [0x00000000d6380000,0x00000000d63d0000,0x00000000d6400000)
  to   space 512K, 0% used [0x00000000d6300000,0x00000000d6300000,0x00000000d6380000)
 ParOldGen       total 188928K, used 129282K [0x0000000080000000, 0x000000008b880000, 0x00000000d5580000)
  object space 188928K, 68% used [0x0000000080000000,0x0000000087e40ac0,0x000000008b880000)
 Metaspace       used 71023K, committed 72640K, reserved 1114112K
  class space    used 7488K, committed 8192K, reserved 1048576K
}
Event: 554.012 GC heap after
{Heap after GC invocations=146 (full 3):
 PSYoungGen      total 12288K, used 224K [0x00000000d5580000, 0x00000000d6400000, 0x0000000100000000)
  eden space 11776K, 0% used [0x00000000d5580000,0x00000000d5580000,0x00000000d6100000)
  from space 512K, 43% used [0x00000000d6300000,0x00000000d6338020,0x00000000d6380000)
  to   space 512K, 0% used [0x00000000d6380000,0x00000000d6380000,0x00000000d6400000)
 ParOldGen       total 188928K, used 129346K [0x0000000080000000, 0x000000008b880000, 0x00000000d5580000)
  object space 188928K, 68% used [0x0000000080000000,0x0000000087e50ad0,0x000000008b880000)
 Metaspace       used 71023K, committed 72640K, reserved 1114112K
  class space    used 7488K, committed 8192K, reserved 1048576K
}
Event: 582.785 GC heap before
{Heap before GC invocations=147 (full 3):
 PSYoungGen      total 12288K, used 11999K [0x00000000d5580000, 0x00000000d6400000, 0x0000000100000000)
  eden space 11776K, 99% used [0x00000000d5580000,0x00000000d60ffec8,0x00000000d6100000)
  from space 512K, 43% used [0x00000000d6300000,0x00000000d6338020,0x00000000d6380000)
  to   space 512K, 0% used [0x00000000d6380000,0x00000000d6380000,0x00000000d6400000)
 ParOldGen       total 188928K, used 129346K [0x0000000080000000, 0x000000008b880000, 0x00000000d5580000)
  object space 188928K, 68% used [0x0000000080000000,0x0000000087e50ad0,0x000000008b880000)
 Metaspace       used 71039K, committed 72640K, reserved 1114112K
  class space    used 7488K, committed 8192K, reserved 1048576K
}
Event: 582.786 GC heap after
{Heap after GC invocations=147 (full 3):
 PSYoungGen      total 12288K, used 449K [0x00000000d5580000, 0x00000000d6400000, 0x0000000100000000)
  eden space 11776K, 0% used [0x00000000d5580000,0x00000000d5580000,0x00000000d6100000)
  from space 512K, 87% used [0x00000000d6380000,0x00000000d63f0480,0x00000000d6400000)
  to   space 512K, 0% used [0x00000000d6300000,0x00000000d6300000,0x00000000d6380000)
 ParOldGen       total 188928K, used 130095K [0x0000000080000000, 0x000000008b880000, 0x00000000d5580000)
  object space 188928K, 68% used [0x0000000080000000,0x0000000087f0bd50,0x000000008b880000)
 Metaspace       used 71039K, committed 72640K, reserved 1114112K
  class space    used 7488K, committed 8192K, reserved 1048576K
}
Event: 3800.304 GC heap before
{Heap before GC invocations=148 (full 3):
 PSYoungGen      total 12288K, used 12225K [0x00000000d5580000, 0x00000000d6400000, 0x0000000100000000)
  eden space 11776K, 99% used [0x00000000d5580000,0x00000000d60fffe8,0x00000000d6100000)
  from space 512K, 87% used [0x00000000d6380000,0x00000000d63f0480,0x00000000d6400000)
  to   space 512K, 0% used [0x00000000d6300000,0x00000000d6300000,0x00000000d6380000)
 ParOldGen       total 188928K, used 130095K [0x0000000080000000, 0x000000008b880000, 0x00000000d5580000)
  object space 188928K, 68% used [0x0000000080000000,0x0000000087f0bd50,0x000000008b880000)
 Metaspace       used 71097K, committed 72704K, reserved 1114112K
  class space    used 7489K, committed 8192K, reserved 1048576K
}
Event: 3800.319 GC heap after
{Heap after GC invocations=148 (full 3):
 PSYoungGen      total 12288K, used 256K [0x00000000d5580000, 0x00000000d6400000, 0x0000000100000000)
  eden space 11776K, 0% used [0x00000000d5580000,0x00000000d5580000,0x00000000d6100000)
  from space 512K, 50% used [0x00000000d6300000,0x00000000d6340000,0x00000000d6380000)
  to   space 512K, 0% used [0x00000000d6380000,0x00000000d6380000,0x00000000d6400000)
 ParOldGen       total 188928K, used 130183K [0x0000000080000000, 0x000000008b880000, 0x00000000d5580000)
  object space 188928K, 68% used [0x0000000080000000,0x0000000087f21d70,0x000000008b880000)
 Metaspace       used 71097K, committed 72704K, reserved 1114112K
  class space    used 7489K, committed 8192K, reserved 1048576K
}
Event: 6025.190 GC heap before
{Heap before GC invocations=149 (full 3):
 PSYoungGen      total 12288K, used 12032K [0x00000000d5580000, 0x00000000d6400000, 0x0000000100000000)
  eden space 11776K, 100% used [0x00000000d5580000,0x00000000d6100000,0x00000000d6100000)
  from space 512K, 50% used [0x00000000d6300000,0x00000000d6340000,0x00000000d6380000)
  to   space 512K, 0% used [0x00000000d6380000,0x00000000d6380000,0x00000000d6400000)
 ParOldGen       total 188928K, used 130183K [0x0000000080000000, 0x000000008b880000, 0x00000000d5580000)
  object space 188928K, 68% used [0x0000000080000000,0x0000000087f21d70,0x000000008b880000)
 Metaspace       used 71135K, committed 72768K, reserved 1114112K
  class space    used 7489K, committed 8192K, reserved 1048576K
}
Event: 6025.192 GC heap after
{Heap after GC invocations=149 (full 3):
 PSYoungGen      total 12288K, used 506K [0x00000000d5580000, 0x00000000d6500000, 0x0000000100000000)
  eden space 11776K, 0% used [0x00000000d5580000,0x00000000d5580000,0x00000000d6100000)
  from space 512K, 98% used [0x00000000d6380000,0x00000000d63feb20,0x00000000d6400000)
  to   space 2048K, 0% used [0x00000000d6100000,0x00000000d6100000,0x00000000d6300000)
 ParOldGen       total 188928K, used 131061K [0x0000000080000000, 0x000000008b880000, 0x00000000d5580000)
  object space 188928K, 69% used [0x0000000080000000,0x0000000087ffd420,0x000000008b880000)
 Metaspace       used 71135K, committed 72768K, reserved 1114112K
  class space    used 7489K, committed 8192K, reserved 1048576K
}
Event: 6032.582 GC heap before
{Heap before GC invocations=150 (full 3):
 PSYoungGen      total 12288K, used 12278K [0x00000000d5580000, 0x00000000d6500000, 0x0000000100000000)
  eden space 11776K, 99% used [0x00000000d5580000,0x00000000d60fed68,0x00000000d6100000)
  from space 512K, 98% used [0x00000000d6380000,0x00000000d63feb20,0x00000000d6400000)
  to   space 2048K, 0% used [0x00000000d6100000,0x00000000d6100000,0x00000000d6300000)
 ParOldGen       total 188928K, used 131061K [0x0000000080000000, 0x000000008b880000, 0x00000000d5580000)
  object space 188928K, 69% used [0x0000000080000000,0x0000000087ffd420,0x000000008b880000)
 Metaspace       used 71166K, committed 72768K, reserved 1114112K
  class space    used 7489K, committed 8192K, reserved 1048576K
}
Event: 6032.584 GC heap after
{Heap after GC invocations=150 (full 3):
 PSYoungGen      total 13824K, used 606K [0x00000000d5580000, 0x00000000d6400000, 0x0000000100000000)
  eden space 11776K, 0% used [0x00000000d5580000,0x00000000d5580000,0x00000000d6100000)
  from space 2048K, 29% used [0x00000000d6100000,0x00000000d6197bb8,0x00000000d6300000)
  to   space 1024K, 0% used [0x00000000d6300000,0x00000000d6300000,0x00000000d6400000)
 ParOldGen       total 188928K, used 131197K [0x0000000080000000, 0x000000008b880000, 0x00000000d5580000)
  object space 188928K, 69% used [0x0000000080000000,0x000000008801f450,0x000000008b880000)
 Metaspace       used 71166K, committed 72768K, reserved 1114112K
  class space    used 7489K, committed 8192K, reserved 1048576K
}
Event: 6032.693 GC heap before
{Heap before GC invocations=151 (full 3):
 PSYoungGen      total 13824K, used 12382K [0x00000000d5580000, 0x00000000d6400000, 0x0000000100000000)
  eden space 11776K, 100% used [0x00000000d5580000,0x00000000d6100000,0x00000000d6100000)
  from space 2048K, 29% used [0x00000000d6100000,0x00000000d6197bb8,0x00000000d6300000)
  to   space 1024K, 0% used [0x00000000d6300000,0x00000000d6300000,0x00000000d6400000)
 ParOldGen       total 188928K, used 131197K [0x0000000080000000, 0x000000008b880000, 0x00000000d5580000)
  object space 188928K, 69% used [0x0000000080000000,0x000000008801f450,0x000000008b880000)
 Metaspace       used 71166K, committed 72768K, reserved 1114112K
  class space    used 7489K, committed 8192K, reserved 1048576K
}
Event: 6032.695 GC heap after
{Heap after GC invocations=151 (full 3):
 PSYoungGen      total 12288K, used 128K [0x00000000d5580000, 0x00000000d6380000, 0x0000000100000000)
  eden space 11776K, 0% used [0x00000000d5580000,0x00000000d5580000,0x00000000d6100000)
  from space 512K, 25% used [0x00000000d6300000,0x00000000d6320000,0x00000000d6380000)
  to   space 512K, 0% used [0x00000000d6280000,0x00000000d6280000,0x00000000d6300000)
 ParOldGen       total 188928K, used 131441K [0x0000000080000000, 0x000000008b880000, 0x00000000d5580000)
  object space 188928K, 69% used [0x0000000080000000,0x000000008805c480,0x000000008b880000)
 Metaspace       used 71166K, committed 72768K, reserved 1114112K
  class space    used 7489K, committed 8192K, reserved 1048576K
}
Event: 16695.217 GC heap before
{Heap before GC invocations=152 (full 3):
 PSYoungGen      total 12288K, used 11904K [0x00000000d5580000, 0x00000000d6380000, 0x0000000100000000)
  eden space 11776K, 100% used [0x00000000d5580000,0x00000000d6100000,0x00000000d6100000)
  from space 512K, 25% used [0x00000000d6300000,0x00000000d6320000,0x00000000d6380000)
  to   space 512K, 0% used [0x00000000d6280000,0x00000000d6280000,0x00000000d6300000)
 ParOldGen       total 188928K, used 131441K [0x0000000080000000, 0x000000008b880000, 0x00000000d5580000)
  object space 188928K, 69% used [0x0000000080000000,0x000000008805c480,0x000000008b880000)
 Metaspace       used 71236K, committed 72832K, reserved 1114112K
  class space    used 7489K, committed 8192K, reserved 1048576K
}
Event: 16695.244 GC heap after
{Heap after GC invocations=152 (full 3):
 PSYoungGen      total 12288K, used 496K [0x00000000d5580000, 0x00000000d6380000, 0x0000000100000000)
  eden space 11776K, 0% used [0x00000000d5580000,0x00000000d5580000,0x00000000d6100000)
  from space 512K, 96% used [0x00000000d6280000,0x00000000d62fc020,0x00000000d6300000)
  to   space 512K, 0% used [0x00000000d6300000,0x00000000d6300000,0x00000000d6380000)
 ParOldGen       total 188928K, used 131489K [0x0000000080000000, 0x000000008b880000, 0x00000000d5580000)
  object space 188928K, 69% used [0x0000000080000000,0x0000000088068490,0x000000008b880000)
 Metaspace       used 71236K, committed 72832K, reserved 1114112K
  class space    used 7489K, committed 8192K, reserved 1048576K
}
Event: 16695.966 GC heap before
{Heap before GC invocations=153 (full 3):
 PSYoungGen      total 12288K, used 12270K [0x00000000d5580000, 0x00000000d6380000, 0x0000000100000000)
  eden space 11776K, 99% used [0x00000000d5580000,0x00000000d60ff9f0,0x00000000d6100000)
  from space 512K, 96% used [0x00000000d6280000,0x00000000d62fc020,0x00000000d6300000)
  to   space 512K, 0% used [0x00000000d6300000,0x00000000d6300000,0x00000000d6380000)
 ParOldGen       total 188928K, used 131489K [0x0000000080000000, 0x000000008b880000, 0x00000000d5580000)
  object space 188928K, 69% used [0x0000000080000000,0x0000000088068490,0x000000008b880000)
 Metaspace       used 71249K, committed 72832K, reserved 1114112K
  class space    used 7489K, committed 8192K, reserved 1048576K
}
Event: 16695.972 GC heap after
{Heap after GC invocations=153 (full 3):
 PSYoungGen      total 12288K, used 192K [0x00000000d5580000, 0x00000000d6380000, 0x0000000100000000)
  eden space 11776K, 0% used [0x00000000d5580000,0x00000000d5580000,0x00000000d6100000)
  from space 512K, 37% used [0x00000000d6300000,0x00000000d6330000,0x00000000d6380000)
  to   space 512K, 0% used [0x00000000d6280000,0x00000000d6280000,0x00000000d6300000)
 ParOldGen       total 188928K, used 131713K [0x0000000080000000, 0x000000008b880000, 0x00000000d5580000)
  object space 188928K, 69% used [0x0000000080000000,0x00000000880a0500,0x000000008b880000)
 Metaspace       used 71249K, committed 72832K, reserved 1114112K
  class space    used 7489K, committed 8192K, reserved 1048576K
}

