# JRE version: OpenJDK Runtime Environment Temurin-21.0.8+9 (21.0.8+9) (build 21.0.8+9-LTS)
# Java VM: OpenJDK 64-Bit Server VM Temurin-21.0.8+9 (21.0.8+9-LTS, mixed mode, sharing, tiered, compressed oops, compressed class ptrs, parallel gc, windows-amd64)
GC Precious Log:
 CardTable entry size: 512
 CPUs: 8 total, 8 available
 Memory: 40743M
 Large Page Support: Disabled
 NUMA Support: Disabled
 Compressed Oops: Enabled (32-bit)
 Alignments: Space 512K, Generation 512K, Heap 2M
 Heap Min Capacity: 100M
 Heap Initial Capacity: 100M
 Heap Max Capacity: 2G
 Pre-touch: Disabled
 Parallel Workers: 8
Heap:
 PSYoungGen      total 6144K, used 5884K [0x00000000d5580000, 0x00000000d6000000, 0x0000000100000000)
  eden space 3584K, 92% used [0x00000000d5580000,0x00000000d58bf2b8,0x00000000d5900000)
  from space 2560K, 100% used [0x00000000d5d80000,0x00000000d6000000,0x00000000d6000000)
  to   space 3584K, 0% used [0x00000000d5a00000,0x00000000d5a00000,0x00000000d5d80000)
 ParOldGen       total 1201152K, used 308708K [0x0000000080000000, 0x00000000c9500000, 0x00000000d5580000)
  object space 1201152K, 25% used [0x0000000080000000,0x0000000092d79230,0x00000000c9500000)
 Metaspace       used 80457K, committed 82176K, reserved 1179648K
  class space    used 7974K, committed 8704K, reserved 1048576K
GC Heap History (20 events):
Event: 242.913 GC heap before
{Heap before GC invocations=3592 (full 5):
 PSYoungGen      total 4096K, used 3840K [0x00000000d5580000, 0x00000000d5c00000, 0x0000000100000000)
  eden space 3584K, 100% used [0x00000000d5580000,0x00000000d5900000,0x00000000d5900000)
  from space 512K, 50% used [0x00000000d5b80000,0x00000000d5bc0000,0x00000000d5c00000)
  to   space 512K, 0% used [0x00000000d5900000,0x00000000d5900000,0x00000000d5980000)
 ParOldGen       total 1201152K, used 295779K [0x0000000080000000, 0x00000000c9500000, 0x00000000d5580000)
  object space 1201152K, 24% used [0x0000000080000000,0x00000000920d8d60,0x00000000c9500000)
 Metaspace       used 80356K, committed 82048K, reserved 1179648K
  class space    used 7961K, committed 8704K, reserved 1048576K
}
Event: 242.914 GC heap after
{Heap after GC invocations=3592 (full 5):
 PSYoungGen      total 4096K, used 288K [0x00000000d5580000, 0x00000000d5c00000, 0x0000000100000000)
  eden space 3584K, 0% used [0x00000000d5580000,0x00000000d5580000,0x00000000d5900000)
  from space 512K, 56% used [0x00000000d5900000,0x00000000d5948000,0x00000000d5980000)
  to   space 512K, 0% used [0x00000000d5b80000,0x00000000d5b80000,0x00000000d5c00000)
 ParOldGen       total 1201152K, used 295811K [0x0000000080000000, 0x00000000c9500000, 0x00000000d5580000)
  object space 1201152K, 24% used [0x0000000080000000,0x00000000920e0d60,0x00000000c9500000)
 Metaspace       used 80356K, committed 82048K, reserved 1179648K
  class space    used 7961K, committed 8704K, reserved 1048576K
}
Event: 243.032 GC heap before
{Heap before GC invocations=3593 (full 5):
 PSYoungGen      total 4096K, used 3872K [0x00000000d5580000, 0x00000000d5c00000, 0x0000000100000000)
  eden space 3584K, 100% used [0x00000000d5580000,0x00000000d5900000,0x00000000d5900000)
  from space 512K, 56% used [0x00000000d5900000,0x00000000d5948000,0x00000000d5980000)
  to   space 512K, 0% used [0x00000000d5b80000,0x00000000d5b80000,0x00000000d5c00000)
 ParOldGen       total 1201152K, used 295811K [0x0000000080000000, 0x00000000c9500000, 0x00000000d5580000)
  object space 1201152K, 24% used [0x0000000080000000,0x00000000920e0d60,0x00000000c9500000)
 Metaspace       used 80356K, committed 82048K, reserved 1179648K
  class space    used 7961K, committed 8704K, reserved 1048576K
}
Event: 243.034 GC heap after
{Heap after GC invocations=3593 (full 5):
 PSYoungGen      total 4096K, used 160K [0x00000000d5580000, 0x00000000d5c00000, 0x0000000100000000)
  eden space 3584K, 0% used [0x00000000d5580000,0x00000000d5580000,0x00000000d5900000)
  from space 512K, 31% used [0x00000000d5b80000,0x00000000d5ba8000,0x00000000d5c00000)
  to   space 512K, 0% used [0x00000000d5900000,0x00000000d5900000,0x00000000d5980000)
 ParOldGen       total 1201152K, used 296023K [0x0000000080000000, 0x00000000c9500000, 0x00000000d5580000)
  object space 1201152K, 24% used [0x0000000080000000,0x0000000092115d70,0x00000000c9500000)
 Metaspace       used 80356K, committed 82048K, reserved 1179648K
  class space    used 7961K, committed 8704K, reserved 1048576K
}
Event: 243.049 GC heap before
{Heap before GC invocations=3594 (full 5):
 PSYoungGen      total 4096K, used 3744K [0x00000000d5580000, 0x00000000d5c00000, 0x0000000100000000)
  eden space 3584K, 100% used [0x00000000d5580000,0x00000000d5900000,0x00000000d5900000)
  from space 512K, 31% used [0x00000000d5b80000,0x00000000d5ba8000,0x00000000d5c00000)
  to   space 512K, 0% used [0x00000000d5900000,0x00000000d5900000,0x00000000d5980000)
 ParOldGen       total 1201152K, used 296023K [0x0000000080000000, 0x00000000c9500000, 0x00000000d5580000)
  object space 1201152K, 24% used [0x0000000080000000,0x0000000092115d70,0x00000000c9500000)
 Metaspace       used 80356K, committed 82048K, reserved 1179648K
  class space    used 7961K, committed 8704K, reserved 1048576K
}
Event: 243.051 GC heap after
{Heap after GC invocations=3594 (full 5):
 PSYoungGen      total 4096K, used 481K [0x00000000d5580000, 0x00000000d5e00000, 0x0000000100000000)
  eden space 3584K, 0% used [0x00000000d5580000,0x00000000d5580000,0x00000000d5900000)
  from space 512K, 93% used [0x00000000d5900000,0x00000000d5978490,0x00000000d5980000)
  to   space 2560K, 0% used [0x00000000d5b80000,0x00000000d5b80000,0x00000000d5e00000)
 ParOldGen       total 1201152K, used 297643K [0x0000000080000000, 0x00000000c9500000, 0x00000000d5580000)
  object space 1201152K, 24% used [0x0000000080000000,0x00000000922aafa0,0x00000000c9500000)
 Metaspace       used 80356K, committed 82048K, reserved 1179648K
  class space    used 7961K, committed 8704K, reserved 1048576K
}
Event: 243.132 GC heap before
{Heap before GC invocations=3595 (full 5):
 PSYoungGen      total 4096K, used 4065K [0x00000000d5580000, 0x00000000d5e00000, 0x0000000100000000)
  eden space 3584K, 100% used [0x00000000d5580000,0x00000000d5900000,0x00000000d5900000)
  from space 512K, 93% used [0x00000000d5900000,0x00000000d5978490,0x00000000d5980000)
  to   space 2560K, 0% used [0x00000000d5b80000,0x00000000d5b80000,0x00000000d5e00000)
 ParOldGen       total 1201152K, used 297643K [0x0000000080000000, 0x00000000c9500000, 0x00000000d5580000)
  object space 1201152K, 24% used [0x0000000080000000,0x00000000922aafa0,0x00000000c9500000)
 Metaspace       used 80356K, committed 82048K, reserved 1179648K
  class space    used 7961K, committed 8704K, reserved 1048576K
}
Event: 243.134 GC heap after
{Heap after GC invocations=3595 (full 5):
 PSYoungGen      total 4096K, used 282K [0x00000000d5580000, 0x00000000d5c00000, 0x0000000100000000)
  eden space 3584K, 0% used [0x00000000d5580000,0x00000000d5580000,0x00000000d5900000)
  from space 512K, 55% used [0x00000000d5b80000,0x00000000d5bc6bf0,0x00000000d5c00000)
  to   space 1024K, 0% used [0x00000000d5a00000,0x00000000d5a00000,0x00000000d5b00000)
 ParOldGen       total 1201152K, used 297683K [0x0000000080000000, 0x00000000c9500000, 0x00000000d5580000)
  object space 1201152K, 24% used [0x0000000080000000,0x00000000922b4fa0,0x00000000c9500000)
 Metaspace       used 80356K, committed 82048K, reserved 1179648K
  class space    used 7961K, committed 8704K, reserved 1048576K
}
Event: 243.672 GC heap before
{Heap before GC invocations=3596 (full 5):
 PSYoungGen      total 4096K, used 3866K [0x00000000d5580000, 0x00000000d5c00000, 0x0000000100000000)
  eden space 3584K, 100% used [0x00000000d5580000,0x00000000d5900000,0x00000000d5900000)
  from space 512K, 55% used [0x00000000d5b80000,0x00000000d5bc6bf0,0x00000000d5c00000)
  to   space 1024K, 0% used [0x00000000d5a00000,0x00000000d5a00000,0x00000000d5b00000)
 ParOldGen       total 1201152K, used 297683K [0x0000000080000000, 0x00000000c9500000, 0x00000000d5580000)
  object space 1201152K, 24% used [0x0000000080000000,0x00000000922b4fa0,0x00000000c9500000)
 Metaspace       used 80356K, committed 82048K, reserved 1179648K
  class space    used 7961K, committed 8704K, reserved 1048576K
}
Event: 243.673 GC heap after
{Heap after GC invocations=3596 (full 5):
 PSYoungGen      total 4608K, used 401K [0x00000000d5580000, 0x00000000d5c00000, 0x0000000100000000)
  eden space 3584K, 0% used [0x00000000d5580000,0x00000000d5580000,0x00000000d5900000)
  from space 1024K, 39% used [0x00000000d5a00000,0x00000000d5a64538,0x00000000d5b00000)
  to   space 512K, 0% used [0x00000000d5b80000,0x00000000d5b80000,0x00000000d5c00000)
 ParOldGen       total 1201152K, used 297723K [0x0000000080000000, 0x00000000c9500000, 0x00000000d5580000)
  object space 1201152K, 24% used [0x0000000080000000,0x00000000922befa0,0x00000000c9500000)
 Metaspace       used 80356K, committed 82048K, reserved 1179648K
  class space    used 7961K, committed 8704K, reserved 1048576K
}
Event: 244.034 GC heap before
{Heap before GC invocations=3597 (full 5):
 PSYoungGen      total 4608K, used 3985K [0x00000000d5580000, 0x00000000d5c00000, 0x0000000100000000)
  eden space 3584K, 100% used [0x00000000d5580000,0x00000000d5900000,0x00000000d5900000)
  from space 1024K, 39% used [0x00000000d5a00000,0x00000000d5a64538,0x00000000d5b00000)
  to   space 512K, 0% used [0x00000000d5b80000,0x00000000d5b80000,0x00000000d5c00000)
 ParOldGen       total 1201152K, used 297723K [0x0000000080000000, 0x00000000c9500000, 0x00000000d5580000)
  object space 1201152K, 24% used [0x0000000080000000,0x00000000922befa0,0x00000000c9500000)
 Metaspace       used 80417K, committed 82112K, reserved 1179648K
  class space    used 7971K, committed 8704K, reserved 1048576K
}
Event: 244.037 GC heap after
{Heap after GC invocations=3597 (full 5):
 PSYoungGen      total 4096K, used 511K [0x00000000d5580000, 0x00000000d5c00000, 0x0000000100000000)
  eden space 3584K, 0% used [0x00000000d5580000,0x00000000d5580000,0x00000000d5900000)
  from space 512K, 99% used [0x00000000d5b80000,0x00000000d5bffd70,0x00000000d5c00000)
  to   space 1024K, 0% used [0x00000000d5a00000,0x00000000d5a00000,0x00000000d5b00000)
 ParOldGen       total 1201152K, used 297781K [0x0000000080000000, 0x00000000c9500000, 0x00000000d5580000)
  object space 1201152K, 24% used [0x0000000080000000,0x00000000922cd510,0x00000000c9500000)
 Metaspace       used 80417K, committed 82112K, reserved 1179648K
  class space    used 7971K, committed 8704K, reserved 1048576K
}
Event: 244.096 GC heap before
{Heap before GC invocations=3598 (full 5):
 PSYoungGen      total 4096K, used 4095K [0x00000000d5580000, 0x00000000d5c00000, 0x0000000100000000)
  eden space 3584K, 100% used [0x00000000d5580000,0x00000000d5900000,0x00000000d5900000)
  from space 512K, 99% used [0x00000000d5b80000,0x00000000d5bffd70,0x00000000d5c00000)
  to   space 1024K, 0% used [0x00000000d5a00000,0x00000000d5a00000,0x00000000d5b00000)
 ParOldGen       total 1201152K, used 297781K [0x0000000080000000, 0x00000000c9500000, 0x00000000d5580000)
  object space 1201152K, 24% used [0x0000000080000000,0x00000000922cd510,0x00000000c9500000)
 Metaspace       used 80419K, committed 82112K, reserved 1179648K
  class space    used 7971K, committed 8704K, reserved 1048576K
}
Event: 244.099 GC heap after
{Heap after GC invocations=3598 (full 5):
 PSYoungGen      total 4608K, used 1001K [0x00000000d5580000, 0x00000000d6200000, 0x0000000100000000)
  eden space 3584K, 0% used [0x00000000d5580000,0x00000000d5580000,0x00000000d5900000)
  from space 1024K, 97% used [0x00000000d5a00000,0x00000000d5afa590,0x00000000d5b00000)
  to   space 4608K, 0% used [0x00000000d5d80000,0x00000000d5d80000,0x00000000d6200000)
 ParOldGen       total 1201152K, used 300447K [0x0000000080000000, 0x00000000c9500000, 0x00000000d5580000)
  object space 1201152K, 25% used [0x0000000080000000,0x0000000092567d70,0x00000000c9500000)
 Metaspace       used 80419K, committed 82112K, reserved 1179648K
  class space    used 7971K, committed 8704K, reserved 1048576K
}
Event: 244.148 GC heap before
{Heap before GC invocations=3599 (full 5):
 PSYoungGen      total 4608K, used 4585K [0x00000000d5580000, 0x00000000d6200000, 0x0000000100000000)
  eden space 3584K, 99% used [0x00000000d5580000,0x00000000d58fffd0,0x00000000d5900000)
  from space 1024K, 97% used [0x00000000d5a00000,0x00000000d5afa590,0x00000000d5b00000)
  to   space 4608K, 0% used [0x00000000d5d80000,0x00000000d5d80000,0x00000000d6200000)
 ParOldGen       total 1201152K, used 300447K [0x0000000080000000, 0x00000000c9500000, 0x00000000d5580000)
  object space 1201152K, 25% used [0x0000000080000000,0x0000000092567d70,0x00000000c9500000)
 Metaspace       used 80419K, committed 82112K, reserved 1179648K
  class space    used 7971K, committed 8704K, reserved 1048576K
}
Event: 244.152 GC heap after
{Heap after GC invocations=3599 (full 5):
 PSYoungGen      total 7168K, used 3360K [0x00000000d5580000, 0x00000000d6100000, 0x0000000100000000)
  eden space 3584K, 0% used [0x00000000d5580000,0x00000000d5580000,0x00000000d5900000)
  from space 3584K, 93% used [0x00000000d5d80000,0x00000000d60c8000,0x00000000d6100000)
  to   space 3584K, 0% used [0x00000000d5a00000,0x00000000d5a00000,0x00000000d5d80000)
 ParOldGen       total 1201152K, used 301481K [0x0000000080000000, 0x00000000c9500000, 0x00000000d5580000)
  object space 1201152K, 25% used [0x0000000080000000,0x000000009266a608,0x00000000c9500000)
 Metaspace       used 80419K, committed 82112K, reserved 1179648K
  class space    used 7971K, committed 8704K, reserved 1048576K
}
Event: 244.194 GC heap before
{Heap before GC invocations=3600 (full 5):
 PSYoungGen      total 7168K, used 6944K [0x00000000d5580000, 0x00000000d6100000, 0x0000000100000000)
  eden space 3584K, 100% used [0x00000000d5580000,0x00000000d5900000,0x00000000d5900000)
  from space 3584K, 93% used [0x00000000d5d80000,0x00000000d60c8000,0x00000000d6100000)
  to   space 3584K, 0% used [0x00000000d5a00000,0x00000000d5a00000,0x00000000d5d80000)
 ParOldGen       total 1201152K, used 301481K [0x0000000080000000, 0x00000000c9500000, 0x00000000d5580000)
  object space 1201152K, 25% used [0x0000000080000000,0x000000009266a608,0x00000000c9500000)
 Metaspace       used 80421K, committed 82112K, reserved 1179648K
  class space    used 7971K, committed 8704K, reserved 1048576K
}
Event: 244.199 GC heap after
{Heap after GC invocations=3600 (full 5):
 PSYoungGen      total 7168K, used 3415K [0x00000000d5580000, 0x00000000d6000000, 0x0000000100000000)
  eden space 3584K, 0% used [0x00000000d5580000,0x00000000d5580000,0x00000000d5900000)
  from space 3584K, 95% used [0x00000000d5a00000,0x00000000d5d55e90,0x00000000d5d80000)
  to   space 2560K, 0% used [0x00000000d5d80000,0x00000000d5d80000,0x00000000d6000000)
 ParOldGen       total 1201152K, used 304783K [0x0000000080000000, 0x00000000c9500000, 0x00000000d5580000)
  object space 1201152K, 25% used [0x0000000080000000,0x00000000929a3d58,0x00000000c9500000)
 Metaspace       used 80421K, committed 82112K, reserved 1179648K
  class space    used 7971K, committed 8704K, reserved 1048576K
}
Event: 244.251 GC heap before
{Heap before GC invocations=3601 (full 5):
 PSYoungGen      total 7168K, used 6999K [0x00000000d5580000, 0x00000000d6000000, 0x0000000100000000)
  eden space 3584K, 100% used [0x00000000d5580000,0x00000000d5900000,0x00000000d5900000)
  from space 3584K, 95% used [0x00000000d5a00000,0x00000000d5d55e90,0x00000000d5d80000)
  to   space 2560K, 0% used [0x00000000d5d80000,0x00000000d5d80000,0x00000000d6000000)
 ParOldGen       total 1201152K, used 304783K [0x0000000080000000, 0x00000000c9500000, 0x00000000d5580000)
  object space 1201152K, 25% used [0x0000000080000000,0x00000000929a3d58,0x00000000c9500000)
 Metaspace       used 80438K, committed 82176K, reserved 1179648K
  class space    used 7972K, committed 8704K, reserved 1048576K
}
Event: 246.259 GC heap after
{Heap after GC invocations=3601 (full 5):
 PSYoungGen      total 6144K, used 2560K [0x00000000d5580000, 0x00000000d6000000, 0x0000000100000000)
  eden space 3584K, 0% used [0x00000000d5580000,0x00000000d5580000,0x00000000d5900000)
  from space 2560K, 100% used [0x00000000d5d80000,0x00000000d6000000,0x00000000d6000000)
  to   space 3584K, 0% used [0x00000000d5a00000,0x00000000d5a00000,0x00000000d5d80000)
 ParOldGen       total 1201152K, used 308708K [0x0000000080000000, 0x00000000c9500000, 0x00000000d5580000)
  object space 1201152K, 25% used [0x0000000080000000,0x0000000092d79230,0x00000000c9500000)
 Metaspace       used 80438K, committed 82176K, reserved 1179648K
  class space    used 7972K, committed 8704K, reserved 1048576K
}

