# JRE version: Java(TM) SE Runtime Environment (17.0.15+9) (build 17.0.15+9-LTS-241)
# Java VM: Java HotSpot(TM) 64-Bit Server VM (17.0.15+9-LTS-241, mixed mode, sharing, tiered, compressed oops, compressed class ptrs, g1 gc, windows-amd64)
GC Precious Log:
 CPUs: 8 total, 8 available
 Memory: 40743M
 Large Page Support: Disabled
 NUMA Support: Disabled
 Compressed Oops: Enabled (Zero based)
 Heap Region Size: 8M
 Heap Min Capacity: 8M
 Heap Initial Capacity: 640M
 Heap Max Capacity: 10192M
 Pre-touch: Disabled
 Parallel Workers: 8
 Concurrent Workers: 2
 Concurrent Refinement Workers: 8
 Periodic GC: Disabled
Heap:
 garbage-first heap   total 98304K, used 49070K [0x0000000583000000, 0x0000000800000000)
  region size 8192K, 4 young (32768K), 1 survivors (8192K)
 Metaspace       used 60918K, committed 61568K, reserved 1114112K
  class space    used 7708K, committed 8000K, reserved 1048576K
GC Heap History (20 events):
Event: 17618.423 GC heap before
{Heap before GC invocations=312 (full 0):
 garbage-first heap   total 98304K, used 57237K [0x0000000583000000, 0x0000000800000000)
  region size 8192K, 4 young (32768K), 1 survivors (8192K)
 Metaspace       used 60905K, committed 61504K, reserved 1114112K
  class space    used 7708K, committed 8000K, reserved 1048576K
}
Event: 17618.424 GC heap after
{Heap after GC invocations=313 (full 0):
 garbage-first heap   total 98304K, used 40865K [0x0000000583000000, 0x0000000800000000)
  region size 8192K, 1 young (8192K), 1 survivors (8192K)
 Metaspace       used 60905K, committed 61504K, reserved 1114112K
  class space    used 7708K, committed 8000K, reserved 1048576K
}
Event: 17688.265 GC heap before
{Heap before GC invocations=313 (full 0):
 garbage-first heap   total 98304K, used 65441K [0x0000000583000000, 0x0000000800000000)
  region size 8192K, 4 young (32768K), 1 survivors (8192K)
 Metaspace       used 60905K, committed 61504K, reserved 1114112K
  class space    used 7708K, committed 8000K, reserved 1048576K
}
Event: 17688.266 GC heap after
{Heap after GC invocations=314 (full 0):
 garbage-first heap   total 98304K, used 40866K [0x0000000583000000, 0x0000000800000000)
  region size 8192K, 1 young (8192K), 1 survivors (8192K)
 Metaspace       used 60905K, committed 61504K, reserved 1114112K
  class space    used 7708K, committed 8000K, reserved 1048576K
}
Event: 17753.862 GC heap before
{Heap before GC invocations=314 (full 0):
 garbage-first heap   total 98304K, used 65442K [0x0000000583000000, 0x0000000800000000)
  region size 8192K, 4 young (32768K), 1 survivors (8192K)
 Metaspace       used 60905K, committed 61504K, reserved 1114112K
  class space    used 7708K, committed 8000K, reserved 1048576K
}
Event: 17753.863 GC heap after
{Heap after GC invocations=315 (full 0):
 garbage-first heap   total 98304K, used 40849K [0x0000000583000000, 0x0000000800000000)
  region size 8192K, 1 young (8192K), 1 survivors (8192K)
 Metaspace       used 60905K, committed 61504K, reserved 1114112K
  class space    used 7708K, committed 8000K, reserved 1048576K
}
Event: 17819.790 GC heap before
{Heap before GC invocations=315 (full 0):
 garbage-first heap   total 98304K, used 65425K [0x0000000583000000, 0x0000000800000000)
  region size 8192K, 4 young (32768K), 1 survivors (8192K)
 Metaspace       used 60905K, committed 61504K, reserved 1114112K
  class space    used 7708K, committed 8000K, reserved 1048576K
}
Event: 17819.791 GC heap after
{Heap after GC invocations=316 (full 0):
 garbage-first heap   total 98304K, used 40885K [0x0000000583000000, 0x0000000800000000)
  region size 8192K, 1 young (8192K), 1 survivors (8192K)
 Metaspace       used 60905K, committed 61504K, reserved 1114112K
  class space    used 7708K, committed 8000K, reserved 1048576K
}
Event: 17890.877 GC heap before
{Heap before GC invocations=316 (full 0):
 garbage-first heap   total 98304K, used 65461K [0x0000000583000000, 0x0000000800000000)
  region size 8192K, 4 young (32768K), 1 survivors (8192K)
 Metaspace       used 60906K, committed 61504K, reserved 1114112K
  class space    used 7708K, committed 8000K, reserved 1048576K
}
Event: 17890.878 GC heap after
{Heap after GC invocations=317 (full 0):
 garbage-first heap   total 98304K, used 40865K [0x0000000583000000, 0x0000000800000000)
  region size 8192K, 1 young (8192K), 1 survivors (8192K)
 Metaspace       used 60906K, committed 61504K, reserved 1114112K
  class space    used 7708K, committed 8000K, reserved 1048576K
}
Event: 17955.659 GC heap before
{Heap before GC invocations=317 (full 0):
 garbage-first heap   total 98304K, used 57249K [0x0000000583000000, 0x0000000800000000)
  region size 8192K, 4 young (32768K), 1 survivors (8192K)
 Metaspace       used 60906K, committed 61504K, reserved 1114112K
  class space    used 7708K, committed 8000K, reserved 1048576K
}
Event: 17955.661 GC heap after
{Heap after GC invocations=318 (full 0):
 garbage-first heap   total 98304K, used 40868K [0x0000000583000000, 0x0000000800000000)
  region size 8192K, 1 young (8192K), 1 survivors (8192K)
 Metaspace       used 60906K, committed 61504K, reserved 1114112K
  class space    used 7708K, committed 8000K, reserved 1048576K
}
Event: 18022.197 GC heap before
{Heap before GC invocations=318 (full 0):
 garbage-first heap   total 98304K, used 65444K [0x0000000583000000, 0x0000000800000000)
  region size 8192K, 4 young (32768K), 1 survivors (8192K)
 Metaspace       used 60906K, committed 61504K, reserved 1114112K
  class space    used 7708K, committed 8000K, reserved 1048576K
}
Event: 18022.198 GC heap after
{Heap after GC invocations=319 (full 0):
 garbage-first heap   total 98304K, used 40879K [0x0000000583000000, 0x0000000800000000)
  region size 8192K, 1 young (8192K), 1 survivors (8192K)
 Metaspace       used 60906K, committed 61504K, reserved 1114112K
  class space    used 7708K, committed 8000K, reserved 1048576K
}
Event: 18095.859 GC heap before
{Heap before GC invocations=319 (full 0):
 garbage-first heap   total 98304K, used 57263K [0x0000000583000000, 0x0000000800000000)
  region size 8192K, 4 young (32768K), 1 survivors (8192K)
 Metaspace       used 60906K, committed 61504K, reserved 1114112K
  class space    used 7708K, committed 8000K, reserved 1048576K
}
Event: 18095.860 GC heap after
{Heap after GC invocations=320 (full 0):
 garbage-first heap   total 98304K, used 40899K [0x0000000583000000, 0x0000000800000000)
  region size 8192K, 1 young (8192K), 1 survivors (8192K)
 Metaspace       used 60906K, committed 61504K, reserved 1114112K
  class space    used 7708K, committed 8000K, reserved 1048576K
}
Event: 18161.061 GC heap before
{Heap before GC invocations=320 (full 0):
 garbage-first heap   total 98304K, used 65475K [0x0000000583000000, 0x0000000800000000)
  region size 8192K, 4 young (32768K), 1 survivors (8192K)
 Metaspace       used 60906K, committed 61504K, reserved 1114112K
  class space    used 7708K, committed 8000K, reserved 1048576K
}
Event: 18161.062 GC heap after
{Heap after GC invocations=321 (full 0):
 garbage-first heap   total 98304K, used 40882K [0x0000000583000000, 0x0000000800000000)
  region size 8192K, 1 young (8192K), 1 survivors (8192K)
 Metaspace       used 60906K, committed 61504K, reserved 1114112K
  class space    used 7708K, committed 8000K, reserved 1048576K
}
Event: 18225.156 GC heap before
{Heap before GC invocations=321 (full 0):
 garbage-first heap   total 98304K, used 65458K [0x0000000583000000, 0x0000000800000000)
  region size 8192K, 4 young (32768K), 1 survivors (8192K)
 Metaspace       used 60906K, committed 61504K, reserved 1114112K
  class space    used 7708K, committed 8000K, reserved 1048576K
}
Event: 18225.157 GC heap after
{Heap after GC invocations=322 (full 0):
 garbage-first heap   total 98304K, used 40878K [0x0000000583000000, 0x0000000800000000)
  region size 8192K, 1 young (8192K), 1 survivors (8192K)
 Metaspace       used 60906K, committed 61504K, reserved 1114112K
  class space    used 7708K, committed 8000K, reserved 1048576K
}

