GC Heap History (20 events):
Event: 18303.615 GC heap before
{Heap before GC invocations=32 (full 0):
 garbage-first heap   total 81920K, used 52185K [0x0000000583000000, 0x0000000800000000)
  region size 8192K, 4 young (32768K), 1 survivors (8192K)
 Metaspace       used 53125K, committed 53568K, reserved 1114112K
  class space    used 6840K, committed 7040K, reserved 1048576K
}
Event: 18303.620 GC heap after
{Heap after GC invocations=33 (full 0):
 garbage-first heap   total 81920K, used 27634K [0x0000000583000000, 0x0000000800000000)
  region size 8192K, 1 young (8192K), 1 survivors (8192K)
 Metaspace       used 53125K, committed 53568K, reserved 1114112K
  class space    used 6840K, committed 7040K, reserved 1048576K
}
Event: 19306.446 GC heap before
{Heap before GC invocations=33 (full 0):
 garbage-first heap   total 81920K, used 52210K [0x0000000583000000, 0x0000000800000000)
  region size 8192K, 4 young (32768K), 1 survivors (8192K)
 Metaspace       used 53130K, committed 53568K, reserved 1114112K
  class space    used 6840K, committed 7040K, reserved 1048576K
}
Event: 19306.451 GC heap after
{Heap after GC invocations=34 (full 0):
 garbage-first heap   total 81920K, used 27643K [0x0000000583000000, 0x0000000800000000)
  region size 8192K, 1 young (8192K), 1 survivors (8192K)
 Metaspace       used 53130K, committed 53568K, reserved 1114112K
  class space    used 6840K, committed 7040K, reserved 1048576K
}
Event: 20255.367 GC heap before
{Heap before GC invocations=34 (full 0):
 garbage-first heap   total 81920K, used 52219K [0x0000000583000000, 0x0000000800000000)
  region size 8192K, 4 young (32768K), 1 survivors (8192K)
 Metaspace       used 53148K, committed 53568K, reserved 1114112K
  class space    used 6840K, committed 7040K, reserved 1048576K
}
Event: 20255.371 GC heap after
{Heap after GC invocations=35 (full 0):
 garbage-first heap   total 81920K, used 27640K [0x0000000583000000, 0x0000000800000000)
  region size 8192K, 1 young (8192K), 1 survivors (8192K)
 Metaspace       used 53148K, committed 53568K, reserved 1114112K
  class space    used 6840K, committed 7040K, reserved 1048576K
}
Event: 21190.611 GC heap before
{Heap before GC invocations=35 (full 0):
 garbage-first heap   total 81920K, used 52216K [0x0000000583000000, 0x0000000800000000)
  region size 8192K, 4 young (32768K), 1 survivors (8192K)
 Metaspace       used 53176K, committed 53632K, reserved 1114112K
  class space    used 6840K, committed 7040K, reserved 1048576K
}
Event: 21190.615 GC heap after
{Heap after GC invocations=36 (full 0):
 garbage-first heap   total 81920K, used 27655K [0x0000000583000000, 0x0000000800000000)
  region size 8192K, 1 young (8192K), 1 survivors (8192K)
 Metaspace       used 53176K, committed 53632K, reserved 1114112K
  class space    used 6840K, committed 7040K, reserved 1048576K
}
Event: 22127.135 GC heap before
{Heap before GC invocations=36 (full 0):
 garbage-first heap   total 81920K, used 52231K [0x0000000583000000, 0x0000000800000000)
  region size 8192K, 4 young (32768K), 1 survivors (8192K)
 Metaspace       used 53199K, committed 53632K, reserved 1114112K
  class space    used 6840K, committed 7040K, reserved 1048576K
}
Event: 22127.139 GC heap after
{Heap after GC invocations=37 (full 0):
 garbage-first heap   total 81920K, used 27642K [0x0000000583000000, 0x0000000800000000)
  region size 8192K, 1 young (8192K), 1 survivors (8192K)
 Metaspace       used 53199K, committed 53632K, reserved 1114112K
  class space    used 6840K, committed 7040K, reserved 1048576K
}
Event: 23077.883 GC heap before
{Heap before GC invocations=37 (full 0):
 garbage-first heap   total 81920K, used 52218K [0x0000000583000000, 0x0000000800000000)
  region size 8192K, 4 young (32768K), 1 survivors (8192K)
 Metaspace       used 53216K, committed 53696K, reserved 1114112K
  class space    used 6841K, committed 7040K, reserved 1048576K
}
Event: 23077.889 GC heap after
{Heap after GC invocations=38 (full 0):
 garbage-first heap   total 81920K, used 27671K [0x0000000583000000, 0x0000000800000000)
  region size 8192K, 1 young (8192K), 1 survivors (8192K)
 Metaspace       used 53216K, committed 53696K, reserved 1114112K
  class space    used 6841K, committed 7040K, reserved 1048576K
}
Event: 24054.217 GC heap before
{Heap before GC invocations=38 (full 0):
 garbage-first heap   total 81920K, used 52247K [0x0000000583000000, 0x0000000800000000)
  region size 8192K, 4 young (32768K), 1 survivors (8192K)
 Metaspace       used 53220K, committed 53696K, reserved 1114112K
  class space    used 6841K, committed 7040K, reserved 1048576K
}
Event: 24054.221 GC heap after
{Heap after GC invocations=39 (full 0):
 garbage-first heap   total 81920K, used 27638K [0x0000000583000000, 0x0000000800000000)
  region size 8192K, 1 young (8192K), 1 survivors (8192K)
 Metaspace       used 53220K, committed 53696K, reserved 1114112K
  class space    used 6841K, committed 7040K, reserved 1048576K
}
Event: 24999.550 GC heap before
{Heap before GC invocations=39 (full 0):
 garbage-first heap   total 81920K, used 52214K [0x0000000583000000, 0x0000000800000000)
  region size 8192K, 4 young (32768K), 1 survivors (8192K)
 Metaspace       used 53232K, committed 53696K, reserved 1114112K
  class space    used 6841K, committed 7040K, reserved 1048576K
}
Event: 24999.557 GC heap after
{Heap after GC invocations=40 (full 0):
 garbage-first heap   total 81920K, used 27701K [0x0000000583000000, 0x0000000800000000)
  region size 8192K, 1 young (8192K), 1 survivors (8192K)
 Metaspace       used 53232K, committed 53696K, reserved 1114112K
  class space    used 6841K, committed 7040K, reserved 1048576K
}
Event: 25951.692 GC heap before
{Heap before GC invocations=40 (full 0):
 garbage-first heap   total 81920K, used 52277K [0x0000000583000000, 0x0000000800000000)
  region size 8192K, 4 young (32768K), 1 survivors (8192K)
 Metaspace       used 53241K, committed 53760K, reserved 1114112K
  class space    used 6841K, committed 7040K, reserved 1048576K
}
Event: 25951.696 GC heap after
{Heap after GC invocations=41 (full 0):
 garbage-first heap   total 81920K, used 27665K [0x0000000583000000, 0x0000000800000000)
  region size 8192K, 1 young (8192K), 1 survivors (8192K)
 Metaspace       used 53241K, committed 53760K, reserved 1114112K
  class space    used 6841K, committed 7040K, reserved 1048576K
}
Event: 26921.139 GC heap before
{Heap before GC invocations=41 (full 0):
 garbage-first heap   total 81920K, used 52241K [0x0000000583000000, 0x0000000800000000)
  region size 8192K, 4 young (32768K), 1 survivors (8192K)
 Metaspace       used 53263K, committed 53760K, reserved 1114112K
  class space    used 6841K, committed 7040K, reserved 1048576K
}
Event: 26921.144 GC heap after
{Heap after GC invocations=42 (full 0):
 garbage-first heap   total 81920K, used 27691K [0x0000000583000000, 0x0000000800000000)
  region size 8192K, 1 young (8192K), 1 survivors (8192K)
 Metaspace       used 53263K, committed 53760K, reserved 1114112K
  class space    used 6841K, committed 7040K, reserved 1048576K
}

