# JRE version: Java(TM) SE Runtime Environment (17.0.15+9) (build 17.0.15+9-LTS-241)
# Java VM: Java HotSpot(TM) 64-Bit Server VM (17.0.15+9-LTS-241, mixed mode, sharing, tiered, compressed oops, compressed class ptrs, g1 gc, windows-amd64)
GC Precious Log:
 CPUs: 8 total, 8 available
 Memory: 40743M
 Large Page Support: Disabled
 NUMA Support: Disabled
 Compressed Oops: Enabled (Zero based)
 Heap Region Size: 8M
 Heap Min Capacity: 8M
 Heap Initial Capacity: 640M
 Heap Max Capacity: 10192M
 Pre-touch: Disabled
 Parallel Workers: 8
 Concurrent Workers: 2
 Concurrent Refinement Workers: 8
 Periodic GC: Disabled
Heap:
 garbage-first heap   total 81920K, used 39667K [0x0000000583000000, 0x0000000800000000)
  region size 8192K, 3 young (24576K), 1 survivors (8192K)
 Metaspace       used 48125K, committed 48704K, reserved 1114112K
  class space    used 5882K, committed 6144K, reserved 1048576K
GC Heap History (20 events):
Event: 13699.773 GC heap before
{Heap before GC invocations=29 (full 0):
 garbage-first heap   total 81920K, used 56280K [0x0000000583000000, 0x0000000800000000)
  region size 8192K, 4 young (32768K), 1 survivors (8192K)
 Metaspace       used 47276K, committed 47872K, reserved 1114112K
  class space    used 5856K, committed 6144K, reserved 1048576K
}
Event: 13699.780 GC heap after
{Heap after GC invocations=30 (full 0):
 garbage-first heap   total 81920K, used 31760K [0x0000000583000000, 0x0000000800000000)
  region size 8192K, 1 young (8192K), 1 survivors (8192K)
 Metaspace       used 47276K, committed 47872K, reserved 1114112K
  class space    used 5856K, committed 6144K, reserved 1048576K
}
Event: 14576.534 GC heap before
{Heap before GC invocations=30 (full 0):
 garbage-first heap   total 81920K, used 56336K [0x0000000583000000, 0x0000000800000000)
  region size 8192K, 4 young (32768K), 1 survivors (8192K)
 Metaspace       used 47319K, committed 47872K, reserved 1114112K
  class space    used 5856K, committed 6144K, reserved 1048576K
}
Event: 14576.537 GC heap after
{Heap after GC invocations=31 (full 0):
 garbage-first heap   total 81920K, used 31765K [0x0000000583000000, 0x0000000800000000)
  region size 8192K, 1 young (8192K), 1 survivors (8192K)
 Metaspace       used 47319K, committed 47872K, reserved 1114112K
  class space    used 5856K, committed 6144K, reserved 1048576K
}
Event: 15494.681 GC heap before
{Heap before GC invocations=31 (full 0):
 garbage-first heap   total 81920K, used 56341K [0x0000000583000000, 0x0000000800000000)
  region size 8192K, 4 young (32768K), 1 survivors (8192K)
 Metaspace       used 47417K, committed 48000K, reserved 1114112K
  class space    used 5856K, committed 6144K, reserved 1048576K
}
Event: 15494.684 GC heap after
{Heap after GC invocations=32 (full 0):
 garbage-first heap   total 81920K, used 31794K [0x0000000583000000, 0x0000000800000000)
  region size 8192K, 1 young (8192K), 1 survivors (8192K)
 Metaspace       used 47417K, committed 48000K, reserved 1114112K
  class space    used 5856K, committed 6144K, reserved 1048576K
}
Event: 16204.958 GC heap before
{Heap before GC invocations=32 (full 0):
 garbage-first heap   total 81920K, used 56370K [0x0000000583000000, 0x0000000800000000)
  region size 8192K, 4 young (32768K), 1 survivors (8192K)
 Metaspace       used 47570K, committed 48128K, reserved 1114112K
  class space    used 5868K, committed 6144K, reserved 1048576K
}
Event: 16204.963 GC heap after
{Heap after GC invocations=33 (full 0):
 garbage-first heap   total 81920K, used 31459K [0x0000000583000000, 0x0000000800000000)
  region size 8192K, 1 young (8192K), 1 survivors (8192K)
 Metaspace       used 47570K, committed 48128K, reserved 1114112K
  class space    used 5868K, committed 6144K, reserved 1048576K
}
Event: 16475.693 GC heap before
{Heap before GC invocations=33 (full 0):
 garbage-first heap   total 81920K, used 56035K [0x0000000583000000, 0x0000000800000000)
  region size 8192K, 4 young (32768K), 1 survivors (8192K)
 Metaspace       used 47695K, committed 48256K, reserved 1114112K
  class space    used 5869K, committed 6144K, reserved 1048576K
}
Event: 16475.696 GC heap after
{Heap after GC invocations=34 (full 0):
 garbage-first heap   total 81920K, used 31650K [0x0000000583000000, 0x0000000800000000)
  region size 8192K, 1 young (8192K), 1 survivors (8192K)
 Metaspace       used 47695K, committed 48256K, reserved 1114112K
  class space    used 5869K, committed 6144K, reserved 1048576K
}
Event: 16764.860 GC heap before
{Heap before GC invocations=34 (full 0):
 garbage-first heap   total 81920K, used 56226K [0x0000000583000000, 0x0000000800000000)
  region size 8192K, 4 young (32768K), 1 survivors (8192K)
 Metaspace       used 47781K, committed 48320K, reserved 1114112K
  class space    used 5869K, committed 6144K, reserved 1048576K
}
Event: 16764.862 GC heap after
{Heap after GC invocations=35 (full 0):
 garbage-first heap   total 81920K, used 31431K [0x0000000583000000, 0x0000000800000000)
  region size 8192K, 1 young (8192K), 1 survivors (8192K)
 Metaspace       used 47781K, committed 48320K, reserved 1114112K
  class space    used 5869K, committed 6144K, reserved 1048576K
}
Event: 17046.843 GC heap before
{Heap before GC invocations=35 (full 0):
 garbage-first heap   total 81920K, used 56007K [0x0000000583000000, 0x0000000800000000)
  region size 8192K, 4 young (32768K), 1 survivors (8192K)
 Metaspace       used 47866K, committed 48448K, reserved 1114112K
  class space    used 5869K, committed 6144K, reserved 1048576K
}
Event: 17046.845 GC heap after
{Heap after GC invocations=36 (full 0):
 garbage-first heap   total 81920K, used 31639K [0x0000000583000000, 0x0000000800000000)
  region size 8192K, 1 young (8192K), 1 survivors (8192K)
 Metaspace       used 47866K, committed 48448K, reserved 1114112K
  class space    used 5869K, committed 6144K, reserved 1048576K
}
Event: 17318.000 GC heap before
{Heap before GC invocations=36 (full 0):
 garbage-first heap   total 81920K, used 56215K [0x0000000583000000, 0x0000000800000000)
  region size 8192K, 4 young (32768K), 1 survivors (8192K)
 Metaspace       used 47917K, committed 48448K, reserved 1114112K
  class space    used 5870K, committed 6144K, reserved 1048576K
}
Event: 17318.003 GC heap after
{Heap after GC invocations=37 (full 0):
 garbage-first heap   total 81920K, used 31685K [0x0000000583000000, 0x0000000800000000)
  region size 8192K, 1 young (8192K), 1 survivors (8192K)
 Metaspace       used 47917K, committed 48448K, reserved 1114112K
  class space    used 5870K, committed 6144K, reserved 1048576K
}
Event: 17618.376 GC heap before
{Heap before GC invocations=37 (full 0):
 garbage-first heap   total 81920K, used 56261K [0x0000000583000000, 0x0000000800000000)
  region size 8192K, 4 young (32768K), 1 survivors (8192K)
 Metaspace       used 48008K, committed 48576K, reserved 1114112K
  class space    used 5870K, committed 6144K, reserved 1048576K
}
Event: 17618.378 GC heap after
{Heap after GC invocations=38 (full 0):
 garbage-first heap   total 81920K, used 31589K [0x0000000583000000, 0x0000000800000000)
  region size 8192K, 1 young (8192K), 1 survivors (8192K)
 Metaspace       used 48008K, committed 48576K, reserved 1114112K
  class space    used 5870K, committed 6144K, reserved 1048576K
}
Event: 17889.303 GC heap before
{Heap before GC invocations=38 (full 0):
 garbage-first heap   total 81920K, used 56165K [0x0000000583000000, 0x0000000800000000)
  region size 8192K, 4 young (32768K), 1 survivors (8192K)
 Metaspace       used 48063K, committed 48576K, reserved 1114112K
  class space    used 5870K, committed 6144K, reserved 1048576K
}
Event: 17889.306 GC heap after
{Heap after GC invocations=39 (full 0):
 garbage-first heap   total 81920K, used 31475K [0x0000000583000000, 0x0000000800000000)
  region size 8192K, 1 young (8192K), 1 survivors (8192K)
 Metaspace       used 48063K, committed 48576K, reserved 1114112K
  class space    used 5870K, committed 6144K, reserved 1048576K
}

