# JRE version: Java(TM) SE Runtime Environment (17.0.15+9) (build 17.0.15+9-LTS-241)
# Java VM: Java HotSpot(TM) 64-Bit Server VM (17.0.15+9-LTS-241, mixed mode, sharing, tiered, compressed oops, compressed class ptrs, g1 gc, windows-amd64)
GC Precious Log:
 CPUs: 8 total, 8 available
 Memory: 40743M
 Large Page Support: Disabled
 NUMA Support: Disabled
 Compressed Oops: Enabled (Zero based)
 Heap Region Size: 8M
 Heap Min Capacity: 8M
 Heap Initial Capacity: 640M
 Heap Max Capacity: 10192M
 Pre-touch: Disabled
 Parallel Workers: 8
 Concurrent Workers: 2
 Concurrent Refinement Workers: 8
 Periodic GC: Disabled
Heap:
 garbage-first heap   total 114688K, used 37472K [0x00000003d7000000, 0x0000000654000000)
  region size 8192K, 2 young (16384K), 1 survivors (8192K)
 Metaspace       used 60761K, committed 61376K, reserved 1114112K
  class space    used 7666K, committed 8000K, reserved 1048576K
GC Heap History (20 events):
Event: 7804.039 GC heap before
{Heap before GC invocations=18 (full 0):
 garbage-first heap   total 114688K, used 78571K [0x00000003d7000000, 0x0000000654000000)
  region size 8192K, 6 young (49152K), 1 survivors (8192K)
 Metaspace       used 59785K, committed 60480K, reserved 1114112K
  class space    used 7651K, committed 8000K, reserved 1048576K
}
Event: 7804.051 GC heap after
{Heap after GC invocations=19 (full 0):
 garbage-first heap   total 114688K, used 37547K [0x00000003d7000000, 0x0000000654000000)
  region size 8192K, 1 young (8192K), 1 survivors (8192K)
 Metaspace       used 59785K, committed 60480K, reserved 1114112K
  class space    used 7651K, committed 8000K, reserved 1048576K
}
Event: 8787.261 GC heap before
{Heap before GC invocations=19 (full 0):
 garbage-first heap   total 114688K, used 53931K [0x00000003d7000000, 0x0000000654000000)
  region size 8192K, 4 young (32768K), 1 survivors (8192K)
 Metaspace       used 59806K, committed 60480K, reserved 1114112K
  class space    used 7651K, committed 8000K, reserved 1048576K
}
Event: 8787.291 GC heap after
{Heap after GC invocations=20 (full 0):
 garbage-first heap   total 114688K, used 37807K [0x00000003d7000000, 0x0000000654000000)
  region size 8192K, 1 young (8192K), 1 survivors (8192K)
 Metaspace       used 59806K, committed 60480K, reserved 1114112K
  class space    used 7651K, committed 8000K, reserved 1048576K
}
Event: 10569.007 GC heap before
{Heap before GC invocations=21 (full 0):
 garbage-first heap   total 114688K, used 78767K [0x00000003d7000000, 0x0000000654000000)
  region size 8192K, 6 young (49152K), 1 survivors (8192K)
 Metaspace       used 59826K, committed 60544K, reserved 1114112K
  class space    used 7652K, committed 8000K, reserved 1048576K
}
Event: 10569.017 GC heap after
{Heap after GC invocations=22 (full 0):
 garbage-first heap   total 114688K, used 37650K [0x00000003d7000000, 0x0000000654000000)
  region size 8192K, 1 young (8192K), 1 survivors (8192K)
 Metaspace       used 59826K, committed 60544K, reserved 1114112K
  class space    used 7652K, committed 8000K, reserved 1048576K
}
Event: 10923.005 GC heap before
{Heap before GC invocations=22 (full 0):
 garbage-first heap   total 114688K, used 45842K [0x00000003d7000000, 0x0000000654000000)
  region size 8192K, 2 young (16384K), 1 survivors (8192K)
 Metaspace       used 59836K, committed 60544K, reserved 1114112K
  class space    used 7652K, committed 8000K, reserved 1048576K
}
Event: 10923.134 GC heap after
{Heap after GC invocations=23 (full 0):
 garbage-first heap   total 114688K, used 35984K [0x00000003d7000000, 0x0000000654000000)
  region size 8192K, 1 young (8192K), 1 survivors (8192K)
 Metaspace       used 59836K, committed 60544K, reserved 1114112K
  class space    used 7652K, committed 8000K, reserved 1048576K
}
Event: 13096.135 GC heap before
{Heap before GC invocations=23 (full 0):
 garbage-first heap   total 114688K, used 85136K [0x00000003d7000000, 0x0000000654000000)
  region size 8192K, 7 young (57344K), 1 survivors (8192K)
 Metaspace       used 59865K, committed 60544K, reserved 1114112K
  class space    used 7653K, committed 8000K, reserved 1048576K
}
Event: 13096.154 GC heap after
{Heap after GC invocations=24 (full 0):
 garbage-first heap   total 114688K, used 36086K [0x00000003d7000000, 0x0000000654000000)
  region size 8192K, 1 young (8192K), 1 survivors (8192K)
 Metaspace       used 59865K, committed 60544K, reserved 1114112K
  class space    used 7653K, committed 8000K, reserved 1048576K
}
Event: 15561.159 GC heap before
{Heap before GC invocations=24 (full 0):
 garbage-first heap   total 114688K, used 85238K [0x00000003d7000000, 0x0000000654000000)
  region size 8192K, 7 young (57344K), 1 survivors (8192K)
 Metaspace       used 59899K, committed 60544K, reserved 1114112K
  class space    used 7655K, committed 8000K, reserved 1048576K
}
Event: 15561.210 GC heap after
{Heap after GC invocations=25 (full 0):
 garbage-first heap   total 114688K, used 35962K [0x00000003d7000000, 0x0000000654000000)
  region size 8192K, 1 young (8192K), 1 survivors (8192K)
 Metaspace       used 59899K, committed 60544K, reserved 1114112K
  class space    used 7655K, committed 8000K, reserved 1048576K
}
Event: 15810.632 GC heap before
{Heap before GC invocations=26 (full 0):
 garbage-first heap   total 114688K, used 44154K [0x00000003d7000000, 0x0000000654000000)
  region size 8192K, 3 young (24576K), 1 survivors (8192K)
 Metaspace       used 59836K, committed 60608K, reserved 1114112K
  class space    used 7623K, committed 8000K, reserved 1048576K
}
Event: 15810.974 GC heap after
{Heap after GC invocations=27 (full 1):
 garbage-first heap   total 114688K, used 28725K [0x00000003d7000000, 0x0000000654000000)
  region size 8192K, 0 young (0K), 0 survivors (0K)
 Metaspace       used 59731K, committed 60608K, reserved 1114112K
  class space    used 7602K, committed 8000K, reserved 1048576K
}
Event: 15837.857 GC heap before
{Heap before GC invocations=27 (full 1):
 garbage-first heap   total 114688K, used 86069K [0x00000003d7000000, 0x0000000654000000)
  region size 8192K, 7 young (57344K), 0 survivors (0K)
 Metaspace       used 60279K, committed 60928K, reserved 1114112K
  class space    used 7653K, committed 8000K, reserved 1048576K
}
Event: 15837.866 GC heap after
{Heap after GC invocations=28 (full 1):
 garbage-first heap   total 114688K, used 33686K [0x00000003d7000000, 0x0000000654000000)
  region size 8192K, 1 young (8192K), 1 survivors (8192K)
 Metaspace       used 60279K, committed 60928K, reserved 1114112K
  class space    used 7653K, committed 8000K, reserved 1048576K
}
Event: 15841.576 GC heap before
{Heap before GC invocations=29 (full 1):
 garbage-first heap   total 114688K, used 82838K [0x00000003d7000000, 0x0000000654000000)
  region size 8192K, 7 young (57344K), 1 survivors (8192K)
 Metaspace       used 60685K, committed 61312K, reserved 1114112K
  class space    used 7666K, committed 8000K, reserved 1048576K
}
Event: 15841.585 GC heap after
{Heap after GC invocations=30 (full 1):
 garbage-first heap   total 114688K, used 36201K [0x00000003d7000000, 0x0000000654000000)
  region size 8192K, 1 young (8192K), 1 survivors (8192K)
 Metaspace       used 60685K, committed 61312K, reserved 1114112K
  class space    used 7666K, committed 8000K, reserved 1048576K
}
Event: 15845.361 GC heap before
{Heap before GC invocations=30 (full 1):
 garbage-first heap   total 114688K, used 44393K [0x00000003d7000000, 0x0000000654000000)
  region size 8192K, 2 young (16384K), 1 survivors (8192K)
 Metaspace       used 60709K, committed 61312K, reserved 1114112K
  class space    used 7666K, committed 8000K, reserved 1048576K
}
Event: 15845.374 GC heap after
{Heap after GC invocations=31 (full 1):
 garbage-first heap   total 114688K, used 37472K [0x00000003d7000000, 0x0000000654000000)
  region size 8192K, 1 young (8192K), 1 survivors (8192K)
 Metaspace       used 60709K, committed 61312K, reserved 1114112K
  class space    used 7666K, committed 8000K, reserved 1048576K
}

