# JRE version: OpenJDK Runtime Environment Temurin-21.0.6+7 (21.0.6+7) (build 21.0.6+7-LTS)
# Java VM: OpenJDK 64-Bit Server VM Temurin-21.0.6+7 (21.0.6+7-LTS, mixed mode, sharing, tiered, compressed oops, compressed class ptrs, parallel gc, windows-amd64)
GC Precious Log:
 CardTable entry size: 512
 CPUs: 8 total, 8 available
 Memory: 7959M
 Large Page Support: Disabled
 NUMA Support: Disabled
 Compressed Oops: Enabled (32-bit)
 Alignments: Space 512K, Generation 512K, Heap 2M
 Heap Min Capacity: 100M
 Heap Initial Capacity: 100M
 Heap Max Capacity: 1G
 Pre-touch: Disabled
 Parallel Workers: 8
Heap:
 PSYoungGen      total 4608K, used 3614K [0x00000000eab00000, 0x00000000eb300000, 0x0000000100000000)
  eden space 4096K, 79% used [0x00000000eab00000,0x00000000eae2f9b0,0x00000000eaf00000)
  from space 512K, 68% used [0x00000000eb200000,0x00000000eb258040,0x00000000eb280000)
  to   space 512K, 0% used [0x00000000eb280000,0x00000000eb280000,0x00000000eb300000)
 ParOldGen       total 577024K, used 424359K [0x00000000c0000000, 0x00000000e3380000, 0x00000000eab00000)
  object space 577024K, 73% used [0x00000000c0000000,0x00000000d9e69dd0,0x00000000e3380000)
 Metaspace       used 77632K, committed 79360K, reserved 1179648K
  class space    used 7832K, committed 8640K, reserved 1048576K
GC Heap History (20 events):
Event: 238.987 GC heap before
{Heap before GC invocations=1257 (full 3):
 PSYoungGen      total 5120K, used 4825K [0x00000000eab00000, 0x00000000eb100000, 0x0000000100000000)
  eden space 4096K, 100% used [0x00000000eab00000,0x00000000eaf00000,0x00000000eaf00000)
  from space 1024K, 71% used [0x00000000eaf00000,0x00000000eafb6410,0x00000000eb000000)
  to   space 1024K, 0% used [0x00000000eb000000,0x00000000eb000000,0x00000000eb100000)
 ParOldGen       total 577024K, used 420263K [0x00000000c0000000, 0x00000000e3380000, 0x00000000eab00000)
  object space 577024K, 72% used [0x00000000c0000000,0x00000000d9a69c80,0x00000000e3380000)
 Metaspace       used 77237K, committed 78912K, reserved 1179648K
  class space    used 7786K, committed 8576K, reserved 1048576K
}
Event: 238.990 GC heap after
{Heap after GC invocations=1257 (full 3):
 PSYoungGen      total 4608K, used 352K [0x00000000eab00000, 0x00000000eb080000, 0x0000000100000000)
  eden space 4096K, 0% used [0x00000000eab00000,0x00000000eab00000,0x00000000eaf00000)
  from space 512K, 68% used [0x00000000eb000000,0x00000000eb058000,0x00000000eb080000)
  to   space 512K, 0% used [0x00000000eaf80000,0x00000000eaf80000,0x00000000eb000000)
 ParOldGen       total 577024K, used 420848K [0x00000000c0000000, 0x00000000e3380000, 0x00000000eab00000)
  object space 577024K, 72% used [0x00000000c0000000,0x00000000d9afc090,0x00000000e3380000)
 Metaspace       used 77237K, committed 78912K, reserved 1179648K
  class space    used 7786K, committed 8576K, reserved 1048576K
}
Event: 259.504 GC heap before
{Heap before GC invocations=1258 (full 3):
 PSYoungGen      total 4608K, used 4392K [0x00000000eab00000, 0x00000000eb080000, 0x0000000100000000)
  eden space 4096K, 98% used [0x00000000eab00000,0x00000000eaef2028,0x00000000eaf00000)
  from space 512K, 68% used [0x00000000eb000000,0x00000000eb058000,0x00000000eb080000)
  to   space 512K, 0% used [0x00000000eaf80000,0x00000000eaf80000,0x00000000eb000000)
 ParOldGen       total 577024K, used 420848K [0x00000000c0000000, 0x00000000e3380000, 0x00000000eab00000)
  object space 577024K, 72% used [0x00000000c0000000,0x00000000d9afc090,0x00000000e3380000)
 Metaspace       used 77241K, committed 78912K, reserved 1179648K
  class space    used 7786K, committed 8576K, reserved 1048576K
}
Event: 259.512 GC heap after
{Heap after GC invocations=1258 (full 3):
 PSYoungGen      total 4608K, used 430K [0x00000000eab00000, 0x00000000eb080000, 0x0000000100000000)
  eden space 4096K, 0% used [0x00000000eab00000,0x00000000eab00000,0x00000000eaf00000)
  from space 512K, 84% used [0x00000000eaf80000,0x00000000eafeba20,0x00000000eb000000)
  to   space 512K, 0% used [0x00000000eb000000,0x00000000eb000000,0x00000000eb080000)
 ParOldGen       total 577024K, used 421088K [0x00000000c0000000, 0x00000000e3380000, 0x00000000eab00000)
  object space 577024K, 72% used [0x00000000c0000000,0x00000000d9b38090,0x00000000e3380000)
 Metaspace       used 77241K, committed 78912K, reserved 1179648K
  class space    used 7786K, committed 8576K, reserved 1048576K
}
Event: 259.573 GC heap before
{Heap before GC invocations=1259 (full 3):
 PSYoungGen      total 4608K, used 4470K [0x00000000eab00000, 0x00000000eb080000, 0x0000000100000000)
  eden space 4096K, 98% used [0x00000000eab00000,0x00000000eaef20e0,0x00000000eaf00000)
  from space 512K, 84% used [0x00000000eaf80000,0x00000000eafeba20,0x00000000eb000000)
  to   space 512K, 0% used [0x00000000eb000000,0x00000000eb000000,0x00000000eb080000)
 ParOldGen       total 577024K, used 421088K [0x00000000c0000000, 0x00000000e3380000, 0x00000000eab00000)
  object space 577024K, 72% used [0x00000000c0000000,0x00000000d9b38090,0x00000000e3380000)
 Metaspace       used 77241K, committed 78912K, reserved 1179648K
  class space    used 7786K, committed 8576K, reserved 1048576K
}
Event: 259.575 GC heap after
{Heap after GC invocations=1259 (full 3):
 PSYoungGen      total 4608K, used 160K [0x00000000eab00000, 0x00000000eb080000, 0x0000000100000000)
  eden space 4096K, 0% used [0x00000000eab00000,0x00000000eab00000,0x00000000eaf00000)
  from space 512K, 31% used [0x00000000eb000000,0x00000000eb028000,0x00000000eb080000)
  to   space 512K, 0% used [0x00000000eaf80000,0x00000000eaf80000,0x00000000eb000000)
 ParOldGen       total 577024K, used 421392K [0x00000000c0000000, 0x00000000e3380000, 0x00000000eab00000)
  object space 577024K, 73% used [0x00000000c0000000,0x00000000d9b84090,0x00000000e3380000)
 Metaspace       used 77241K, committed 78912K, reserved 1179648K
  class space    used 7786K, committed 8576K, reserved 1048576K
}
Event: 259.641 GC heap before
{Heap before GC invocations=1260 (full 3):
 PSYoungGen      total 4608K, used 3914K [0x00000000eab00000, 0x00000000eb080000, 0x0000000100000000)
  eden space 4096K, 91% used [0x00000000eab00000,0x00000000eaeaaba0,0x00000000eaf00000)
  from space 512K, 31% used [0x00000000eb000000,0x00000000eb028000,0x00000000eb080000)
  to   space 512K, 0% used [0x00000000eaf80000,0x00000000eaf80000,0x00000000eb000000)
 ParOldGen       total 577024K, used 421392K [0x00000000c0000000, 0x00000000e3380000, 0x00000000eab00000)
  object space 577024K, 73% used [0x00000000c0000000,0x00000000d9b84090,0x00000000e3380000)
 Metaspace       used 77241K, committed 78912K, reserved 1179648K
  class space    used 7786K, committed 8576K, reserved 1048576K
}
Event: 259.642 GC heap after
{Heap after GC invocations=1260 (full 3):
 PSYoungGen      total 4608K, used 192K [0x00000000eab00000, 0x00000000eb080000, 0x0000000100000000)
  eden space 4096K, 0% used [0x00000000eab00000,0x00000000eab00000,0x00000000eaf00000)
  from space 512K, 37% used [0x00000000eaf80000,0x00000000eafb0000,0x00000000eb000000)
  to   space 512K, 0% used [0x00000000eb000000,0x00000000eb000000,0x00000000eb080000)
 ParOldGen       total 577024K, used 421456K [0x00000000c0000000, 0x00000000e3380000, 0x00000000eab00000)
  object space 577024K, 73% used [0x00000000c0000000,0x00000000d9b94090,0x00000000e3380000)
 Metaspace       used 77241K, committed 78912K, reserved 1179648K
  class space    used 7786K, committed 8576K, reserved 1048576K
}
Event: 259.682 GC heap before
{Heap before GC invocations=1261 (full 3):
 PSYoungGen      total 4608K, used 4177K [0x00000000eab00000, 0x00000000eb080000, 0x0000000100000000)
  eden space 4096K, 97% used [0x00000000eab00000,0x00000000eaee44f8,0x00000000eaf00000)
  from space 512K, 37% used [0x00000000eaf80000,0x00000000eafb0000,0x00000000eb000000)
  to   space 512K, 0% used [0x00000000eb000000,0x00000000eb000000,0x00000000eb080000)
 ParOldGen       total 577024K, used 421456K [0x00000000c0000000, 0x00000000e3380000, 0x00000000eab00000)
  object space 577024K, 73% used [0x00000000c0000000,0x00000000d9b94090,0x00000000e3380000)
 Metaspace       used 77241K, committed 78912K, reserved 1179648K
  class space    used 7786K, committed 8576K, reserved 1048576K
}
Event: 259.683 GC heap after
{Heap after GC invocations=1261 (full 3):
 PSYoungGen      total 4608K, used 160K [0x00000000eab00000, 0x00000000eb080000, 0x0000000100000000)
  eden space 4096K, 0% used [0x00000000eab00000,0x00000000eab00000,0x00000000eaf00000)
  from space 512K, 31% used [0x00000000eb000000,0x00000000eb028000,0x00000000eb080000)
  to   space 512K, 0% used [0x00000000eaf80000,0x00000000eaf80000,0x00000000eb000000)
 ParOldGen       total 577024K, used 421496K [0x00000000c0000000, 0x00000000e3380000, 0x00000000eab00000)
  object space 577024K, 73% used [0x00000000c0000000,0x00000000d9b9e090,0x00000000e3380000)
 Metaspace       used 77241K, committed 78912K, reserved 1179648K
  class space    used 7786K, committed 8576K, reserved 1048576K
}
Event: 259.695 GC heap before
{Heap before GC invocations=1262 (full 3):
 PSYoungGen      total 4608K, used 4256K [0x00000000eab00000, 0x00000000eb080000, 0x0000000100000000)
  eden space 4096K, 100% used [0x00000000eab00000,0x00000000eaf00000,0x00000000eaf00000)
  from space 512K, 31% used [0x00000000eb000000,0x00000000eb028000,0x00000000eb080000)
  to   space 512K, 0% used [0x00000000eaf80000,0x00000000eaf80000,0x00000000eb000000)
 ParOldGen       total 577024K, used 421496K [0x00000000c0000000, 0x00000000e3380000, 0x00000000eab00000)
  object space 577024K, 73% used [0x00000000c0000000,0x00000000d9b9e090,0x00000000e3380000)
 Metaspace       used 77241K, committed 78912K, reserved 1179648K
  class space    used 7786K, committed 8576K, reserved 1048576K
}
Event: 259.698 GC heap after
{Heap after GC invocations=1262 (full 3):
 PSYoungGen      total 4608K, used 481K [0x00000000eab00000, 0x00000000eb600000, 0x0000000100000000)
  eden space 4096K, 0% used [0x00000000eab00000,0x00000000eab00000,0x00000000eaf00000)
  from space 512K, 93% used [0x00000000eaf80000,0x00000000eaff8490,0x00000000eb000000)
  to   space 3584K, 0% used [0x00000000eb280000,0x00000000eb280000,0x00000000eb600000)
 ParOldGen       total 577024K, used 423780K [0x00000000c0000000, 0x00000000e3380000, 0x00000000eab00000)
  object space 577024K, 73% used [0x00000000c0000000,0x00000000d9dd92c0,0x00000000e3380000)
 Metaspace       used 77241K, committed 78912K, reserved 1179648K
  class space    used 7786K, committed 8576K, reserved 1048576K
}
Event: 259.766 GC heap before
{Heap before GC invocations=1263 (full 3):
 PSYoungGen      total 4608K, used 4576K [0x00000000eab00000, 0x00000000eb600000, 0x0000000100000000)
  eden space 4096K, 99% used [0x00000000eab00000,0x00000000eaeffe60,0x00000000eaf00000)
  from space 512K, 93% used [0x00000000eaf80000,0x00000000eaff8490,0x00000000eb000000)
  to   space 3584K, 0% used [0x00000000eb280000,0x00000000eb280000,0x00000000eb600000)
 ParOldGen       total 577024K, used 423780K [0x00000000c0000000, 0x00000000e3380000, 0x00000000eab00000)
  object space 577024K, 73% used [0x00000000c0000000,0x00000000d9dd92c0,0x00000000e3380000)
 Metaspace       used 77241K, committed 78912K, reserved 1179648K
  class space    used 7786K, committed 8576K, reserved 1048576K
}
Event: 259.768 GC heap after
{Heap after GC invocations=1263 (full 3):
 PSYoungGen      total 4608K, used 224K [0x00000000eab00000, 0x00000000eb300000, 0x0000000100000000)
  eden space 4096K, 0% used [0x00000000eab00000,0x00000000eab00000,0x00000000eaf00000)
  from space 512K, 43% used [0x00000000eb280000,0x00000000eb2b8000,0x00000000eb300000)
  to   space 1536K, 0% used [0x00000000eb000000,0x00000000eb000000,0x00000000eb180000)
 ParOldGen       total 577024K, used 424159K [0x00000000c0000000, 0x00000000e3380000, 0x00000000eab00000)
  object space 577024K, 73% used [0x00000000c0000000,0x00000000d9e37dd0,0x00000000e3380000)
 Metaspace       used 77241K, committed 78912K, reserved 1179648K
  class space    used 7786K, committed 8576K, reserved 1048576K
}
Event: 259.903 GC heap before
{Heap before GC invocations=1264 (full 3):
 PSYoungGen      total 4608K, used 4320K [0x00000000eab00000, 0x00000000eb300000, 0x0000000100000000)
  eden space 4096K, 100% used [0x00000000eab00000,0x00000000eaf00000,0x00000000eaf00000)
  from space 512K, 43% used [0x00000000eb280000,0x00000000eb2b8000,0x00000000eb300000)
  to   space 1536K, 0% used [0x00000000eb000000,0x00000000eb000000,0x00000000eb180000)
 ParOldGen       total 577024K, used 424159K [0x00000000c0000000, 0x00000000e3380000, 0x00000000eab00000)
  object space 577024K, 73% used [0x00000000c0000000,0x00000000d9e37dd0,0x00000000e3380000)
 Metaspace       used 77241K, committed 78912K, reserved 1179648K
  class space    used 7786K, committed 8576K, reserved 1048576K
}
Event: 259.905 GC heap after
{Heap after GC invocations=1264 (full 3):
 PSYoungGen      total 5632K, used 269K [0x00000000eab00000, 0x00000000eb300000, 0x0000000100000000)
  eden space 4096K, 0% used [0x00000000eab00000,0x00000000eab00000,0x00000000eaf00000)
  from space 1536K, 17% used [0x00000000eb000000,0x00000000eb043438,0x00000000eb180000)
  to   space 512K, 0% used [0x00000000eb280000,0x00000000eb280000,0x00000000eb300000)
 ParOldGen       total 577024K, used 424223K [0x00000000c0000000, 0x00000000e3380000, 0x00000000eab00000)
  object space 577024K, 73% used [0x00000000c0000000,0x00000000d9e47dd0,0x00000000e3380000)
 Metaspace       used 77241K, committed 78912K, reserved 1179648K
  class space    used 7786K, committed 8576K, reserved 1048576K
}
Event: 260.162 GC heap before
{Heap before GC invocations=1265 (full 3):
 PSYoungGen      total 5632K, used 4365K [0x00000000eab00000, 0x00000000eb300000, 0x0000000100000000)
  eden space 4096K, 100% used [0x00000000eab00000,0x00000000eaf00000,0x00000000eaf00000)
  from space 1536K, 17% used [0x00000000eb000000,0x00000000eb043438,0x00000000eb180000)
  to   space 512K, 0% used [0x00000000eb280000,0x00000000eb280000,0x00000000eb300000)
 ParOldGen       total 577024K, used 424223K [0x00000000c0000000, 0x00000000e3380000, 0x00000000eab00000)
  object space 577024K, 73% used [0x00000000c0000000,0x00000000d9e47dd0,0x00000000e3380000)
 Metaspace       used 77241K, committed 78912K, reserved 1179648K
  class space    used 7786K, committed 8576K, reserved 1048576K
}
Event: 260.163 GC heap after
{Heap after GC invocations=1265 (full 3):
 PSYoungGen      total 4608K, used 256K [0x00000000eab00000, 0x00000000eb300000, 0x0000000100000000)
  eden space 4096K, 0% used [0x00000000eab00000,0x00000000eab00000,0x00000000eaf00000)
  from space 512K, 50% used [0x00000000eb280000,0x00000000eb2c0000,0x00000000eb300000)
  to   space 512K, 0% used [0x00000000eb200000,0x00000000eb200000,0x00000000eb280000)
 ParOldGen       total 577024K, used 424279K [0x00000000c0000000, 0x00000000e3380000, 0x00000000eab00000)
  object space 577024K, 73% used [0x00000000c0000000,0x00000000d9e55dd0,0x00000000e3380000)
 Metaspace       used 77241K, committed 78912K, reserved 1179648K
  class space    used 7786K, committed 8576K, reserved 1048576K
}
Event: 484.531 GC heap before
{Heap before GC invocations=1266 (full 3):
 PSYoungGen      total 4608K, used 4352K [0x00000000eab00000, 0x00000000eb300000, 0x0000000100000000)
  eden space 4096K, 100% used [0x00000000eab00000,0x00000000eaf00000,0x00000000eaf00000)
  from space 512K, 50% used [0x00000000eb280000,0x00000000eb2c0000,0x00000000eb300000)
  to   space 512K, 0% used [0x00000000eb200000,0x00000000eb200000,0x00000000eb280000)
 ParOldGen       total 577024K, used 424279K [0x00000000c0000000, 0x00000000e3380000, 0x00000000eab00000)
  object space 577024K, 73% used [0x00000000c0000000,0x00000000d9e55dd0,0x00000000e3380000)
 Metaspace       used 77442K, committed 79232K, reserved 1179648K
  class space    used 7809K, committed 8640K, reserved 1048576K
}
Event: 484.823 GC heap after
{Heap after GC invocations=1266 (full 3):
 PSYoungGen      total 4608K, used 352K [0x00000000eab00000, 0x00000000eb300000, 0x0000000100000000)
  eden space 4096K, 0% used [0x00000000eab00000,0x00000000eab00000,0x00000000eaf00000)
  from space 512K, 68% used [0x00000000eb200000,0x00000000eb258040,0x00000000eb280000)
  to   space 512K, 0% used [0x00000000eb280000,0x00000000eb280000,0x00000000eb300000)
 ParOldGen       total 577024K, used 424359K [0x00000000c0000000, 0x00000000e3380000, 0x00000000eab00000)
  object space 577024K, 73% used [0x00000000c0000000,0x00000000d9e69dd0,0x00000000e3380000)
 Metaspace       used 77442K, committed 79232K, reserved 1179648K
  class space    used 7809K, committed 8640K, reserved 1048576K
}

