# JRE version: Java(TM) SE Runtime Environment (17.0.15+9) (build 17.0.15+9-LTS-241)
# Java VM: Java HotSpot(TM) 64-Bit Server VM (17.0.15+9-LTS-241, mixed mode, sharing, tiered, compressed oops, compressed class ptrs, g1 gc, windows-amd64)
GC Precious Log:
 CPUs: 8 total, 8 available
 Memory: 40743M
 Large Page Support: Disabled
 NUMA Support: Disabled
 Compressed Oops: Enabled (Zero based)
 Heap Region Size: 8M
 Heap Min Capacity: 8M
 Heap Initial Capacity: 640M
 Heap Max Capacity: 10192M
 Pre-touch: Disabled
 Parallel Workers: 8
 Concurrent Workers: 2
 Concurrent Refinement Workers: 8
 Periodic GC: Disabled
Heap:
 garbage-first heap   total 385024K, used 87015K [0x0000000583000000, 0x0000000800000000)
  region size 8192K, 7 young (57344K), 1 survivors (8192K)
 Metaspace       used 63839K, committed 64384K, reserved 1114112K
  class space    used 7962K, committed 8256K, reserved 1048576K
GC Heap History (20 events):
Event: 81894.153 GC heap before
{Heap before GC invocations=355 (full 0):
 garbage-first heap   total 98304K, used 56550K [0x0000000583000000, 0x0000000800000000)
  region size 8192K, 4 young (32768K), 1 survivors (8192K)
 Metaspace       used 62658K, committed 63232K, reserved 1114112K
  class space    used 7937K, committed 8256K, reserved 1048576K
}
Event: 81895.027 GC heap after
{Heap after GC invocations=356 (full 1):
 garbage-first heap   total 98304K, used 30846K [0x0000000583000000, 0x0000000800000000)
  region size 8192K, 0 young (0K), 0 survivors (0K)
 Metaspace       used 62345K, committed 63232K, reserved 1114112K
  class space    used 7868K, committed 8256K, reserved 1048576K
}
Event: 81918.111 GC heap before
{Heap before GC invocations=356 (full 1):
 garbage-first heap   total 98304K, used 71806K [0x0000000583000000, 0x0000000800000000)
  region size 8192K, 5 young (40960K), 0 survivors (0K)
 Metaspace       used 62739K, committed 63296K, reserved 1114112K
  class space    used 7917K, committed 8256K, reserved 1048576K
}
Event: 81918.134 GC heap after
{Heap after GC invocations=357 (full 1):
 garbage-first heap   total 98304K, used 33711K [0x0000000583000000, 0x0000000800000000)
  region size 8192K, 1 young (8192K), 1 survivors (8192K)
 Metaspace       used 62739K, committed 63296K, reserved 1114112K
  class space    used 7917K, committed 8256K, reserved 1048576K
}
Event: 81919.005 GC heap before
{Heap before GC invocations=357 (full 1):
 garbage-first heap   total 98304K, used 66479K [0x0000000583000000, 0x0000000800000000)
  region size 8192K, 5 young (40960K), 1 survivors (8192K)
 Metaspace       used 62926K, committed 63488K, reserved 1114112K
  class space    used 7921K, committed 8256K, reserved 1048576K
}
Event: 81919.009 GC heap after
{Heap after GC invocations=358 (full 1):
 garbage-first heap   total 98304K, used 35998K [0x0000000583000000, 0x0000000800000000)
  region size 8192K, 1 young (8192K), 1 survivors (8192K)
 Metaspace       used 62926K, committed 63488K, reserved 1114112K
  class space    used 7921K, committed 8256K, reserved 1048576K
}
Event: 81919.786 GC heap before
{Heap before GC invocations=358 (full 1):
 garbage-first heap   total 98304K, used 68766K [0x0000000583000000, 0x0000000800000000)
  region size 8192K, 5 young (40960K), 1 survivors (8192K)
 Metaspace       used 63193K, committed 63744K, reserved 1114112K
  class space    used 7929K, committed 8256K, reserved 1048576K
}
Event: 81919.795 GC heap after
{Heap after GC invocations=359 (full 1):
 garbage-first heap   total 98304K, used 38644K [0x0000000583000000, 0x0000000800000000)
  region size 8192K, 1 young (8192K), 1 survivors (8192K)
 Metaspace       used 63193K, committed 63744K, reserved 1114112K
  class space    used 7929K, committed 8256K, reserved 1048576K
}
Event: 81921.840 GC heap before
{Heap before GC invocations=359 (full 1):
 garbage-first heap   total 98304K, used 63220K [0x0000000583000000, 0x0000000800000000)
  region size 8192K, 4 young (32768K), 1 survivors (8192K)
 Metaspace       used 63352K, committed 63936K, reserved 1114112K
  class space    used 7939K, committed 8256K, reserved 1048576K
}
Event: 81921.855 GC heap after
{Heap after GC invocations=360 (full 1):
 garbage-first heap   total 98304K, used 40763K [0x0000000583000000, 0x0000000800000000)
  region size 8192K, 1 young (8192K), 1 survivors (8192K)
 Metaspace       used 63352K, committed 63936K, reserved 1114112K
  class space    used 7939K, committed 8256K, reserved 1048576K
}
Event: 82134.364 GC heap before
{Heap before GC invocations=360 (full 1):
 garbage-first heap   total 98304K, used 65339K [0x0000000583000000, 0x0000000800000000)
  region size 8192K, 4 young (32768K), 1 survivors (8192K)
 Metaspace       used 63406K, committed 64000K, reserved 1114112K
  class space    used 7943K, committed 8256K, reserved 1048576K
}
Event: 82134.369 GC heap after
{Heap after GC invocations=361 (full 1):
 garbage-first heap   total 98304K, used 42576K [0x0000000583000000, 0x0000000800000000)
  region size 8192K, 1 young (8192K), 1 survivors (8192K)
 Metaspace       used 63406K, committed 64000K, reserved 1114112K
  class space    used 7943K, committed 8256K, reserved 1048576K
}
Event: 82134.758 GC heap before
{Heap before GC invocations=361 (full 1):
 garbage-first heap   total 98304K, used 67152K [0x0000000583000000, 0x0000000800000000)
  region size 8192K, 4 young (32768K), 1 survivors (8192K)
 Metaspace       used 63427K, committed 64000K, reserved 1114112K
  class space    used 7943K, committed 8256K, reserved 1048576K
}
Event: 82134.764 GC heap after
{Heap after GC invocations=362 (full 1):
 garbage-first heap   total 98304K, used 43595K [0x0000000583000000, 0x0000000800000000)
  region size 8192K, 1 young (8192K), 1 survivors (8192K)
 Metaspace       used 63427K, committed 64000K, reserved 1114112K
  class space    used 7943K, committed 8256K, reserved 1048576K
}
Event: 82135.079 GC heap before
{Heap before GC invocations=362 (full 1):
 garbage-first heap   total 98304K, used 59979K [0x0000000583000000, 0x0000000800000000)
  region size 8192K, 3 young (24576K), 1 survivors (8192K)
 Metaspace       used 63456K, committed 64000K, reserved 1114112K
  class space    used 7944K, committed 8256K, reserved 1048576K
}
Event: 82135.083 GC heap after
{Heap after GC invocations=363 (full 1):
 garbage-first heap   total 98304K, used 43903K [0x0000000583000000, 0x0000000800000000)
  region size 8192K, 1 young (8192K), 1 survivors (8192K)
 Metaspace       used 63456K, committed 64000K, reserved 1114112K
  class space    used 7944K, committed 8256K, reserved 1048576K
}
Event: 82135.354 GC heap before
{Heap before GC invocations=364 (full 1):
 garbage-first heap   total 114688K, used 60287K [0x0000000583000000, 0x0000000800000000)
  region size 8192K, 3 young (24576K), 1 survivors (8192K)
 Metaspace       used 63574K, committed 64192K, reserved 1114112K
  class space    used 7952K, committed 8256K, reserved 1048576K
}
Event: 82135.358 GC heap after
{Heap after GC invocations=365 (full 1):
 garbage-first heap   total 114688K, used 44397K [0x0000000583000000, 0x0000000800000000)
  region size 8192K, 1 young (8192K), 1 survivors (8192K)
 Metaspace       used 63574K, committed 64192K, reserved 1114112K
  class space    used 7952K, committed 8256K, reserved 1048576K
}
Event: 82143.431 GC heap before
{Heap before GC invocations=365 (full 1):
 garbage-first heap   total 114688K, used 77165K [0x0000000583000000, 0x0000000800000000)
  region size 8192K, 5 young (40960K), 1 survivors (8192K)
 Metaspace       used 63764K, committed 64320K, reserved 1114112K
  class space    used 7959K, committed 8256K, reserved 1048576K
}
Event: 82143.436 GC heap after
{Heap after GC invocations=366 (full 1):
 garbage-first heap   total 385024K, used 46055K [0x0000000583000000, 0x0000000800000000)
  region size 8192K, 1 young (8192K), 1 survivors (8192K)
 Metaspace       used 63764K, committed 64320K, reserved 1114112K
  class space    used 7959K, committed 8256K, reserved 1048576K
}

