# JRE version: OpenJDK Runtime Environment Temurin-21.0.8+9 (21.0.8+9) (build 21.0.8+9-LTS)
# Java VM: OpenJDK 64-Bit Server VM Temurin-21.0.8+9 (21.0.8+9-LTS, mixed mode, sharing, tiered, compressed oops, compressed class ptrs, parallel gc, windows-amd64)
GC Precious Log:
 CardTable entry size: 512
 CPUs: 8 total, 8 available
 Memory: 40743M
 Large Page Support: Disabled
 NUMA Support: Disabled
 Compressed Oops: Enabled (32-bit)
 Alignments: Space 512K, Generation 512K, Heap 2M
 Heap Min Capacity: 100M
 Heap Initial Capacity: 100M
 Heap Max Capacity: 2G
 Pre-touch: Disabled
 Parallel Workers: 8
Heap:
 PSYoungGen      total 6656K, used 2020K [0x00000000d5580000, 0x00000000d5d80000, 0x0000000100000000)
  eden space 6144K, 29% used [0x00000000d5580000,0x00000000d57491b0,0x00000000d5b80000)
  from space 512K, 37% used [0x00000000d5d00000,0x00000000d5d30000,0x00000000d5d80000)
  to   space 512K, 0% used [0x00000000d5c80000,0x00000000d5c80000,0x00000000d5d00000)
 ParOldGen       total 872960K, used 872707K [0x0000000080000000, 0x00000000b5480000, 0x00000000d5580000)
  object space 872960K, 99% used [0x0000000080000000,0x00000000b5440fe0,0x00000000b5480000)
 Metaspace       used 99555K, committed 101376K, reserved 1179648K
  class space    used 9738K, committed 10752K, reserved 1048576K
GC Heap History (20 events):
Event: 69686.887 GC heap before
{Heap before GC invocations=8335 (full 9):
 PSYoungGen      total 5632K, used 5376K [0x00000000d5580000, 0x00000000d5d00000, 0x0000000100000000)
  eden space 4608K, 100% used [0x00000000d5580000,0x00000000d5a00000,0x00000000d5a00000)
  from space 1024K, 75% used [0x00000000d5c00000,0x00000000d5cc0020,0x00000000d5d00000)
  to   space 1536K, 0% used [0x00000000d5a00000,0x00000000d5a00000,0x00000000d5b80000)
 ParOldGen       total 868352K, used 868250K [0x0000000080000000, 0x00000000b5000000, 0x00000000d5580000)
  object space 868352K, 99% used [0x0000000080000000,0x00000000b4fe6848,0x00000000b5000000)
 Metaspace       used 99535K, committed 101376K, reserved 1179648K
  class space    used 9737K, committed 10752K, reserved 1048576K
}
Event: 69686.891 GC heap after
{Heap after GC invocations=8335 (full 9):
 PSYoungGen      total 6144K, used 288K [0x00000000d5580000, 0x00000000d5d00000, 0x0000000100000000)
  eden space 4608K, 0% used [0x00000000d5580000,0x00000000d5580000,0x00000000d5a00000)
  from space 1536K, 18% used [0x00000000d5a00000,0x00000000d5a48000,0x00000000d5b80000)
  to   space 1024K, 0% used [0x00000000d5c00000,0x00000000d5c00000,0x00000000d5d00000)
 ParOldGen       total 869376K, used 868938K [0x0000000080000000, 0x00000000b5100000, 0x00000000d5580000)
  object space 869376K, 99% used [0x0000000080000000,0x00000000b5092868,0x00000000b5100000)
 Metaspace       used 99535K, committed 101376K, reserved 1179648K
  class space    used 9737K, committed 10752K, reserved 1048576K
}
Event: 69686.908 GC heap before
{Heap before GC invocations=8336 (full 9):
 PSYoungGen      total 6144K, used 4896K [0x00000000d5580000, 0x00000000d5d00000, 0x0000000100000000)
  eden space 4608K, 100% used [0x00000000d5580000,0x00000000d5a00000,0x00000000d5a00000)
  from space 1536K, 18% used [0x00000000d5a00000,0x00000000d5a48000,0x00000000d5b80000)
  to   space 1024K, 0% used [0x00000000d5c00000,0x00000000d5c00000,0x00000000d5d00000)
 ParOldGen       total 869376K, used 868938K [0x0000000080000000, 0x00000000b5100000, 0x00000000d5580000)
  object space 869376K, 99% used [0x0000000080000000,0x00000000b5092868,0x00000000b5100000)
 Metaspace       used 99535K, committed 101376K, reserved 1179648K
  class space    used 9737K, committed 10752K, reserved 1048576K
}
Event: 69686.912 GC heap after
{Heap after GC invocations=8336 (full 9):
 PSYoungGen      total 6144K, used 432K [0x00000000d5580000, 0x00000000d5c80000, 0x0000000100000000)
  eden space 5632K, 0% used [0x00000000d5580000,0x00000000d5580000,0x00000000d5b00000)
  from space 512K, 84% used [0x00000000d5c00000,0x00000000d5c6c010,0x00000000d5c80000)
  to   space 512K, 0% used [0x00000000d5b80000,0x00000000d5b80000,0x00000000d5c00000)
 ParOldGen       total 869376K, used 869166K [0x0000000080000000, 0x00000000b5100000, 0x00000000d5580000)
  object space 869376K, 99% used [0x0000000080000000,0x00000000b50cb898,0x00000000b5100000)
 Metaspace       used 99535K, committed 101376K, reserved 1179648K
  class space    used 9737K, committed 10752K, reserved 1048576K
}
Event: 69686.925 GC heap before
{Heap before GC invocations=8337 (full 9):
 PSYoungGen      total 6144K, used 6064K [0x00000000d5580000, 0x00000000d5c80000, 0x0000000100000000)
  eden space 5632K, 100% used [0x00000000d5580000,0x00000000d5b00000,0x00000000d5b00000)
  from space 512K, 84% used [0x00000000d5c00000,0x00000000d5c6c010,0x00000000d5c80000)
  to   space 512K, 0% used [0x00000000d5b80000,0x00000000d5b80000,0x00000000d5c00000)
 ParOldGen       total 869376K, used 869166K [0x0000000080000000, 0x00000000b5100000, 0x00000000d5580000)
  object space 869376K, 99% used [0x0000000080000000,0x00000000b50cb898,0x00000000b5100000)
 Metaspace       used 99535K, committed 101376K, reserved 1179648K
  class space    used 9737K, committed 10752K, reserved 1048576K
}
Event: 69686.930 GC heap after
{Heap after GC invocations=8337 (full 9):
 PSYoungGen      total 6656K, used 512K [0x00000000d5580000, 0x00000000d5f80000, 0x0000000100000000)
  eden space 6144K, 0% used [0x00000000d5580000,0x00000000d5580000,0x00000000d5b80000)
  from space 512K, 100% used [0x00000000d5b80000,0x00000000d5c00000,0x00000000d5c00000)
  to   space 1536K, 0% used [0x00000000d5e00000,0x00000000d5e00000,0x00000000d5f80000)
 ParOldGen       total 869888K, used 869670K [0x0000000080000000, 0x00000000b5180000, 0x00000000d5580000)
  object space 869888K, 99% used [0x0000000080000000,0x00000000b51498c8,0x00000000b5180000)
 Metaspace       used 99535K, committed 101376K, reserved 1179648K
  class space    used 9737K, committed 10752K, reserved 1048576K
}
Event: 69686.970 GC heap before
{Heap before GC invocations=8338 (full 9):
 PSYoungGen      total 6656K, used 6656K [0x00000000d5580000, 0x00000000d5f80000, 0x0000000100000000)
  eden space 6144K, 100% used [0x00000000d5580000,0x00000000d5b80000,0x00000000d5b80000)
  from space 512K, 100% used [0x00000000d5b80000,0x00000000d5c00000,0x00000000d5c00000)
  to   space 1536K, 0% used [0x00000000d5e00000,0x00000000d5e00000,0x00000000d5f80000)
 ParOldGen       total 869888K, used 869670K [0x0000000080000000, 0x00000000b5180000, 0x00000000d5580000)
  object space 869888K, 99% used [0x0000000080000000,0x00000000b51498c8,0x00000000b5180000)
 Metaspace       used 99535K, committed 101376K, reserved 1179648K
  class space    used 9737K, committed 10752K, reserved 1048576K
}
Event: 69686.975 GC heap after
{Heap after GC invocations=8338 (full 9):
 PSYoungGen      total 7680K, used 1526K [0x00000000d5580000, 0x00000000d6080000, 0x0000000100000000)
  eden space 6144K, 0% used [0x00000000d5580000,0x00000000d5580000,0x00000000d5b80000)
  from space 1536K, 99% used [0x00000000d5e00000,0x00000000d5f7db20,0x00000000d5f80000)
  to   space 2560K, 0% used [0x00000000d5b80000,0x00000000d5b80000,0x00000000d5e00000)
 ParOldGen       total 870400K, used 870262K [0x0000000080000000, 0x00000000b5200000, 0x00000000d5580000)
  object space 870400K, 99% used [0x0000000080000000,0x00000000b51dd8d8,0x00000000b5200000)
 Metaspace       used 99535K, committed 101376K, reserved 1179648K
  class space    used 9737K, committed 10752K, reserved 1048576K
}
Event: 69687.110 GC heap before
{Heap before GC invocations=8339 (full 9):
 PSYoungGen      total 7680K, used 7670K [0x00000000d5580000, 0x00000000d6080000, 0x0000000100000000)
  eden space 6144K, 100% used [0x00000000d5580000,0x00000000d5b80000,0x00000000d5b80000)
  from space 1536K, 99% used [0x00000000d5e00000,0x00000000d5f7db20,0x00000000d5f80000)
  to   space 2560K, 0% used [0x00000000d5b80000,0x00000000d5b80000,0x00000000d5e00000)
 ParOldGen       total 870400K, used 870262K [0x0000000080000000, 0x00000000b5200000, 0x00000000d5580000)
  object space 870400K, 99% used [0x0000000080000000,0x00000000b51dd8d8,0x00000000b5200000)
 Metaspace       used 99535K, committed 101376K, reserved 1179648K
  class space    used 9737K, committed 10752K, reserved 1048576K
}
Event: 69687.116 GC heap after
{Heap after GC invocations=8339 (full 9):
 PSYoungGen      total 7168K, used 753K [0x00000000d5580000, 0x00000000d5e80000, 0x0000000100000000)
  eden space 6144K, 0% used [0x00000000d5580000,0x00000000d5580000,0x00000000d5b80000)
  from space 1024K, 73% used [0x00000000d5b80000,0x00000000d5c3c7c0,0x00000000d5c80000)
  to   space 1536K, 0% used [0x00000000d5d00000,0x00000000d5d00000,0x00000000d5e80000)
 ParOldGen       total 871936K, used 871716K [0x0000000080000000, 0x00000000b5380000, 0x00000000d5580000)
  object space 871936K, 99% used [0x0000000080000000,0x00000000b5349228,0x00000000b5380000)
 Metaspace       used 99535K, committed 101376K, reserved 1179648K
  class space    used 9737K, committed 10752K, reserved 1048576K
}
Event: 69687.153 GC heap before
{Heap before GC invocations=8340 (full 9):
 PSYoungGen      total 7168K, used 6897K [0x00000000d5580000, 0x00000000d5e80000, 0x0000000100000000)
  eden space 6144K, 100% used [0x00000000d5580000,0x00000000d5b80000,0x00000000d5b80000)
  from space 1024K, 73% used [0x00000000d5b80000,0x00000000d5c3c7c0,0x00000000d5c80000)
  to   space 1536K, 0% used [0x00000000d5d00000,0x00000000d5d00000,0x00000000d5e80000)
 ParOldGen       total 871936K, used 871716K [0x0000000080000000, 0x00000000b5380000, 0x00000000d5580000)
  object space 871936K, 99% used [0x0000000080000000,0x00000000b5349228,0x00000000b5380000)
 Metaspace       used 99535K, committed 101376K, reserved 1179648K
  class space    used 9737K, committed 10752K, reserved 1048576K
}
Event: 69687.156 GC heap after
{Heap after GC invocations=8340 (full 9):
 PSYoungGen      total 6656K, used 192K [0x00000000d5580000, 0x00000000d5d80000, 0x0000000100000000)
  eden space 6144K, 0% used [0x00000000d5580000,0x00000000d5580000,0x00000000d5b80000)
  from space 512K, 37% used [0x00000000d5d00000,0x00000000d5d30000,0x00000000d5d80000)
  to   space 512K, 0% used [0x00000000d5c80000,0x00000000d5c80000,0x00000000d5d00000)
 ParOldGen       total 872448K, used 872435K [0x0000000080000000, 0x00000000b5400000, 0x00000000d5580000)
  object space 872448K, 99% used [0x0000000080000000,0x00000000b53fcfd0,0x00000000b5400000)
 Metaspace       used 99535K, committed 101376K, reserved 1179648K
  class space    used 9737K, committed 10752K, reserved 1048576K
}
Event: 69687.191 GC heap before
{Heap before GC invocations=8341 (full 9):
 PSYoungGen      total 6656K, used 6336K [0x00000000d5580000, 0x00000000d5d80000, 0x0000000100000000)
  eden space 6144K, 100% used [0x00000000d5580000,0x00000000d5b80000,0x00000000d5b80000)
  from space 512K, 37% used [0x00000000d5d00000,0x00000000d5d30000,0x00000000d5d80000)
  to   space 512K, 0% used [0x00000000d5c80000,0x00000000d5c80000,0x00000000d5d00000)
 ParOldGen       total 872448K, used 872435K [0x0000000080000000, 0x00000000b5400000, 0x00000000d5580000)
  object space 872448K, 99% used [0x0000000080000000,0x00000000b53fcfd0,0x00000000b5400000)
 Metaspace       used 99535K, committed 101376K, reserved 1179648K
  class space    used 9737K, committed 10752K, reserved 1048576K
}
Event: 69687.194 GC heap after
{Heap after GC invocations=8341 (full 9):
 PSYoungGen      total 6656K, used 256K [0x00000000d5580000, 0x00000000d5d80000, 0x0000000100000000)
  eden space 6144K, 0% used [0x00000000d5580000,0x00000000d5580000,0x00000000d5b80000)
  from space 512K, 50% used [0x00000000d5c80000,0x00000000d5cc0000,0x00000000d5d00000)
  to   space 512K, 0% used [0x00000000d5d00000,0x00000000d5d00000,0x00000000d5d80000)
 ParOldGen       total 872960K, used 872467K [0x0000000080000000, 0x00000000b5480000, 0x00000000d5580000)
  object space 872960K, 99% used [0x0000000080000000,0x00000000b5404fd0,0x00000000b5480000)
 Metaspace       used 99535K, committed 101376K, reserved 1179648K
  class space    used 9737K, committed 10752K, reserved 1048576K
}
Event: 69688.310 GC heap before
{Heap before GC invocations=8342 (full 9):
 PSYoungGen      total 6656K, used 6400K [0x00000000d5580000, 0x00000000d5d80000, 0x0000000100000000)
  eden space 6144K, 100% used [0x00000000d5580000,0x00000000d5b80000,0x00000000d5b80000)
  from space 512K, 50% used [0x00000000d5c80000,0x00000000d5cc0000,0x00000000d5d00000)
  to   space 512K, 0% used [0x00000000d5d00000,0x00000000d5d00000,0x00000000d5d80000)
 ParOldGen       total 872960K, used 872467K [0x0000000080000000, 0x00000000b5480000, 0x00000000d5580000)
  object space 872960K, 99% used [0x0000000080000000,0x00000000b5404fd0,0x00000000b5480000)
 Metaspace       used 99535K, committed 101376K, reserved 1179648K
  class space    used 9737K, committed 10752K, reserved 1048576K
}
Event: 69688.313 GC heap after
{Heap after GC invocations=8342 (full 9):
 PSYoungGen      total 6656K, used 224K [0x00000000d5580000, 0x00000000d5d80000, 0x0000000100000000)
  eden space 6144K, 0% used [0x00000000d5580000,0x00000000d5580000,0x00000000d5b80000)
  from space 512K, 43% used [0x00000000d5d00000,0x00000000d5d38000,0x00000000d5d80000)
  to   space 512K, 0% used [0x00000000d5c80000,0x00000000d5c80000,0x00000000d5d00000)
 ParOldGen       total 872960K, used 872515K [0x0000000080000000, 0x00000000b5480000, 0x00000000d5580000)
  object space 872960K, 99% used [0x0000000080000000,0x00000000b5410fd0,0x00000000b5480000)
 Metaspace       used 99535K, committed 101376K, reserved 1179648K
  class space    used 9737K, committed 10752K, reserved 1048576K
}
Event: 69970.745 GC heap before
{Heap before GC invocations=8343 (full 9):
 PSYoungGen      total 6656K, used 6356K [0x00000000d5580000, 0x00000000d5d80000, 0x0000000100000000)
  eden space 6144K, 99% used [0x00000000d5580000,0x00000000d5b7d0c8,0x00000000d5b80000)
  from space 512K, 43% used [0x00000000d5d00000,0x00000000d5d38000,0x00000000d5d80000)
  to   space 512K, 0% used [0x00000000d5c80000,0x00000000d5c80000,0x00000000d5d00000)
 ParOldGen       total 872960K, used 872515K [0x0000000080000000, 0x00000000b5480000, 0x00000000d5580000)
  object space 872960K, 99% used [0x0000000080000000,0x00000000b5410fd0,0x00000000b5480000)
 Metaspace       used 99555K, committed 101376K, reserved 1179648K
  class space    used 9738K, committed 10752K, reserved 1048576K
}
Event: 69970.751 GC heap after
{Heap after GC invocations=8343 (full 9):
 PSYoungGen      total 6656K, used 384K [0x00000000d5580000, 0x00000000d5d80000, 0x0000000100000000)
  eden space 6144K, 0% used [0x00000000d5580000,0x00000000d5580000,0x00000000d5b80000)
  from space 512K, 75% used [0x00000000d5c80000,0x00000000d5ce0000,0x00000000d5d00000)
  to   space 512K, 0% used [0x00000000d5d00000,0x00000000d5d00000,0x00000000d5d80000)
 ParOldGen       total 872960K, used 872579K [0x0000000080000000, 0x00000000b5480000, 0x00000000d5580000)
  object space 872960K, 99% used [0x0000000080000000,0x00000000b5420fd0,0x00000000b5480000)
 Metaspace       used 99555K, committed 101376K, reserved 1179648K
  class space    used 9738K, committed 10752K, reserved 1048576K
}
Event: 75086.316 GC heap before
{Heap before GC invocations=8344 (full 9):
 PSYoungGen      total 6656K, used 6528K [0x00000000d5580000, 0x00000000d5d80000, 0x0000000100000000)
  eden space 6144K, 100% used [0x00000000d5580000,0x00000000d5b80000,0x00000000d5b80000)
  from space 512K, 75% used [0x00000000d5c80000,0x00000000d5ce0000,0x00000000d5d00000)
  to   space 512K, 0% used [0x00000000d5d00000,0x00000000d5d00000,0x00000000d5d80000)
 ParOldGen       total 872960K, used 872579K [0x0000000080000000, 0x00000000b5480000, 0x00000000d5580000)
  object space 872960K, 99% used [0x0000000080000000,0x00000000b5420fd0,0x00000000b5480000)
 Metaspace       used 99555K, committed 101376K, reserved 1179648K
  class space    used 9738K, committed 10752K, reserved 1048576K
}
Event: 75086.662 GC heap after
{Heap after GC invocations=8344 (full 9):
 PSYoungGen      total 6656K, used 192K [0x00000000d5580000, 0x00000000d5d80000, 0x0000000100000000)
  eden space 6144K, 0% used [0x00000000d5580000,0x00000000d5580000,0x00000000d5b80000)
  from space 512K, 37% used [0x00000000d5d00000,0x00000000d5d30000,0x00000000d5d80000)
  to   space 512K, 0% used [0x00000000d5c80000,0x00000000d5c80000,0x00000000d5d00000)
 ParOldGen       total 872960K, used 872707K [0x0000000080000000, 0x00000000b5480000, 0x00000000d5580000)
  object space 872960K, 99% used [0x0000000080000000,0x00000000b5440fe0,0x00000000b5480000)
 Metaspace       used 99555K, committed 101376K, reserved 1179648K
  class space    used 9738K, committed 10752K, reserved 1048576K
}

