# JRE version: Java(TM) SE Runtime Environment (17.0.15+9) (build 17.0.15+9-LTS-241)
# Java VM: Java HotSpot(TM) 64-Bit Server VM (17.0.15+9-LTS-241, mixed mode, sharing, tiered, compressed oops, compressed class ptrs, g1 gc, windows-amd64)
GC Precious Log:
 CPUs: 8 total, 8 available
 Memory: 40743M
 Large Page Support: Disabled
 NUMA Support: Disabled
 Compressed Oops: Enabled (Zero based)
 Heap Region Size: 8M
 Heap Min Capacity: 8M
 Heap Initial Capacity: 640M
 Heap Max Capacity: 10192M
 Pre-touch: Disabled
 Parallel Workers: 8
 Concurrent Workers: 2
 Concurrent Refinement Workers: 8
 Periodic GC: Disabled
Heap:
 garbage-first heap   total 81920K, used 31799K [0x0000000583000000, 0x0000000800000000)
  region size 8192K, 2 young (16384K), 1 survivors (8192K)
 Metaspace       used 47666K, committed 48128K, reserved 1114112K
  class space    used 5868K, committed 6080K, reserved 1048576K
GC Heap History (20 events):
Event: 11783.294 GC heap before
{Heap before GC invocations=26 (full 0):
 garbage-first heap   total 81920K, used 56654K [0x0000000583000000, 0x0000000800000000)
  region size 8192K, 4 young (32768K), 1 survivors (8192K)
 Metaspace       used 47219K, committed 47680K, reserved 1114112K
  class space    used 5855K, committed 6080K, reserved 1048576K
}
Event: 11783.299 GC heap after
{Heap after GC invocations=27 (full 0):
 garbage-first heap   total 81920K, used 31889K [0x0000000583000000, 0x0000000800000000)
  region size 8192K, 1 young (8192K), 1 survivors (8192K)
 Metaspace       used 47219K, committed 47680K, reserved 1114112K
  class space    used 5855K, committed 6080K, reserved 1048576K
}
Event: 12681.264 GC heap before
{Heap before GC invocations=27 (full 0):
 garbage-first heap   total 81920K, used 56465K [0x0000000583000000, 0x0000000800000000)
  region size 8192K, 4 young (32768K), 1 survivors (8192K)
 Metaspace       used 47240K, committed 47744K, reserved 1114112K
  class space    used 5855K, committed 6080K, reserved 1048576K
}
Event: 12681.271 GC heap after
{Heap after GC invocations=28 (full 0):
 garbage-first heap   total 81920K, used 31896K [0x0000000583000000, 0x0000000800000000)
  region size 8192K, 1 young (8192K), 1 survivors (8192K)
 Metaspace       used 47240K, committed 47744K, reserved 1114112K
  class space    used 5855K, committed 6080K, reserved 1048576K
}
Event: 13581.873 GC heap before
{Heap before GC invocations=28 (full 0):
 garbage-first heap   total 81920K, used 56472K [0x0000000583000000, 0x0000000800000000)
  region size 8192K, 4 young (32768K), 1 survivors (8192K)
 Metaspace       used 47277K, committed 47808K, reserved 1114112K
  class space    used 5856K, committed 6080K, reserved 1048576K
}
Event: 13581.882 GC heap after
{Heap after GC invocations=29 (full 0):
 garbage-first heap   total 81920K, used 31927K [0x0000000583000000, 0x0000000800000000)
  region size 8192K, 1 young (8192K), 1 survivors (8192K)
 Metaspace       used 47277K, committed 47808K, reserved 1114112K
  class space    used 5856K, committed 6080K, reserved 1048576K
}
Event: 14513.046 GC heap before
{Heap before GC invocations=29 (full 0):
 garbage-first heap   total 81920K, used 56503K [0x0000000583000000, 0x0000000800000000)
  region size 8192K, 4 young (32768K), 1 survivors (8192K)
 Metaspace       used 47297K, committed 47808K, reserved 1114112K
  class space    used 5856K, committed 6080K, reserved 1048576K
}
Event: 14513.051 GC heap after
{Heap after GC invocations=30 (full 0):
 garbage-first heap   total 81920K, used 31917K [0x0000000583000000, 0x0000000800000000)
  region size 8192K, 1 young (8192K), 1 survivors (8192K)
 Metaspace       used 47297K, committed 47808K, reserved 1114112K
  class space    used 5856K, committed 6080K, reserved 1048576K
}
Event: 15412.316 GC heap before
{Heap before GC invocations=30 (full 0):
 garbage-first heap   total 81920K, used 56493K [0x0000000583000000, 0x0000000800000000)
  region size 8192K, 4 young (32768K), 1 survivors (8192K)
 Metaspace       used 47410K, committed 47936K, reserved 1114112K
  class space    used 5856K, committed 6080K, reserved 1048576K
}
Event: 15412.320 GC heap after
{Heap after GC invocations=31 (full 0):
 garbage-first heap   total 81920K, used 31913K [0x0000000583000000, 0x0000000800000000)
  region size 8192K, 1 young (8192K), 1 survivors (8192K)
 Metaspace       used 47410K, committed 47936K, reserved 1114112K
  class space    used 5856K, committed 6080K, reserved 1048576K
}
Event: 16343.742 GC heap before
{Heap before GC invocations=31 (full 0):
 garbage-first heap   total 81920K, used 56489K [0x0000000583000000, 0x0000000800000000)
  region size 8192K, 4 young (32768K), 1 survivors (8192K)
 Metaspace       used 47417K, committed 47936K, reserved 1114112K
  class space    used 5856K, committed 6080K, reserved 1048576K
}
Event: 16343.744 GC heap after
{Heap after GC invocations=32 (full 0):
 garbage-first heap   total 81920K, used 31954K [0x0000000583000000, 0x0000000800000000)
  region size 8192K, 1 young (8192K), 1 survivors (8192K)
 Metaspace       used 47417K, committed 47936K, reserved 1114112K
  class space    used 5856K, committed 6080K, reserved 1048576K
}
Event: 17260.636 GC heap before
{Heap before GC invocations=32 (full 0):
 garbage-first heap   total 81920K, used 56530K [0x0000000583000000, 0x0000000800000000)
  region size 8192K, 4 young (32768K), 1 survivors (8192K)
 Metaspace       used 47445K, committed 47936K, reserved 1114112K
  class space    used 5856K, committed 6080K, reserved 1048576K
}
Event: 17260.638 GC heap after
{Heap after GC invocations=33 (full 0):
 garbage-first heap   total 81920K, used 31958K [0x0000000583000000, 0x0000000800000000)
  region size 8192K, 1 young (8192K), 1 survivors (8192K)
 Metaspace       used 47445K, committed 47936K, reserved 1114112K
  class space    used 5856K, committed 6080K, reserved 1048576K
}
Event: 18170.441 GC heap before
{Heap before GC invocations=33 (full 0):
 garbage-first heap   total 81920K, used 56534K [0x0000000583000000, 0x0000000800000000)
  region size 8192K, 4 young (32768K), 1 survivors (8192K)
 Metaspace       used 47464K, committed 47936K, reserved 1114112K
  class space    used 5856K, committed 6080K, reserved 1048576K
}
Event: 18170.445 GC heap after
{Heap after GC invocations=34 (full 0):
 garbage-first heap   total 81920K, used 31979K [0x0000000583000000, 0x0000000800000000)
  region size 8192K, 1 young (8192K), 1 survivors (8192K)
 Metaspace       used 47464K, committed 47936K, reserved 1114112K
  class space    used 5856K, committed 6080K, reserved 1048576K
}
Event: 19123.690 GC heap before
{Heap before GC invocations=34 (full 0):
 garbage-first heap   total 81920K, used 56555K [0x0000000583000000, 0x0000000800000000)
  region size 8192K, 4 young (32768K), 1 survivors (8192K)
 Metaspace       used 47486K, committed 47936K, reserved 1114112K
  class space    used 5856K, committed 6080K, reserved 1048576K
}
Event: 19123.693 GC heap after
{Heap after GC invocations=35 (full 0):
 garbage-first heap   total 81920K, used 31970K [0x0000000583000000, 0x0000000800000000)
  region size 8192K, 1 young (8192K), 1 survivors (8192K)
 Metaspace       used 47486K, committed 47936K, reserved 1114112K
  class space    used 5856K, committed 6080K, reserved 1048576K
}
Event: 19952.738 GC heap before
{Heap before GC invocations=35 (full 0):
 garbage-first heap   total 81920K, used 56546K [0x0000000583000000, 0x0000000800000000)
  region size 8192K, 4 young (32768K), 1 survivors (8192K)
 Metaspace       used 47634K, committed 48128K, reserved 1114112K
  class space    used 5868K, committed 6080K, reserved 1048576K
}
Event: 19952.742 GC heap after
{Heap after GC invocations=36 (full 0):
 garbage-first heap   total 81920K, used 31799K [0x0000000583000000, 0x0000000800000000)
  region size 8192K, 1 young (8192K), 1 survivors (8192K)
 Metaspace       used 47634K, committed 48128K, reserved 1114112K
  class space    used 5868K, committed 6080K, reserved 1048576K
}

