# JRE version: Java(TM) SE Runtime Environment (17.0.15+9) (build 17.0.15+9-LTS-241)
# Java VM: Java HotSpot(TM) 64-Bit Server VM (17.0.15+9-LTS-241, mixed mode, sharing, tiered, compressed oops, compressed class ptrs, g1 gc, windows-amd64)
GC Precious Log:
 CPUs: 8 total, 8 available
 Memory: 40743M
 Large Page Support: Disabled
 NUMA Support: Disabled
 Compressed Oops: Enabled (Zero based)
 Heap Region Size: 8M
 Heap Min Capacity: 8M
 Heap Initial Capacity: 640M
 Heap Max Capacity: 10192M
 Pre-touch: Disabled
 Parallel Workers: 8
 Concurrent Workers: 2
 Concurrent Refinement Workers: 8
 Periodic GC: Disabled
Heap:
 garbage-first heap   total 114688K, used 48553K [0x0000000583000000, 0x0000000800000000)
  region size 8192K, 3 young (24576K), 1 survivors (8192K)
 Metaspace       used 63873K, committed 64448K, reserved 1114112K
  class space    used 8091K, committed 8384K, reserved 1048576K
GC Heap History (20 events):
Event: 21607.751 GC heap before
{Heap before GC invocations=250 (full 0):
 garbage-first heap   total 114688K, used 73091K [0x0000000583000000, 0x0000000800000000)
  region size 8192K, 6 young (49152K), 1 survivors (8192K)
 Metaspace       used 63856K, committed 64448K, reserved 1114112K
  class space    used 8090K, committed 8384K, reserved 1048576K
}
Event: 21607.752 GC heap after
{Heap after GC invocations=251 (full 0):
 garbage-first heap   total 114688K, used 40321K [0x0000000583000000, 0x0000000800000000)
  region size 8192K, 1 young (8192K), 1 survivors (8192K)
 Metaspace       used 63856K, committed 64448K, reserved 1114112K
  class space    used 8090K, committed 8384K, reserved 1048576K
}
Event: 21712.896 GC heap before
{Heap before GC invocations=251 (full 0):
 garbage-first heap   total 114688K, used 73089K [0x0000000583000000, 0x0000000800000000)
  region size 8192K, 6 young (49152K), 1 survivors (8192K)
 Metaspace       used 63856K, committed 64448K, reserved 1114112K
  class space    used 8090K, committed 8384K, reserved 1048576K
}
Event: 21712.899 GC heap after
{Heap after GC invocations=252 (full 0):
 garbage-first heap   total 114688K, used 40323K [0x0000000583000000, 0x0000000800000000)
  region size 8192K, 1 young (8192K), 1 survivors (8192K)
 Metaspace       used 63856K, committed 64448K, reserved 1114112K
  class space    used 8090K, committed 8384K, reserved 1048576K
}
Event: 21819.885 GC heap before
{Heap before GC invocations=252 (full 0):
 garbage-first heap   total 114688K, used 81283K [0x0000000583000000, 0x0000000800000000)
  region size 8192K, 6 young (49152K), 1 survivors (8192K)
 Metaspace       used 63856K, committed 64448K, reserved 1114112K
  class space    used 8090K, committed 8384K, reserved 1048576K
}
Event: 21819.886 GC heap after
{Heap after GC invocations=253 (full 0):
 garbage-first heap   total 114688K, used 40326K [0x0000000583000000, 0x0000000800000000)
  region size 8192K, 1 young (8192K), 1 survivors (8192K)
 Metaspace       used 63856K, committed 64448K, reserved 1114112K
  class space    used 8090K, committed 8384K, reserved 1048576K
}
Event: 21925.572 GC heap before
{Heap before GC invocations=253 (full 0):
 garbage-first heap   total 114688K, used 81286K [0x0000000583000000, 0x0000000800000000)
  region size 8192K, 6 young (49152K), 1 survivors (8192K)
 Metaspace       used 63856K, committed 64448K, reserved 1114112K
  class space    used 8090K, committed 8384K, reserved 1048576K
}
Event: 21925.573 GC heap after
{Heap after GC invocations=254 (full 0):
 garbage-first heap   total 114688K, used 40343K [0x0000000583000000, 0x0000000800000000)
  region size 8192K, 1 young (8192K), 1 survivors (8192K)
 Metaspace       used 63856K, committed 64448K, reserved 1114112K
  class space    used 8090K, committed 8384K, reserved 1048576K
}
Event: 22033.147 GC heap before
{Heap before GC invocations=254 (full 0):
 garbage-first heap   total 114688K, used 73111K [0x0000000583000000, 0x0000000800000000)
  region size 8192K, 6 young (49152K), 1 survivors (8192K)
 Metaspace       used 63866K, committed 64448K, reserved 1114112K
  class space    used 8090K, committed 8384K, reserved 1048576K
}
Event: 22033.148 GC heap after
{Heap after GC invocations=255 (full 0):
 garbage-first heap   total 114688K, used 40327K [0x0000000583000000, 0x0000000800000000)
  region size 8192K, 1 young (8192K), 1 survivors (8192K)
 Metaspace       used 63866K, committed 64448K, reserved 1114112K
  class space    used 8090K, committed 8384K, reserved 1048576K
}
Event: 22139.179 GC heap before
{Heap before GC invocations=255 (full 0):
 garbage-first heap   total 114688K, used 73095K [0x0000000583000000, 0x0000000800000000)
  region size 8192K, 6 young (49152K), 1 survivors (8192K)
 Metaspace       used 63866K, committed 64448K, reserved 1114112K
  class space    used 8090K, committed 8384K, reserved 1048576K
}
Event: 22139.181 GC heap after
{Heap after GC invocations=256 (full 0):
 garbage-first heap   total 114688K, used 40342K [0x0000000583000000, 0x0000000800000000)
  region size 8192K, 1 young (8192K), 1 survivors (8192K)
 Metaspace       used 63866K, committed 64448K, reserved 1114112K
  class space    used 8090K, committed 8384K, reserved 1048576K
}
Event: 22246.140 GC heap before
{Heap before GC invocations=256 (full 0):
 garbage-first heap   total 114688K, used 81302K [0x0000000583000000, 0x0000000800000000)
  region size 8192K, 6 young (49152K), 1 survivors (8192K)
 Metaspace       used 63866K, committed 64448K, reserved 1114112K
  class space    used 8090K, committed 8384K, reserved 1048576K
}
Event: 22246.141 GC heap after
{Heap after GC invocations=257 (full 0):
 garbage-first heap   total 114688K, used 40326K [0x0000000583000000, 0x0000000800000000)
  region size 8192K, 1 young (8192K), 1 survivors (8192K)
 Metaspace       used 63866K, committed 64448K, reserved 1114112K
  class space    used 8090K, committed 8384K, reserved 1048576K
}
Event: 22354.449 GC heap before
{Heap before GC invocations=257 (full 0):
 garbage-first heap   total 114688K, used 73094K [0x0000000583000000, 0x0000000800000000)
  region size 8192K, 6 young (49152K), 1 survivors (8192K)
 Metaspace       used 63866K, committed 64448K, reserved 1114112K
  class space    used 8090K, committed 8384K, reserved 1048576K
}
Event: 22354.452 GC heap after
{Heap after GC invocations=258 (full 0):
 garbage-first heap   total 114688K, used 40326K [0x0000000583000000, 0x0000000800000000)
  region size 8192K, 1 young (8192K), 1 survivors (8192K)
 Metaspace       used 63866K, committed 64448K, reserved 1114112K
  class space    used 8090K, committed 8384K, reserved 1048576K
}
Event: 22468.862 GC heap before
{Heap before GC invocations=258 (full 0):
 garbage-first heap   total 114688K, used 73094K [0x0000000583000000, 0x0000000800000000)
  region size 8192K, 6 young (49152K), 1 survivors (8192K)
 Metaspace       used 63867K, committed 64448K, reserved 1114112K
  class space    used 8090K, committed 8384K, reserved 1048576K
}
Event: 22468.864 GC heap after
{Heap after GC invocations=259 (full 0):
 garbage-first heap   total 114688K, used 40341K [0x0000000583000000, 0x0000000800000000)
  region size 8192K, 1 young (8192K), 1 survivors (8192K)
 Metaspace       used 63867K, committed 64448K, reserved 1114112K
  class space    used 8090K, committed 8384K, reserved 1048576K
}
Event: 22582.785 GC heap before
{Heap before GC invocations=259 (full 0):
 garbage-first heap   total 114688K, used 81301K [0x0000000583000000, 0x0000000800000000)
  region size 8192K, 6 young (49152K), 1 survivors (8192K)
 Metaspace       used 63873K, committed 64448K, reserved 1114112K
  class space    used 8091K, committed 8384K, reserved 1048576K
}
Event: 22582.787 GC heap after
{Heap after GC invocations=260 (full 0):
 garbage-first heap   total 114688K, used 40361K [0x0000000583000000, 0x0000000800000000)
  region size 8192K, 1 young (8192K), 1 survivors (8192K)
 Metaspace       used 63873K, committed 64448K, reserved 1114112K
  class space    used 8091K, committed 8384K, reserved 1048576K
}

