# JRE version: OpenJDK Runtime Environment Temurin-21.0.8+9 (21.0.8+9) (build 21.0.8+9-LTS)
# Java VM: OpenJDK 64-Bit Server VM Temurin-21.0.8+9 (21.0.8+9-LTS, mixed mode, sharing, tiered, compressed oops, compressed class ptrs, parallel gc, windows-amd64)
GC Precious Log:
 CardTable entry size: 512
 CPUs: 8 total, 8 available
 Memory: 40743M
 Large Page Support: Disabled
 NUMA Support: Disabled
 Compressed Oops: Enabled (32-bit)
 Alignments: Space 512K, Generation 512K, Heap 2M
 Heap Min Capacity: 100M
 Heap Initial Capacity: 100M
 Heap Max Capacity: 2G
 Pre-touch: Disabled
 Parallel Workers: 8
Heap:
 PSYoungGen      total 6144K, used 4323K [0x00000000d5580000, 0x00000000d5d80000, 0x0000000100000000)
  eden space 3072K, 89% used [0x00000000d5580000,0x00000000d5830fc0,0x00000000d5880000)
  from space 3072K, 51% used [0x00000000d5880000,0x00000000d5a08000,0x00000000d5b80000)
  to   space 2048K, 0% used [0x00000000d5b80000,0x00000000d5b80000,0x00000000d5d80000)
 ParOldGen       total 881664K, used 881312K [0x0000000080000000, 0x00000000b5d00000, 0x00000000d5580000)
  object space 881664K, 99% used [0x0000000080000000,0x00000000b5ca82c8,0x00000000b5d00000)
 Metaspace       used 78008K, committed 79808K, reserved 1179648K
  class space    used 7808K, committed 8640K, reserved 1048576K
GC Heap History (20 events):
Event: 378.938 GC heap after
{Heap after GC invocations=5534 (full 4):
 PSYoungGen      total 3072K, used 512K [0x00000000d5580000, 0x00000000d5c80000, 0x0000000100000000)
  eden space 2560K, 0% used [0x00000000d5580000,0x00000000d5580000,0x00000000d5800000)
  from space 512K, 100% used [0x00000000d5a00000,0x00000000d5a80000,0x00000000d5a80000)
  to   space 2048K, 0% used [0x00000000d5800000,0x00000000d5800000,0x00000000d5a00000)
 ParOldGen       total 860672K, used 860659K [0x0000000080000000, 0x00000000b4880000, 0x00000000d5580000)
  object space 860672K, 99% used [0x0000000080000000,0x00000000b487cc88,0x00000000b4880000)
 Metaspace       used 77967K, committed 79744K, reserved 1179648K
  class space    used 7808K, committed 8640K, reserved 1048576K
}
Event: 378.982 GC heap before
{Heap before GC invocations=5535 (full 4):
 PSYoungGen      total 3072K, used 3072K [0x00000000d5580000, 0x00000000d5c80000, 0x0000000100000000)
  eden space 2560K, 100% used [0x00000000d5580000,0x00000000d5800000,0x00000000d5800000)
  from space 512K, 100% used [0x00000000d5a00000,0x00000000d5a80000,0x00000000d5a80000)
  to   space 2048K, 0% used [0x00000000d5800000,0x00000000d5800000,0x00000000d5a00000)
 ParOldGen       total 860672K, used 860659K [0x0000000080000000, 0x00000000b4880000, 0x00000000d5580000)
  object space 860672K, 99% used [0x0000000080000000,0x00000000b487cc88,0x00000000b4880000)
 Metaspace       used 78006K, committed 79808K, reserved 1179648K
  class space    used 7808K, committed 8640K, reserved 1048576K
}
Event: 378.987 GC heap after
{Heap after GC invocations=5535 (full 4):
 PSYoungGen      total 3584K, used 951K [0x00000000d5580000, 0x00000000d5b00000, 0x0000000100000000)
  eden space 2560K, 0% used [0x00000000d5580000,0x00000000d5580000,0x00000000d5800000)
  from space 1024K, 92% used [0x00000000d5800000,0x00000000d58eddd0,0x00000000d5900000)
  to   space 1536K, 0% used [0x00000000d5980000,0x00000000d5980000,0x00000000d5b00000)
 ParOldGen       total 861696K, used 861195K [0x0000000080000000, 0x00000000b4980000, 0x00000000d5580000)
  object space 861696K, 99% used [0x0000000080000000,0x00000000b4902c88,0x00000000b4980000)
 Metaspace       used 78006K, committed 79808K, reserved 1179648K
  class space    used 7808K, committed 8640K, reserved 1048576K
}
Event: 379.195 GC heap before
{Heap before GC invocations=5536 (full 4):
 PSYoungGen      total 3584K, used 2876K [0x00000000d5580000, 0x00000000d5b00000, 0x0000000100000000)
  eden space 2560K, 75% used [0x00000000d5580000,0x00000000d57615f8,0x00000000d5800000)
  from space 1024K, 92% used [0x00000000d5800000,0x00000000d58eddd0,0x00000000d5900000)
  to   space 1536K, 0% used [0x00000000d5980000,0x00000000d5980000,0x00000000d5b00000)
 ParOldGen       total 861696K, used 861195K [0x0000000080000000, 0x00000000b4980000, 0x00000000d5580000)
  object space 861696K, 99% used [0x0000000080000000,0x00000000b4902c88,0x00000000b4980000)
 Metaspace       used 78006K, committed 79808K, reserved 1179648K
  class space    used 7808K, committed 8640K, reserved 1048576K
}
Event: 379.200 GC heap after
{Heap after GC invocations=5536 (full 4):
 PSYoungGen      total 3072K, used 320K [0x00000000d5580000, 0x00000000d5a00000, 0x0000000100000000)
  eden space 2560K, 0% used [0x00000000d5580000,0x00000000d5580000,0x00000000d5800000)
  from space 512K, 62% used [0x00000000d5980000,0x00000000d59d0000,0x00000000d5a00000)
  to   space 1024K, 0% used [0x00000000d5800000,0x00000000d5800000,0x00000000d5900000)
 ParOldGen       total 862208K, used 861978K [0x0000000080000000, 0x00000000b4a00000, 0x00000000d5580000)
  object space 862208K, 99% used [0x0000000080000000,0x00000000b49c6978,0x00000000b4a00000)
 Metaspace       used 78006K, committed 79808K, reserved 1179648K
  class space    used 7808K, committed 8640K, reserved 1048576K
}
Event: 379.360 GC heap before
{Heap before GC invocations=5537 (full 4):
 PSYoungGen      total 3072K, used 2880K [0x00000000d5580000, 0x00000000d5a00000, 0x0000000100000000)
  eden space 2560K, 100% used [0x00000000d5580000,0x00000000d5800000,0x00000000d5800000)
  from space 512K, 62% used [0x00000000d5980000,0x00000000d59d0000,0x00000000d5a00000)
  to   space 1024K, 0% used [0x00000000d5800000,0x00000000d5800000,0x00000000d5900000)
 ParOldGen       total 862208K, used 861978K [0x0000000080000000, 0x00000000b4a00000, 0x00000000d5580000)
  object space 862208K, 99% used [0x0000000080000000,0x00000000b49c6978,0x00000000b4a00000)
 Metaspace       used 78006K, committed 79808K, reserved 1179648K
  class space    used 7808K, committed 8640K, reserved 1048576K
}
Event: 379.365 GC heap after
{Heap after GC invocations=5537 (full 4):
 PSYoungGen      total 3584K, used 992K [0x00000000d5580000, 0x00000000d5e00000, 0x0000000100000000)
  eden space 2560K, 0% used [0x00000000d5580000,0x00000000d5580000,0x00000000d5800000)
  from space 1024K, 96% used [0x00000000d5800000,0x00000000d58f8278,0x00000000d5900000)
  to   space 3072K, 0% used [0x00000000d5b00000,0x00000000d5b00000,0x00000000d5e00000)
 ParOldGen       total 863744K, used 863296K [0x0000000080000000, 0x00000000b4b80000, 0x00000000d5580000)
  object space 863744K, 99% used [0x0000000080000000,0x00000000b4b10040,0x00000000b4b80000)
 Metaspace       used 78006K, committed 79808K, reserved 1179648K
  class space    used 7808K, committed 8640K, reserved 1048576K
}
Event: 379.393 GC heap before
{Heap before GC invocations=5538 (full 4):
 PSYoungGen      total 3584K, used 3552K [0x00000000d5580000, 0x00000000d5e00000, 0x0000000100000000)
  eden space 2560K, 99% used [0x00000000d5580000,0x00000000d57fffd8,0x00000000d5800000)
  from space 1024K, 96% used [0x00000000d5800000,0x00000000d58f8278,0x00000000d5900000)
  to   space 3072K, 0% used [0x00000000d5b00000,0x00000000d5b00000,0x00000000d5e00000)
 ParOldGen       total 863744K, used 863296K [0x0000000080000000, 0x00000000b4b80000, 0x00000000d5580000)
  object space 863744K, 99% used [0x0000000080000000,0x00000000b4b10040,0x00000000b4b80000)
 Metaspace       used 78006K, committed 79808K, reserved 1179648K
  class space    used 7808K, committed 8640K, reserved 1048576K
}
Event: 379.400 GC heap after
{Heap after GC invocations=5538 (full 4):
 PSYoungGen      total 5632K, used 2560K [0x00000000d5580000, 0x00000000d5e00000, 0x0000000100000000)
  eden space 2560K, 0% used [0x00000000d5580000,0x00000000d5580000,0x00000000d5800000)
  from space 3072K, 83% used [0x00000000d5b00000,0x00000000d5d80000,0x00000000d5e00000)
  to   space 3072K, 0% used [0x00000000d5800000,0x00000000d5800000,0x00000000d5b00000)
 ParOldGen       total 864768K, used 864328K [0x0000000080000000, 0x00000000b4c80000, 0x00000000d5580000)
  object space 864768K, 99% used [0x0000000080000000,0x00000000b4c122b8,0x00000000b4c80000)
 Metaspace       used 78006K, committed 79808K, reserved 1179648K
  class space    used 7808K, committed 8640K, reserved 1048576K
}
Event: 379.430 GC heap before
{Heap before GC invocations=5539 (full 4):
 PSYoungGen      total 5632K, used 5120K [0x00000000d5580000, 0x00000000d5e00000, 0x0000000100000000)
  eden space 2560K, 100% used [0x00000000d5580000,0x00000000d5800000,0x00000000d5800000)
  from space 3072K, 83% used [0x00000000d5b00000,0x00000000d5d80000,0x00000000d5e00000)
  to   space 3072K, 0% used [0x00000000d5800000,0x00000000d5800000,0x00000000d5b00000)
 ParOldGen       total 864768K, used 864328K [0x0000000080000000, 0x00000000b4c80000, 0x00000000d5580000)
  object space 864768K, 99% used [0x0000000080000000,0x00000000b4c122b8,0x00000000b4c80000)
 Metaspace       used 78006K, committed 79808K, reserved 1179648K
  class space    used 7808K, committed 8640K, reserved 1048576K
}
Event: 379.440 GC heap after
{Heap after GC invocations=5539 (full 4):
 PSYoungGen      total 5632K, used 2592K [0x00000000d5580000, 0x00000000d5e00000, 0x0000000100000000)
  eden space 2560K, 0% used [0x00000000d5580000,0x00000000d5580000,0x00000000d5800000)
  from space 3072K, 84% used [0x00000000d5800000,0x00000000d5a88000,0x00000000d5b00000)
  to   space 3072K, 0% used [0x00000000d5b00000,0x00000000d5b00000,0x00000000d5e00000)
 ParOldGen       total 866816K, used 866792K [0x0000000080000000, 0x00000000b4e80000, 0x00000000d5580000)
  object space 866816K, 99% used [0x0000000080000000,0x00000000b4e7a2b8,0x00000000b4e80000)
 Metaspace       used 78006K, committed 79808K, reserved 1179648K
  class space    used 7808K, committed 8640K, reserved 1048576K
}
Event: 379.502 GC heap before
{Heap before GC invocations=5540 (full 4):
 PSYoungGen      total 5632K, used 5152K [0x00000000d5580000, 0x00000000d5e00000, 0x0000000100000000)
  eden space 2560K, 100% used [0x00000000d5580000,0x00000000d5800000,0x00000000d5800000)
  from space 3072K, 84% used [0x00000000d5800000,0x00000000d5a88000,0x00000000d5b00000)
  to   space 3072K, 0% used [0x00000000d5b00000,0x00000000d5b00000,0x00000000d5e00000)
 ParOldGen       total 866816K, used 866792K [0x0000000080000000, 0x00000000b4e80000, 0x00000000d5580000)
  object space 866816K, 99% used [0x0000000080000000,0x00000000b4e7a2b8,0x00000000b4e80000)
 Metaspace       used 78006K, committed 79808K, reserved 1179648K
  class space    used 7808K, committed 8640K, reserved 1048576K
}
Event: 379.511 GC heap after
{Heap after GC invocations=5540 (full 4):
 PSYoungGen      total 5120K, used 2528K [0x00000000d5580000, 0x00000000d5d80000, 0x0000000100000000)
  eden space 2560K, 0% used [0x00000000d5580000,0x00000000d5580000,0x00000000d5800000)
  from space 2560K, 98% used [0x00000000d5b00000,0x00000000d5d78000,0x00000000d5d80000)
  to   space 2560K, 0% used [0x00000000d5880000,0x00000000d5880000,0x00000000d5b00000)
 ParOldGen       total 869376K, used 869304K [0x0000000080000000, 0x00000000b5100000, 0x00000000d5580000)
  object space 869376K, 99% used [0x0000000080000000,0x00000000b50ee2b8,0x00000000b5100000)
 Metaspace       used 78006K, committed 79808K, reserved 1179648K
  class space    used 7808K, committed 8640K, reserved 1048576K
}
Event: 379.531 GC heap before
{Heap before GC invocations=5541 (full 4):
 PSYoungGen      total 5120K, used 5088K [0x00000000d5580000, 0x00000000d5d80000, 0x0000000100000000)
  eden space 2560K, 100% used [0x00000000d5580000,0x00000000d5800000,0x00000000d5800000)
  from space 2560K, 98% used [0x00000000d5b00000,0x00000000d5d78000,0x00000000d5d80000)
  to   space 2560K, 0% used [0x00000000d5880000,0x00000000d5880000,0x00000000d5b00000)
 ParOldGen       total 869376K, used 869304K [0x0000000080000000, 0x00000000b5100000, 0x00000000d5580000)
  object space 869376K, 99% used [0x0000000080000000,0x00000000b50ee2b8,0x00000000b5100000)
 Metaspace       used 78006K, committed 79808K, reserved 1179648K
  class space    used 7808K, committed 8640K, reserved 1048576K
}
Event: 379.540 GC heap after
{Heap after GC invocations=5541 (full 4):
 PSYoungGen      total 5120K, used 2560K [0x00000000d5580000, 0x00000000d6300000, 0x0000000100000000)
  eden space 2560K, 0% used [0x00000000d5580000,0x00000000d5580000,0x00000000d5800000)
  from space 2560K, 100% used [0x00000000d5880000,0x00000000d5b00000,0x00000000d5b00000)
  to   space 5632K, 0% used [0x00000000d5d80000,0x00000000d5d80000,0x00000000d6300000)
 ParOldGen       total 871936K, used 871704K [0x0000000080000000, 0x00000000b5380000, 0x00000000d5580000)
  object space 871936K, 99% used [0x0000000080000000,0x00000000b53462b8,0x00000000b5380000)
 Metaspace       used 78006K, committed 79808K, reserved 1179648K
  class space    used 7808K, committed 8640K, reserved 1048576K
}
Event: 379.623 GC heap before
{Heap before GC invocations=5542 (full 4):
 PSYoungGen      total 5120K, used 5120K [0x00000000d5580000, 0x00000000d6300000, 0x0000000100000000)
  eden space 2560K, 100% used [0x00000000d5580000,0x00000000d5800000,0x00000000d5800000)
  from space 2560K, 100% used [0x00000000d5880000,0x00000000d5b00000,0x00000000d5b00000)
  to   space 5632K, 0% used [0x00000000d5d80000,0x00000000d5d80000,0x00000000d6300000)
 ParOldGen       total 871936K, used 871704K [0x0000000080000000, 0x00000000b5380000, 0x00000000d5580000)
  object space 871936K, 99% used [0x0000000080000000,0x00000000b53462b8,0x00000000b5380000)
 Metaspace       used 78006K, committed 79808K, reserved 1179648K
  class space    used 7808K, committed 8640K, reserved 1048576K
}
Event: 379.629 GC heap after
{Heap after GC invocations=5542 (full 4):
 PSYoungGen      total 5120K, used 2224K [0x00000000d5580000, 0x00000000d6000000, 0x0000000100000000)
  eden space 2560K, 0% used [0x00000000d5580000,0x00000000d5580000,0x00000000d5800000)
  from space 2560K, 86% used [0x00000000d5d80000,0x00000000d5fac010,0x00000000d6000000)
  to   space 3584K, 0% used [0x00000000d5900000,0x00000000d5900000,0x00000000d5c80000)
 ParOldGen       total 874496K, used 874208K [0x0000000080000000, 0x00000000b5600000, 0x00000000d5580000)
  object space 874496K, 99% used [0x0000000080000000,0x00000000b55b82b8,0x00000000b5600000)
 Metaspace       used 78006K, committed 79808K, reserved 1179648K
  class space    used 7808K, committed 8640K, reserved 1048576K
}
Event: 379.647 GC heap before
{Heap before GC invocations=5543 (full 4):
 PSYoungGen      total 5120K, used 4783K [0x00000000d5580000, 0x00000000d6000000, 0x0000000100000000)
  eden space 2560K, 99% used [0x00000000d5580000,0x00000000d57fffe0,0x00000000d5800000)
  from space 2560K, 86% used [0x00000000d5d80000,0x00000000d5fac010,0x00000000d6000000)
  to   space 3584K, 0% used [0x00000000d5900000,0x00000000d5900000,0x00000000d5c80000)
 ParOldGen       total 874496K, used 874208K [0x0000000080000000, 0x00000000b5600000, 0x00000000d5580000)
  object space 874496K, 99% used [0x0000000080000000,0x00000000b55b82b8,0x00000000b5600000)
 Metaspace       used 78006K, committed 79808K, reserved 1179648K
  class space    used 7808K, committed 8640K, reserved 1048576K
}
Event: 379.654 GC heap after
{Heap after GC invocations=5543 (full 4):
 PSYoungGen      total 5120K, used 2560K [0x00000000d5580000, 0x00000000d5e00000, 0x0000000100000000)
  eden space 2560K, 0% used [0x00000000d5580000,0x00000000d5580000,0x00000000d5800000)
  from space 2560K, 100% used [0x00000000d5900000,0x00000000d5b80000,0x00000000d5b80000)
  to   space 2560K, 0% used [0x00000000d5b80000,0x00000000d5b80000,0x00000000d5e00000)
 ParOldGen       total 876544K, used 876352K [0x0000000080000000, 0x00000000b5800000, 0x00000000d5580000)
  object space 876544K, 99% used [0x0000000080000000,0x00000000b57d02c8,0x00000000b5800000)
 Metaspace       used 78006K, committed 79808K, reserved 1179648K
  class space    used 7808K, committed 8640K, reserved 1048576K
}
Event: 379.683 GC heap before
{Heap before GC invocations=5544 (full 4):
 PSYoungGen      total 5120K, used 5120K [0x00000000d5580000, 0x00000000d5e00000, 0x0000000100000000)
  eden space 2560K, 100% used [0x00000000d5580000,0x00000000d5800000,0x00000000d5800000)
  from space 2560K, 100% used [0x00000000d5900000,0x00000000d5b80000,0x00000000d5b80000)
  to   space 2560K, 0% used [0x00000000d5b80000,0x00000000d5b80000,0x00000000d5e00000)
 ParOldGen       total 876544K, used 876352K [0x0000000080000000, 0x00000000b5800000, 0x00000000d5580000)
  object space 876544K, 99% used [0x0000000080000000,0x00000000b57d02c8,0x00000000b5800000)
 Metaspace       used 78006K, committed 79808K, reserved 1179648K
  class space    used 7808K, committed 8640K, reserved 1048576K
}

